---------------------------------------------------
  Seconds     A1       B2       C3       D4    
---------------------------------------------------
        0    	22.4	22.5	22.1	22.6
       60    	22.7	22.8	21.8	22.3
      120    	22.7	22.5	21.8	22.3
      180    	22.7	22.5	21.8	22.3
      240    	22.7	22.8	22.1	22.3
      300    	22.7	22.5	22.1	22.3
      360    	22.7	22.8	22.1	22.3
      420    	22.7	22.5	22.1	22.3
      480    	22.4	22.5	21.8	22.3
      540    	22.7	22.5	21.8	22.6
      600    	22.7	22.5	22.1	22.3
      660    	22.7	22.5	22.1	22.3
      720    	22.7	22.5	21.8	22.3
      780    	22.7	22.5	22.1	22.3
      840    	22.4	22.5	22.1	22.3
      900    	22.7	22.5	22.1	22.6
      960    	22.4	22.5	21.8	22.3
     1020    	22.7	22.5	21.8	22.3
     1080    	22.7	22.5	22.1	22.3
     1140    	22.7	22.8	21.8	22.3
     1200    	22.7	22.8	21.8	22.6
     1260    	22.4	22.5	21.8	22.6
     1320    	22.7	22.5	22.1	22.3
     1380    	22.4	22.8	21.8	22.3
     1440    	22.4	22.5	22.1	22.3
     1500    	22.7	22.8	21.8	22.1
     1560    	22.7	22.5	22.1	22.1
     1620    	22.4	22.8	22.1	22.3
     1680    	22.7	22.5	22.1	22.3
     1740    	22.7	22.5	22.1	22.3
     1800    	22.7	22.5	21.8	22.3
     1860    	22.4	22.5	21.8	22.3
     1920    	22.7	22.5	21.8	22.3
     1980    	22.7	22.5	22.1	22.3
     2040    	22.4	22.5	21.8	22.3
     2100    	22.7	22.8	22.1	22.3
     2160    	22.7	22.5	21.8	22.3
     2220    	22.7	22.5	21.8	22.3
     2280    	22.7	22.5	21.5	22.1
     2340    	22.7	22.5	22.1	22.3
     2400    	22.7	22.5	21.8	22.6
     2460    	22.7	22.8	21.8	22.3
     2520    	22.7	22.5	21.8	22.3
     2580    	22.7	22.8	22.1	22.3
     2640    	22.7	22.5	21.8	22.3
     2700    	22.4	22.5	21.8	22.3
     2760    	22.7	22.8	21.8	22.3
     2820    	22.4	22.2	21.8	22.3
     2880    	22.7	22.5	21.8	22.3
     2940    	22.7	22.8	22.1	22.1
     3000    	22.7	22.8	22.1	22.1
     3060    	22.4	22.5	21.8	22.3
     3120    	22.7	22.5	22.1	22.3
     3180    	22.4	22.8	21.8	22.1
     3240    	22.4	22.5	22.1	22.1
     3300    	22.7	22.5	21.8	22.3
     3360    	22.4	22.5	21.8	22.3
     3420    	22.7	22.5	22.1	22.1
     3480    	22.7	22.5	22.1	22.1
     3540    	22.7	22.8	21.8	22.3
     3600    	22.7	22.5	21.8	22.3
     3660    	22.7	22.5	22.1	22.3
     3720    	22.4	22.5	22.1	22.3
     3780    	22.4	22.5	21.8	22.3
     3840    	22.7	22.5	21.8	22.3
     3900    	22.4	22.5	21.8	22.3
     3960    	22.7	22.5	21.8	22.3
     4020    	22.7	22.5	22.1	22.3
     4080    	22.7	22.8	22.1	22.3
     4140    	22.4	22.5	21.8	22.1
     4200    	22.4	22.5	22.1	22.3
     4260    	22.7	22.5	21.8	22.3
     4320    	22.7	22.8	21.8	22.3
     4380    	22.7	22.5	21.8	22.3
     4440    	22.7	22.5	22.1	22.3
     4500    	22.4	22.5	22.1	22.1
     4560    	22.7	22.5	21.8	22.3
     4620    	22.4	22.5	22.1	22.1
     4680    	22.7	22.5	22.1	22.3
     4740    	22.7	22.5	22.1	22.3
     4800    	22.7	22.5	21.8	22.3
     4860    	22.7	22.5	21.8	22.3
     4920    	22.7	22.5	22.1	21.8
     4980    	22.4	22.5	22.1	22.1
     5040    	22.4	22.5	22.1	22.3
     5100    	22.7	22.5	21.8	21.8
     5160    	22.7	22.5	22.1	22.1
     5220    	22.4	22.5	21.8	21.8
     5280    	22.4	22.8	21.8	22.1
     5340    	22.7	22.5	21.8	22.3
     5400    	22.7	22.5	21.8	22.1
     5460    	22.4	22.5	22.1	22.3
     5520    	22.4	22.5	21.8	22.1
     5580    	22.4	22.5	21.8	22.1
     5640    	22.7	22.5	21.8	22.1
     5700    	23.0	22.8	22.1	22.1
     5760    	22.4	22.5	22.1	22.1
     5820    	22.7	22.5	22.1	22.3
     5880    	22.4	22.5	21.8	21.8
     5940    	22.7	22.5	21.8	22.1
     6001    	22.7	22.5	22.1	22.1
     6061    	22.4	22.8	22.1	22.3
     6121    	22.7	22.5	21.8	22.3
     6181    	22.7	22.5	21.8	22.3
     6241    	22.7	22.5	22.1	22.1
     6301    	22.7	22.5	21.8	22.3
     6361    	22.4	22.5	21.8	22.3
     6421    	22.7	22.5	21.8	22.1
     6481    	22.7	22.8	22.1	22.1
     6541    	22.4	22.8	21.8	22.3
     6601    	22.7	22.8	21.8	22.1
     6661    	22.7	22.8	21.8	22.1
     6721    	22.7	22.2	21.8	22.1
     6781    	22.4	22.5	22.1	22.1
     6841    	22.7	22.5	22.1	22.1
     6901    	22.7	22.5	21.8	22.1
     6961    	22.7	22.5	21.8	22.1
     7021    	22.4	22.5	22.1	22.3
     7081    	22.4	22.5	22.1	22.3
     7141    	23.0	22.5	21.8	22.1
     7201    	22.7	22.8	22.1	22.1
     7261    	22.4	22.5	22.1	22.3
     7321    	22.7	22.5	21.8	22.3
     7381    	22.7	22.2	22.1	22.1
     7441    	22.7	22.8	22.1	22.1
     7501    	22.4	22.5	22.1	22.1
     7561    	22.4	22.5	22.1	22.1
     7621    	22.7	22.5	21.8	22.3
     7681    	22.7	22.8	21.8	22.3
     7741    	22.4	22.5	22.1	22.1
     7801    	22.7	22.5	22.1	22.3
     7861    	22.4	22.5	22.1	22.6
     7921    	22.7	22.5	22.1	22.1
     7981    	22.7	22.5	22.1	22.3
     8041    	22.7	22.8	22.1	22.1
     8101    	22.4	22.5	22.1	22.3
     8161    	22.7	22.8	21.8	22.3
     8221    	22.4	22.5	21.8	22.3
     8281    	22.7	22.5	22.1	22.1
     8341    	22.7	22.5	22.1	22.3
     8401    	22.7	22.8	21.8	22.3
     8461    	22.7	22.5	22.1	22.3
     8521    	22.7	22.5	21.8	22.3
     8581    	22.7	22.8	21.8	22.3
     8641    	23.0	22.5	22.1	22.3
     8701    	22.7	22.5	22.1	22.3
     8761    	22.7	22.8	22.1	22.3
     8821    	22.7	22.5	22.1	22.1
     8881    	22.7	22.5	22.1	22.1
     8941    	22.7	22.8	22.1	22.1
     9001    	22.4	22.2	22.1	22.3
     9061    	22.4	22.5	22.1	22.1
     9121    	23.0	22.8	21.8	22.3
     9181    	23.0	22.8	21.8	22.1
     9241    	22.7	22.5	22.1	22.1
     9301    	22.7	22.5	22.1	22.3
     9361    	22.4	22.5	22.1	22.3
     9421    	22.7	22.8	21.8	22.3
     9481    	22.4	22.5	21.8	22.3
     9541    	22.7	22.8	21.8	22.1
     9601    	22.4	22.5	22.1	22.1
     9661    	22.7	22.5	22.1	22.1
     9721    	22.7	22.8	21.8	22.3
     9781    	22.7	22.5	22.1	22.1
     9841    	22.7	22.5	22.1	22.1
     9901    	22.7	22.8	21.8	22.1
     9961    	23.0	22.5	22.1	22.1
    10021    	22.7	22.8	22.1	22.1
    10081    	22.7	22.8	21.8	22.1
    10141    	22.7	22.8	22.1	22.1
    10201    	22.7	22.5	21.8	22.3
    10261    	22.7	22.8	21.8	22.1
    10321    	22.7	22.5	22.1	22.1
    10381    	22.7	22.5	22.1	22.1
    10441    	22.7	22.5	22.1	22.1
    10501    	22.7	22.5	22.1	22.1
    10561    	22.7	22.5	22.1	22.3
    10621    	22.7	22.8	22.1	22.1
    10681    	22.7	22.8	21.8	22.1
    10741    	22.7	22.5	22.1	22.3
    10801    	22.7	22.8	22.1	22.3
    10861    	22.7	22.5	22.1	22.3
    10921    	22.7	22.8	22.1	22.1
    10981    	22.7	22.8	22.1	22.3
    11041    	22.4	22.8	22.1	22.1
    11101    	22.7	22.8	22.1	22.1
    11161    	22.4	22.5	22.1	22.3
    11221    	22.7	22.8	22.1	22.1
    11281    	22.7	22.8	22.1	22.1
    11341    	22.7	22.8	21.8	22.1
    11401    	22.4	22.5	22.1	22.1
    11461    	22.7	22.5	22.1	22.3
    11521    	22.4	22.8	22.1	22.1
    11581    	22.4	22.5	21.8	22.1
    11641    	22.7	22.5	22.1	22.3
    11701    	22.7	22.5	22.1	22.1
    11761    	22.4	22.5	22.1	22.1
    11821    	22.7	22.8	22.1	22.1
    11881    	22.7	22.8	22.1	22.1
    11941    	22.7	22.8	21.8	22.1
    12001    	22.7	22.5	22.1	22.1
    12061    	23.0	22.8	22.1	22.1
    12121    	22.4	22.8	21.8	22.1
    12181    	22.7	22.8	22.1	22.1
    12241    	22.7	22.5	21.8	22.1
    12301    	22.7	22.5	22.1	22.1
    12361    	22.1	22.5	22.1	22.1
    12421    	22.7	22.8	21.8	22.3
    12481    	22.7	22.8	22.1	22.1
    12541    	22.7	22.8	21.8	22.3
    12601    	22.7	22.5	22.1	21.8
    12661    	22.7	22.8	21.8	22.1
    12721    	22.4	22.8	22.1	22.3
    12781    	22.7	22.8	21.8	22.1
    12841    	22.7	22.8	21.8	22.1
    12901    	22.7	22.5	22.1	22.1
    12961    	22.7	22.5	22.1	22.3
    13021    	23.0	22.5	22.1	22.3
    13081    	22.4	22.5	21.8	22.1
    13141    	22.7	22.5	21.8	22.1
    13201    	22.7	22.8	22.1	22.1
    13261    	22.7	22.8	22.1	22.3
    13321    	22.4	22.5	22.1	22.1
    13381    	22.4	22.5	22.1	22.3
    13441    	22.7	22.5	22.1	22.1
    13501    	22.7	22.8	21.8	22.3
    13561    	22.7	22.5	22.3	22.6
    13621    	22.7	22.8	22.1	22.3
    13681    	22.7	22.8	21.8	22.3
    13741    	22.7	22.8	21.8	22.3
    13801    	22.7	22.5	22.1	22.3
    13861    	22.7	22.5	22.1	22.1
    13921    	22.4	22.8	21.8	22.3
    13981    	22.7	22.5	21.8	22.3
    14041    	22.7	22.5	22.1	22.3
    14101    	22.7	22.5	21.8	22.3
    14161    	23.0	22.5	21.8	22.3
    14221    	22.7	22.8	22.1	22.3
    14281    	22.4	22.5	22.1	22.1
    14341    	22.7	22.8	22.1	22.1
    14401    	22.7	22.8	22.1	22.3
    14461    	22.7	22.5	22.1	22.3
    14521    	22.7	22.8	22.1	22.1
    14581    	22.7	22.8	22.1	22.3
    14641    	22.7	22.5	22.1	22.6
    14701    	22.7	22.5	22.1	22.3
    14761    	23.0	22.8	21.8	22.6
    14821    	22.7	22.8	22.1	22.3
    14881    	22.7	22.5	21.8	22.3
    14941    	22.4	22.5	21.8	22.6
    15001    	22.7	22.8	22.1	22.3
    15061    	22.7	22.5	22.1	22.3
    15121    	22.7	22.5	22.1	22.3
    15181    	22.7	22.5	22.1	22.3
    15241    	22.7	22.8	22.1	22.3
    15301    	23.0	22.5	22.1	22.3
    15361    	22.7	22.8	22.1	22.3
    15421    	22.7	22.8	22.1	22.3
    15481    	22.7	22.5	21.8	22.3
    15541    	22.7	22.8	22.1	22.3
    15601    	22.4	22.8	22.3	22.3
    15661    	22.7	22.5	21.8	22.3
    15721    	22.7	22.8	22.1	22.3
    15781    	22.7	22.5	22.1	22.1
    15841    	22.7	22.8	22.1	22.6
    15901    	22.7	22.5	22.1	22.1
    15961    	22.7	22.5	21.8	22.3
    16021    	22.7	22.8	22.1	22.3
    16081    	22.7	22.8	22.1	22.3
    16141    	22.7	22.8	22.1	22.3
    16201    	22.7	22.8	22.1	22.3
    16261    	22.7	22.5	22.1	22.3
    16321    	22.4	22.5	22.1	22.3
    16381    	22.7	22.8	22.1	22.3
    16441    	22.7	22.8	21.8	22.3
    16501    	22.7	22.5	22.1	22.3
    16561    	22.7	22.8	21.8	22.3
    16621    	23.0	22.5	22.1	22.3
    16681    	22.7	22.5	22.1	22.1
    16741    	22.4	22.8	21.8	22.1
    16801    	22.7	22.8	22.1	22.3
    16861    	22.4	22.5	22.3	22.3
    16921    	22.7	22.5	21.8	22.3
    16981    	23.0	22.8	22.1	22.3
    17041    	22.7	22.5	22.1	22.3
    17101    	22.4	22.5	22.1	22.3
    17161    	23.0	22.8	22.1	22.6
    17221    	22.4	22.5	22.1	22.6
    17281    	22.7	22.8	22.3	22.3
    17341    	22.7	22.5	22.1	22.3
    17401    	22.4	22.5	21.8	22.3
    17461    	22.7	22.5	21.8	22.6
    17521    	22.7	22.5	22.1	22.3
    17581    	22.7	22.8	22.1	22.3
    17641    	22.7	22.5	22.1	22.1
    17701    	22.7	22.5	22.1	22.3
    17761    	22.7	22.8	21.8	22.3
    17821    	22.7	22.5	22.1	22.6
    17881    	23.0	22.5	21.8	22.3
    17941    	22.7	22.8	21.8	22.3
    18001    	22.7	22.5	22.1	22.3
    18061    	22.7	22.5	22.1	22.6
    18121    	22.7	22.5	22.1	22.1
    18181    	22.7	22.8	22.1	22.3
    18241    	22.7	22.5	22.1	22.3
    18301    	22.7	22.8	22.1	22.3
    18361    	22.7	22.8	22.1	22.1
    18421    	22.7	22.8	22.1	22.3
    18481    	22.7	22.8	22.1	22.3
    18541    	22.7	22.8	22.1	22.6
    18601    	22.7	22.5	22.1	22.3
    18661    	22.4	22.8	22.1	22.3
    18721    	22.7	22.5	22.1	22.3
    18781    	22.7	22.5	22.1	22.3
    18841    	22.4	22.5	21.8	22.3
    18901    	22.7	22.8	21.8	22.1
    18961    	22.7	22.8	21.8	22.1
    19021    	22.4	22.5	22.1	21.5
    19081    	22.4	22.5	21.8	21.5
    19141    	22.7	22.8	22.1	21.5
    19201    	22.7	22.5	21.8	21.8
    19261    	22.7	22.8	22.1	22.1
    19321    	22.7	22.5	21.8	22.1
    19381    	22.4	22.2	21.8	21.8
    19441    	22.7	22.5	21.8	22.3
    19501    	22.7	22.5	21.8	22.3
    19561    	22.7	22.5	22.1	22.3
    19621    	22.7	22.8	22.1	22.3
    19681    	22.7	22.8	21.8	22.3
    19741    	22.7	22.5	21.8	22.3
    19801    	22.4	22.5	22.1	22.1
    19861    	22.7	22.5	22.1	22.3
    19921    	22.7	22.5	22.1	22.3
    19981    	22.7	22.5	22.1	22.1
    20041    	22.7	22.8	21.8	22.3
    20101    	22.4	22.5	22.1	22.6
    20161    	22.7	22.5	22.1	22.3
    20221    	22.7	22.8	22.1	22.3
    20281    	22.7	22.8	21.8	22.3
    20341    	22.7	22.5	22.1	22.3
    20401    	22.7	22.8	22.1	22.6
    20461    	22.7	22.8	21.8	22.6
    20521    	22.4	22.5	21.8	22.6
    20581    	22.7	22.5	22.1	22.3
    20641    	22.7	22.5	22.1	22.3
    20701    	22.7	22.5	22.1	22.3
    20761    	23.0	22.8	22.1	22.6
    20821    	22.7	22.8	21.8	22.3
    20881    	22.7	22.8	22.1	22.3
    20941    	22.7	22.8	22.1	22.6
    21001    	22.7	22.8	21.8	22.6
    21061    	22.7	22.8	22.1	22.3
    21121    	22.7	22.8	21.8	22.3
    21181    	22.7	22.8	21.8	22.3
    21241    	22.7	22.5	22.1	22.6
    21301    	23.0	22.8	22.1	22.3
    21361    	22.7	22.8	22.1	22.3
    21421    	22.7	22.5	22.1	22.6
    21481    	22.7	22.5	22.1	22.3
    21541    	23.0	22.8	22.1	22.6
    21601    	23.0	22.8	22.1	22.6
    21661    	23.0	22.8	21.8	22.6
    21721    	23.0	22.8	22.1	22.6
    21781    	22.7	22.8	22.1	22.3
    21841    	22.7	22.8	22.1	22.6
    21901    	23.0	22.8	22.1	22.9
    21961    	22.7	22.8	22.1	22.6
    22021    	22.7	22.5	22.1	22.6
    22081    	22.7	22.8	22.1	22.6
    22141    	23.0	22.8	22.1	22.6
    22201    	23.0	22.8	21.8	22.6
    22261    	22.7	22.8	22.1	22.9
    22321    	23.0	22.8	22.1	22.6
    22381    	23.0	22.5	22.1	22.6
    22441    	22.7	22.8	22.1	22.9
    22501    	22.7	22.5	22.1	22.6
    22561    	23.0	22.8	22.1	22.9
    22621    	22.7	22.8	21.8	22.6
    22681    	22.7	22.8	22.1	22.6
    22741    	23.0	22.5	22.1	22.6
    22801    	23.0	22.8	22.1	22.6
    22861    	23.0	22.8	22.3	22.3
    22921    	22.7	22.8	22.1	22.6
    22981    	23.0	22.5	22.1	22.6
    23041    	22.7	22.8	22.1	22.6
    23101    	22.7	22.8	22.1	22.6
    23161    	22.7	22.8	22.1	22.6
    23221    	22.7	22.8	22.1	22.6
    23281    	23.0	22.8	22.1	22.6
    23341    	22.7	22.8	21.8	22.6
    23401    	22.7	22.8	22.1	22.6
    23461    	22.7	22.8	22.1	22.6
    23521    	22.7	22.8	22.1	22.6
    23581    	22.7	22.8	22.1	22.6
    23641    	22.7	22.8	21.8	22.6
    23701    	23.0	22.8	22.1	22.3
    23761    	22.7	22.5	22.1	22.6
    23821    	22.7	23.1	21.8	22.6
    23881    	22.7	22.8	22.1	22.6
    23941    	22.7	22.8	22.1	22.6
    24001    	23.0	22.8	21.8	22.3
    24061    	23.0	22.8	22.1	22.6
    24121    	22.4	22.8	22.1	22.6
    24181    	23.0	22.8	22.1	22.6
    24241    	22.7	22.8	22.1	22.6
    24301    	22.7	22.8	22.1	22.6
    24361    	22.7	22.8	22.1	22.3
    24421    	23.0	22.8	22.1	22.6
    24481    	22.7	22.5	22.1	22.6
    24541    	22.7	22.5	22.1	22.9
    24601    	22.7	22.8	22.3	22.6
    24661    	23.0	22.8	22.1	22.6
    24721    	22.7	22.8	22.1	22.6
    24781    	22.7	22.8	22.1	22.6
    24841    	23.0	22.5	22.1	22.6
    24901    	23.0	22.8	22.1	22.3
    24961    	22.7	22.5	22.1	22.6
    25021    	22.7	22.8	22.1	22.9
    25081    	23.0	22.8	22.1	22.6
    25141    	23.0	22.8	21.8	22.6
    25201    	22.7	22.8	22.1	22.9
    25261    	22.7	22.8	22.1	22.6
    25321    	22.7	22.8	21.8	22.6
    25381    	22.7	22.8	21.8	22.6
    25441    	22.7	22.8	22.1	22.3
    25501    	22.7	22.8	22.1	22.3
    25561    	22.7	23.1	22.1	22.6
    25621    	23.0	22.8	22.3	22.6
    25681    	22.7	22.8	22.1	22.3
    25741    	22.4	23.1	22.1	22.3
    25801    	23.0	22.8	22.1	22.3
    25861    	22.7	22.8	22.1	22.1
    25921    	23.0	22.8	22.1	22.1
    25981    	22.7	22.8	22.1	22.3
    26041    	22.7	22.8	22.1	22.1
    26101    	22.7	22.8	21.8	22.1
    26161    	22.7	22.8	22.1	22.3
    26221    	22.7	22.8	21.8	22.3
    26281    	22.7	22.8	22.3	22.1
    26341    	22.7	22.8	22.1	22.3
    26401    	22.7	22.5	22.3	22.1
    26461    	23.0	22.8	22.1	22.1
    26521    	22.7	22.8	22.1	22.1
    26581    	23.0	22.8	22.1	22.1
    26641    	22.7	23.1	21.8	22.1
    26701    	22.7	22.8	22.1	22.1
    26761    	22.7	22.8	22.1	22.1
    26821    	23.0	22.8	22.1	22.1
    26881    	22.7	22.5	22.1	22.1
    26941    	22.7	22.5	22.1	22.1
    27001    	22.7	22.8	22.1	22.1
    27061    	22.7	22.8	22.1	21.8
    27121    	23.0	22.8	22.1	21.8
    27181    	22.7	22.8	22.1	21.8
    27241    	22.7	22.5	22.1	21.8
    27301    	23.0	22.8	22.1	22.1
    27361    	22.7	22.8	22.1	21.8
    27421    	22.7	22.8	21.8	22.1
    27481    	22.7	22.8	22.1	22.1
    27541    	22.7	22.8	22.1	22.1
    27601    	22.7	22.8	22.1	22.1
    27661    	22.7	22.8	22.1	22.1
    27721    	23.0	22.5	22.1	21.8
    27781    	22.7	22.8	22.1	22.1
    27841    	22.7	22.8	22.1	21.8
    27901    	22.7	22.5	22.1	21.8
    27961    	22.7	22.5	22.1	22.1
    28021    	22.7	22.8	22.1	21.8
    28081    	22.7	22.5	22.3	22.1
    28141    	22.7	22.8	21.8	21.8
    28201    	22.7	22.8	21.8	22.1
    28261    	22.7	23.1	22.1	21.8
    28321    	22.7	22.8	22.1	21.8
    28381    	22.7	22.8	22.1	21.8
    28441    	22.7	22.5	21.8	22.1
    28501    	22.7	22.5	21.8	22.1
    28561    	22.7	22.8	21.8	22.1
    28621    	22.7	22.8	22.1	21.8
    28681    	22.7	22.8	22.1	22.1
    28741    	22.7	22.8	22.1	21.8
    28801    	22.7	22.8	22.1	21.8
    28861    	22.7	22.5	22.3	21.8
    28921    	22.7	22.5	22.1	21.8
    28981    	22.7	22.5	22.1	22.1
    29041    	22.7	22.8	22.1	21.8
    29101    	23.0	22.8	22.1	21.8
    29161    	22.7	22.8	22.1	22.1
    29221    	22.7	22.8	21.8	21.8
    29281    	22.7	22.8	21.8	22.1
    29341    	22.7	22.5	22.1	21.8
    29401    	23.0	22.5	22.1	21.8
    29461    	22.7	22.5	22.1	21.8
    29521    	22.7	22.8	22.1	22.1
    29581    	22.7	22.8	22.1	22.1
    29641    	22.7	22.8	22.1	22.1
    29701    	23.0	22.8	22.1	22.1
    29761    	22.7	22.5	22.1	22.1
    29821    	22.7	22.8	22.1	21.8
    29881    	22.7	22.8	21.8	22.1
    29941    	22.7	22.8	22.1	21.8
    30001    	22.7	22.8	22.1	22.1
    30062    	22.7	23.1	22.1	22.1
    30122    	22.7	22.5	22.1	21.8
    30182    	22.7	22.8	22.1	22.1
    30242    	22.4	22.8	22.1	22.1
    30302    	22.7	22.8	22.3	22.1
    30362    	22.7	23.1	22.1	21.8
    30422    	22.7	22.8	22.1	22.1
    30482    	23.0	22.5	22.1	21.8
    30542    	22.7	22.5	22.1	22.1
    30602    	22.7	22.8	22.1	22.3
    30662    	22.7	22.8	22.1	22.1
    30722    	22.7	22.8	22.1	22.3
    30782    	22.7	22.8	22.1	22.1
    30842    	23.0	22.8	22.1	22.1
    30902    	22.7	22.8	22.1	22.1
    30962    	22.7	22.8	22.1	22.3
    31022    	22.7	22.8	22.1	22.1
    31082    	22.7	22.8	22.3	22.1
    31142    	22.7	22.5	22.1	22.1
    31202    	23.0	22.8	22.1	22.1
    31262    	22.7	22.8	22.3	22.1
    31322    	22.7	22.8	22.1	22.1
    31382    	23.0	22.8	22.1	22.3
    31442    	23.0	22.8	21.8	22.1
    31502    	22.7	22.8	22.1	22.1
    31562    	23.0	23.1	22.1	22.1
    31622    	22.7	22.8	22.1	22.3
    31682    	22.7	22.8	22.1	22.3
    31742    	22.7	22.8	22.1	22.3
    31802    	22.7	22.8	21.8	22.1
    31862    	23.0	22.8	22.1	22.1
    31922    	23.0	22.8	22.1	21.8
    31982    	22.7	22.8	22.1	22.1
    32042    	23.0	22.5	22.1	22.1
    32102    	23.0	22.8	22.1	22.1
    32162    	23.0	22.8	22.1	22.1
    32222    	22.7	22.8	21.8	22.3
    32282    	22.7	22.8	22.1	22.3
    32342    	23.0	22.8	22.1	22.3
    32402    	22.7	22.8	22.1	22.3
    32462    	22.7	22.8	22.1	22.3
    32522    	23.0	22.8	21.8	22.3
    32582    	23.0	22.8	22.1	22.1
    32642    	23.0	22.8	22.1	22.1
    32702    	22.7	22.8	22.1	22.3
    32762    	22.7	22.8	22.3	22.3
    32822    	23.0	22.8	22.1	22.3
    32882    	23.0	22.8	21.8	22.3
    32942    	23.0	22.8	22.3	22.3
    33002    	23.0	22.8	22.1	22.3
    33062    	22.7	22.8	21.8	22.3
    33122    	23.0	22.8	22.1	22.3
    33182    	22.7	22.8	22.1	22.3
    33242    	23.0	22.8	22.1	22.3
    33302    	23.0	22.8	22.1	22.6
    33362    	23.0	22.8	22.1	22.6
    33422    	23.0	22.8	22.3	22.3
    33482    	23.0	22.8	22.1	22.6
    33542    	23.2	22.8	22.1	22.6
    33602    	23.2	22.8	22.1	22.6
    33662    	22.7	22.8	22.1	22.6
    33722    	23.0	22.8	22.1	22.6
    33782    	23.0	22.5	22.1	22.9
    33842    	23.0	22.8	22.1	22.6
    33902    	23.0	22.8	22.1	22.9
    33962    	23.0	22.8	22.1	22.6
    34022    	22.7	22.8	22.1	22.6
    34082    	23.0	23.1	22.1	22.6
    34142    	23.0	22.8	22.1	22.6
    34202    	22.7	22.8	22.1	22.6
    34262    	23.0	22.8	22.1	22.6
    34322    	23.0	23.1	22.3	22.6
    34382    	23.0	23.1	22.1	22.9
    34442    	23.0	23.1	22.1	22.6
    34502    	23.0	22.8	22.3	22.6
    34562    	23.2	23.1	22.1	22.9
    34622    	23.0	22.8	22.1	22.6
    34682    	23.2	22.8	22.1	22.9
    34742    	23.0	23.1	22.3	22.6
    34802    	23.0	22.8	22.3	22.6
    34862    	23.0	23.1	22.1	22.6
    34922    	23.0	23.1	22.1	22.3
    34982    	23.2	23.1	22.1	22.9
    35042    	23.0	23.1	21.8	22.6
    35102    	23.0	22.8	22.3	22.6
    35162    	23.0	22.8	22.1	22.6
    35222    	23.0	22.8	21.8	22.9
    35282    	23.2	23.1	22.1	22.9
    35342    	23.0	23.1	22.1	22.6
    35402    	23.0	22.8	22.3	22.9
    35462    	23.0	22.8	22.1	22.9
    35522    	23.0	22.8	22.1	22.9
    35582    	23.2	22.8	22.1	22.6
    35642    	23.0	22.8	22.1	22.9
    35702    	23.2	22.8	22.3	22.9
    35762    	23.0	23.1	22.1	22.9
    35822    	23.0	22.8	22.1	22.6
    35882    	23.0	22.8	22.1	22.6
    35942    	23.0	23.1	22.1	22.6
    36002    	23.0	23.1	22.1	22.6
    36062    	23.0	22.8	22.1	22.6
    36122    	22.7	23.1	22.1	22.6
    36182    	23.2	23.1	22.1	22.9
    36242    	23.0	22.8	22.3	22.9
    36302    	22.7	23.1	22.1	22.9
    36362    	23.2	23.1	22.3	22.6
    36422    	23.0	22.8	22.3	22.6
    36482    	23.0	23.1	22.1	22.3
    36542    	22.7	23.1	22.1	22.6
    36602    	23.0	22.8	22.3	22.6
    36662    	23.0	22.8	21.8	22.6
    36722    	23.0	22.8	22.1	22.6
    36782    	22.7	23.1	22.1	22.6
    36842    	23.0	22.8	22.3	22.9
    36902    	23.0	22.8	22.1	22.6
    36962    	22.7	23.1	22.1	22.3
    37022    	23.0	22.8	22.1	22.6
    37082    	23.2	22.8	22.1	22.6
    37142    	23.2	23.1	22.1	22.6
    37202    	23.0	22.8	22.1	22.6
    37262    	23.0	22.8	22.1	22.3
    37322    	23.0	23.1	22.1	22.6
    37382    	23.0	23.1	22.1	22.6
    37442    	23.0	22.8	22.3	22.6
    37502    	23.0	22.8	22.1	22.3
    37562    	23.2	22.5	22.3	22.6
    37622    	23.0	22.8	22.3	22.6
    37682    	23.0	23.1	22.3	22.3
    37742    	23.0	22.8	22.1	22.6
    37802    	23.0	22.8	22.1	22.3
    37862    	23.0	22.8	22.1	22.3
    37922    	23.0	23.1	22.1	22.3
    37982    	22.7	23.1	22.1	22.3
    38042    	22.7	23.1	22.1	22.3
    38102    	23.0	23.1	22.1	22.3
    38162    	23.0	22.8	22.1	22.6
    38222    	23.0	22.8	22.1	22.6
    38282    	22.7	22.8	22.3	22.6
    38342    	23.0	22.8	21.8	22.6
    38402    	23.0	22.8	22.1	22.6
    38462    	23.2	22.8	22.1	22.6
    38522    	23.0	23.1	22.1	22.3
    38582    	22.7	23.1	22.1	22.3
    38642    	23.0	22.8	22.1	22.6
    38702    	23.0	22.8	22.3	22.6
    38762    	23.0	22.8	22.1	22.3
    38822    	23.0	23.1	22.1	22.3
    38882    	23.0	22.8	22.1	22.6
    38942    	23.0	23.1	22.3	22.3
    39002    	23.0	22.8	22.3	22.6
    39062    	23.0	22.8	22.3	22.6
    39122    	23.0	22.8	22.3	22.3
    39182    	23.0	23.1	22.1	22.6
    39242    	23.0	23.1	22.1	22.3
    39302    	23.0	22.8	22.1	22.3
    39362    	23.0	22.8	22.1	22.3
    39422    	23.0	23.1	22.3	22.6
    39482    	23.0	23.1	22.1	22.3
    39542    	22.7	22.8	22.1	22.6
    39602    	23.0	22.8	22.1	22.6
    39662    	23.0	23.1	22.1	22.6
    39722    	23.0	22.8	22.1	22.6
    39782    	23.0	23.1	22.1	22.3
    39842    	23.0	22.8	22.1	22.6
    39902    	23.0	22.8	22.1	22.3
    39962    	22.7	22.8	22.1	22.3
    40022    	23.0	22.8	22.1	22.6
    40082    	23.0	22.8	22.1	22.3
    40142    	22.7	22.8	22.1	22.3
    40202    	23.0	23.1	22.1	22.6
    40262    	23.0	22.8	22.1	22.6
    40322    	23.0	23.1	22.1	22.6
    40382    	23.0	22.8	22.1	22.6
    40442    	23.0	22.8	22.1	22.6
    40502    	23.0	22.8	22.3	22.6
    40562    	22.7	22.8	22.3	22.3
    40622    	23.2	23.1	22.6	22.6
    40682    	23.0	22.8	22.1	22.3
    40742    	22.7	23.1	22.3	22.6
    40802    	23.0	23.1	22.3	22.6
    40862    	22.7	22.8	22.1	22.3
    40922    	23.0	22.8	22.3	22.6
    40982    	23.0	23.1	22.1	22.3
    41042    	22.7	22.8	22.1	22.6
    41102    	23.0	23.1	22.1	22.9
    41162    	22.7	22.8	22.3	22.6
    41222    	23.2	23.1	22.1	22.6
    41282    	23.0	23.1	22.3	22.3
    41342    	23.0	23.1	22.1	22.6
    41402    	23.0	23.1	22.1	22.6
    41462    	22.7	22.8	22.1	22.3
    41522    	22.7	23.1	22.1	22.6
    41582    	23.0	22.8	22.3	22.3
    41642    	23.0	23.1	22.1	22.3
    41702    	23.0	22.8	22.1	22.6
    41762    	23.0	22.8	22.1	22.3
    41822    	23.0	22.8	22.1	22.6
    41882    	22.7	23.1	22.3	22.6
    41942    	23.0	23.1	22.3	22.3
    42002    	23.0	23.1	22.1	22.6
    42062    	22.7	22.5	22.1	22.6
    42122    	22.7	23.1	22.3	22.6
    42182    	23.0	23.1	22.3	22.6
    42242    	23.0	23.1	22.3	22.6
    42302    	23.0	22.8	22.3	22.6
    42362    	22.7	23.1	22.3	22.6
    42422    	23.0	23.1	22.1	22.6
    42482    	23.0	23.1	22.1	22.6
    42542    	23.0	22.8	22.3	22.6
    42602    	22.7	23.1	22.1	22.6
    42662    	23.0	22.8	22.3	22.6
    42722    	23.0	22.8	22.3	22.6
    42782    	23.0	23.1	22.3	22.3
    42842    	22.7	22.8	22.1	22.3
    42902    	23.0	22.8	22.3	22.3
    42962    	23.0	23.1	22.1	22.6
    43022    	22.7	23.1	22.1	22.3
    43082    	23.0	22.8	22.1	22.3
    43142    	23.0	23.1	22.1	22.6
    43202    	23.0	23.1	22.1	22.3
    43262    	23.0	22.8	22.1	22.6
    43322    	23.0	23.1	22.3	22.1
    43382    	23.0	23.1	22.1	22.3
    43442    	23.0	22.8	22.1	22.6
    43502    	22.7	22.8	22.1	22.3
    43562    	23.0	23.1	22.1	22.6
    43622    	23.0	22.8	22.3	22.6
    43682    	23.0	22.8	22.1	22.3
    43742    	22.7	22.8	22.1	22.6
    43802    	23.0	22.8	22.1	22.3
    43862    	23.0	22.8	22.1	22.3
    43922    	22.7	23.1	22.3	22.3
    43982    	23.0	22.8	22.1	22.6
    44042    	22.7	22.8	22.1	22.6
    44102    	23.0	23.1	22.3	22.6
    44162    	23.0	23.1	22.1	22.9
    44222    	23.0	22.8	22.1	22.3
    44282    	23.2	22.8	22.3	22.3
    44342    	23.0	22.8	22.3	22.6
    44402    	23.0	23.1	22.1	22.6
    44462    	23.0	23.1	22.1	22.3
    44522    	23.0	23.1	22.1	22.6
    44582    	22.7	22.8	22.1	22.3
    44642    	23.0	23.1	22.1	22.3
    44702    	22.7	22.8	22.1	22.1
    44762    	23.0	23.1	22.1	22.1
    44822    	22.7	22.8	22.1	22.3
    44882    	22.7	23.1	21.8	22.3
    44942    	22.7	23.1	22.1	22.1
    45002    	23.0	22.5	22.3	22.3
    45062    	23.0	22.8	22.1	22.1
    45122    	23.0	22.8	22.3	22.1
    45182    	22.7	22.8	22.3	22.1
    45242    	22.7	22.8	22.1	22.1
    45302    	23.0	22.8	22.3	22.1
    45362    	23.0	23.1	22.3	22.1
    45422    	22.7	23.1	22.1	22.1
    45482    	23.0	23.1	22.1	21.8
    45542    	23.0	22.8	22.1	22.3
    45602    	22.7	22.8	22.1	22.1
    45662    	23.0	22.8	22.1	22.1
    45722    	22.7	22.8	22.1	21.8
    45782    	22.7	22.8	22.1	22.1
    45842    	22.7	22.8	22.3	22.1
    45902    	23.0	22.8	22.1	21.8
    45962    	23.0	22.8	22.3	22.1
    46022    	23.0	22.8	22.3	22.1
    46082    	22.7	22.8	22.1	22.1
    46142    	22.7	23.1	22.1	22.3
    46202    	23.0	22.5	22.1	22.3
    46262    	22.7	22.8	22.3	22.1
    46322    	23.0	22.8	22.3	22.1
    46382    	23.0	22.8	22.1	21.8
    46442    	23.0	22.8	22.1	22.1
    46502    	22.7	22.8	22.1	22.1
    46562    	22.7	22.8	21.8	22.1
    46622    	23.0	22.8	22.3	22.1
    46682    	23.0	22.8	22.1	22.1
    46742    	22.7	22.8	22.1	22.3
    46802    	23.0	22.8	22.1	22.1
    46862    	22.7	22.8	22.1	22.1
    46922    	22.7	22.8	22.3	22.1
    46982    	23.0	22.8	22.1	21.8
    47042    	23.0	23.1	22.3	22.1
    47102    	23.0	22.8	22.1	22.1
    47162    	23.0	22.8	22.3	22.1
    47222    	22.7	22.8	22.1	22.1
    47282    	23.0	22.8	21.8	22.1
    47342    	23.0	22.8	22.1	22.1
    47402    	23.0	23.1	22.1	22.1
    47462    	22.7	23.1	22.3	22.1
    47522    	22.7	22.8	22.3	22.1
    47582    	22.7	22.8	22.1	22.1
    47642    	22.7	22.8	22.1	22.1
    47702    	23.0	22.8	22.1	21.8
    47762    	23.0	22.8	22.1	22.1
    47822    	23.0	22.8	22.1	21.8
    47882    	23.0	22.8	21.8	22.1
    47942    	23.0	22.8	22.1	22.1
    48002    	22.7	22.8	22.1	22.1
    48062    	23.0	22.8	22.1	22.1
    48122    	23.0	22.5	22.1	22.1
    48182    	23.0	22.8	22.1	22.3
    48242    	23.0	22.8	22.1	22.1
    48302    	23.0	22.8	22.1	22.1
    48362    	22.7	22.8	22.1	22.1
    48422    	23.0	22.8	22.1	22.1
    48482    	23.0	23.1	22.1	22.1
    48542    	22.7	22.8	22.3	22.1
    48602    	23.0	22.8	22.1	22.1
    48662    	22.7	22.8	22.1	22.1
    48722    	23.0	22.8	22.1	21.8
    48782    	23.2	22.8	22.3	21.8
    48842    	22.7	22.8	22.1	21.8
    48902    	23.0	22.8	22.1	22.1
    48962    	23.0	22.8	22.1	22.1
    49022    	23.0	22.8	22.3	22.1
    49082    	23.0	23.1	22.1	22.1
    49142    	22.7	22.8	22.1	22.1
    49202    	22.7	22.8	22.1	22.1
    49262    	23.0	23.1	22.1	21.8
    49322    	22.7	22.8	22.3	21.8
    49382    	22.7	22.8	22.1	22.1
    49442    	22.7	22.8	22.1	21.8
    49502    	23.0	23.1	22.1	22.1
    49562    	22.7	22.5	22.1	22.3
    49622    	23.0	22.8	22.1	21.8
    49682    	22.7	23.1	22.1	22.1
    49742    	23.0	22.8	22.3	22.1
    49802    	22.7	22.8	22.1	22.1
    49862    	23.0	22.8	22.1	22.3
    49922    	23.0	22.8	22.1	22.3
    49982    	22.7	22.8	22.3	22.3
    50042    	23.0	22.8	22.1	22.3
    50102    	23.0	22.8	22.3	22.3
    50162    	23.0	22.8	22.3	22.6
    50222    	22.7	22.8	22.1	22.3
    50282    	22.7	22.8	22.1	22.3
    50342    	23.0	22.5	22.1	22.6
    50402    	23.0	22.8	22.3	22.3
    50462    	22.7	23.1	22.1	22.6
    50522    	23.0	22.8	22.1	22.3
    50582    	22.7	22.8	22.1	22.3
    50642    	23.0	22.8	22.1	22.3
    50702    	22.7	22.8	22.1	22.3
    50762    	22.7	22.8	22.1	22.6
    50822    	22.7	22.8	22.3	22.3
    50882    	22.7	22.8	22.1	22.3
    50942    	22.7	22.8	22.1	22.3
    51002    	22.7	22.8	22.1	22.3
    51062    	23.0	22.8	22.3	22.3
    51122    	23.0	22.8	22.1	22.1
    51182    	23.0	22.8	22.1	22.1
    51242    	22.7	22.5	22.1	22.1
    51302    	22.7	22.8	21.8	22.1
    51362    	22.7	22.8	22.1	22.1
    51422    	22.7	22.8	21.8	22.3
    51482    	22.7	22.5	22.3	22.3
    51542    	23.0	22.8	22.1	22.3
    51602    	23.0	22.8	22.1	22.3
    51662    	23.0	22.8	22.1	22.6
    51722    	22.7	22.8	22.1	22.3
    51782    	22.7	22.8	22.3	22.6
    51842    	23.0	22.5	22.1	22.3
    51902    	23.0	22.8	22.3	22.3
    51962    	23.0	22.8	22.3	22.3
    52022    	23.0	22.8	22.1	22.3
    52082    	22.7	23.1	22.1	22.3
    52142    	23.0	22.8	22.3	22.3
    52202    	23.0	22.8	22.1	22.3
    52262    	23.0	22.8	22.3	22.6
    52322    	23.0	23.1	22.1	22.6
    52382    	22.7	22.8	22.1	22.6
    52442    	23.2	22.8	22.1	22.6
    52502    	22.7	22.8	22.1	22.6
    52562    	23.0	22.8	22.3	22.6
    52622    	22.7	22.8	22.1	22.6
    52682    	22.7	22.8	22.3	22.6
    52742    	23.0	22.8	21.8	22.6
    52802    	22.7	22.8	21.8	22.6
    52862    	23.0	23.1	22.1	22.6
    52922    	23.0	22.8	22.1	22.6
    52982    	22.7	22.8	22.1	22.3
    53042    	23.0	22.8	22.1	22.6
    53102    	22.7	22.8	22.1	22.6
    53162    	23.0	22.8	22.1	22.6
    53222    	23.0	22.8	22.1	22.6
    53282    	22.7	22.8	22.1	22.9
    53342    	23.0	22.8	22.3	22.6
    53402    	22.7	22.8	22.1	22.6
    53462    	23.0	23.1	22.1	22.6
    53522    	23.0	23.1	22.1	22.6
    53582    	23.0	23.1	22.1	22.3
    53642    	23.0	23.1	22.1	22.6
    53702    	22.7	22.8	22.1	22.3
    53762    	23.0	22.8	22.1	22.6
    53822    	23.0	22.8	22.1	22.6
    53882    	23.0	22.8	22.3	22.6
    53942    	23.0	22.8	22.1	22.6
    54002    	23.0	22.8	22.1	22.6
    54062    	22.7	23.1	22.1	22.6
    54122    	23.0	22.8	22.1	22.6
    54182    	23.0	23.1	22.1	22.6
    54242    	23.0	22.8	22.1	22.6
    54302    	23.0	22.8	22.1	22.3
    54362    	22.7	22.8	22.1	22.3
    54422    	23.0	22.8	22.1	22.6
    54483    	23.0	22.8	22.1	22.3
    54543    	22.7	23.1	22.1	22.6
    54603    	23.0	23.1	22.1	22.6
    54663    	23.0	23.1	22.3	22.3
    54723    	22.7	23.1	22.3	22.3
    54783    	23.0	22.8	22.3	22.6
    54843    	23.0	22.8	22.1	22.6
    54903    	23.0	22.8	22.1	22.6
    54963    	23.0	22.8	22.3	22.6
    55023    	23.0	22.8	22.1	22.6
    55083    	23.0	22.8	22.1	22.6
    55143    	22.7	23.1	22.3	22.3
    55203    	22.7	22.8	22.1	22.6
    55263    	23.0	22.8	22.1	22.9
    55323    	23.0	22.8	22.1	22.6
    55383    	23.0	23.1	22.3	22.3
    55443    	23.0	23.1	22.1	22.6
    55503    	23.0	22.8	22.3	22.6
    55563    	22.7	22.8	22.1	22.6
    55623    	23.0	22.8	22.1	22.9
    55683    	23.0	23.1	22.3	22.6
    55743    	23.0	23.1	22.1	22.3
    55803    	22.7	22.8	22.1	22.3
    55863    	22.7	22.8	22.1	22.6
    55923    	23.0	22.8	21.8	22.6
    55983    	22.7	22.8	22.1	22.6
    56043    	23.0	22.8	22.3	22.3
    56103    	23.0	22.8	22.1	22.6
    56163    	23.0	22.8	22.1	22.3
    56223    	23.0	23.1	22.1	22.6
    56283    	23.0	23.1	22.1	22.6
    56343    	22.7	22.8	22.1	22.6
    56403    	23.0	22.8	21.8	22.6
    56463    	23.0	23.1	22.1	22.6
    56523    	23.0	23.1	21.8	22.6
    56583    	23.0	22.8	22.3	22.6
    56643    	22.7	23.1	22.1	22.6
    56703    	23.0	22.8	22.1	22.6
    56763    	23.0	22.8	22.1	22.9
    56823    	23.0	22.8	22.1	22.6
    56883    	22.7	23.1	22.1	22.6
    56943    	23.0	22.8	22.1	22.6
    57003    	22.7	23.1	22.1	22.3
    57063    	23.0	22.8	22.1	22.6
    57123    	22.7	22.8	22.1	22.6
    57183    	23.0	23.1	22.1	22.6
    57243    	22.7	22.8	22.3	22.9
    57303    	23.0	23.1	22.1	22.3
    57363    	23.0	22.8	22.3	22.6
    57423    	23.0	23.1	22.3	22.6
    57483    	23.0	22.8	22.1	22.3
    57543    	22.7	22.8	22.1	22.6
    57603    	23.0	22.8	21.8	22.6
    57663    	22.7	22.8	22.3	22.6
    57723    	22.7	22.8	22.1	22.6
    57783    	23.0	22.5	21.8	22.6
    57843    	23.0	22.8	22.1	22.6
    57903    	23.0	22.8	22.3	22.6
    57963    	22.7	22.8	22.1	22.6
    58023    	23.0	22.5	22.3	22.9
    58083    	23.0	22.8	22.1	22.6
    58143    	22.7	22.8	22.1	22.6
    58203    	23.0	22.8	22.3	22.6
    58263    	23.0	23.1	22.3	22.6
    58323    	23.0	22.8	22.3	22.6
    58383    	22.7	22.8	22.1	22.3
    58443    	23.0	22.8	22.3	22.6
    58503    	22.7	22.8	22.1	22.3
    58563    	22.7	22.8	22.1	22.6
    58623    	22.7	22.8	22.1	22.6
    58683    	23.0	22.8	21.8	22.6
    58743    	22.7	23.1	22.1	22.6
    58803    	22.7	22.8	22.1	22.3
    58863    	22.7	22.8	22.1	22.6
    58923    	22.7	22.8	22.1	22.3
    58983    	22.7	22.8	22.1	22.3
    59043    	23.0	22.8	22.1	22.3
    59103    	23.0	23.1	21.8	22.6
    59163    	22.7	22.8	22.1	22.6
    59223    	23.0	22.8	22.3	22.3
    59283    	23.0	22.8	22.1	22.3
    59343    	22.7	22.8	22.3	22.3
    59403    	23.0	22.8	22.1	22.6
    59463    	23.0	22.8	22.1	22.3
    59523    	23.0	22.8	22.3	22.6
    59583    	22.7	22.8	22.1	22.3
    59643    	22.7	22.8	22.1	22.3
    59703    	22.7	22.8	22.3	22.3
    59763    	22.7	22.8	22.1	22.3
    59823    	23.0	22.8	22.1	22.3
    59883    	22.7	22.8	22.1	22.6
    59943    	23.0	22.8	22.1	22.3
    60003    	22.7	22.8	22.1	22.3
    60063    	22.7	22.8	22.3	22.3
    60123    	22.7	22.8	22.1	22.3
    60183    	23.0	22.8	22.1	22.3
    60243    	22.7	22.8	22.1	22.3
    60303    	22.7	23.1	22.3	22.3
    60363    	23.0	23.1	22.1	22.3
    60423    	23.0	22.8	22.1	22.6
    60483    	23.0	22.8	22.1	22.3
    60543    	22.7	22.8	22.3	22.3
    60603    	23.0	23.1	22.3	22.3
    60663    	22.7	22.8	22.1	22.3
    60723    	23.0	22.8	22.1	22.3
    60783    	23.0	22.8	22.1	22.6
    60843    	22.7	22.8	22.1	22.3
    60903    	23.0	22.8	22.1	22.3
    60963    	23.0	22.8	22.1	22.3
    61023    	22.7	22.8	22.1	22.3
    61083    	22.7	22.8	22.1	22.1
    61143    	23.0	22.8	22.1	22.3
    61203    	22.7	22.8	21.8	22.3
    61263    	22.7	22.8	21.8	22.3
    61323    	23.0	22.8	22.1	22.1
    61383    	22.7	22.8	22.3	22.6
    61443    	23.0	22.8	22.1	22.6
    61503    	22.7	23.1	22.1	22.3
    61563    	22.7	22.8	22.1	22.3
    61623    	23.0	22.8	22.1	22.3
    61683    	22.7	22.8	22.1	22.3
    61743    	22.7	23.1	22.3	22.6
    61803    	23.0	22.8	22.3	22.3
    61863    	22.7	23.1	22.1	22.3
    61923    	22.7	23.1	22.1	22.6
    61983    	23.0	23.1	22.1	22.3
    62043    	22.7	23.1	22.1	22.3
    62103    	22.7	22.8	22.1	22.3
    62163    	22.7	22.8	22.1	22.3
    62223    	22.7	23.1	22.1	22.3
    62283    	22.7	23.1	22.1	22.6
    62343    	22.4	22.5	22.3	22.3
    62403    	22.7	22.8	22.1	22.6
    62463    	22.7	22.8	22.1	22.6
    62523    	23.0	22.8	22.3	22.6
    62583    	22.7	23.1	22.1	22.6
    62643    	22.7	22.8	22.1	22.3
    62703    	22.7	22.8	22.1	22.9
    62763    	22.7	22.8	22.3	22.6
    62823    	22.7	22.8	22.1	22.3
    62883    	22.7	22.8	22.1	22.3
    62943    	23.0	22.8	22.1	22.6
    63003    	22.7	23.1	22.1	22.1
    63063    	22.7	22.8	22.3	22.3
    63123    	22.7	22.8	22.3	22.3
    63183    	22.7	22.8	22.3	22.3
    63243    	23.0	22.8	22.3	22.3
    63303    	22.7	22.8	22.3	22.3
    63363    	22.7	22.5	22.1	22.6
    63423    	23.0	22.8	22.3	22.3
    63483    	23.0	22.8	22.3	22.3
    63543    	22.7	22.8	22.1	22.3
    63603    	22.7	22.8	22.1	22.3
    63663    	22.7	22.8	22.1	22.3
    63723    	22.7	22.8	22.3	22.3
    63783    	23.0	22.8	22.3	22.3
    63843    	22.7	22.8	22.3	22.1
    63903    	23.0	23.1	22.6	22.3
    63963    	22.7	22.8	22.1	22.3
    64023    	22.4	22.5	22.1	22.3
    64083    	22.7	22.5	22.1	22.3
    64143    	22.7	22.8	22.1	22.1
    64203    	22.7	22.8	22.1	22.3
    64263    	22.7	22.8	22.1	22.3
    64323    	22.4	22.8	22.3	22.1
    64383    	22.7	22.8	22.3	22.1
    64443    	22.7	22.8	22.3	22.1
    64503    	22.7	22.8	22.3	22.3
    64563    	22.7	22.8	22.1	22.1
    64623    	22.7	22.8	22.3	22.1
    64683    	22.7	22.8	22.1	22.3
    64743    	22.7	22.8	22.1	22.3
    64803    	22.7	22.8	22.3	22.1
    64863    	22.7	23.1	22.1	22.1
    64923    	22.4	22.8	22.3	22.1
    64983    	22.7	22.8	22.1	22.1
    65043    	22.7	22.8	22.1	22.3
    65103    	22.7	22.5	22.3	22.1
    65163    	22.7	22.5	22.1	22.3
    65223    	22.7	22.8	22.1	22.3
    65283    	22.4	22.8	22.1	22.3
    65343    	22.7	22.8	22.3	22.3
    65403    	22.7	22.8	22.1	22.3
    65463    	22.7	22.8	22.3	22.3
    65523    	22.7	22.8	22.1	22.3
    65583    	22.7	22.8	22.1	22.3
    65643    	22.7	22.8	22.1	22.3
    65703    	22.7	22.8	22.1	22.3
    65763    	22.7	22.5	22.3	22.3
    65823    	22.7	22.8	22.1	22.6
    65883    	22.7	22.8	22.1	22.3
    65943    	22.7	22.8	22.1	22.3
    66003    	22.4	22.5	22.1	22.6
    66063    	22.7	22.5	22.3	22.3
    66123    	22.7	22.8	22.3	22.3
    66183    	22.7	22.8	22.3	22.6
    66243    	22.4	22.8	22.1	22.3
    66303    	22.7	22.8	22.1	22.6
    66363    	22.7	22.8	22.1	22.6
    66423    	22.4	22.8	22.3	22.9
    66483    	23.0	22.8	22.1	22.6
    66543    	22.7	22.8	22.1	22.6
    66603    	22.7	22.8	22.3	22.3
    66663    	22.4	22.8	22.1	22.6
    66723    	22.7	22.8	22.1	22.3
    66783    	22.7	22.8	22.1	22.6
    66843    	22.7	22.8	22.1	22.3
    66903    	22.7	22.5	22.3	22.3
    66963    	22.7	22.8	22.1	22.1
    67023    	22.7	22.8	22.3	22.3
    67083    	22.7	22.8	22.3	22.6
    67143    	22.7	22.8	22.3	22.6
    67203    	22.7	22.8	22.1	22.9
    67263    	22.7	22.8	22.1	22.9
    67323    	22.7	23.1	22.3	22.6
    67383    	22.7	23.1	22.1	22.6
    67443    	23.0	22.8	22.1	22.6
    67503    	22.7	22.8	22.1	22.6
    67563    	22.7	22.8	22.3	22.9
    67623    	23.0	23.1	22.3	22.9
    67683    	22.7	23.1	22.1	22.6
    67743    	22.7	23.1	22.3	22.9
    67803    	22.7	22.8	22.3	22.6
    67863    	23.0	22.8	22.3	22.3
    67923    	22.7	23.1	22.1	22.6
    67983    	22.7	22.8	22.3	22.3
    68043    	22.7	22.8	22.3	22.9
    68103    	22.7	22.8	22.3	22.6
    68163    	22.7	23.1	22.3	22.6
    68223    	22.4	22.8	22.1	22.6
    68283    	23.0	22.5	22.3	22.6
    68343    	22.7	22.8	22.1	22.6
    68403    	22.7	22.8	22.1	22.6
    68463    	22.7	22.8	22.3	22.6
    68523    	23.0	23.1	22.1	22.6
    68583    	22.7	22.8	22.3	22.6
    68643    	22.7	23.1	22.1	22.6
    68703    	22.7	22.8	22.3	22.6
    68763    	22.4	22.8	22.1	22.6
    68823    	22.7	22.8	22.3	22.3
    68883    	22.7	22.8	22.1	22.6
    68943    	22.7	22.8	22.3	22.6
    69003    	22.7	22.8	22.1	22.6
    69063    	22.7	22.8	22.3	22.6
    69123    	22.7	22.8	22.3	22.6
    69183    	23.0	22.8	22.1	22.6
    69243    	22.7	22.8	22.1	22.6
    69303    	22.4	22.8	22.3	22.6
    69363    	22.7	22.5	22.3	22.6
    69423    	22.7	22.8	22.3	22.6
    69483    	22.7	22.8	22.3	22.6
    69543    	22.7	22.8	22.3	22.6
    69603    	22.7	22.8	22.3	22.6
    69663    	22.7	22.8	22.6	22.6
    69723    	22.7	22.8	22.3	22.6
    69783    	23.0	22.8	22.3	22.6
    69843    	22.7	22.5	22.3	22.6
    69903    	22.7	22.8	22.1	22.6
    69963    	22.7	22.8	22.3	22.6
    70023    	22.7	22.8	22.3	22.6
    70083    	23.0	22.5	22.3	22.3
    70143    	22.7	23.1	22.3	22.6
    70203    	22.7	23.1	22.3	22.3
    70263    	22.7	22.8	22.3	22.6
    70323    	22.7	22.8	22.3	22.6
    70383    	22.7	22.8	22.6	22.6
    70443    	22.7	22.8	22.3	22.3
    70503    	22.7	22.8	22.3	22.6
    70563    	22.7	22.8	22.3	22.6
    70623    	23.0	22.8	22.1	22.6
    70683    	22.7	22.8	22.3	22.6
    70743    	22.7	22.5	22.3	22.6
    70803    	22.7	22.8	22.1	22.6
    70863    	22.4	22.8	22.1	22.6
    70923    	22.7	22.8	22.3	22.6
    70983    	22.7	22.8	22.1	22.9
    71043    	22.7	23.1	22.3	22.6
    71103    	22.7	23.1	22.3	22.6
    71163    	22.7	23.1	22.3	22.9
    71223    	22.7	22.8	22.3	22.6
    71283    	22.7	22.8	22.1	22.6
    71343    	22.7	22.8	22.3	22.6
    71403    	22.7	22.8	22.3	22.6
    71463    	22.7	22.8	22.3	22.6
    71523    	22.7	22.8	22.3	22.6
    71583    	22.7	22.8	22.1	22.6
    71643    	22.4	22.8	22.3	22.9
    71703    	23.0	22.8	22.3	22.9
    71763    	22.7	22.8	22.3	22.9
    71823    	22.7	22.8	22.3	22.6
    71883    	22.7	22.8	22.3	22.9
    71943    	22.7	22.8	22.3	22.9
    72003    	22.7	22.5	22.3	22.6
    72063    	23.0	22.8	22.3	22.6
    72123    	22.7	22.8	22.1	22.6
    72183    	22.7	22.8	22.3	22.3
    72243    	22.7	22.8	22.3	22.6
    72303    	22.4	22.8	22.3	22.6
    72363    	22.7	22.8	22.3	22.3
    72423    	22.7	22.8	22.3	22.6
    72483    	22.7	22.5	22.3	22.6
    72543    	22.7	22.8	22.3	22.6
    72603    	22.7	23.1	22.3	22.3
    72663    	22.7	22.5	22.6	22.3
    72723    	22.7	22.8	22.3	22.3
    72783    	22.7	22.8	22.1	22.6
    72843    	22.7	22.8	22.6	22.6
    72903    	22.7	22.8	22.3	22.6
    72963    	22.7	22.5	22.3	22.9
    73023    	22.7	22.8	22.3	22.6
    73083    	22.7	22.8	22.1	22.9
    73143    	22.7	22.8	22.3	22.6
    73203    	22.7	22.8	22.1	22.6
    73263    	22.7	22.8	22.3	22.6
    73323    	22.7	22.8	22.3	22.9
    73383    	22.7	22.8	22.3	22.9
    73443    	22.7	22.8	22.3	22.6
    73503    	23.0	22.8	22.6	22.6
    73563    	22.7	22.8	22.3	22.6
    73623    	22.7	22.8	22.1	22.6
    73683    	22.7	22.8	22.3	22.6
    73743    	22.7	23.1	22.3	22.6
    73803    	22.7	22.5	22.3	22.3
    73863    	22.4	22.5	22.3	22.6
    73923    	22.7	22.8	22.3	22.6
    73983    	22.7	22.8	22.3	22.6
    74043    	22.7	22.8	22.3	22.6
    74103    	22.4	22.8	22.3	22.6
    74163    	22.7	22.8	22.3	22.6
    74223    	22.7	22.5	22.1	22.3
    74283    	22.7	22.8	22.3	22.6
    74343    	22.7	22.8	22.3	22.6
    74403    	22.7	22.8	22.3	22.9
    74463    	22.7	23.1	22.6	22.6
    74523    	22.7	22.8	22.3	22.6
    74583    	22.7	22.8	22.3	22.6
    74643    	22.7	22.8	22.3	22.6
    74703    	22.4	22.8	22.6	22.6
    74763    	22.7	22.8	22.3	22.6
    74823    	22.7	22.8	22.3	22.6
    74883    	22.7	22.8	22.3	22.6
    74943    	22.7	22.8	22.3	22.6
    75003    	22.7	22.8	22.3	22.6
    75063    	22.7	22.8	22.1	22.6
    75123    	22.7	22.8	22.3	22.6
    75183    	23.0	22.8	22.6	22.6
    75243    	22.7	22.8	22.3	22.6
    75303    	22.7	22.8	22.3	22.3
    75363    	22.7	23.1	22.3	22.6
    75423    	22.7	22.8	22.6	22.6
    75483    	22.7	22.8	22.3	22.6
    75543    	22.7	22.8	22.6	22.6
    75603    	22.7	22.8	22.3	22.3
    75663    	22.7	22.8	22.3	22.6
    75723    	22.7	22.8	22.3	22.1
    75783    	22.7	22.8	22.3	22.3
    75843    	22.7	23.1	22.3	22.3
    75903    	22.7	22.8	22.6	22.6
    75963    	22.7	22.8	22.6	22.6
    76023    	22.7	22.8	22.6	22.6
    76083    	22.7	23.1	22.3	22.3
    76143    	22.7	23.1	22.6	22.3
    76203    	22.7	22.8	22.3	22.6
    76263    	22.7	22.8	22.6	22.3
    76323    	23.0	23.1	22.3	22.3
    76383    	22.7	22.8	22.3	22.3
    76443    	22.7	22.5	22.3	22.6
    76503    	23.0	22.8	22.3	22.6
    76563    	22.7	22.8	22.1	22.6
    76623    	22.7	22.5	22.3	22.6
    76683    	22.7	22.8	22.3	22.6
    76743    	23.0	22.5	22.6	22.6
    76803    	22.7	22.8	22.3	22.3
    76863    	22.7	22.8	22.3	22.6
    76923    	22.7	22.8	22.3	22.6
    76983    	22.7	22.8	22.3	22.3
    77043    	22.7	22.8	22.6	22.3
    77103    	22.7	22.8	22.3	22.3
    77163    	22.7	22.8	22.3	22.3
    77223    	22.7	22.8	22.3	22.3
    77283    	22.7	22.8	22.3	22.3
    77343    	22.7	22.8	22.3	22.3
    77403    	22.7	22.8	22.3	22.3
    77463    	22.7	22.8	22.6	22.3
    77523    	22.7	22.8	22.6	22.3
    77583    	22.7	22.8	22.6	22.3
    77643    	22.7	22.8	22.3	22.3
    77703    	22.7	22.8	22.3	22.3
    77763    	22.7	22.8	22.3	22.3
    77823    	22.7	22.8	22.3	22.1
    77883    	22.7	23.1	22.6	22.6
    77943    	22.7	22.8	22.1	22.1
    78003    	23.0	22.8	22.6	22.3
    78063    	22.4	22.8	22.3	22.1
    78123    	22.7	22.8	22.3	22.3
    78183    	22.7	22.8	22.6	22.1
    78243    	22.7	22.8	22.3	22.1
    78303    	22.7	23.1	22.6	22.3
    78364    	22.7	22.8	22.1	22.3
    78424    	22.7	22.5	22.3	22.3
    78484    	22.7	22.8	22.3	22.3
    78544    	22.7	22.8	22.3	22.1
    78604    	22.7	22.8	22.6	22.3
    78664    	22.7	22.8	22.3	22.3
    78724    	22.4	22.8	22.3	22.3
    78784    	22.7	22.8	22.3	22.3
    78844    	22.7	22.8	22.3	22.1
    78904    	22.7	22.8	22.3	22.3
    78964    	22.7	23.1	22.1	22.1
    79024    	22.7	22.8	22.3	22.3
    79084    	22.7	22.5	22.6	22.3
    79144    	22.7	22.8	22.3	22.3
    79204    	22.7	23.1	22.3	22.3
    79264    	22.7	22.8	22.3	22.3
    79324    	22.7	22.8	22.6	22.1
    79384    	22.7	22.5	22.3	22.1
    79444    	22.7	22.8	22.3	22.1
    79504    	22.7	22.8	22.3	22.3
    79564    	22.7	22.8	22.3	22.3
    79624    	22.7	22.8	22.3	22.3
    79684    	22.7	22.8	22.3	22.3
    79744    	22.7	22.8	22.3	22.3
    79804    	22.7	22.8	22.3	22.3
    79864    	22.4	22.8	22.3	22.3
    79924    	22.7	23.1	22.6	22.3
    79984    	22.7	22.8	22.1	22.1
    80044    	22.7	22.8	22.3	22.1
    80104    	22.7	22.5	22.3	22.1
    80164    	22.4	22.8	22.6	22.3
    80224    	22.4	22.8	22.3	22.3
    80284    	22.7	22.5	22.3	22.6
    80344    	22.7	23.1	22.3	22.1
    80404    	23.0	22.8	22.3	22.3
    80464    	22.7	22.8	22.3	22.3
    80524    	22.7	22.8	22.3	22.1
    80584    	22.7	22.8	22.6	22.3
    80644    	22.4	22.5	22.3	22.3
    80704    	23.0	22.8	22.3	22.6
    80764    	22.4	22.8	22.3	22.1
    80824    	22.7	22.8	22.3	22.3
    80884    	22.7	22.8	22.3	22.1
    80944    	22.7	22.8	22.3	22.3
    81004    	22.7	22.8	22.6	22.1
    81064    	22.4	22.8	22.6	22.3
    81124    	22.4	23.1	22.3	22.3
    81184    	22.7	23.1	22.3	22.3
    81244    	22.4	23.1	22.3	22.1
    81304    	22.4	22.8	22.3	22.1
    81364    	22.7	22.5	22.3	22.1
    81424    	23.0	22.8	22.3	22.1
    81484    	22.7	22.8	22.3	22.1
    81544    	22.4	22.8	22.3	22.3
    81604    	22.4	22.8	22.3	22.1
    81664    	22.7	22.8	22.3	22.3
    81724    	22.7	22.8	22.6	22.3
    81784    	22.7	22.8	22.3	22.6
    81844    	22.7	22.8	22.3	22.3
    81904    	22.7	22.8	22.3	22.3
    81964    	22.7	22.8	22.3	22.3
    82024    	22.7	22.8	22.3	22.3
    82084    	22.7	22.8	22.3	22.3
    82144    	22.7	22.8	22.3	22.1
    82204    	22.7	22.8	22.3	22.1
    82264    	22.7	22.8	22.3	22.3
    82324    	22.4	22.8	22.6	22.1
    82384    	22.7	22.8	22.3	22.1
    82444    	22.7	22.8	22.3	22.3
    82504    	22.7	22.8	22.3	22.1
    82564    	22.7	22.8	22.3	22.1
    82624    	23.0	23.1	22.3	22.3
    82684    	22.4	22.5	22.3	22.1
    82744    	22.7	22.8	22.3	22.1
    82804    	22.7	22.8	22.3	22.3
    82864    	22.4	22.5	22.3	22.3
    82924    	22.4	22.8	22.3	22.1
    82984    	22.7	22.8	22.6	22.3
    83044    	22.7	22.8	22.6	22.3
    83104    	22.4	22.8	22.3	22.3
    83164    	23.0	22.8	22.3	22.3
    83224    	22.4	22.8	22.3	22.6
    83284    	22.7	22.8	22.3	22.3
    83344    	22.7	22.8	22.1	22.6
    83404    	22.7	22.8	22.3	22.6
    83464    	22.7	22.8	22.6	22.6
    83524    	22.7	22.8	22.3	22.3
    83584    	22.7	22.8	22.3	22.3
    83644    	22.4	22.8	22.3	22.3
