---------------------------------------------------
  Seconds     D4       G7    
---------------------------------------------------
        0    	100.0	99.2
       98    	103.2	99.2
      158    	100.0	96.0
      218    	103.2	99.2
      278    	103.2	99.2
      338    	103.2	99.2
      398    	100.0	99.2
      458    	103.2	99.2
      518    	103.2	99.2
      578    	103.2	99.2
      638    	103.2	102.4
      698    	103.2	99.2
      758    	103.2	99.2
      818    	103.2	99.2
      878    	100.0	99.2
      938    	103.2	99.2
      998    	103.2	99.2
     1058    	103.2	99.2
     1118    	103.2	99.2
     1178    	100.0	102.4
     1238    	103.2	99.2
     1298    	100.0	99.2
     1358    	100.0	99.2
     1418    	106.4	102.4
     1478    	103.2	99.2
     1538    	103.2	99.2
     1598    	100.0	102.4
     1658    	100.0	99.2
     1718    	100.0	99.2
     1778    	106.4	99.2
     1838    	103.2	99.2
     1898    	103.2	99.2
     1958    	103.2	99.2
     2018    	103.2	99.2
     2078    	100.0	99.2
     2138    	103.2	102.4
     2198    	100.0	99.2
     2258    	103.2	99.2
     2318    	103.2	99.2
     2378    	103.2	99.2
     2438    	103.2	99.2
     2498    	103.2	99.2
     2558    	103.2	99.2
     2618    	103.2	99.2
     2678    	103.2	99.2
     2738    	103.2	99.2
     2798    	106.4	102.4
     2858    	103.2	102.4
     2918    	103.2	99.2
     2978    	103.2	99.2
     3038    	103.2	99.2
     3098    	100.0	99.2
     3158    	103.2	99.2
     3218    	100.0	99.2
     3278    	100.0	99.2
     3338    	103.2	99.2
     3398    	103.2	99.2
     3458    	103.2	99.2
     3518    	100.0	99.2
     3578    	103.2	102.4
     3638    	103.2	102.4
     3698    	103.2	99.2
     3758    	103.2	99.2
     3818    	103.2	102.4
     3878    	103.2	99.2
     3938    	103.2	99.2
     3998    	100.0	102.4
     4058    	100.0	102.4
     4118    	103.2	99.2
     4178    	100.0	99.2
     4238    	103.2	99.2
     4298    	103.2	99.2
     4358    	103.2	99.2
     4418    	103.2	99.2
     4478    	103.2	99.2
     4538    	103.2	99.2
     4598    	103.2	99.2
     4658    	103.2	99.2
     4718    	103.2	99.2
     4778    	103.2	99.2
     4838    	103.2	99.2
     4898    	100.0	99.2
     4958    	103.2	99.2
     5018    	103.2	99.2
     5078    	100.0	99.2
     5138    	103.2	99.2
     5198    	103.2	99.2
     5258    	103.2	99.2
     5318    	100.0	99.2
     5378    	103.2	99.2
     5438    	100.0	99.2
     5498    	103.2	99.2
     5558    	103.2	99.2
     5618    	103.2	102.4
     5678    	103.2	99.2
     5738    	103.2	99.2
     5798    	106.4	99.2
     5858    	100.0	99.2
     5918    	103.2	99.2
     5978    	103.2	102.4
     6038    	100.0	99.2
     6098    	103.2	99.2
     6158    	103.2	99.2
     6218    	103.2	99.2
     6278    	103.2	99.2
     6338    	103.2	99.2
     6398    	103.2	99.2
     6458    	103.2	99.2
     6518    	103.2	99.2
     6578    	100.0	99.2
     6638    	100.0	99.2
     6698    	103.2	99.2
     6758    	103.2	99.2
     6818    	103.2	99.2
     6878    	103.2	102.4
     6938    	103.2	99.2
     6998    	103.2	99.2
     7058    	103.2	99.2
     7118    	103.2	99.2
     7178    	103.2	99.2
     7238    	103.2	99.2
     7298    	103.2	99.2
     7358    	103.2	99.2
     7418    	103.2	99.2
     7478    	103.2	99.2
     7538    	103.2	99.2
     7598    	103.2	99.2
     7658    	103.2	99.2
     7718    	100.0	102.4
     7778    	103.2	99.2
     7838    	100.0	102.4
     7898    	103.2	99.2
     7958    	103.2	99.2
     8018    	103.2	99.2
     8078    	103.2	99.2
     8138    	103.2	96.0
     8198    	103.2	99.2
     8258    	103.2	99.2
     8318    	103.2	99.2
     8378    	103.2	96.0
     8438    	100.0	99.2
     8498    	103.2	99.2
     8558    	103.2	99.2
     8618    	103.2	99.2
     8678    	100.0	102.4
     8738    	100.0	99.2
     8798    	100.0	99.2
     8858    	100.0	99.2
     8918    	100.0	99.2
     8978    	103.2	99.2
     9038    	100.0	99.2
     9098    	103.2	99.2
     9158    	100.0	99.2
     9218    	103.2	99.2
     9278    	103.2	99.2
     9338    	103.2	99.2
     9398    	103.2	102.4
     9458    	103.2	102.4
     9518    	100.0	102.4
     9578    	103.2	102.4
     9638    	103.2	102.4
     9698    	100.0	99.2
     9758    	103.2	99.2
     9818    	103.2	99.2
     9878    	103.2	99.2
     9938    	103.2	102.4
     9998    	103.2	102.4
    10058    	103.2	102.4
    10118    	103.2	99.2
    10178    	103.2	99.2
    10238    	103.2	96.0
    10298    	103.2	99.2
    10358    	103.2	102.4
    10418    	103.2	99.2
    10478    	103.2	102.4
    10538    	103.2	99.2
    10598    	103.2	99.2
    10658    	103.2	99.2
    10718    	103.2	99.2
    10778    	103.2	99.2
    10838    	100.0	96.0
    10898    	103.2	99.2
    10958    	103.2	99.2
    11018    	100.0	99.2
    11078    	103.2	102.4
    11138    	103.2	99.2
    11198    	103.2	99.2
    11258    	103.2	99.2
    11318    	103.2	99.2
    11378    	100.0	99.2
    11438    	103.2	99.2
    11498    	103.2	99.2
    11558    	103.2	99.2
    11618    	103.2	99.2
    11678    	100.0	99.2
    11738    	103.2	99.2
    11798    	100.0	102.4
    11858    	103.2	102.4
    11918    	103.2	99.2
    11978    	103.2	99.2
    12038    	103.2	99.2
    12098    	103.2	99.2
    12158    	100.0	99.2
    12218    	103.2	99.2
    12278    	103.2	99.2
    12338    	103.2	99.2
    12398    	103.2	99.2
    12458    	103.2	99.2
    12518    	103.2	102.4
    12578    	103.2	99.2
    12638    	103.2	102.4
    12698    	103.2	99.2
    12758    	103.2	99.2
    12818    	103.2	99.2
    12878    	103.2	99.2
    12938    	103.2	102.4
    12998    	103.2	99.2
    13058    	103.2	102.4
    13118    	103.2	99.2
    13178    	103.2	99.2
    13238    	106.4	99.2
    13298    	103.2	102.4
    13358    	103.2	99.2
    13418    	103.2	102.4
    13478    	100.0	99.2
    13538    	100.0	99.2
    13598    	103.2	99.2
    13658    	103.2	99.2
    13718    	103.2	99.2
    13778    	100.0	99.2
    13838    	103.2	99.2
    13898    	103.2	99.2
    13958    	103.2	99.2
    14018    	103.2	99.2
    14078    	103.2	102.4
    14138    	103.2	102.4
    14198    	103.2	102.4
    14258    	103.2	96.0
    14318    	103.2	99.2
    14378    	103.2	99.2
    14438    	103.2	99.2
    14498    	103.2	99.2
    14558    	103.2	102.4
    14618    	100.0	99.2
    14678    	103.2	102.4
    14738    	103.2	99.2
    14798    	103.2	102.4
    14858    	103.2	96.0
    14918    	103.2	99.2
    14978    	103.2	99.2
    15038    	103.2	99.2
    15098    	103.2	99.2
    15158    	103.2	99.2
    15218    	106.4	99.2
    15278    	103.2	102.4
    15338    	103.2	99.2
    15398    	103.2	99.2
    15458    	103.2	99.2
    15518    	103.2	99.2
    15578    	103.2	99.2
    15638    	103.2	99.2
    15698    	103.2	102.4
    15758    	103.2	102.4
    15818    	100.0	99.2
    15878    	100.0	99.2
    15938    	103.2	99.2
    15998    	100.0	99.2
    16058    	103.2	99.2
    16118    	103.2	99.2
    16178    	103.2	99.2
    16238    	103.2	99.2
    16298    	103.2	102.4
    16358    	103.2	99.2
    16418    	103.2	102.4
    16478    	100.0	99.2
    16538    	103.2	96.0
    16598    	103.2	99.2
    16658    	103.2	99.2
    16718    	103.2	102.4
    16778    	103.2	99.2
    16838    	103.2	99.2
    16898    	103.2	99.2
    16958    	103.2	99.2
    17018    	103.2	99.2
    17078    	103.2	99.2
    17138    	103.2	99.2
    17198    	103.2	96.0
    17258    	103.2	99.2
    17318    	100.0	99.2
    17378    	103.2	102.4
    17438    	103.2	99.2
    17498    	100.0	99.2
    17558    	106.4	99.2
    17618    	103.2	99.2
    17678    	103.2	102.4
    17738    	103.2	99.2
    17798    	100.0	99.2
    17858    	100.0	102.4
    17918    	103.2	99.2
    17978    	103.2	96.0
    18038    	103.2	99.2
    18098    	103.2	99.2
    18158    	103.2	99.2
    18218    	103.2	99.2
    18278    	103.2	96.0
    18338    	103.2	99.2
    18398    	103.2	99.2
    18458    	103.2	99.2
    18518    	103.2	99.2
    18578    	103.2	102.4
    18638    	103.2	99.2
    18698    	100.0	99.2
    18758    	103.2	99.2
    18818    	103.2	96.0
    18878    	103.2	99.2
    18938    	103.2	99.2
    18998    	103.2	99.2
    19058    	103.2	99.2
    19118    	103.2	99.2
    19178    	103.2	99.2
    19238    	103.2	99.2
    19298    	103.2	102.4
    19358    	103.2	99.2
    19418    	103.2	99.2
    19478    	106.4	99.2
    19538    	100.0	99.2
    19598    	103.2	99.2
    19658    	103.2	99.2
    19718    	103.2	99.2
    19778    	103.2	99.2
    19838    	103.2	99.2
    19898    	103.2	99.2
    19958    	106.4	99.2
    20018    	103.2	99.2
    20078    	103.2	99.2
    20138    	103.2	102.4
    20198    	106.4	99.2
    20258    	103.2	102.4
    20318    	103.2	99.2
    20378    	103.2	99.2
    20438    	103.2	99.2
    20498    	100.0	99.2
    20558    	103.2	99.2
    20618    	103.2	99.2
    20678    	100.0	99.2
    20738    	100.0	99.2
    20798    	100.0	99.2
    20858    	100.0	102.4
    20918    	103.2	99.2
    20978    	100.0	99.2
    21038    	103.2	99.2
    21098    	103.2	99.2
    21158    	100.0	99.2
    21218    	100.0	99.2
    21278    	103.2	99.2
    21338    	103.2	99.2
    21398    	100.0	99.2
    21458    	103.2	99.2
    21518    	103.2	102.4
    21578    	103.2	99.2
    21638    	103.2	99.2
    21698    	103.2	99.2
    21758    	100.0	99.2
    21818    	103.2	99.2
    21878    	103.2	99.2
    21938    	103.2	99.2
    21998    	103.2	99.2
    22058    	100.0	102.4
    22118    	103.2	99.2
    22178    	103.2	99.2
    22238    	103.2	99.2
    22298    	103.2	99.2
    22358    	103.2	99.2
    22418    	103.2	99.2
    22478    	103.2	99.2
    22538    	103.2	102.4
    22598    	103.2	102.4
    22658    	100.0	102.4
    22718    	100.0	99.2
    22778    	100.0	99.2
    22838    	103.2	99.2
    22898    	103.2	96.0
    22958    	103.2	99.2
    23018    	103.2	99.2
    23078    	103.2	99.2
    23138    	103.2	102.4
    23198    	103.2	102.4
    23258    	103.2	99.2
    23318    	103.2	99.2
    23378    	100.0	99.2
    23438    	106.4	102.4
    23498    	103.2	99.2
    23558    	100.0	99.2
    23618    	103.2	102.4
    23678    	103.2	99.2
    23738    	100.0	99.2
    23798    	103.2	99.2
    23858    	103.2	99.2
    23918    	103.2	96.0
    23978    	103.2	99.2
    24038    	103.2	102.4
    24098    	103.2	99.2
    24158    	103.2	99.2
    24218    	103.2	99.2
    24278    	100.0	99.2
    24338    	103.2	99.2
    24398    	100.0	99.2
    24458    	103.2	99.2
    24518    	103.2	99.2
    24578    	100.0	102.4
    24638    	100.0	99.2
    24698    	103.2	99.2
    24758    	103.2	99.2
    24818    	100.0	99.2
    24878    	103.2	99.2
    24938    	100.0	99.2
    24998    	100.0	99.2
    25058    	103.2	102.4
    25118    	103.2	99.2
    25178    	103.2	96.0
    25238    	103.2	99.2
    25298    	103.2	99.2
    25358    	103.2	99.2
    25418    	100.0	96.0
    25478    	100.0	99.2
    25538    	103.2	99.2
    25598    	100.0	99.2
    25658    	103.2	99.2
    25718    	103.2	99.2
    25778    	103.2	99.2
    25838    	100.0	99.2
    25898    	103.2	99.2
    25958    	103.2	99.2
    26018    	103.2	99.2
    26078    	103.2	102.4
    26138    	103.2	99.2
    26198    	103.2	99.2
    26258    	103.2	99.2
    26318    	103.2	99.2
    26378    	100.0	99.2
    26438    	103.2	99.2
    26498    	103.2	99.2
    26558    	103.2	99.2
    26618    	103.2	99.2
    26678    	103.2	102.4
    26738    	103.2	99.2
    26798    	103.2	99.2
    26858    	103.2	99.2
    26918    	103.2	99.2
    26979    	103.2	102.4
    27039    	103.2	102.4
    27099    	103.2	99.2
    27159    	100.0	102.4
    27219    	103.2	99.2
    27279    	100.0	99.2
    27339    	100.0	99.2
    27399    	100.0	99.2
    27459    	100.0	102.4
    27519    	103.2	99.2
    27579    	103.2	99.2
    27639    	100.0	96.0
    27699    	103.2	99.2
    27759    	103.2	96.0
    27819    	103.2	102.4
    27879    	103.2	99.2
    27939    	103.2	99.2
    27999    	100.0	96.0
    28059    	103.2	99.2
    28119    	103.2	99.2
    28179    	103.2	99.2
    28239    	103.2	99.2
    28299    	103.2	99.2
    28359    	103.2	99.2
    28419    	100.0	99.2
    28479    	103.2	102.4
    28539    	103.2	99.2
    28599    	103.2	99.2
    28659    	103.2	99.2
    28719    	103.2	99.2
    28779    	103.2	99.2
    28839    	103.2	99.2
    28899    	103.2	99.2
    28959    	100.0	99.2
    29019    	103.2	99.2
    29079    	103.2	99.2
    29139    	100.0	99.2
    29199    	103.2	102.4
    29259    	103.2	102.4
    29319    	100.0	102.4
    29379    	100.0	102.4
    29439    	100.0	99.2
    29499    	103.2	99.2
    29559    	103.2	99.2
    29619    	103.2	99.2
    29679    	103.2	99.2
    29739    	103.2	102.4
    29799    	103.2	99.2
    29859    	100.0	99.2
    29919    	100.0	99.2
    29979    	103.2	99.2
    30039    	103.2	96.0
    30099    	100.0	99.2
    30159    	103.2	96.0
    30219    	103.2	99.2
    30279    	103.2	99.2
    30339    	103.2	99.2
    30399    	103.2	96.0
    30459    	103.2	99.2
    30519    	103.2	99.2
    30579    	103.2	102.4
    30639    	103.2	99.2
    30699    	100.0	99.2
    30759    	103.2	102.4
    30819    	103.2	99.2
    30879    	103.2	99.2
    30939    	103.2	99.2
    30999    	103.2	99.2
    31059    	103.2	99.2
    31119    	103.2	99.2
    31179    	103.2	99.2
    31239    	103.2	99.2
    31299    	103.2	102.4
    31359    	103.2	102.4
    31419    	103.2	99.2
    31479    	103.2	99.2
    31539    	103.2	99.2
    31599    	103.2	99.2
    31659    	106.4	99.2
    31719    	103.2	102.4
    31779    	103.2	99.2
    31839    	100.0	99.2
    31899    	103.2	99.2
    31959    	103.2	99.2
    32019    	100.0	99.2
    32079    	103.2	99.2
    32139    	103.2	99.2
    32199    	103.2	99.2
    32259    	103.2	99.2
    32319    	103.2	102.4
    32379    	100.0	102.4
    32439    	103.2	99.2
    32499    	103.2	102.4
    32559    	103.2	99.2
    32619    	103.2	96.0
    32679    	103.2	96.0
    32739    	103.2	99.2
    32799    	103.2	102.4
    32859    	103.2	99.2
    32919    	106.4	99.2
    32979    	103.2	99.2
    33039    	103.2	99.2
    33099    	103.2	102.4
    33159    	103.2	99.2
    33219    	103.2	99.2
    33279    	100.0	99.2
    33339    	103.2	102.4
    33399    	103.2	99.2
    33459    	103.2	99.2
    33519    	103.2	99.2
    33579    	103.2	99.2
    33639    	103.2	99.2
    33699    	103.2	99.2
    33759    	103.2	96.0
    33819    	103.2	99.2
    33879    	103.2	99.2
    33939    	103.2	99.2
    33999    	103.2	99.2
    34059    	103.2	99.2
    34119    	100.0	99.2
    34179    	103.2	99.2
    34239    	103.2	102.4
    34299    	103.2	99.2
    34359    	103.2	99.2
    34419    	103.2	96.0
    34479    	103.2	99.2
    34539    	103.2	99.2
    34599    	103.2	99.2
    34659    	103.2	99.2
    34719    	103.2	99.2
    34779    	100.0	99.2
    34839    	103.2	102.4
    34899    	103.2	96.0
    34959    	103.2	99.2
    35019    	103.2	99.2
    35079    	103.2	99.2
    35139    	103.2	99.2
    35199    	103.2	99.2
    35259    	100.0	102.4
    35319    	103.2	99.2
    35379    	103.2	99.2
    35439    	100.0	99.2
    35499    	103.2	99.2
    35559    	103.2	99.2
    35619    	103.2	99.2
    35679    	103.2	99.2
    35739    	103.2	99.2
    35799    	100.0	99.2
    35859    	103.2	99.2
    35919    	103.2	99.2
    35979    	100.0	99.2
    36039    	103.2	99.2
    36099    	103.2	99.2
    36159    	100.0	99.2
    36219    	103.2	99.2
    36279    	103.2	99.2
    36339    	103.2	99.2
    36399    	100.0	99.2
    36459    	103.2	99.2
    36519    	103.2	99.2
    36579    	100.0	99.2
    36639    	103.2	102.4
    36699    	106.4	99.2
    36759    	100.0	99.2
    36819    	100.0	99.2
    36879    	103.2	99.2
    36939    	100.0	99.2
    36999    	103.2	99.2
    37059    	103.2	102.4
    37119    	103.2	102.4
    37179    	103.2	99.2
    37239    	103.2	99.2
    37299    	103.2	99.2
    37359    	103.2	99.2
    37419    	103.2	99.2
    37479    	103.2	99.2
    37539    	103.2	102.4
    37599    	103.2	99.2
    37659    	103.2	99.2
    37719    	103.2	99.2
    37779    	103.2	99.2
    37839    	100.0	102.4
    37899    	103.2	99.2
    37959    	103.2	99.2
    38019    	103.2	99.2
    38079    	103.2	99.2
    38139    	103.2	102.4
    38199    	100.0	99.2
    38259    	103.2	99.2
    38319    	103.2	99.2
    38379    	103.2	99.2
    38439    	103.2	99.2
    38499    	103.2	99.2
    38559    	103.2	99.2
    38619    	103.2	99.2
    38679    	103.2	99.2
    38739    	103.2	102.4
    38799    	103.2	102.4
    38859    	103.2	99.2
    38919    	103.2	102.4
    38979    	100.0	102.4
    39039    	103.2	99.2
    39099    	103.2	99.2
    39159    	103.2	99.2
    39219    	103.2	99.2
    39279    	103.2	99.2
    39339    	103.2	99.2
    39399    	103.2	99.2
    39459    	100.0	102.4
    39519    	103.2	99.2
    39579    	103.2	99.2
    39639    	103.2	96.0
    39699    	103.2	99.2
    39759    	100.0	99.2
    39819    	103.2	99.2
    39879    	100.0	99.2
    39939    	103.2	99.2
    39999    	103.2	96.0
    40059    	103.2	96.0
    40119    	103.2	102.4
    40179    	103.2	99.2
    40239    	100.0	99.2
    40299    	100.0	99.2
    40359    	100.0	102.4
    40419    	103.2	99.2
    40479    	103.2	102.4
    40539    	100.0	102.4
    40599    	103.2	99.2
    40659    	103.2	99.2
    40719    	103.2	99.2
    40779    	100.0	102.4
    40839    	103.2	102.4
    40899    	103.2	99.2
    40959    	103.2	99.2
    41019    	103.2	99.2
    41079    	100.0	99.2
    41139    	100.0	99.2
    41199    	103.2	99.2
    41259    	103.2	99.2
    41319    	100.0	99.2
    41379    	103.2	96.0
    41439    	103.2	99.2
    41499    	103.2	99.2
    41559    	103.2	99.2
    41619    	100.0	99.2
    41679    	103.2	99.2
    41739    	103.2	99.2
    41799    	100.0	99.2
    41859    	103.2	99.2
    41919    	103.2	99.2
    41979    	100.0	99.2
    42039    	103.2	99.2
    42099    	106.4	102.4
    42159    	103.2	99.2
    42219    	100.0	99.2
    42279    	103.2	99.2
    42339    	103.2	99.2
    42399    	103.2	99.2
    42459    	103.2	99.2
    42519    	103.2	102.4
    42579    	100.0	99.2
    42639    	103.2	99.2
    42699    	103.2	99.2
    42759    	103.2	99.2
    42819    	103.2	102.4
    42879    	103.2	99.2
    42939    	103.2	99.2
    42999    	100.0	96.0
    43059    	103.2	99.2
    43119    	103.2	99.2
    43179    	103.2	99.2
    43239    	103.2	99.2
    43299    	103.2	99.2
    43359    	103.2	102.4
    43419    	103.2	102.4
    43479    	103.2	99.2
    43539    	103.2	99.2
    43599    	103.2	99.2
    43659    	103.2	99.2
    43719    	103.2	99.2
    43779    	103.2	99.2
    43839    	103.2	99.2
    43899    	103.2	102.4
    43959    	103.2	99.2
    44019    	106.4	99.2
    44079    	103.2	99.2
    44139    	103.2	99.2
    44199    	106.4	99.2
    44259    	103.2	99.2
    44319    	100.0	99.2
    44379    	103.2	99.2
    44439    	103.2	99.2
    44499    	103.2	99.2
    44559    	100.0	96.0
    44619    	103.2	102.4
    44679    	103.2	99.2
    44739    	103.2	99.2
    44799    	103.2	99.2
    44859    	103.2	99.2
    44919    	103.2	99.2
    44979    	100.0	99.2
    45039    	103.2	99.2
    45099    	103.2	99.2
    45159    	103.2	99.2
    45219    	103.2	99.2
    45279    	103.2	96.0
    45339    	103.2	99.2
    45399    	100.0	99.2
    45459    	103.2	99.2
    45519    	103.2	99.2
    45579    	103.2	99.2
    45639    	103.2	96.0
    45699    	100.0	102.4
    45759    	103.2	99.2
    45819    	100.0	99.2
    45879    	103.2	99.2
    45939    	103.2	99.2
    45999    	103.2	99.2
    46059    	103.2	96.0
    46119    	100.0	99.2
    46179    	103.2	99.2
    46239    	100.0	99.2
    46299    	103.2	99.2
    46359    	100.0	99.2
    46419    	103.2	99.2
    46479    	100.0	99.2
    46539    	103.2	99.2
    46599    	103.2	99.2
    46659    	103.2	99.2
    46719    	103.2	99.2
    46779    	103.2	99.2
    46839    	103.2	99.2
    46899    	103.2	99.2
    46959    	103.2	99.2
    47019    	103.2	99.2
    47079    	100.0	99.2
    47139    	103.2	99.2
    47199    	103.2	99.2
    47259    	103.2	99.2
    47319    	103.2	99.2
    47379    	103.2	99.2
    47439    	103.2	99.2
    47499    	106.4	99.2
    47559    	100.0	99.2
    47619    	103.2	99.2
    47679    	103.2	99.2
    47739    	106.4	99.2
    47799    	103.2	99.2
    47859    	103.2	99.2
    47919    	103.2	99.2
    47979    	103.2	99.2
    48039    	100.0	96.0
    48099    	100.0	99.2
    48159    	103.2	99.2
    48182    	103.2	96.0
    48242    	100.0	99.2
    48302    	103.2	99.2
    48362    	100.0	99.2
    48422    	103.2	99.2
    48482    	103.2	99.2
    48542    	103.2	99.2
    48602    	103.2	99.2
    48662    	100.0	99.2
    48722    	103.2	99.2
    48783    	103.2	102.4
    48843    	103.2	99.2
    48903    	103.2	99.2
    48963    	103.2	102.4
    49023    	103.2	99.2
    49083    	103.2	99.2
    49143    	103.2	99.2
    49203    	100.0	99.2
    49263    	100.0	99.2
    49323    	103.2	99.2
    49383    	103.2	99.2
    49443    	103.2	99.2
    49503    	103.2	99.2
    49563    	103.2	96.0
    49623    	103.2	96.0
    49683    	103.2	96.0
    49743    	103.2	99.2
    49803    	100.0	96.0
    49863    	100.0	99.2
    49923    	103.2	102.4
    49983    	103.2	96.0
    50043    	103.2	99.2
    50103    	103.2	99.2
    50163    	103.2	99.2
    50223    	103.2	99.2
    50283    	103.2	99.2
    50343    	100.0	99.2
    50403    	100.0	99.2
    50463    	103.2	99.2
    50523    	103.2	102.4
    50583    	103.2	99.2
    50643    	103.2	99.2
    50703    	103.2	102.4
    50763    	103.2	99.2
    50823    	103.2	99.2
    50883    	103.2	99.2
    50943    	103.2	99.2
    51003    	103.2	99.2
    51063    	103.2	99.2
    51123    	103.2	96.0
    51183    	103.2	99.2
    51243    	100.0	99.2
    51303    	103.2	102.4
    51363    	103.2	99.2
    51423    	103.2	99.2
    51483    	103.2	99.2
    51543    	100.0	102.4
    51603    	103.2	102.4
    51663    	100.0	102.4
    51723    	103.2	96.0
    51783    	100.0	99.2
    51843    	100.0	99.2
    51903    	100.0	99.2
    51963    	103.2	99.2
    52023    	103.2	102.4
    52083    	100.0	99.2
    52143    	103.2	102.4
    52203    	103.2	99.2
    52263    	103.2	99.2
    52323    	100.0	99.2
    52383    	103.2	99.2
    52443    	103.2	99.2
    52503    	103.2	99.2
    52563    	103.2	102.4
    52623    	103.2	102.4
    52683    	103.2	99.2
    52743    	100.0	99.2
    52803    	103.2	99.2
    52863    	103.2	99.2
    52923    	103.2	99.2
    52983    	103.2	99.2
    53043    	103.2	99.2
    53103    	103.2	102.4
    53163    	103.2	99.2
    53223    	103.2	99.2
    53283    	103.2	99.2
    53343    	103.2	96.0
    53403    	100.0	99.2
    53463    	100.0	99.2
    53523    	100.0	99.2
    53583    	103.2	99.2
    53643    	103.2	99.2
    53703    	103.2	99.2
    53763    	103.2	99.2
    53823    	103.2	99.2
    53883    	103.2	99.2
    53943    	103.2	99.2
    54003    	100.0	99.2
    54063    	103.2	99.2
    54123    	103.2	99.2
    54183    	103.2	102.4
    54243    	103.2	102.4
    54303    	103.2	102.4
    54363    	103.2	99.2
    54423    	100.0	96.0
    54483    	100.0	99.2
    54543    	103.2	99.2
    54603    	103.2	99.2
    54663    	103.2	99.2
    54723    	103.2	99.2
    54783    	103.2	99.2
    54843    	103.2	99.2
    54903    	103.2	99.2
    54963    	103.2	102.4
    55023    	103.2	99.2
    55083    	100.0	99.2
    55143    	103.2	96.0
    55203    	103.2	99.2
    55263    	103.2	99.2
    55323    	103.2	99.2
    55383    	103.2	99.2
    55443    	103.2	99.2
    55503    	103.2	99.2
    55563    	103.2	99.2
    55623    	103.2	99.2
    55683    	100.0	99.2
    55743    	103.2	99.2
    55803    	103.2	99.2
    55863    	103.2	102.4
    55923    	103.2	99.2
    55983    	103.2	99.2
    56043    	103.2	99.2
    56103    	103.2	99.2
    56163    	103.2	96.0
    56223    	100.0	99.2
    56283    	103.2	99.2
    56343    	103.2	99.2
    56403    	103.2	99.2
    56463    	103.2	99.2
    56523    	100.0	99.2
    56583    	103.2	99.2
    56643    	103.2	99.2
    56703    	103.2	99.2
    56763    	103.2	99.2
    56823    	103.2	99.2
    56883    	103.2	96.0
    56943    	103.2	99.2
    57003    	103.2	99.2
    57063    	100.0	96.0
    57123    	100.0	99.2
    57183    	100.0	96.0
    57243    	103.2	99.2
    57303    	103.2	99.2
    57363    	103.2	102.4
    57423    	103.2	99.2
    57483    	103.2	99.2
    57543    	103.2	99.2
    57603    	103.2	102.4
    57663    	103.2	99.2
    57723    	103.2	99.2
    57783    	103.2	99.2
    57843    	103.2	102.4
    57903    	103.2	99.2
    57963    	103.2	99.2
    58023    	103.2	99.2
    58083    	103.2	102.4
    58143    	103.2	99.2
    58203    	100.0	99.2
    58263    	100.0	99.2
    58323    	103.2	99.2
    58383    	103.2	99.2
    58443    	103.2	99.2
    58503    	103.2	99.2
    58563    	103.2	99.2
    58623    	103.2	99.2
    58683    	103.2	99.2
    58743    	100.0	99.2
    58803    	103.2	99.2
    58863    	103.2	99.2
    58923    	103.2	99.2
    58983    	103.2	99.2
    59043    	103.2	102.4
    59103    	103.2	99.2
    59163    	103.2	99.2
    59223    	103.2	99.2
    59283    	106.4	99.2
    59343    	103.2	102.4
    59403    	103.2	99.2
    59463    	103.2	99.2
    59523    	100.0	96.0
    59583    	100.0	99.2
    59643    	103.2	102.4
    59703    	103.2	102.4
    59763    	103.2	99.2
    59823    	103.2	99.2
    59883    	103.2	99.2
    59943    	103.2	102.4
    60003    	103.2	99.2
    60063    	103.2	99.2
    60123    	103.2	99.2
    60183    	103.2	99.2
    60243    	103.2	99.2
    60303    	103.2	99.2
    60363    	100.0	99.2
    60423    	100.0	102.4
    60483    	103.2	99.2
    60543    	106.4	99.2
    60603    	103.2	99.2
    60663    	103.2	99.2
    60723    	100.0	99.2
    60783    	103.2	99.2
    60843    	100.0	99.2
    60903    	103.2	102.4
    60963    	103.2	102.4
    61023    	103.2	99.2
    61083    	100.0	96.0
    61143    	103.2	99.2
    61203    	103.2	99.2
    61263    	103.2	102.4
    61323    	100.0	99.2
    61383    	103.2	102.4
    61443    	103.2	99.2
    61503    	103.2	99.2
    61563    	100.0	99.2
    61623    	103.2	96.0
    61683    	103.2	99.2
    61743    	100.0	99.2
    61803    	100.0	99.2
    61863    	103.2	99.2
    61923    	100.0	99.2
    61983    	100.0	99.2
    62043    	103.2	99.2
    62103    	103.2	99.2
    62163    	103.2	99.2
    62223    	103.2	99.2
    62283    	100.0	102.4
    62343    	103.2	99.2
    62403    	103.2	99.2
    62463    	103.2	99.2
    62523    	103.2	99.2
    62583    	103.2	102.4
    62643    	103.2	99.2
    62703    	103.2	99.2
    62763    	103.2	99.2
    62823    	103.2	99.2
    62883    	103.2	99.2
    62943    	100.0	99.2
    63003    	100.0	99.2
    63063    	103.2	99.2
    63123    	103.2	102.4
    63183    	103.2	102.4
    63243    	103.2	99.2
    63303    	106.4	99.2
    63363    	103.2	99.2
    63423    	103.2	99.2
    63483    	103.2	99.2
    63543    	103.2	99.2
    63603    	103.2	99.2
    63663    	103.2	96.0
    63723    	103.2	102.4
    63783    	103.2	99.2
    63843    	103.2	99.2
    63903    	103.2	99.2
    63963    	103.2	99.2
    64023    	103.2	99.2
    64083    	103.2	99.2
    64143    	103.2	99.2
    64203    	100.0	99.2
    64263    	103.2	99.2
    64323    	103.2	96.0
    64383    	103.2	99.2
    64443    	103.2	99.2
    64503    	100.0	99.2
    64563    	103.2	99.2
    64623    	103.2	99.2
    64683    	103.2	99.2
    64743    	103.2	99.2
    64803    	103.2	99.2
    64863    	103.2	102.4
    64923    	103.2	102.4
    64983    	103.2	102.4
    65043    	103.2	102.4
    65103    	103.2	99.2
    65163    	103.2	99.2
    65223    	103.2	99.2
    65283    	100.0	96.0
    65343    	103.2	99.2
    65403    	100.0	99.2
    65463    	103.2	99.2
    65523    	103.2	99.2
    65583    	103.2	102.4
    65643    	100.0	99.2
    65703    	100.0	99.2
    65763    	103.2	99.2
    65823    	100.0	99.2
    65883    	103.2	99.2
    65943    	100.0	99.2
    66003    	103.2	99.2
    66063    	103.2	99.2
    66123    	100.0	99.2
    66183    	103.2	96.0
    66243    	103.2	99.2
    66303    	100.0	99.2
    66363    	103.2	99.2
    66423    	103.2	99.2
    66483    	103.2	99.2
    66543    	100.0	99.2
    66603    	103.2	99.2
    66663    	103.2	99.2
    66723    	100.0	102.4
    66783    	100.0	99.2
    66843    	100.0	96.0
    66903    	100.0	99.2
    66963    	103.2	102.4
    67023    	103.2	99.2
    67083    	103.2	96.0
    67143    	103.2	99.2
    67203    	103.2	99.2
    67263    	103.2	99.2
    67323    	103.2	102.4
    67383    	103.2	99.2
    67443    	103.2	99.2
    67503    	100.0	99.2
    67563    	103.2	99.2
    67623    	103.2	99.2
    67683    	103.2	99.2
    67743    	103.2	99.2
    67803    	103.2	102.4
    67863    	103.2	99.2
    67923    	103.2	99.2
    67983    	100.0	102.4
    68043    	103.2	99.2
    68103    	103.2	102.4
    68163    	103.2	99.2
    68223    	103.2	99.2
    68283    	103.2	99.2
    68343    	100.0	99.2
    68403    	100.0	99.2
    68463    	103.2	102.4
    68523    	103.2	99.2
    68583    	103.2	102.4
    68643    	103.2	99.2
    68703    	100.0	99.2
    68763    	103.2	99.2
    68823    	103.2	102.4
    68883    	103.2	102.4
    68943    	103.2	99.2
    69003    	100.0	96.0
    69063    	100.0	99.2
    69123    	100.0	99.2
    69183    	103.2	99.2
    69243    	103.2	99.2
    69303    	103.2	99.2
    69363    	103.2	99.2
    69423    	103.2	99.2
    69483    	103.2	99.2
    69543    	103.2	99.2
    69603    	103.2	96.0
    69663    	103.2	96.0
    69723    	100.0	99.2
    69783    	103.2	99.2
    69843    	103.2	99.2
    69903    	103.2	99.2
    69963    	103.2	102.4
    70023    	103.2	99.2
    70083    	103.2	99.2
    70143    	103.2	99.2
    70203    	103.2	99.2
    70263    	103.2	99.2
    70323    	103.2	99.2
    70383    	103.2	99.2
    70443    	103.2	102.4
    70503    	103.2	99.2
    70563    	103.2	99.2
    70623    	103.2	99.2
    70683    	103.2	102.4
    70743    	103.2	99.2
    70803    	103.2	99.2
    70863    	103.2	99.2
    70923    	103.2	102.4
    70983    	100.0	99.2
    71043    	100.0	99.2
    71103    	103.2	99.2
    71163    	100.0	99.2
    71223    	103.2	99.2
    71283    	100.0	96.0
    71343    	100.0	99.2
    71403    	103.2	99.2
    71463    	100.0	99.2
    71523    	103.2	102.4
    71583    	100.0	99.2
    71643    	103.2	99.2
    71703    	100.0	99.2
    71763    	103.2	99.2
    71823    	103.2	99.2
    71883    	103.2	102.4
    71943    	100.0	99.2
    72003    	103.2	102.4
    72063    	103.2	99.2
    72123    	103.2	99.2
    72183    	103.2	99.2
    72243    	103.2	99.2
    72303    	103.2	99.2
    72363    	103.2	99.2
    72423    	103.2	99.2
    72483    	103.2	99.2
    72543    	103.2	99.2
    72603    	103.2	99.2
    72663    	103.2	99.2
    72723    	100.0	99.2
    72783    	100.0	99.2
    72843    	100.0	102.4
    72903    	100.0	99.2
    72963    	100.0	99.2
    73023    	103.2	99.2
    73083    	103.2	99.2
    73143    	103.2	102.4
    73203    	103.2	99.2
    73263    	103.2	99.2
    73323    	103.2	96.0
    73383    	103.2	99.2
    73443    	100.0	99.2
    73503    	103.2	99.2
    73563    	103.2	99.2
    73623    	103.2	102.4
    73683    	103.2	99.2
    73743    	103.2	99.2
    73803    	103.2	99.2
    73863    	103.2	99.2
    73923    	103.2	102.4
    73983    	103.2	102.4
    74043    	100.0	99.2
    74103    	100.0	102.4
    74163    	103.2	99.2
    74223    	103.2	99.2
    74283    	103.2	99.2
    74343    	100.0	96.0
    74403    	100.0	96.0
    74463    	103.2	102.4
    74523    	100.0	99.2
    74583    	103.2	99.2
    74643    	103.2	99.2
    74703    	103.2	99.2
    74763    	100.0	99.2
    74823    	103.2	99.2
    74883    	103.2	102.4
    74943    	103.2	102.4
    75003    	103.2	99.2
    75063    	103.2	99.2
    75123    	103.2	102.4
    75183    	103.2	99.2
    75243    	103.2	99.2
    75303    	103.2	99.2
    75363    	103.2	99.2
    75423    	103.2	102.4
    75483    	103.2	99.2
    75543    	103.2	99.2
    75603    	100.0	99.2
    75663    	103.2	102.4
    75725    	100.0	99.2
    75802    	103.2	99.2
