---------------------------------------------------
  Seconds  	 Bits to EIO (12) 	 Bits to CIO (13) 
---------------------------------------------------
 0.031000  	    9a	a	2  
 0.418000  	    10	0	0  
 27269.264000  	    4a	a	2  
 27269.602000  	    0	0	0  
 28768.037000  	    9a	a	2  
 28768.384000  	    10	0	0  
 30098.067000  	    ba	9	2  
 30098.389000  	    30	0	0  
 31098.074000  	    10	0	0  
 31333.693000  	    ba	9	2  
 31333.993000  	    30	0	0  
 32333.660000  	    10	0	0  
 32932.632000  	    9a	6	2  
 32932.937000  	    10	0	0  
 35483.975000  	    90	0	2  
 35484.275000  	    10	0	0  
 42455.956000  	    4f	a	2  
 42456.396000  	    4a	a	2  
 42456.810000  	    0	0	0  
 45457.147000  	    ba	9	2  
 45457.527000  	    30	0	0  
 46457.847000  	    99	a	2  
 46458.228000  	    10	0	0  
 48458.544000  	    9a	6	2  
 48458.945000  	    0	0	0  
 48659.269000  	    ba	9	2  
 48659.645000  	    30	0	0  
 49659.991000  	    9a	a	2  
 49660.428000  	    10	0	0  
 49710.850000  	    ba	9	2  
 49711.264000  	    30	0	0  
 50711.663000  	    4f	a	2  
 50712.092000  	    4a	a	2  
 50712.523000  	    0	0	0  
 53712.876000  	    ba	9	2  
 53713.294000  	    30	0	0  
 54713.626000  	    99	a	2  
 54714.017000  	    10	0	0  
 56714.372000  	    9a	6	2  
 56714.805000  	    0	0	0  
 56915.122000  	    ba	9	2  
 56915.543000  	    30	0	0  
 57915.953000  	    9a	a	2  
 57916.402000  	    10	0	0  
 57966.847000  	    ba	9	2  
 57967.270000  	    30	0	0  
 58967.655000  	    4f	a	2  
 58968.048000  	    4a	a	2  
 58968.416000  	    0	0	0  
 61968.769000  	    ba	9	2  
 61969.182000  	    30	0	0  
 62969.607000  	    99	a	2  
 62970.048000  	    10	0	0  
 64970.406000  	    9a	6	2  
 64970.778000  	    0	0	0  
 65171.062000  	    ba	9	2  
 65171.436000  	    30	0	0  
 66171.740000  	    9a	a	2  
 66172.144000  	    10	0	0  
 66222.481000  	    ba	9	2  
 66222.884000  	    30	0	0  
 67223.274000  	    4f	a	2  
 67223.670000  	    4a	a	2  
 67224.058000  	    0	0	0  
 70224.443000  	    ba	9	2  
 70224.880000  	    30	0	0  
 71225.250000  	    99	a	2  
 71225.656000  	    10	0	0  
 73225.988000  	    9a	6	2  
 73226.388000  	    0	0	0  
 73426.697000  	    ba	9	2  
 73427.104000  	    30	0	0  
 74427.422000  	    9a	a	2  
 74427.812000  	    10	0	0  
 74478.235000  	    ba	9	2  
 74478.670000  	    30	0	0  
 75479.116000  	    4f	a	2  
 75479.528000  	    4a	a	2  
 75479.911000  	    0	0	0  
 78480.268000  	    ba	9	2  
 78480.686000  	    30	0	0  
 79481.029000  	    99	a	2  
 79481.436000  	    10	0	0  
 81481.758000  	    9a	6	2  
 81482.160000  	    0	0	0  
 81682.459000  	    ba	9	2  
 81682.842000  	    30	0	0  
 82683.156000  	    9a	a	2  
 82683.547000  	    10	0	0  
 82733.909000  	    ba	9	2  
 82734.322000  	    30	0	0  
 83734.682000  	    4f	a	2  
 83735.098000  	    4a	a	2  
 83735.510000  	    0	0	0  
 86735.841000  	    ba	9	2  
 86736.223000  	    30	0	0  
 86758.209000  	    9a	a	2  
 86758.473000  	    10	0	0  
 131769.355000  	    4f	a	2  
 131769.746000  	    4a	a	2  
 131770.119000  	    0	0	0  
 132270.435000  	    ba	9	2  
 132270.811000  	    30	0	0  
 132371.106000  	    99	a	2  
 132371.480000  	    10	0	0  
 132621.767000  	    9a	6	2  
 132622.148000  	    0	0	0  
 132822.443000  	    ba	9	2  
 132822.824000  	    30	0	0  
 132923.132000  	    4f	a	2  
 132923.516000  	    4a	a	2  
 132923.899000  	    0	0	0  
 133424.223000  	    ba	9	2  
 133424.605000  	    30	0	0  
 133524.909000  	    99	a	2  
 133525.289000  	    10	0	0  
 133775.589000  	    9a	6	2  
 133775.978000  	    0	0	0  
 133976.282000  	    ba	9	2  
 133976.674000  	    30	0	0  
 134077.002000  	    4f	a	2  
 134077.399000  	    4a	a	2  
 134077.793000  	    0	0	0  
 134578.127000  	    ba	9	2  
 134578.521000  	    30	0	0  
 134678.838000  	    99	a	2  
 134679.227000  	    10	0	0  
 134929.537000  	    9a	6	2  
 134929.936000  	    0	0	0  
 135130.257000  	    ba	9	2  
 135130.660000  	    30	0	0  
 135230.993000  	    4f	a	2  
 135231.449000  	    4a	a	2  
 135231.873000  	    0	0	0  
 135732.245000  	    ba	9	2  
 135732.661000  	    30	0	0  
 135833.071000  	    99	a	2  
 135833.486000  	    10	0	0  
 136083.863000  	    9a	6	2  
 136084.277000  	    0	0	0  
 136284.653000  	    ba	9	2  
 136285.069000  	    30	0	0  
 136385.478000  	    4f	a	2  
 136385.909000  	    4a	a	2  
 136386.324000  	    0	0	0  
 136886.694000  	    ba	9	2  
 136887.145000  	    30	0	0  
 136987.472000  	    99	a	2  
 136987.844000  	    10	0	0  
 137238.145000  	    9a	6	2  
 137238.524000  	    0	0	0  
 137438.825000  	    ba	9	2  
 137439.206000  	    30	0	0  
 137539.535000  	    9b	a	2  
 137539.922000  	    46	a	2  
 137540.301000  	    0	0	0  
 138040.632000  	    b6	9	2  
 138041.035000  	    30	0	0  
 138141.397000  	    95	a	2  
 138141.786000  	    10	0	0  
 138392.088000  	    96	6	2  
 138392.475000  	    0	0	0  
 138592.771000  	    b6	9	2  
 138593.158000  	    30	0	0  
 138693.477000  	    4f	a	2  
 138693.867000  	    4a	a	2  
 138694.257000  	    0	0	0  
 139194.606000  	    ba	9	2  
 139195.026000  	    30	0	0  
 139295.376000  	    99	a	2  
 139295.767000  	    10	0	0  
 139546.069000  	    9a	6	2  
 139546.456000  	    0	0	0  
 139746.767000  	    ba	9	2  
 139747.160000  	    30	0	0  
 139847.488000  	    4f	a	2  
 139847.885000  	    4a	a	2  
 139848.283000  	    0	0	0  
 140348.617000  	    ba	9	2  
 140349.010000  	    30	0	0  
 140449.350000  	    99	a	2  
 140449.741000  	    10	0	0  
 140700.047000  	    9a	6	2  
 140700.441000  	    0	0	0  
 140900.748000  	    ba	9	2  
 140901.135000  	    30	0	0  
 141001.455000  	    4f	a	2  
 141001.849000  	    4a	a	2  
 141002.239000  	    0	0	0  
 141502.564000  	    ba	9	2  
 141502.960000  	    30	0	0  
 141603.315000  	    99	a	2  
 141603.710000  	    10	0	0  
 141854.014000  	    9a	6	2  
 141854.404000  	    0	0	0  
 142054.713000  	    ba	9	2  
 142055.112000  	    30	0	0  
 142155.419000  	    4f	a	2  
 142155.791000  	    4a	a	2  
 142156.161000  	    0	0	0  
 142656.469000  	    ba	9	2  
 142656.854000  	    30	0	0  
 142757.160000  	    99	a	2  
 142757.545000  	    10	0	0  
 143007.854000  	    9a	6	2  
 143008.259000  	    0	0	0  
 143208.582000  	    ba	9	2  
 143208.969000  	    30	0	0  
 143309.294000  	    4f	a	2  
 143309.702000  	    4a	a	2  
 143310.099000  	    0	0	0  
 143810.426000  	    ba	9	2  
 143810.818000  	    30	0	0  
 143911.132000  	    99	a	2  
 143911.519000  	    10	0	0  
 144161.818000  	    9a	6	2  
 144162.203000  	    0	0	0  
 144362.574000  	    ba	9	2  
 144362.974000  	    30	0	0  
 144463.296000  	    9b	a	2  
 144463.684000  	    46	a	2  
 144464.070000  	    0	0	0  
 144964.380000  	    b6	9	2  
 144964.775000  	    30	0	0  
 145065.086000  	    95	a	2  
 145065.473000  	    10	0	0  
 145315.777000  	    96	6	2  
 145316.173000  	    0	0	0  
 145516.475000  	    b6	9	2  
 145516.868000  	    30	0	0  
 145617.199000  	    4f	a	2  
 145617.698000  	    4a	a	2  
 145618.137000  	    0	0	0  
 146118.556000  	    ba	9	2  
 146118.988000  	    30	0	0  
 146219.392000  	    99	a	2  
 146219.813000  	    10	0	0  
 146470.190000  	    9a	6	2  
 146470.609000  	    0	0	0  
 146671.003000  	    ba	9	2  
 146671.434000  	    30	0	0  
 146771.857000  	    4f	a	2  
 146772.291000  	    4a	a	2  
 146772.711000  	    0	0	0  
 147273.182000  	    ba	9	2  
 147273.586000  	    30	0	0  
 147373.889000  	    99	a	2  
 147374.280000  	    10	0	0  
 147624.577000  	    9a	6	2  
 147624.947000  	    0	0	0  
 147825.227000  	    ba	9	2  
 147825.600000  	    30	0	0  
 147925.895000  	    4f	a	2  
 147926.272000  	    4a	a	2  
 147926.647000  	    0	0	0  
 148426.967000  	    ba	9	2  
 148427.368000  	    30	0	0  
 148527.695000  	    99	a	2  
 148528.192000  	    10	0	0  
 148778.546000  	    9a	6	2  
 148778.941000  	    0	0	0  
 148979.254000  	    ba	9	2  
 148979.678000  	    30	0	0  
 149080.024000  	    4f	a	2  
 149080.502000  	    4a	a	2  
 149080.947000  	    0	0	0  
 149581.323000  	    ba	9	2  
 149581.724000  	    30	0	0  
 149682.068000  	    99	a	2  
 149682.460000  	    10	0	0  
 149932.770000  	    9a	6	2  
 149933.157000  	    0	0	0  
 150133.477000  	    ba	9	2  
 150133.882000  	    30	0	0  
 150234.217000  	    4f	a	2  
 150234.613000  	    4a	a	2  
 150235.024000  	    0	0	0  
 150735.377000  	    ba	9	2  
 150735.840000  	    30	0	0  
 150836.197000  	    99	a	2  
 150836.599000  	    10	0	0  
 151086.913000  	    9a	6	2  
 151087.331000  	    0	0	0  
 151287.701000  	    ba	9	2  
 151288.126000  	    30	0	0  
 151388.471000  	    9b	a	2  
 151388.864000  	    46	a	2  
 151389.247000  	    0	0	0  
 151889.640000  	    b6	9	2  
 151890.076000  	    30	0	0  
 151990.419000  	    95	a	2  
 151990.810000  	    10	0	0  
 152241.118000  	    96	6	2  
 152241.513000  	    0	0	0  
 152441.823000  	    b6	9	2  
 152442.247000  	    30	0	0  
 152542.545000  	    4f	a	2  
 152542.913000  	    4a	a	2  
 152543.277000  	    0	0	0  
 153043.558000  	    ba	9	2  
 153043.932000  	    30	0	0  
 153144.219000  	    99	a	2  
 153144.590000  	    10	0	0  
 153394.869000  	    9a	6	2  
 153395.241000  	    0	0	0  
 153595.541000  	    ba	9	2  
 153595.920000  	    30	0	0  
 153696.228000  	    4f	a	2  
 153696.611000  	    4a	a	2  
 153697.000000  	    0	0	0  
 154197.310000  	    ba	9	2  
 154197.701000  	    30	0	0  
 154298.039000  	    99	a	2  
 154298.440000  	    10	0	0  
 154548.756000  	    9a	6	2  
 154549.179000  	    0	0	0  
 154749.492000  	    ba	9	2  
 154749.914000  	    30	0	0  
 154850.256000  	    4f	a	2  
 154850.722000  	    4a	a	2  
 154851.179000  	    0	0	0  
 155351.543000  	    ba	9	2  
 155351.943000  	    30	0	0  
 155452.270000  	    99	a	2  
 155452.664000  	    10	0	0  
 155703.027000  	    9a	6	2  
 155703.435000  	    0	0	0  
 155903.755000  	    ba	9	2  
 155904.155000  	    30	0	0  
 156004.487000  	    4f	a	2  
 156004.937000  	    4a	a	2  
 156005.345000  	    0	0	0  
 156505.714000  	    ba	9	2  
 156506.132000  	    30	0	0  
 156606.523000  	    99	a	2  
 156606.939000  	    10	0	0  
 156857.279000  	    9a	6	2  
 156857.686000  	    0	0	0  
 157058.031000  	    ba	9	2  
 157058.434000  	    30	0	0  
 157158.773000  	    4f	a	2  
 157159.275000  	    4a	a	2  
 157159.693000  	    0	0	0  
 157660.039000  	    ba	9	2  
 157660.450000  	    30	0	0  
 157760.754000  	    99	a	2  
 157761.135000  	    10	0	0  
 158011.407000  	    9a	6	2  
 158011.774000  	    0	0	0  
 158212.058000  	    ba	9	2  
 158212.442000  	    30	0	0  
 158312.738000  	    9b	a	2  
 158313.116000  	    46	a	2  
 158313.491000  	    0	0	0  
 158813.817000  	    b6	9	2  
 158814.236000  	    30	0	0  
 158914.578000  	    95	a	2  
 158915.001000  	    10	0	0  
 159165.376000  	    96	6	2  
 159165.781000  	    0	0	0  
 159366.111000  	    b6	9	2  
 159366.503000  	    30	0	0  
 159466.833000  	    4f	a	2  
 159467.230000  	    4a	a	2  
 159467.622000  	    0	0	0  
 159967.964000  	    ba	9	2  
 159968.368000  	    30	0	0  
 160068.686000  	    99	a	2  
 160069.072000  	    10	0	0  
 160319.380000  	    9a	6	2  
 160319.775000  	    0	0	0  
 160520.083000  	    ba	9	2  
 160520.469000  	    30	0	0  
 160620.796000  	    4f	a	2  
 160621.193000  	    4a	a	2  
 160621.588000  	    0	0	0  
 161121.915000  	    ba	9	2  
 161122.306000  	    30	0	0  
 161222.621000  	    99	a	2  
 161223.009000  	    10	0	0  
 161473.310000  	    9a	6	2  
 161473.699000  	    0	0	0  
 161674.009000  	    ba	9	2  
 161674.401000  	    30	0	0  
 161774.723000  	    4f	a	2  
 161775.115000  	    4a	a	2  
 161775.503000  	    0	0	0  
 162275.844000  	    ba	9	2  
 162276.233000  	    30	0	0  
 162376.545000  	    99	a	2  
 162376.931000  	    10	0	0  
 162627.230000  	    9a	6	2  
 162627.616000  	    0	0	0  
 162827.922000  	    ba	9	2  
 162828.394000  	    30	0	0  
 162928.686000  	    4f	a	2  
 162929.068000  	    4a	a	2  
 162929.440000  	    0	0	0  
 163429.746000  	    ba	9	2  
 163430.120000  	    30	0	0  
 163530.409000  	    99	a	2  
 163530.782000  	    10	0	0  
 163781.069000  	    9a	6	2  
 163781.459000  	    0	0	0  
 163981.764000  	    ba	9	2  
 163982.167000  	    30	0	0  
 164082.475000  	    4f	a	2  
 164082.857000  	    4a	a	2  
 164083.236000  	    0	0	0  
 164583.552000  	    ba	9	2  
 164583.940000  	    30	0	0  
 164684.277000  	    99	a	2  
 164684.666000  	    10	0	0  
 164934.979000  	    9a	6	2  
 164935.370000  	    0	0	0  
 165135.677000  	    ba	9	2  
 165136.057000  	    30	0	0  
 165236.363000  	    9b	a	2  
 165236.742000  	    46	a	2  
 165237.117000  	    0	0	0  
 165737.455000  	    b6	9	2  
 165737.864000  	    30	0	0  
 165838.200000  	    95	a	2  
 165838.600000  	    10	0	0  
 166088.910000  	    96	6	2  
 166089.302000  	    0	0	0  
 166289.604000  	    b6	9	2  
 166289.995000  	    30	0	0  
 166390.322000  	    4f	a	2  
 166390.717000  	    4a	a	2  
 166391.132000  	    0	0	0  
 166891.476000  	    ba	9	2  
 166891.865000  	    30	0	0  
 166992.187000  	    99	a	2  
 166992.573000  	    10	0	0  
 167242.881000  	    9a	6	2  
 167243.352000  	    0	0	0  
 167443.717000  	    ba	9	2  
 167444.109000  	    30	0	0  
 167544.442000  	    4f	a	2  
 167544.841000  	    4a	a	2  
 167545.237000  	    0	0	0  
 168045.571000  	    ba	9	2  
 168045.977000  	    30	0	0  
 168146.369000  	    99	a	2  
 168146.751000  	    10	0	0  
 168397.054000  	    9a	6	2  
 168397.430000  	    0	0	0  
 168597.768000  	    ba	9	2  
 168598.202000  	    30	0	0  
 168698.551000  	    4f	a	2  
 168698.948000  	    4a	a	2  
 168699.357000  	    0	0	0  
 169199.686000  	    ba	9	2  
 169200.077000  	    30	0	0  
 169300.395000  	    99	a	2  
 169300.784000  	    10	0	0  
 169551.087000  	    9a	6	2  
 169551.476000  	    0	0	0  
 169751.786000  	    ba	9	2  
 169752.182000  	    30	0	0  
 169852.507000  	    4f	a	2  
 169852.903000  	    4a	a	2  
 169853.324000  	    0	0	0  
 170353.657000  	    ba	9	2  
 170354.049000  	    30	0	0  
 170454.369000  	    99	a	2  
 170454.759000  	    10	0	0  
 170705.081000  	    9a	6	2  
 170705.485000  	    0	0	0  
 170905.880000  	    ba	9	2  
 170906.290000  	    30	0	0  
 171006.618000  	    4f	a	2  
 171007.011000  	    4a	a	2  
 171007.406000  	    0	0	0  
 171507.732000  	    ba	9	2  
 171508.123000  	    30	0	0  
 171608.441000  	    99	a	2  
 171608.828000  	    10	0	0  
 171859.133000  	    9a	6	2  
 171859.593000  	    0	0	0  
 172059.982000  	    ba	9	2  
 172060.397000  	    30	0	0  
 172160.721000  	    9b	a	2  
 172161.110000  	    46	a	2  
 172161.534000  	    0	0	0  
 172661.869000  	    b6	9	2  
 172662.262000  	    30	0	0  
 172762.586000  	    95	a	2  
 172762.983000  	    10	0	0  
 173013.295000  	    96	6	2  
 173013.691000  	    0	0	0  
 173213.997000  	    b6	9	2  
 173214.382000  	    30	0	0  
 173314.660000  	    4f	a	2  
 173315.025000  	    4a	a	2  
 173315.388000  	    0	0	0  
 173815.702000  	    ba	9	2  
 173816.090000  	    30	0	0  
 173916.395000  	    99	a	2  
 173916.778000  	    10	0	0  
 174167.082000  	    9a	6	2  
 174167.473000  	    0	0	0  
 174367.782000  	    ba	9	2  
 174368.172000  	    30	0	0  
 174468.497000  	    4f	a	2  
 174468.891000  	    4a	a	2  
 174469.317000  	    0	0	0  
 174969.689000  	    ba	9	2  
 174970.081000  	    30	0	0  
 175070.407000  	    99	a	2  
 175070.797000  	    10	0	0  
 175321.115000  	    9a	6	2  
 175321.576000  	    0	0	0  
 175521.901000  	    ba	9	2  
 175522.298000  	    30	0	0  
 175622.669000  	    4f	a	2  
 175623.129000  	    4a	a	2  
 175623.581000  	    0	0	0  
 176123.945000  	    ba	9	2  
 176124.342000  	    30	0	0  
 176224.668000  	    99	a	2  
 176225.062000  	    10	0	0  
 176475.370000  	    9a	6	2  
 176475.763000  	    0	0	0  
 176676.071000  	    ba	9	2  
 176676.459000  	    30	0	0  
 176776.807000  	    4f	a	2  
 176777.208000  	    4a	a	2  
 176777.616000  	    0	0	0  
 177277.944000  	    ba	9	2  
 177278.356000  	    30	0	0  
 177378.702000  	    99	a	2  
 177379.111000  	    10	0	0  
 177629.546000  	    9a	6	2  
 177629.957000  	    0	0	0  
 177830.349000  	    ba	9	2  
 177830.773000  	    30	0	0  
 177931.247000  	    4f	a	2  
 177931.669000  	    4a	a	2  
 177932.079000  	    0	0	0  
 178432.466000  	    ba	9	2  
 178432.889000  	    30	0	0  
 178533.232000  	    99	a	2  
 178533.604000  	    10	0	0  
 178783.970000  	    9a	6	2  
 178784.380000  	    0	0	0  
 178984.761000  	    ba	9	2  
 178985.198000  	    30	0	0  
 179085.586000  	    9b	a	2  
 179086.013000  	    46	a	2  
 179086.421000  	    0	0	0  
 179586.756000  	    b6	9	2  
 179587.148000  	    30	0	0  
 179687.466000  	    95	a	2  
 179687.859000  	    10	0	0  
 179938.222000  	    96	6	2  
 179938.625000  	    0	0	0  
 180138.933000  	    b6	9	2  
 180139.344000  	    30	0	0  
 180239.672000  	    4f	a	2  
 180240.069000  	    4a	a	2  
 180240.460000  	    0	0	0  
 180740.790000  	    ba	9	2  
 180741.181000  	    30	0	0  
 180841.506000  	    99	a	2  
 180841.923000  	    10	0	0  
 181092.234000  	    9a	6	2  
 181092.629000  	    0	0	0  
 181292.972000  	    ba	9	2  
 181293.398000  	    30	0	0  
 181393.751000  	    4f	a	2  
 181394.142000  	    4a	a	2  
 181394.527000  	    0	0	0  
 181894.880000  	    ba	9	2  
 181895.277000  	    30	0	0  
 181995.589000  	    99	a	2  
 181995.973000  	    10	0	0  
 182246.272000  	    9a	6	2  
 182246.659000  	    0	0	0  
 182446.973000  	    ba	9	2  
 182447.365000  	    30	0	0  
 182547.682000  	    4f	a	2  
 182548.068000  	    4a	a	2  
 182548.453000  	    0	0	0  
 183048.771000  	    ba	9	2  
 183049.162000  	    30	0	0  
 183149.483000  	    99	a	2  
 183149.876000  	    10	0	0  
 183400.191000  	    9a	6	2  
 183400.582000  	    0	0	0  
 183600.891000  	    ba	9	2  
 183601.277000  	    30	0	0  
 183701.556000  	    4f	a	2  
 183701.921000  	    4a	a	2  
 183702.282000  	    0	0	0  
 184202.570000  	    ba	9	2  
 184202.941000  	    30	0	0  
 184303.225000  	    99	a	2  
 184303.595000  	    10	0	0  
 184553.878000  	    9a	6	2  
 184554.256000  	    0	0	0  
 184754.548000  	    ba	9	2  
 184754.929000  	    30	0	0  
 184855.238000  	    4f	a	2  
 184855.625000  	    4a	a	2  
 184856.010000  	    0	0	0  
 185356.411000  	    ba	9	2  
 185356.834000  	    30	0	0  
 185457.219000  	    99	a	2  
 185457.661000  	    10	0	0  
 185708.048000  	    9a	6	2  
 185708.474000  	    0	0	0  
 185908.861000  	    ba	9	2  
 185909.276000  	    30	0	0  
 186009.660000  	    9b	a	2  
 186010.066000  	    46	a	2  
 186010.463000  	    0	0	0  
 186510.831000  	    b6	9	2  
 186511.245000  	    30	0	0  
 186611.623000  	    95	a	2  
 186612.025000  	    10	0	0  
 186862.361000  	    96	6	2  
 186862.769000  	    0	0	0  
 187063.089000  	    b6	9	2  
 187063.488000  	    30	0	0  
 187163.821000  	    4f	a	2  
 187164.327000  	    4a	a	2  
 187164.769000  	    0	0	0  
 187665.159000  	    ba	9	2  
 187665.559000  	    30	0	0  
 187765.893000  	    99	a	2  
 187766.288000  	    10	0	0  
 188016.610000  	    9a	6	2  
 188017.084000  	    0	0	0  
 188217.442000  	    ba	9	2  
 188217.836000  	    30	0	0  
 188318.168000  	    4f	a	2  
 188318.567000  	    4a	a	2  
 188318.970000  	    0	0	0  
 188819.310000  	    ba	9	2  
 188819.702000  	    30	0	0  
 188920.016000  	    99	a	2  
 188920.403000  	    10	0	0  
 189170.700000  	    9a	6	2  
 189171.087000  	    0	0	0  
 189371.389000  	    ba	9	2  
 189371.776000  	    30	0	0  
 189472.090000  	    4f	a	2  
 189472.480000  	    4a	a	2  
 189472.866000  	    0	0	0  
 189973.265000  	    ba	9	2  
 189973.679000  	    30	0	0  
 190074.023000  	    99	a	2  
 190074.425000  	    10	0	0  
 190324.757000  	    9a	6	2  
 190325.164000  	    0	0	0  
 190525.478000  	    ba	9	2  
 190525.873000  	    30	0	0  
 190626.207000  	    4f	a	2  
 190626.606000  	    4a	a	2  
 190626.999000  	    0	0	0  
 191127.332000  	    ba	9	2  
 191127.728000  	    30	0	0  
 191228.046000  	    99	a	2  
 191228.434000  	    10	0	0  
 191478.733000  	    9a	6	2  
 191479.121000  	    0	0	0  
 191679.428000  	    ba	9	2  
 191679.820000  	    30	0	0  
 191780.145000  	    4f	a	2  
 191780.541000  	    4a	a	2  
 191780.935000  	    0	0	0  
 192281.264000  	    ba	9	2  
 192281.661000  	    30	0	0  
 192381.980000  	    99	a	2  
 192382.366000  	    10	0	0  
 192632.663000  	    9a	6	2  
 192633.049000  	    0	0	0  
 192833.354000  	    ba	9	2  
 192833.767000  	    30	0	0  
 192934.084000  	    9b	a	2  
 192934.476000  	    46	a	2  
 192934.864000  	    0	0	0  
 193435.187000  	    b6	9	2  
 193435.582000  	    30	0	0  
 193535.917000  	    95	a	2  
 193536.323000  	    10	0	0  
 193786.624000  	    96	6	2  
 193787.008000  	    0	0	0  
 193987.299000  	    b6	9	2  
 193987.682000  	    30	0	0  
 194087.993000  	    4f	a	2  
 194088.367000  	    4a	a	2  
 194088.755000  	    0	0	0  
 194589.052000  	    ba	9	2  
 194589.425000  	    30	0	0  
 194689.729000  	    99	a	2  
 194690.114000  	    10	0	0  
 194940.428000  	    9a	6	2  
 194940.837000  	    0	0	0  
 195141.234000  	    ba	9	2  
 195141.684000  	    30	0	0  
 195242.042000  	    4f	a	2  
 195242.512000  	    4a	a	2  
 195242.958000  	    0	0	0  
 195743.301000  	    ba	9	2  
 195743.700000  	    30	0	0  
 195844.026000  	    99	a	2  
 195844.419000  	    10	0	0  
 196094.729000  	    9a	6	2  
 196095.122000  	    0	0	0  
 196295.544000  	    ba	9	2  
 196295.978000  	    30	0	0  
 196396.388000  	    4f	a	2  
 196396.816000  	    4a	a	2  
 196397.231000  	    0	0	0  
 196897.633000  	    ba	9	2  
 196898.047000  	    30	0	0  
 196998.439000  	    99	a	2  
 196998.854000  	    10	0	0  
 197249.234000  	    9a	6	2  
 197249.655000  	    0	0	0  
 197450.018000  	    ba	9	2  
 197450.434000  	    30	0	0  
 197550.781000  	    4f	a	2  
 197551.177000  	    4a	a	2  
 197551.575000  	    0	0	0  
 198051.900000  	    ba	9	2  
 198052.290000  	    30	0	0  
 198152.604000  	    99	a	2  
 198153.052000  	    10	0	0  
 198403.439000  	    9a	6	2  
 198403.855000  	    0	0	0  
 198604.185000  	    ba	9	2  
 198604.573000  	    30	0	0  
 198704.929000  	    4f	a	2  
 198705.299000  	    4a	a	2  
 198705.665000  	    0	0	0  
 199206.029000  	    ba	9	2  
 199206.468000  	    30	0	0  
 199306.752000  	    99	a	2  
 199307.125000  	    10	0	0  
 199557.405000  	    9a	6	2  
 199557.783000  	    0	0	0  
 199758.095000  	    ba	9	2  
 199758.517000  	    30	0	0  
 199858.870000  	    9b	a	2  
 199859.291000  	    46	a	2  
 199859.684000  	    0	0	0  
 200360.036000  	    b6	9	2  
 200360.457000  	    30	0	0  
 200460.797000  	    95	a	2  
 200461.189000  	    10	0	0  
 200711.493000  	    96	6	2  
 200711.882000  	    0	0	0  
 200912.184000  	    b6	9	2  
 200912.579000  	    30	0	0  
 201012.904000  	    4f	a	2  
 201013.297000  	    4a	a	2  
 201013.689000  	    0	0	0  
 201514.017000  	    ba	9	2  
 201514.479000  	    30	0	0  
 201614.904000  	    99	a	2  
 201615.337000  	    10	0	0  
 201865.732000  	    9a	6	2  
 201866.165000  	    0	0	0  
 202066.565000  	    ba	9	2  
 202066.996000  	    30	0	0  
 202167.390000  	    4f	a	2  
 202167.797000  	    4a	a	2  
 202168.187000  	    0	0	0  
 202668.518000  	    ba	9	2  
 202668.913000  	    30	0	0  
 202769.237000  	    99	a	2  
 202769.633000  	    10	0	0  
 203019.938000  	    9a	6	2  
 203020.333000  	    0	0	0  
 203220.670000  	    ba	9	2  
 203221.143000  	    30	0	0  
 203321.583000  	    4f	a	2  
 203322.003000  	    4a	a	2  
 203322.410000  	    0	0	0  
 203822.793000  	    ba	9	2  
 203823.265000  	    30	0	0  
 203923.618000  	    99	a	2  
 203924.015000  	    10	0	0  
 204174.320000  	    9a	6	2  
 204174.710000  	    0	0	0  
 204375.044000  	    ba	9	2  
 204375.454000  	    30	0	0  
 204475.783000  	    4f	a	2  
 204476.166000  	    4a	a	2  
 204476.546000  	    0	0	0  
 204976.876000  	    ba	9	2  
 204977.269000  	    30	0	0  
 205077.576000  	    99	a	2  
 205077.954000  	    10	0	0  
 205328.250000  	    9a	6	2  
 205328.638000  	    0	0	0  
 205528.940000  	    ba	9	2  
 205529.329000  	    30	0	0  
 205629.651000  	    4f	a	2  
 205630.044000  	    4a	a	2  
 205630.435000  	    0	0	0  
 206130.754000  	    ba	9	2  
 206131.155000  	    30	0	0  
 206231.530000  	    99	a	2  
 206231.929000  	    10	0	0  
 206482.235000  	    9a	6	2  
 206482.629000  	    0	0	0  
 206682.940000  	    ba	9	2  
 206683.332000  	    30	0	0  
 206783.656000  	    9b	a	2  
 206784.048000  	    46	a	2  
 206784.436000  	    0	0	0  
 207284.798000  	    b6	9	2  
 207285.215000  	    30	0	0  
 207385.554000  	    95	a	2  
 207385.951000  	    10	0	0  
 207636.261000  	    96	6	2  
 207636.656000  	    0	0	0  
 207836.958000  	    b6	9	2  
 207837.368000  	    30	0	0  
 207937.697000  	    4f	a	2  
 207938.093000  	    4a	a	2  
 207938.508000  	    0	0	0  
 208438.862000  	    ba	9	2  
 208439.267000  	    30	0	0  
 208539.596000  	    99	a	2  
 208539.988000  	    10	0	0  
 208790.297000  	    9a	6	2  
 208790.691000  	    0	0	0  
 208991.003000  	    ba	9	2  
 208991.397000  	    30	0	0  
 209091.718000  	    4f	a	2  
 209092.109000  	    4a	a	2  
 209092.498000  	    0	0	0  
 209592.853000  	    ba	9	2  
 209593.233000  	    30	0	0  
 209693.527000  	    99	a	2  
 209693.892000  	    10	0	0  
 209944.170000  	    9a	6	2  
 209944.543000  	    0	0	0  
 210144.825000  	    ba	9	2  
 210145.196000  	    30	0	0  
 210245.488000  	    4f	a	2  
 210245.861000  	    4a	a	2  
 210246.234000  	    0	0	0  
 210746.530000  	    ba	9	2  
 210746.912000  	    30	0	0  
 210847.236000  	    99	a	2  
 210847.628000  	    10	0	0  
 211097.951000  	    9a	6	2  
 211098.346000  	    0	0	0  
 211298.674000  	    ba	9	2  
 211299.068000  	    30	0	0  
 211399.391000  	    4f	a	2  
 211399.782000  	    4a	a	2  
 211400.232000  	    0	0	0  
 211900.648000  	    ba	9	2  
 211901.073000  	    30	0	0  
 212001.453000  	    99	a	2  
 212001.863000  	    10	0	0  
 212252.167000  	    9a	6	2  
 212252.552000  	    0	0	0  
 212452.860000  	    ba	9	2  
 212453.254000  	    30	0	0  
 212553.586000  	    4f	a	2  
 212553.983000  	    4a	a	2  
 212554.375000  	    0	0	0  
 213054.723000  	    ba	9	2  
 213055.127000  	    30	0	0  
 213155.468000  	    99	a	2  
 213155.858000  	    10	0	0  
 213406.157000  	    9a	6	2  
 213406.556000  	    0	0	0  
 213606.881000  	    ba	9	2  
 213607.283000  	    30	0	0  
 213707.627000  	    9b	a	2  
 213708.094000  	    46	a	2  
 213708.608000  	    0	0	0  
 214208.948000  	    b6	9	2  
 214209.343000  	    30	0	0  
 214309.664000  	    95	a	2  
 214310.056000  	    10	0	0  
 214560.389000  	    96	6	2  
 214560.800000  	    0	0	0  
 214761.102000  	    b6	9	2  
 214761.502000  	    30	0	0  
 214861.856000  	    4f	a	2  
 214862.239000  	    4a	a	2  
 214862.637000  	    0	0	0  
 215362.984000  	    ba	9	2  
 215363.386000  	    30	0	0  
 215463.703000  	    99	a	2  
 215464.088000  	    10	0	0  
 215714.396000  	    9a	6	2  
 215714.795000  	    0	0	0  
 215915.115000  	    ba	9	2  
 215915.515000  	    30	0	0  
 216015.847000  	    4f	a	2  
 216016.246000  	    4a	a	2  
 216016.638000  	    0	0	0  
 216517.018000  	    ba	9	2  
 216517.435000  	    30	0	0  
 216617.826000  	    99	a	2  
 216618.238000  	    10	0	0  
 216868.613000  	    9a	6	2  
 216869.028000  	    0	0	0  
 217069.409000  	    ba	9	2  
 217069.819000  	    30	0	0  
 217170.176000  	    4f	a	2  
 217170.572000  	    4a	a	2  
 217170.968000  	    0	0	0  
 217671.293000  	    ba	9	2  
 217671.684000  	    30	0	0  
 217771.995000  	    99	a	2  
 217772.380000  	    10	0	0  
 218022.675000  	    9a	6	2  
 218023.059000  	    0	0	0  
 218223.363000  	    ba	9	2  
 218223.755000  	    30	0	0  
 218324.075000  	    4f	a	2  
 218324.466000  	    4a	a	2  
 218324.854000  	    0	0	0  
 218825.200000  	    ba	9	2  
 218825.626000  	    30	0	0  
 218925.995000  	    99	a	2  
 218926.408000  	    10	0	0  
 219176.751000  	    9a	6	2  
 219177.148000  	    0	0	0  
 219377.506000  	    ba	9	2  
 219377.912000  	    30	0	0  
 219478.246000  	    4f	a	2  
 219478.641000  	    4a	a	2  
 219479.045000  	    0	0	0  
 219979.376000  	    ba	9	2  
 219979.786000  	    30	0	0  
 220080.090000  	    99	a	2  
 220080.454000  	    10	0	0  
 220330.762000  	    9a	6	2  
 220331.185000  	    0	0	0  
 220531.497000  	    ba	9	2  
 220531.920000  	    30	0	0  
 220632.259000  	    9b	a	2  
 220632.713000  	    46	a	2  
 220633.127000  	    0	0	0  
 221133.499000  	    b6	9	2  
 221133.953000  	    30	0	0  
 221234.303000  	    95	a	2  
 221234.694000  	    10	0	0  
 221484.998000  	    96	6	2  
 221485.388000  	    0	0	0  
 221685.690000  	    b6	9	2  
 221686.078000  	    30	0	0  
 221786.403000  	    4f	a	2  
 221786.800000  	    4a	a	2  
 221787.202000  	    0	0	0  
 222287.531000  	    ba	9	2  
 222287.945000  	    30	0	0  
 222388.269000  	    99	a	2  
 222388.660000  	    10	0	0  
 222638.963000  	    9a	6	2  
 222639.355000  	    0	0	0  
 222839.670000  	    ba	9	2  
 222840.065000  	    30	0	0  
 222940.423000  	    4f	a	2  
 222940.829000  	    4a	a	2  
 222941.216000  	    0	0	0  
 223441.569000  	    ba	9	2  
 223441.986000  	    30	0	0  
 223542.353000  	    99	a	2  
 223542.746000  	    10	0	0  
 223793.098000  	    9a	6	2  
 223793.513000  	    0	0	0  
 223993.861000  	    ba	9	2  
 223994.253000  	    30	0	0  
 224094.573000  	    4f	a	2  
 224094.967000  	    4a	a	2  
 224095.421000  	    0	0	0  
 224595.823000  	    ba	9	2  
 224596.248000  	    30	0	0  
 224696.666000  	    99	a	2  
 224697.098000  	    10	0	0  
 224947.484000  	    9a	6	2  
 224947.907000  	    0	0	0  
 225148.301000  	    ba	9	2  
 225148.713000  	    30	0	0  
 225249.059000  	    4f	a	2  
 225249.484000  	    4a	a	2  
 225249.895000  	    0	0	0  
 225750.278000  	    ba	9	2  
 225750.706000  	    30	0	0  
 225851.100000  	    99	a	2  
 225851.500000  	    10	0	0  
 226101.810000  	    9a	6	2  
 226102.206000  	    0	0	0  
 226302.519000  	    ba	9	2  
 226302.914000  	    30	0	0  
 226403.238000  	    4f	a	2  
 226403.631000  	    4a	a	2  
 226404.020000  	    0	0	0  
 226904.358000  	    ba	9	2  
 226904.771000  	    30	0	0  
 227005.111000  	    99	a	2  
 227005.502000  	    10	0	0  
 227255.803000  	    9a	6	2  
 227256.192000  	    0	0	0  
 227456.490000  	    ba	9	2  
 227456.867000  	    30	0	0  
 227557.169000  	    9b	a	2  
 227557.550000  	    46	a	2  
 227557.927000  	    0	0	0  
 228058.298000  	    b6	9	2  
 228058.705000  	    30	0	0  
 228159.079000  	    95	a	2  
 228159.471000  	    10	0	0  
 228409.802000  	    96	6	2  
 228410.199000  	    0	0	0  
 228610.503000  	    b6	9	2  
 228610.893000  	    30	0	0  
 228711.228000  	    4f	a	2  
 228711.629000  	    4a	a	2  
 228712.026000  	    0	0	0  
 229212.357000  	    ba	9	2  
 229212.745000  	    30	0	0  
 229313.059000  	    99	a	2  
 229313.445000  	    10	0	0  
 229563.743000  	    9a	6	2  
 229564.129000  	    0	0	0  
 229764.453000  	    ba	9	2  
 229764.863000  	    30	0	0  
 229865.196000  	    4f	a	2  
 229865.598000  	    4a	a	2  
 229865.995000  	    0	0	0  
 230366.399000  	    ba	9	2  
 230366.805000  	    30	0	0  
 230467.109000  	    99	a	2  
 230467.500000  	    10	0	0  
 230717.840000  	    9a	6	2  
 230718.245000  	    0	0	0  
 230918.613000  	    ba	9	2  
 230919.028000  	    30	0	0  
 231019.421000  	    4f	a	2  
 231019.846000  	    4a	a	2  
 231020.252000  	    0	0	0  
 231520.634000  	    ba	9	2  
 231521.060000  	    30	0	0  
 231621.465000  	    99	a	2  
 231621.889000  	    10	0	0  
 231872.228000  	    9a	6	2  
 231872.631000  	    0	0	0  
 232072.949000  	    ba	9	2  
 232073.344000  	    30	0	0  
 232173.683000  	    4f	a	2  
 232174.086000  	    4a	a	2  
 232174.480000  	    0	0	0  
 232674.807000  	    ba	9	2  
 232675.198000  	    30	0	0  
 232775.529000  	    99	a	2  
 232775.916000  	    10	0	0  
 233026.216000  	    9a	6	2  
 233026.605000  	    0	0	0  
 233226.912000  	    ba	9	2  
 233227.303000  	    30	0	0  
 233327.629000  	    4f	a	2  
 233328.025000  	    4a	a	2  
 233328.419000  	    0	0	0  
 233828.746000  	    ba	9	2  
 233829.144000  	    30	0	0  
 233929.549000  	    99	a	2  
 233929.977000  	    10	0	0  
 234180.307000  	    9a	6	2  
 234180.699000  	    0	0	0  
 234381.023000  	    ba	9	2  
 234381.390000  	    30	0	0  
 234481.718000  	    9b	a	2  
 234482.111000  	    46	a	2  
 234482.495000  	    0	0	0  
 234982.864000  	    b6	9	2  
 234983.282000  	    30	0	0  
 235083.619000  	    95	a	2  
 235084.093000  	    10	0	0  
 235334.455000  	    96	6	2  
 235334.856000  	    0	0	0  
 235535.157000  	    b6	9	2  
 235535.555000  	    30	0	0  
 235635.835000  	    4f	a	2  
 235636.201000  	    4a	a	2  
 235636.564000  	    0	0	0  
 236136.841000  	    ba	9	2  
 236137.217000  	    30	0	0  
 236237.516000  	    99	a	2  
 236237.932000  	    10	0	0  
 236488.234000  	    9a	6	2  
 236488.626000  	    0	0	0  
 236688.933000  	    ba	9	2  
 236689.347000  	    30	0	0  
 236789.670000  	    4f	a	2  
 236790.063000  	    4a	a	2  
 236790.455000  	    0	0	0  
 237290.767000  	    ba	9	2  
 237291.158000  	    30	0	0  
 237391.478000  	    99	a	2  
 237391.867000  	    10	0	0  
 237642.185000  	    9a	6	2  
 237642.613000  	    0	0	0  
 237842.977000  	    ba	9	2  
 237843.372000  	    30	0	0  
 237943.695000  	    4f	a	2  
 237944.085000  	    4a	a	2  
 237944.480000  	    0	0	0  
 238444.803000  	    ba	9	2  
 238445.253000  	    30	0	0  
 238545.662000  	    99	a	2  
 238546.085000  	    10	0	0  
 238796.478000  	    9a	6	2  
 238796.910000  	    0	0	0  
 238997.322000  	    ba	9	2  
 238997.755000  	    30	0	0  
 239098.197000  	    4f	a	2  
 239098.631000  	    4a	a	2  
 239099.046000  	    0	0	0  
 239599.425000  	    ba	9	2  
 239599.852000  	    30	0	0  
 239700.207000  	    99	a	2  
 239700.599000  	    10	0	0  
 239950.938000  	    9a	6	2  
 239951.338000  	    0	0	0  
 240151.684000  	    ba	9	2  
 240152.081000  	    30	0	0  
 240252.406000  	    4f	a	2  
 240252.799000  	    4a	a	2  
 240253.187000  	    0	0	0  
 240753.563000  	    ba	9	2  
 240753.957000  	    30	0	0  
 240854.261000  	    99	a	2  
 240854.631000  	    10	0	0  
 241104.907000  	    9a	6	2  
 241105.275000  	    0	0	0  
 241305.554000  	    ba	9	2  
 241305.923000  	    30	0	0  
 241406.212000  	    9b	a	2  
 241406.584000  	    46	a	2  
 241406.955000  	    0	0	0  
 241907.257000  	    b6	9	2  
 241907.638000  	    30	0	0  
 242007.939000  	    95	a	2  
 242008.318000  	    10	0	0  
 242258.610000  	    96	6	2  
 242258.989000  	    0	0	0  
 242459.275000  	    b6	9	2  
 242459.655000  	    30	0	0  
 242559.959000  	    4f	a	2  
 242560.342000  	    4a	a	2  
 242560.722000  	    0	0	0  
 243061.050000  	    ba	9	2  
 243061.446000  	    30	0	0  
 243161.785000  	    99	a	2  
 243162.173000  	    10	0	0  
 243412.473000  	    9a	6	2  
 243412.860000  	    0	0	0  
 243613.166000  	    ba	9	2  
 243613.559000  	    30	0	0  
 243713.887000  	    4f	a	2  
 243714.284000  	    4a	a	2  
 243714.685000  	    0	0	0  
 244214.995000  	    ba	9	2  
 244215.385000  	    30	0	0  
 244315.704000  	    99	a	2  
 244316.095000  	    10	0	0  
 244566.401000  	    9a	6	2  
 244566.792000  	    0	0	0  
 244767.097000  	    ba	9	2  
 244767.482000  	    30	0	0  
 244867.805000  	    4f	a	2  
 244868.197000  	    4a	a	2  
 244868.599000  	    0	0	0  
 245368.924000  	    ba	9	2  
 245369.332000  	    30	0	0  
 245469.672000  	    99	a	2  
 245470.080000  	    10	0	0  
 245720.402000  	    9a	6	2  
 245720.803000  	    0	0	0  
 245921.125000  	    ba	9	2  
 245921.557000  	    30	0	0  
 246021.881000  	    4f	a	2  
 246022.256000  	    4a	a	2  
 246022.643000  	    0	0	0  
 246522.959000  	    ba	9	2  
 246523.337000  	    30	0	0  
 246623.632000  	    99	a	2  
 246624.013000  	    10	0	0  
 246874.313000  	    9a	6	2  
 246874.697000  	    0	0	0  
 247074.995000  	    ba	9	2  
 247075.377000  	    30	0	0  
 247175.699000  	    4f	a	2  
 247176.096000  	    4a	a	2  
 247176.488000  	    0	0	0  
 247676.799000  	    ba	9	2  
 247677.189000  	    30	0	0  
 247777.504000  	    99	a	2  
 247777.891000  	    10	0	0  
 248028.193000  	    9a	6	2  
 248028.580000  	    0	0	0  
 248228.894000  	    ba	9	2  
 248229.286000  	    30	0	0  
 248329.603000  	    9b	a	2  
 248329.989000  	    46	a	2  
 248330.372000  	    0	0	0  
 248830.693000  	    b6	9	2  
 248831.082000  	    30	0	0  
 248931.392000  	    95	a	2  
 248931.778000  	    10	0	0  
 249182.078000  	    96	6	2  
 249182.474000  	    0	0	0  
 249382.788000  	    b6	9	2  
 249383.189000  	    30	0	0  
 249483.527000  	    4f	a	2  
 249484.045000  	    4a	a	2  
 249484.469000  	    0	0	0  
 249984.830000  	    ba	9	2  
 249985.231000  	    30	0	0  
 250085.569000  	    99	a	2  
 250085.966000  	    10	0	0  
 250336.277000  	    9a	6	2  
 250336.672000  	    0	0	0  
 250536.984000  	    ba	9	2  
 250537.374000  	    30	0	0  
 250637.716000  	    4f	a	2  
 250638.156000  	    4a	a	2  
 250638.562000  	    0	0	0  
 251138.941000  	    ba	9	2  
 251139.349000  	    30	0	0  
 251239.638000  	    99	a	2  
 251240.005000  	    10	0	0  
 251490.289000  	    9a	6	2  
 251490.667000  	    0	0	0  
 251690.957000  	    ba	9	2  
 251691.333000  	    30	0	0  
 251791.632000  	    4f	a	2  
 251792.011000  	    4a	a	2  
 251792.390000  	    0	0	0  
 252292.683000  	    ba	9	2  
 252293.070000  	    30	0	0  
 252393.380000  	    99	a	2  
 252393.765000  	    10	0	0  
 252644.064000  	    9a	6	2  
 252644.450000  	    0	0	0  
 252844.750000  	    ba	9	2  
 252845.135000  	    30	0	0  
 252945.446000  	    4f	a	2  
 252945.836000  	    4a	a	2  
 252946.228000  	    0	0	0  
 253446.626000  	    ba	9	2  
 253447.049000  	    30	0	0  
 253547.464000  	    99	a	2  
 253547.878000  	    10	0	0  
 253798.253000  	    9a	6	2  
 253798.662000  	    0	0	0  
 253998.980000  	    ba	9	2  
 253999.372000  	    30	0	0  
 254099.700000  	    4f	a	2  
 254100.094000  	    4a	a	2  
 254100.515000  	    0	0	0  
 254600.885000  	    ba	9	2  
 254601.287000  	    30	0	0  
 254701.604000  	    99	a	2  
 254701.990000  	    10	0	0  
 254952.286000  	    9a	6	2  
 254952.672000  	    0	0	0  
 255153.047000  	    ba	9	2  
 255153.479000  	    30	0	0  
 255253.896000  	    9b	a	2  
 255254.316000  	    46	a	2  
 255254.730000  	    0	0	0  
 255755.118000  	    b6	9	2  
 255755.542000  	    30	0	0  
 255855.937000  	    95	a	2  
 255856.357000  	    10	0	0  
 256106.711000  	    96	6	2  
 256107.133000  	    0	0	0  
 256307.468000  	    b6	9	2  
 256307.873000  	    30	0	0  
 256408.171000  	    4f	a	2  
 256408.539000  	    4a	a	2  
 256408.907000  	    0	0	0  
 256909.190000  	    ba	9	2  
 256909.568000  	    30	0	0  
 257009.917000  	    99	a	2  
 257010.294000  	    10	0	0  
 257260.579000  	    9a	6	2  
 257260.957000  	    0	0	0  
 257461.248000  	    ba	9	2  
 257461.634000  	    30	0	0  
 257561.946000  	    4f	a	2  
 257562.337000  	    4a	a	2  
 257562.724000  	    0	0	0  
 258063.035000  	    ba	9	2  
 258063.434000  	    30	0	0  
 258163.813000  	    99	a	2  
 258164.217000  	    10	0	0  
 258414.531000  	    9a	6	2  
 258414.929000  	    0	0	0  
 258615.366000  	    ba	9	2  
 258615.806000  	    30	0	0  
 258716.215000  	    4f	a	2  
 258716.639000  	    4a	a	2  
 258717.055000  	    0	0	0  
 259217.405000  	    ba	9	2  
 259217.811000  	    30	0	0  
 259318.166000  	    99	a	2  
 259318.591000  	    10	0	0  
 259568.898000  	    9a	6	2  
 259569.292000  	    0	0	0  
 259769.606000  	    ba	9	2  
 259770.001000  	    30	0	0  
 259870.326000  	    4f	a	2  
 259870.719000  	    4a	a	2  
 259871.109000  	    0	0	0  
 260371.436000  	    ba	9	2  
 260371.827000  	    30	0	0  
 260472.142000  	    99	a	2  
 260472.529000  	    10	0	0  
 260722.833000  	    9a	6	2  
 260723.261000  	    0	0	0  
 260923.569000  	    ba	9	2  
 260923.961000  	    30	0	0  
 261024.278000  	    4f	a	2  
 261024.669000  	    4a	a	2  
 261025.057000  	    0	0	0  
 261525.407000  	    ba	9	2  
 261525.818000  	    30	0	0  
 261626.109000  	    99	a	2  
 261626.483000  	    10	0	0  
 261876.756000  	    9a	6	2  
 261877.120000  	    0	0	0  
 262077.396000  	    ba	9	2  
 262077.760000  	    30	0	0  
 262178.045000  	    9b	a	2  
 262178.418000  	    46	a	2  
 262178.788000  	    0	0	0  
 262679.070000  	    b6	9	2  
 262679.456000  	    30	0	0  
 262779.746000  	    95	a	2  
 262780.120000  	    10	0	0  
 263030.424000  	    96	6	2  
 263030.838000  	    0	0	0  
 263231.157000  	    b6	9	2  
 263231.572000  	    30	0	0  
 263331.914000  	    4f	a	2  
 263332.372000  	    4a	a	2  
 263332.806000  	    0	0	0  
 263833.145000  	    ba	9	2  
 263833.547000  	    30	0	0  
 263933.885000  	    99	a	2  
 263934.335000  	    10	0	0  
 264184.697000  	    9a	6	2  
 264185.102000  	    0	0	0  
 264385.502000  	    ba	9	2  
 264385.957000  	    30	0	0  
 264486.372000  	    4f	a	2  
 264486.802000  	    4a	a	2  
 264487.222000  	    0	0	0  
 264987.617000  	    ba	9	2  
 264988.039000  	    30	0	0  
 265088.383000  	    99	a	2  
 265088.773000  	    10	0	0  
 265339.074000  	    9a	6	2  
 265339.464000  	    0	0	0  
 265539.796000  	    ba	9	2  
 265540.184000  	    30	0	0  
 265640.506000  	    4f	a	2  
 265640.959000  	    4a	a	2  
 265641.424000  	    0	0	0  
 266141.782000  	    ba	9	2  
 266142.181000  	    30	0	0  
 266242.549000  	    99	a	2  
 266242.960000  	    10	0	0  
 266493.293000  	    9a	6	2  
 266493.692000  	    0	0	0  
 266694.090000  	    ba	9	2  
 266694.517000  	    30	0	0  
 266794.830000  	    4f	a	2  
 266795.195000  	    4a	a	2  
 266795.559000  	    0	0	0  
 267295.854000  	    ba	9	2  
 267296.245000  	    30	0	0  
 267396.556000  	    99	a	2  
 267396.944000  	    10	0	0  
 267647.245000  	    9a	6	2  
 267647.631000  	    0	0	0  
 267847.932000  	    ba	9	2  
 267848.319000  	    30	0	0  
 267948.631000  	    4f	a	2  
 267949.017000  	    4a	a	2  
 267949.401000  	    0	0	0  
 268449.747000  	    ba	9	2  
 268450.184000  	    30	0	0  
 268550.534000  	    99	a	2  
 268550.957000  	    10	0	0  
 268801.285000  	    9a	6	2  
 268801.663000  	    0	0	0  
 269001.997000  	    ba	9	2  
 269002.393000  	    30	0	0  
 269102.724000  	    9b	a	2  
 269103.117000  	    46	a	2  
 269103.502000  	    0	0	0  
 269603.822000  	    b6	9	2  
 269604.209000  	    30	0	0  
 269704.530000  	    95	a	2  
 269704.988000  	    10	0	0  
 269955.401000  	    96	6	2  
 269955.830000  	    0	0	0  
 270156.205000  	    b6	9	2  
 270156.613000  	    30	0	0  
 270256.950000  	    4f	a	2  
 270257.348000  	    4a	a	2  
 270257.744000  	    0	0	0  
 270758.096000  	    ba	9	2  
 270758.513000  	    30	0	0  
 270858.860000  	    99	a	2  
 270859.253000  	    10	0	0  
 271109.569000  	    9a	6	2  
 271109.958000  	    0	0	0  
 271310.256000  	    ba	9	2  
 271310.639000  	    30	0	0  
 271410.966000  	    4f	a	2  
 271411.390000  	    4a	a	2  
 271411.788000  	    0	0	0  
 271912.129000  	    ba	9	2  
 271912.542000  	    30	0	0  
 272012.824000  	    99	a	2  
 272013.191000  	    10	0	0  
 272263.503000  	    9a	6	2  
 272263.895000  	    0	0	0  
 272464.188000  	    ba	9	2  
 272464.564000  	    30	0	0  
 272564.886000  	    4f	a	2  
 272565.274000  	    4a	a	2  
 272565.684000  	    0	0	0  
 273066.017000  	    ba	9	2  
 273066.407000  	    30	0	0  
 273166.745000  	    99	a	2  
 273167.137000  	    10	0	0  
 273417.452000  	    9a	6	2  
 273417.881000  	    0	0	0  
 273618.217000  	    ba	9	2  
 273618.610000  	    30	0	0  
 273718.946000  	    4f	a	2  
 273719.410000  	    4a	a	2  
 273719.852000  	    0	0	0  
 274220.208000  	    ba	9	2  
 274220.632000  	    30	0	0  
 274321.021000  	    99	a	2  
 274321.411000  	    10	0	0  
 274571.773000  	    9a	6	2  
 274572.243000  	    0	0	0  
 274772.595000  	    ba	9	2  
 274772.996000  	    30	0	0  
 274873.336000  	    4f	a	2  
 274873.746000  	    4a	a	2  
 274874.149000  	    0	0	0  
 275374.492000  	    ba	9	2  
 275374.884000  	    30	0	0  
 275475.207000  	    99	a	2  
 275475.599000  	    10	0	0  
 275725.907000  	    9a	6	2  
 275726.300000  	    0	0	0  
 275926.608000  	    ba	9	2  
 275926.994000  	    30	0	0  
 276027.337000  	    9b	a	2  
 276027.735000  	    46	a	2  
 276028.135000  	    0	0	0  
 276528.459000  	    b6	9	2  
 276528.863000  	    30	0	0  
 276629.191000  	    95	a	2  
 276629.647000  	    10	0	0  
 276880.066000  	    96	6	2  
 276880.497000  	    0	0	0  
 277080.775000  	    b6	9	2  
 277081.191000  	    30	0	0  
 277181.494000  	    4f	a	2  
 277181.861000  	    4a	a	2  
 277182.225000  	    0	0	0  
 277682.532000  	    ba	9	2  
 277682.905000  	    30	0	0  
 277783.204000  	    99	a	2  
 277783.592000  	    10	0	0  
 278033.901000  	    9a	6	2  
 278034.285000  	    0	0	0  
 278234.592000  	    ba	9	2  
 278235.049000  	    30	0	0  
 278335.411000  	    4f	a	2  
 278335.805000  	    4a	a	2  
 278336.195000  	    0	0	0  
 278836.587000  	    ba	9	2  
 278837.021000  	    30	0	0  
 278937.398000  	    99	a	2  
 278937.797000  	    10	0	0  
 279188.160000  	    9a	6	2  
 279188.620000  	    0	0	0  
 279389.028000  	    ba	9	2  
 279389.459000  	    30	0	0  
 279489.844000  	    4f	a	2  
 279490.269000  	    4a	a	2  
 279490.677000  	    0	0	0  
 279991.057000  	    ba	9	2  
 279991.501000  	    30	0	0  
 280091.901000  	    99	a	2  
 280092.325000  	    10	0	0  
 280342.720000  	    9a	6	2  
 280343.154000  	    0	0	0  
 280543.525000  	    ba	9	2  
 280543.935000  	    30	0	0  
 280644.277000  	    4f	a	2  
 280644.780000  	    4a	a	2  
 280645.216000  	    0	0	0  
 281145.561000  	    ba	9	2  
 281145.963000  	    30	0	0  
 281246.296000  	    99	a	2  
 281246.693000  	    10	0	0  
 281497.007000  	    9a	6	2  
 281497.479000  	    0	0	0  
 281697.888000  	    ba	9	2  
 281698.283000  	    30	0	0  
 281798.643000  	    4f	a	2  
 281799.044000  	    4a	a	2  
 281799.440000  	    0	0	0  
 282299.770000  	    ba	9	2  
 282300.204000  	    30	0	0  
 282400.525000  	    99	a	2  
 282400.906000  	    10	0	0  
 282651.228000  	    9a	6	2  
 282651.676000  	    0	0	0  
 282852.040000  	    ba	9	2  
 282852.444000  	    30	0	0  
 282952.814000  	    9b	a	2  
 282953.217000  	    46	a	2  
 282953.610000  	    0	0	0  
 283453.976000  	    b6	9	2  
 283454.358000  	    30	0	0  
 283554.701000  	    95	a	2  
 283555.091000  	    10	0	0  
 283805.398000  	    96	6	2  
 283805.789000  	    0	0	0  
 284006.123000  	    b6	9	2  
 284006.532000  	    30	0	0  
 284106.867000  	    4f	a	2  
 284107.256000  	    4a	a	2  
 284107.639000  	    0	0	0  
 284607.956000  	    ba	9	2  
 284608.343000  	    30	0	0  
 284708.653000  	    99	a	2  
 284709.036000  	    10	0	0  
 284959.373000  	    9a	6	2  
 284959.776000  	    0	0	0  
 285160.088000  	    ba	9	2  
 285160.481000  	    30	0	0  
 285260.833000  	    4f	a	2  
 285261.234000  	    4a	a	2  
 285261.623000  	    0	0	0  
 285762.010000  	    ba	9	2  
 285762.412000  	    30	0	0  
 285862.799000  	    99	a	2  
 285863.207000  	    10	0	0  
 286113.533000  	    9a	6	2  
 286113.927000  	    0	0	0  
 286314.238000  	    ba	9	2  
 286314.641000  	    30	0	0  
 286415.020000  	    4f	a	2  
 286415.478000  	    4a	a	2  
 286415.888000  	    0	0	0  
 286916.244000  	    ba	9	2  
 286916.641000  	    30	0	0  
 287016.956000  	    99	a	2  
 287017.342000  	    10	0	0  
 287267.675000  	    9a	6	2  
 287268.137000  	    0	0	0  
 287468.555000  	    ba	9	2  
 287469.032000  	    30	0	0  
 287569.375000  	    4f	a	2  
 287569.770000  	    4a	a	2  
 287570.159000  	    0	0	0  
 288070.483000  	    ba	9	2  
 288070.877000  	    30	0	0  
 288171.195000  	    99	a	2  
 288171.583000  	    10	0	0  
 288421.886000  	    9a	6	2  
 288422.274000  	    0	0	0  
 288622.583000  	    ba	9	2  
 288622.976000  	    30	0	0  
 288723.314000  	    4f	a	2  
 288723.710000  	    4a	a	2  
 288724.105000  	    0	0	0  
 289224.442000  	    ba	9	2  
 289224.860000  	    30	0	0  
 289325.200000  	    99	a	2  
 289325.587000  	    10	0	0  
 289575.916000  	    9a	6	2  
 289576.313000  	    0	0	0  
 289776.642000  	    ba	9	2  
 289777.046000  	    30	0	0  
 289877.381000  	    9b	a	2  
 289877.780000  	    46	a	2  
 289878.174000  	    0	0	0  
 290378.503000  	    b6	9	2  
 290378.941000  	    30	0	0  
 290479.281000  	    95	a	2  
 290479.684000  	    10	0	0  
 290730.067000  	    96	6	2  
 290730.538000  	    0	0	0  
 290930.888000  	    b6	9	2  
 290931.279000  	    30	0	0  
 291031.596000  	    4f	a	2  
 291031.985000  	    4a	a	2  
 291032.371000  	    0	0	0  
 291532.697000  	    ba	9	2  
 291533.093000  	    30	0	0  
 291633.413000  	    99	a	2  
 291633.802000  	    10	0	0  
 291884.104000  	    9a	6	2  
 291884.492000  	    0	0	0  
 292084.801000  	    ba	9	2  
 292085.209000  	    30	0	0  
 292185.546000  	    4f	a	2  
 292185.945000  	    4a	a	2  
 292186.338000  	    0	0	0  
 292686.666000  	    ba	9	2  
 292687.049000  	    30	0	0  
 292787.356000  	    99	a	2  
 292787.731000  	    10	0	0  
 293038.026000  	    9a	6	2  
 293038.399000  	    0	0	0  
 293238.687000  	    ba	9	2  
 293239.065000  	    30	0	0  
 293339.368000  	    4f	a	2  
 293339.748000  	    4a	a	2  
 293340.126000  	    0	0	0  
 293840.441000  	    ba	9	2  
 293840.833000  	    30	0	0  
 293941.147000  	    99	a	2  
 293941.535000  	    10	0	0  
 294191.938000  	    9a	6	2  
 294192.364000  	    0	0	0  
 294392.769000  	    ba	9	2  
 294393.210000  	    30	0	0  
 294493.633000  	    4f	a	2  
 294494.068000  	    4a	a	2  
 294494.490000  	    0	0	0  
 294994.863000  	    ba	9	2  
 294995.276000  	    30	0	0  
 295095.634000  	    99	a	2  
 295096.038000  	    10	0	0  
 295346.440000  	    9a	6	2  
 295346.866000  	    0	0	0  
 295547.259000  	    ba	9	2  
 295547.673000  	    30	0	0  
 295648.084000  	    4f	a	2  
 295648.512000  	    4a	a	2  
 295648.928000  	    0	0	0  
 296149.278000  	    ba	9	2  
 296149.681000  	    30	0	0  
 296250.021000  	    99	a	2  
 296250.411000  	    10	0	0  
 296500.729000  	    9a	6	2  
 296501.259000  	    0	0	0  
 296701.627000  	    ba	9	2  
 296702.022000  	    30	0	0  
 296802.348000  	    9b	a	2  
 296802.739000  	    46	a	2  
 296803.127000  	    0	0	0  
 297303.444000  	    b6	9	2  
 297303.836000  	    30	0	0  
 297404.153000  	    95	a	2  
 297404.542000  	    10	0	0  
 297654.851000  	    96	6	2  
 297655.247000  	    0	0	0  
 297855.590000  	    b6	9	2  
 297855.981000  	    30	0	0  
 297956.271000  	    4f	a	2  
 297956.653000  	    4a	a	2  
 297957.021000  	    0	0	0  
 298457.311000  	    ba	9	2  
 298457.720000  	    30	0	0  
 298558.032000  	    99	a	2  
 298558.428000  	    10	0	0  
 298808.734000  	    9a	6	2  
 298809.154000  	    0	0	0  
 299009.553000  	    ba	9	2  
 299009.984000  	    30	0	0  
 299110.345000  	    4f	a	2  
 299110.748000  	    4a	a	2  
 299111.142000  	    0	0	0  
 299611.478000  	    ba	9	2  
 299611.884000  	    30	0	0  
 299712.216000  	    99	a	2  
 299712.606000  	    10	0	0  
 299962.923000  	    9a	6	2  
 299963.312000  	    0	0	0  
 300163.612000  	    ba	9	2  
 300163.996000  	    30	0	0  
 300264.312000  	    4f	a	2  
 300264.704000  	    4a	a	2  
 300265.093000  	    0	0	0  
 300765.424000  	    ba	9	2  
 300765.815000  	    30	0	0  
 300804.990000  	    9a	a	2  
 300805.328000  	    10	0	0  
