---------------------------------------------------
  Seconds  	 Bits to EIO (12) 	 CIO (13) 	 FIO (15)
---------------------------------------------------
 0.008000  	    ba	0	2  
 1.183000  	    10	0	0  
 35360.452000  	    8a	3	2  
 35361.789000  	    8a	2	2  
 35363.061000  	    0	0	0  
 38364.384000  	    7a	8	2  
 38365.603000  	    50	0	0  
 39367.910000  	    b9	0	2  
 39369.164000  	    10	0	0  
 41370.474000  	    7a	8	2  
 41371.675000  	    50	0	0  
 42373.925000  	    ba	0	2  
 42375.188000  	    10	0	0  
 42426.612000  	    7a	8	2  
 42427.862000  	    50	0	0  
 43430.495000  	    8a	3	2  
 43431.721000  	    8a	2	2  
 43432.981000  	    0	0	0  
 46434.281000  	    7a	8	2  
 46435.493000  	    50	0	0  
 47437.696000  	    b9	0	2  
 47438.891000  	    10	0	0  
 49440.161000  	    7a	8	2  
 49441.411000  	    50	0	0  
 50443.606000  	    ba	0	2  
 50444.786000  	    10	0	0  
 50496.116000  	    7a	8	2  
 50497.350000  	    50	0	0  
 51498.961000  	    8a	3	2  
 51500.108000  	    8a	2	2  
 51501.233000  	    0	0	0  
 54502.438000  	    7a	8	2  
 54503.660000  	    50	0	0  
 56505.824000  	    b9	0	2  
 56507.014000  	    10	0	0  
 58508.274000  	    7a	8	2  
 58509.520000  	    50	0	0  
 59512.006000  	    ba	0	2  
 59513.248000  	    10	0	0  
 59564.606000  	    7a	8	2  
 59565.874000  	    50	0	0  
 60568.256000  	    8a	3	2  
 60569.485000  	    8a	2	2  
 60570.733000  	    0	0	0  
 63572.071000  	    7a	8	2  
 63573.357000  	    50	0	0  
 64575.597000  	    b9	0	2  
 64576.836000  	    10	0	0  
 66578.141000  	    7a	8	2  
 66579.338000  	    50	0	0  
 67581.965000  	    ba	0	2  
 67583.220000  	    10	0	0  
 67634.577000  	    7a	8	2  
 67635.831000  	    50	0	0  
 68638.350000  	    8a	3	2  
 68639.603000  	    8a	2	2  
 68640.857000  	    0	0	0  
 71642.149000  	    7a	8	2  
 71643.376000  	    50	0	0  
 72645.775000  	    b9	0	2  
 72647.033000  	    10	0	0  
 74648.426000  	    7a	8	2  
 74649.710000  	    50	0	0  
 75651.952000  	    ba	0	2  
 75653.196000  	    10	0	0  
 75704.571000  	    7a	8	2  
 75705.839000  	    50	0	0  
 76708.103000  	    8a	3	2  
 76709.331000  	    8a	2	2  
 76710.584000  	    0	0	0  
 79711.893000  	    7a	8	2  
 79713.128000  	    50	0	0  
 80715.439000  	    b9	0	2  
 80716.661000  	    10	0	0  
 82717.959000  	    7a	8	2  
 82719.178000  	    50	0	0  
 83721.503000  	    ba	0	2  
 83722.722000  	    10	0	0  
 83774.073000  	    7a	8	2  
 83775.305000  	    50	0	0  
 84777.771000  	    8a	3	2  
 84779.035000  	    8a	2	2  
 84780.285000  	    0	0	0  
 87781.625000  	    7a	8	2  
 87782.900000  	    50	0	0  
 88785.396000  	    b9	0	2  
 88786.624000  	    10	0	0  
 90787.952000  	    7a	8	2  
 90789.239000  	    50	0	0  
 91791.844000  	    ba	0	2  
 91793.097000  	    10	0	0  
 91844.462000  	    7a	8	2  
 91845.710000  	    50	0	0  
 92847.974000  	    8a	3	2  
 92849.248000  	    8a	2	2  
 92850.523000  	    0	0	0  
 95851.834000  	    7a	8	2  
 95853.085000  	    50	0	0  
 96855.513000  	    b9	0	2  
 96856.769000  	    10	0	0  
 98858.141000  	    7a	8	2  
 98859.416000  	    50	0	0  
 99861.708000  	    ba	0	2  
 99862.972000  	    10	0	0  
 99914.334000  	    7a	8	2  
 99915.612000  	    50	0	0  
 100918.003000  	    8a	3	2  
 100919.236000  	    8a	2	2  
 100920.491000  	    0	0	0  
 103921.790000  	    7a	8	2  
 103923.041000  	    50	0	0  
 104925.586000  	    b9	0	2  
 104926.817000  	    10	0	0  
 106928.107000  	    7a	8	2  
 106929.327000  	    50	0	0  
 107931.650000  	    ba	0	2  
 107932.849000  	    10	0	0  
 107984.191000  	    7a	8	2  
 107985.433000  	    50	0	0  
 108987.700000  	    b6	1	2  
 108988.894000  	    86	2	2  
 108990.141000  	    0	0	0  
 111991.528000  	    76	8	2  
 111992.789000  	    50	0	0  
 112995.287000  	    b5	0	2  
 112996.518000  	    10	0	0  
 114997.832000  	    76	8	2  
 114999.065000  	    50	0	0  
 116001.421000  	    b6	0	2  
 116002.647000  	    10	0	0  
 116053.978000  	    76	8	2  
 116055.229000  	    50	0	0  
 117057.525000  	    8a	3	2  
 117058.767000  	    8a	2	2  
 117060.035000  	    0	0	0  
 120061.380000  	    7a	8	2  
 120062.677000  	    50	0	0  
 121064.933000  	    b9	0	2  
 121066.132000  	    10	0	0  
 123067.445000  	    7a	8	2  
 123068.726000  	    50	0	0  
 124071.227000  	    ba	0	2  
 124072.496000  	    10	0	0  
 124123.852000  	    7a	8	2  
 124125.104000  	    50	0	0  
 125127.361000  	    8a	3	2  
 125128.585000  	    8a	2	2  
 125129.842000  	    0	0	0  
 128131.147000  	    7a	8	2  
 128132.424000  	    50	0	0  
 129134.938000  	    b9	0	2  
 129136.171000  	    10	0	0  
 131137.494000  	    7a	8	2  
 131138.751000  	    50	0	0  
 132141.412000  	    ba	0	2  
 132142.593000  	    10	0	0  
 132193.890000  	    7a	8	2  
 132195.141000  	    50	0	0  
 133197.476000  	    8a	3	2  
 133198.735000  	    8a	2	2  
 133199.986000  	    0	0	0  
 136201.282000  	    7a	8	2  
 136202.578000  	    50	0	0  
 137204.997000  	    b9	0	2  
 137206.215000  	    10	0	0  
 139207.525000  	    7a	8	2  
 139208.780000  	    50	0	0  
 140211.058000  	    ba	0	2  
 140212.380000  	    10	0	0  
 140263.791000  	    7a	8	2  
 140265.049000  	    50	0	0  
 141267.395000  	    8a	3	2  
 141268.668000  	    8a	2	2  
 141269.885000  	    0	0	0  
 144271.152000  	    7a	8	2  
 144272.393000  	    50	0	0  
 145274.628000  	    b9	0	2  
 145275.813000  	    10	0	0  
 147277.140000  	    7a	8	2  
 147278.349000  	    50	0	0  
 148280.554000  	    ba	0	2  
 148281.729000  	    10	0	0  
 148332.967000  	    7a	8	2  
 148334.206000  	    50	0	0  
 149336.574000  	    8a	3	2  
 149337.765000  	    8a	2	2  
 149338.995000  	    0	0	0  
 152340.298000  	    7a	8	2  
 152341.542000  	    50	0	0  
 153343.731000  	    b9	0	2  
 153344.979000  	    10	0	0  
 155346.288000  	    7a	8	2  
 155347.507000  	    50	0	0  
 156349.828000  	    ba	0	2  
 156351.053000  	    10	0	0  
 156402.441000  	    7a	8	2  
 156403.694000  	    50	0	0  
 157405.406000  	    8a	3	2  
 157406.534000  	    8a	2	2  
 157407.701000  	    0	0	0  
 160408.974000  	    7a	8	2  
 160410.271000  	    50	0	0  
 161412.591000  	    b9	0	2  
 161413.839000  	    10	0	0  
 163415.132000  	    7a	8	2  
 163416.380000  	    50	0	0  
 164418.598000  	    ba	0	2  
 164419.801000  	    10	0	0  
 164471.098000  	    7a	8	2  
 164472.300000  	    50	0	0  
 165474.624000  	    8a	3	2  
 165475.848000  	    8a	2	2  
 165477.125000  	    0	0	0  
 168478.466000  	    7a	8	2  
 168479.738000  	    50	0	0  
 169482.093000  	    b9	0	2  
 169483.350000  	    10	0	0  
 171484.673000  	    7a	8	2  
 171485.947000  	    50	0	0  
 172488.273000  	    ba	0	2  
 172489.523000  	    10	0	0  
 172540.852000  	    7a	8	2  
 172542.097000  	    50	0	0  
 173544.659000  	    8a	3	2  
 173545.925000  	    8a	2	2  
 173547.179000  	    0	0	0  
 176548.503000  	    7a	8	2  
 176549.782000  	    50	0	0  
 177552.397000  	    b9	0	2  
 177553.599000  	    10	0	0  
 179554.884000  	    7a	8	2  
 179556.123000  	    50	0	0  
 180558.409000  	    ba	0	2  
 180559.623000  	    10	0	0  
 180610.978000  	    7a	8	2  
 180612.235000  	    50	0	0  
 181614.599000  	    8a	3	2  
 181615.853000  	    8a	2	2  
 181617.113000  	    0	0	0  
 184618.405000  	    7a	8	2  
 184619.621000  	    50	0	0  
 185621.864000  	    b9	0	2  
 185623.065000  	    10	0	0  
 187624.359000  	    7a	8	2  
 187625.527000  	    50	0	0  
 188627.970000  	    ba	0	2  
 188629.195000  	    10	0	0  
 188680.572000  	    7a	8	2  
 188681.843000  	    50	0	0  
 189684.114000  	    b6	1	2  
 189685.326000  	    86	2	2  
 189686.538000  	    0	0	0  
 192687.798000  	    76	8	2  
 192689.022000  	    50	0	0  
 193691.222000  	    b5	0	2  
 193692.409000  	    10	0	0  
 195693.632000  	    76	8	2  
 195694.893000  	    50	0	0  
 196697.209000  	    b6	0	2  
 196698.364000  	    10	0	0  
 196749.615000  	    76	8	2  
 196750.813000  	    50	0	0  
 197753.083000  	    8a	3	2  
 197754.256000  	    8a	2	2  
 197755.443000  	    0	0	0  
 200756.674000  	    7a	8	2  
 200757.898000  	    50	0	0  
 201760.103000  	    b9	0	2  
 201761.279000  	    10	0	0  
 203762.505000  	    7a	8	2  
 203763.805000  	    50	0	0  
 204766.279000  	    ba	0	2  
 204767.481000  	    10	0	0  
 204818.861000  	    7a	8	2  
 204820.109000  	    50	0	0  
 205822.470000  	    8a	3	2  
 205823.698000  	    8a	2	2  
 205824.941000  	    0	0	0  
 208826.260000  	    7a	8	2  
 208827.508000  	    50	0	0  
 209829.794000  	    b9	0	2  
 209830.992000  	    10	0	0  
 211832.297000  	    7a	8	2  
 211833.606000  	    50	0	0  
 212836.039000  	    ba	0	2  
 212837.285000  	    10	0	0  
 212888.668000  	    7a	8	2  
 212889.935000  	    50	0	0  
 213892.443000  	    8a	3	2  
 213893.701000  	    8a	2	2  
 213894.947000  	    0	0	0  
 216896.257000  	    7a	8	2  
 216897.527000  	    50	0	0  
 217899.783000  	    b9	0	2  
 217901.024000  	    10	0	0  
 219902.308000  	    7a	8	2  
 219903.583000  	    50	0	0  
 220906.202000  	    ba	0	2  
 220907.413000  	    10	0	0  
 220958.782000  	    7a	8	2  
 220960.053000  	    50	0	0  
 221962.674000  	    8a	3	2  
 221963.931000  	    8a	2	2  
 221965.191000  	    0	0	0  
 224966.551000  	    7a	8	2  
 224967.813000  	    50	0	0  
 225970.289000  	    b9	0	2  
 225971.606000  	    10	0	0  
 227972.882000  	    7a	8	2  
 227974.052000  	    50	0	0  
 228976.567000  	    ba	0	2  
 228977.790000  	    10	0	0  
 229029.164000  	    7a	8	2  
 229030.432000  	    50	0	0  
 230032.928000  	    8a	3	2  
 230034.147000  	    8a	2	2  
 230035.391000  	    0	0	0  
 233036.697000  	    7a	8	2  
 233037.960000  	    50	0	0  
 234040.188000  	    b9	0	2  
 234041.432000  	    10	0	0  
 236042.723000  	    7a	8	2  
 236043.951000  	    50	0	0  
 237046.423000  	    ba	0	2  
 237047.667000  	    10	0	0  
 237099.050000  	    7a	8	2  
 237100.316000  	    50	0	0  
 238102.633000  	    8a	3	2  
 238103.810000  	    8a	2	2  
 238105.017000  	    0	0	0  
 241106.317000  	    7a	8	2  
 241107.671000  	    50	0	0  
 242110.027000  	    b9	0	2  
 242111.279000  	    10	0	0  
 244112.573000  	    7a	8	2  
 244113.878000  	    50	0	0  
 245116.213000  	    ba	0	2  
 245117.435000  	    10	0	0  
 245168.774000  	    7a	8	2  
 245170.010000  	    50	0	0  
 246172.423000  	    8a	3	2  
 246173.682000  	    8a	2	2  
 246174.928000  	    0	0	0  
 249176.260000  	    7a	8	2  
 249177.502000  	    50	0	0  
 250179.797000  	    b9	0	2  
 250180.974000  	    10	0	0  
 252182.222000  	    7a	8	2  
 252183.438000  	    50	0	0  
 253185.777000  	    ba	0	2  
 253187.011000  	    10	0	0  
 253238.283000  	    7a	8	2  
 253239.553000  	    50	0	0  
 254241.829000  	    8a	3	2  
 254243.011000  	    8a	2	2  
 254244.288000  	    0	0	0  
 257245.553000  	    7a	8	2  
 257246.775000  	    50	0	0  
 258248.878000  	    b9	0	2  
 258250.043000  	    10	0	0  
 260251.265000  	    7a	8	2  
 260252.462000  	    50	0	0  
 261254.883000  	    ba	0	2  
 261256.105000  	    10	0	0  
 261307.457000  	    7a	8	2  
 261308.712000  	    50	0	0  
 262310.906000  	    8a	3	2  
 262312.096000  	    8a	2	2  
 262313.264000  	    0	0	0  
 265314.506000  	    7a	8	2  
 265315.722000  	    50	0	0  
 266318.144000  	    b9	0	2  
 266319.412000  	    10	0	0  
 268320.707000  	    7a	8	2  
 268321.982000  	    50	0	0  
 269324.498000  	    ba	0	2  
 269325.682000  	    10	0	0  
 269376.977000  	    7a	8	2  
 269378.228000  	    50	0	0  
 270380.839000  	    b6	1	2  
 270382.014000  	    86	2	2  
 270383.206000  	    0	0	0  
 273384.537000  	    76	8	2  
 273385.763000  	    50	0	0  
 274388.133000  	    b5	0	2  
 274389.390000  	    10	0	0  
 276390.672000  	    76	8	2  
 276391.879000  	    50	0	0  
 277394.061000  	    b6	0	2  
 277395.237000  	    10	0	0  
 277446.531000  	    76	8	2  
 277447.736000  	    50	0	0  
 278449.946000  	    8a	3	2  
 278451.115000  	    8a	2	2  
 278452.300000  	    0	0	0  
 281453.608000  	    7a	8	2  
 281454.876000  	    50	0	0  
 282457.071000  	    b9	0	2  
 282458.265000  	    10	0	0  
 284459.658000  	    7a	8	2  
 284460.934000  	    50	0	0  
 285463.438000  	    ba	0	2  
 285464.633000  	    10	0	0  
 285515.945000  	    7a	8	2  
 285517.221000  	    50	0	0  
 286519.771000  	    8a	3	2  
 286520.994000  	    8a	2	2  
 286522.188000  	    0	0	0  
 289523.505000  	    7a	8	2  
 289524.774000  	    50	0	0  
 290527.142000  	    b9	0	2  
 290528.403000  	    10	0	0  
 292529.712000  	    7a	8	2  
 292530.909000  	    50	0	0  
 293533.192000  	    ba	0	2  
 293534.461000  	    10	0	0  
 293585.846000  	    7a	8	2  
 293587.122000  	    50	0	0  
 294589.723000  	    8a	3	2  
 294590.982000  	    8a	2	2  
 294592.228000  	    0	0	0  
 297593.574000  	    7a	8	2  
 297594.840000  	    50	0	0  
 298597.264000  	    b9	0	2  
 298598.502000  	    10	0	0  
 300599.804000  	    7a	8	2  
 300601.034000  	    50	0	0  
 301603.348000  	    ba	0	2  
 301604.585000  	    10	0	0  
 301655.977000  	    7a	8	2  
 301657.229000  	    50	0	0  
 302659.578000  	    8a	3	2  
 302660.836000  	    8a	2	2  
 302662.092000  	    0	0	0  
 305663.385000  	    7a	8	2  
 305664.564000  	    50	0	0  
 306666.980000  	    b9	0	2  
 306668.193000  	    10	0	0  
 308669.502000  	    7a	8	2  
 308670.750000  	    50	0	0  
 309672.405000  	    ba	0	2  
 309673.550000  	    10	0	0  
 309724.729000  	    7a	8	2  
 309725.943000  	    50	0	0  
 311727.985000  	    8a	3	2  
 311729.179000  	    8a	2	2  
 311730.336000  	    0	0	0  
 314731.560000  	    7a	8	2  
 314732.776000  	    50	0	0  
 315734.997000  	    b9	0	2  
 315736.242000  	    10	0	0  
 317737.528000  	    7a	8	2  
 317738.747000  	    50	0	0  
 318740.978000  	    ba	0	2  
 318742.143000  	    10	0	0  
 318793.482000  	    7a	8	2  
 318794.761000  	    50	0	0  
 319797.223000  	    8a	3	2  
 319798.445000  	    8a	2	2  
 319799.697000  	    0	0	0  
 322801.002000  	    7a	8	2  
 322802.241000  	    50	0	0  
 323804.710000  	    b9	0	2  
 323805.971000  	    10	0	0  
 325807.269000  	    7a	8	2  
 325808.537000  	    50	0	0  
 326810.361000  	    ba	0	2  
 326811.577000  	    10	0	0  
 326862.914000  	    7a	8	2  
 326864.160000  	    50	0	0  
 327866.592000  	    8a	3	2  
 327867.852000  	    8a	2	2  
 327869.108000  	    0	0	0  
 330870.401000  	    7a	8	2  
 330871.631000  	    50	0	0  
 331874.061000  	    b9	0	2  
 331875.273000  	    10	0	0  
 333876.555000  	    7a	8	2  
 333877.756000  	    50	0	0  
 334880.060000  	    ba	0	2  
 334881.297000  	    10	0	0  
 334932.628000  	    7a	8	2  
 334933.896000  	    50	0	0  
 335936.427000  	    8a	3	2  
 335937.629000  	    8a	2	2  
 335938.864000  	    0	0	0  
 338940.132000  	    7a	8	2  
 338941.351000  	    50	0	0  
 339943.491000  	    b9	0	2  
 339944.704000  	    10	0	0  
 341946.043000  	    7a	8	2  
 341947.334000  	    50	0	0  
 342949.653000  	    ba	0	2  
 342950.853000  	    10	0	0  
 343002.204000  	    7a	8	2  
 343003.528000  	    50	0	0  
 344005.731000  	    8a	3	2  
 344006.956000  	    8a	2	2  
 344008.170000  	    0	0	0  
 347009.431000  	    7a	8	2  
 347010.663000  	    50	0	0  
 348013.136000  	    b9	0	2  
 348014.361000  	    10	0	0  
 350015.684000  	    7a	8	2  
 350016.934000  	    50	0	0  
 351019.427000  	    ba	0	2  
 351020.641000  	    10	0	0  
 351072.018000  	    7a	8	2  
 351073.283000  	    50	0	0  
 352075.736000  	    b6	1	2  
 352076.979000  	    86	2	2  
 352078.211000  	    0	0	0  
 355079.508000  	    76	8	2  
 355080.796000  	    50	0	0  
 356083.153000  	    b5	0	2  
 356084.334000  	    10	0	0  
 358085.671000  	    76	8	2  
 358086.893000  	    50	0	0  
 359089.222000  	    b6	0	2  
 359090.496000  	    10	0	0  
 359141.894000  	    76	8	2  
 359143.147000  	    50	0	0  
 360145.558000  	    8a	3	2  
 360146.804000  	    8a	2	2  
 360148.037000  	    0	0	0  
 363149.346000  	    7a	8	2  
 363150.607000  	    50	0	0  
 364152.871000  	    b9	0	2  
 364154.109000  	    10	0	0  
 366155.397000  	    7a	8	2  
 366156.631000  	    50	0	0  
 367158.992000  	    ba	0	2  
 367160.270000  	    10	0	0  
 367211.651000  	    7a	8	2  
 367212.921000  	    50	0	0  
 368215.254000  	    8a	3	2  
 368216.468000  	    8a	2	2  
 368217.717000  	    0	0	0  
 371219.027000  	    7a	8	2  
 371220.253000  	    50	0	0  
 372222.477000  	    b9	0	2  
 372223.718000  	    10	0	0  
 374225.052000  	    7a	8	2  
 374226.271000  	    50	0	0  
 375228.446000  	    ba	0	2  
 375229.607000  	    10	0	0  
 375280.848000  	    7a	8	2  
 375282.112000  	    50	0	0  
 376284.655000  	    8a	3	2  
 376285.898000  	    8a	2	2  
 376287.147000  	    0	0	0  
 379288.437000  	    7a	8	2  
 379289.667000  	    50	0	0  
 380291.978000  	    b9	0	2  
 380293.232000  	    10	0	0  
 382294.533000  	    7a	8	2  
 382295.802000  	    50	0	0  
 383298.078000  	    ba	0	2  
 383299.339000  	    10	0	0  
 383350.710000  	    7a	8	2  
 383351.978000  	    50	0	0  
 384354.319000  	    8a	3	2  
 384355.578000  	    8a	2	2  
 384356.842000  	    0	0	0  
 387358.137000  	    7a	8	2  
 387359.324000  	    50	0	0  
 388361.692000  	    b9	0	2  
 388362.949000  	    10	0	0  
 390364.266000  	    7a	8	2  
 390365.529000  	    50	0	0  
 391367.944000  	    ba	0	2  
 391369.134000  	    10	0	0  
 391420.451000  	    7a	8	2  
 391421.708000  	    50	0	0  
 392424.104000  	    8a	3	2  
 392425.357000  	    8a	2	2  
 392426.600000  	    0	0	0  
 395427.921000  	    7a	8	2  
 395429.212000  	    50	0	0  
 396431.590000  	    b9	0	2  
 396432.783000  	    10	0	0  
 398434.057000  	    7a	8	2  
 398435.361000  	    50	0	0  
 399437.034000  	    ba	0	2  
 399438.167000  	    10	0	0  
 399489.354000  	    7a	8	2  
 399490.544000  	    50	0	0  
 401492.779000  	    8a	3	2  
 401494.048000  	    8a	2	2  
 401495.222000  	    0	0	0  
 404496.476000  	    7a	8	2  
 404497.696000  	    50	0	0  
 405500.004000  	    b9	0	2  
 405501.215000  	    10	0	0  
 407502.522000  	    7a	8	2  
 407503.764000  	    50	0	0  
 408506.166000  	    ba	0	2  
 408507.385000  	    10	0	0  
 408558.757000  	    7a	8	2  
 408560.077000  	    50	0	0  
 409562.395000  	    8a	3	2  
 409563.588000  	    8a	2	2  
 409564.867000  	    0	0	0  
 412566.188000  	    7a	8	2  
 412567.402000  	    50	0	0  
 413569.158000  	    b9	0	2  
 413570.324000  	    10	0	0  
 415571.599000  	    7a	8	2  
 415572.852000  	    50	0	0  
 416575.157000  	    ba	0	2  
 416576.398000  	    10	0	0  
 416627.755000  	    7a	8	2  
 416629.013000  	    50	0	0  
 417631.316000  	    8a	3	2  
 417632.604000  	    8a	2	2  
 417633.909000  	    0	0	0  
 420635.246000  	    7a	8	2  
 420636.536000  	    50	0	0  
 421638.854000  	    b9	0	2  
 421640.136000  	    10	0	0  
 423641.439000  	    7a	8	2  
 423642.663000  	    50	0	0  
 424645.081000  	    ba	0	2  
 424646.328000  	    10	0	0  
 424697.691000  	    7a	8	2  
 424698.969000  	    50	0	0  
 425701.300000  	    8a	3	2  
 425702.551000  	    8a	2	2  
 425703.864000  	    0	0	0  
 428705.189000  	    7a	8	2  
 428706.464000  	    50	0	0  
 429708.882000  	    b9	0	2  
 429710.090000  	    10	0	0  
 431711.400000  	    7a	8	2  
 431712.673000  	    50	0	0  
 432715.186000  	    ba	0	2  
 432716.472000  	    10	0	0  
 432767.792000  	    7a	8	2  
 432768.995000  	    50	0	0  
 433771.225000  	    b6	1	2  
 433772.473000  	    86	2	2  
 433773.721000  	    0	0	0  
 436775.059000  	    76	8	2  
 436776.391000  	    50	0	0  
 437778.579000  	    b5	0	2  
 437779.826000  	    10	0	0  
 439781.145000  	    76	8	2  
 439782.388000  	    50	0	0  
 440784.182000  	    b6	0	2  
 440785.356000  	    10	0	0  
 440836.636000  	    76	8	2  
 440837.928000  	    50	0	0  
 441840.426000  	    8a	3	2  
 441841.622000  	    8a	2	2  
 441842.839000  	    0	0	0  
 444844.141000  	    7a	8	2  
 444845.402000  	    50	0	0  
 445847.723000  	    b9	0	2  
 445848.932000  	    10	0	0  
 447850.195000  	    7a	8	2  
 447851.480000  	    50	0	0  
 448853.949000  	    ba	0	2  
 448855.121000  	    10	0	0  
 448906.450000  	    7a	8	2  
 448907.718000  	    50	0	0  
 449910.182000  	    8a	3	2  
 449911.357000  	    8a	2	2  
 449912.549000  	    0	0	0  
 452913.756000  	    7a	8	2  
 452914.986000  	    50	0	0  
 453917.323000  	    b9	0	2  
 453918.537000  	    10	0	0  
 455919.826000  	    7a	8	2  
 455921.056000  	    50	0	0  
 456923.406000  	    ba	0	2  
 456924.640000  	    10	0	0  
 456975.991000  	    7a	8	2  
 456977.246000  	    50	0	0  
 457979.437000  	    8a	3	2  
 457980.660000  	    8a	2	2  
 457981.878000  	    0	0	0  
 460983.166000  	    7a	8	2  
 460984.480000  	    50	0	0  
 461986.779000  	    b9	0	2  
 461988.012000  	    10	0	0  
 463989.323000  	    7a	8	2  
 463990.605000  	    50	0	0  
 464992.833000  	    ba	0	2  
 464993.966000  	    10	0	0  
 465045.191000  	    7a	8	2  
 465046.374000  	    50	0	0  
 466048.762000  	    8a	3	2  
 466050.025000  	    8a	2	2  
 466051.258000  	    0	0	0  
 469052.584000  	    7a	8	2  
 469053.860000  	    50	0	0  
 470056.244000  	    b9	0	2  
 470057.489000  	    10	0	0  
 472058.840000  	    7a	8	2  
 472060.122000  	    50	0	0  
 473062.701000  	    ba	0	2  
 473063.898000  	    10	0	0  
 473115.252000  	    7a	8	2  
 473116.509000  	    50	0	0  
 474118.775000  	    8a	3	2  
 474119.976000  	    8a	2	2  
 474121.184000  	    0	0	0  
 477122.468000  	    7a	8	2  
 477123.696000  	    50	0	0  
 478126.096000  	    b9	0	2  
 478127.356000  	    10	0	0  
 480128.643000  	    7a	8	2  
 480129.842000  	    50	0	0  
 481132.309000  	    ba	0	2  
 481133.577000  	    10	0	0  
 481184.925000  	    7a	8	2  
 481186.178000  	    50	0	0  
 482188.726000  	    8a	3	2  
 482189.990000  	    8a	2	2  
 482191.210000  	    0	0	0  
 485192.572000  	    7a	8	2  
 485193.856000  	    50	0	0  
 486196.330000  	    b9	0	2  
 486197.633000  	    10	0	0  
 488198.912000  	    7a	8	2  
 488200.140000  	    50	0	0  
 489202.481000  	    ba	0	2  
 489203.702000  	    10	0	0  
 489255.085000  	    7a	8	2  
 489256.388000  	    50	0	0  
 490258.216000  	    8a	3	2  
 490259.355000  	    8a	2	2  
 490260.528000  	    0	0	0  
 493261.795000  	    7a	8	2  
 493263.093000  	    50	0	0  
 494265.468000  	    b9	0	2  
 494266.666000  	    10	0	0  
 496267.975000  	    7a	8	2  
 496269.229000  	    50	0	0  
 497271.804000  	    ba	0	2  
 497273.025000  	    10	0	0  
 497324.385000  	    7a	8	2  
 497325.645000  	    50	0	0  
 498328.010000  	    8a	3	2  
 498329.279000  	    8a	2	2  
 498330.539000  	    0	0	0  
 501331.827000  	    7a	8	2  
 501333.061000  	    50	0	0  
 502335.512000  	    b9	0	2  
 502336.765000  	    10	0	0  
 504338.114000  	    7a	8	2  
 504339.394000  	    50	0	0  
 505341.695000  	    ba	0	2  
 505342.949000  	    10	0	0  
 505394.309000  	    7a	8	2  
 505395.562000  	    50	0	0  
 506397.898000  	    8a	3	2  
 506399.149000  	    8a	2	2  
 506400.464000  	    0	0	0  
 509401.784000  	    7a	8	2  
 509403.036000  	    50	0	0  
 510405.220000  	    b9	0	2  
 510406.400000  	    10	0	0  
 512407.641000  	    7a	8	2  
 512408.868000  	    50	0	0  
 513411.338000  	    ba	0	2  
 513412.573000  	    10	0	0  
 513463.925000  	    7a	8	2  
 513465.183000  	    50	0	0  
 514467.680000  	    b6	1	2  
 514468.942000  	    86	2	2  
 514470.212000  	    0	0	0  
 517471.541000  	    76	8	2  
 517472.828000  	    50	0	0  
 518474.992000  	    b5	0	2  
 518476.186000  	    10	0	0  
 520477.439000  	    76	8	2  
 520478.679000  	    50	0	0  
 521481.073000  	    b6	0	2  
 521482.361000  	    10	0	0  
 521533.722000  	    76	8	2  
 521535.001000  	    50	0	0  
 522537.343000  	    8a	3	2  
 522538.618000  	    8a	2	2  
 522539.873000  	    0	0	0  
 525541.159000  	    7a	8	2  
 525542.423000  	    50	0	0  
 526544.817000  	    b9	0	2  
 526546.091000  	    10	0	0  
 528547.441000  	    7a	8	2  
 528548.722000  	    50	0	0  
 529551.127000  	    ba	0	2  
 529552.400000  	    10	0	0  
 529603.706000  	    7a	8	2  
 529604.985000  	    50	0	0  
 530607.339000  	    8a	3	2  
 530608.591000  	    8a	2	2  
 530609.840000  	    0	0	0  
 533611.138000  	    7a	8	2  
 533612.432000  	    50	0	0  
 534614.780000  	    b9	0	2  
 534616.060000  	    10	0	0  
 536617.386000  	    7a	8	2  
 536618.660000  	    50	0	0  
 537621.017000  	    ba	0	2  
 537622.219000  	    10	0	0  
 537673.581000  	    7a	8	2  
 537674.828000  	    50	0	0  
 538677.300000  	    8a	3	2  
 538678.558000  	    8a	2	2  
 538679.807000  	    0	0	0  
 541681.136000  	    7a	8	2  
 541682.355000  	    50	0	0  
 542684.746000  	    b9	0	2  
 542686.009000  	    10	0	0  
 544687.329000  	    7a	8	2  
 544688.589000  	    50	0	0  
 545690.879000  	    ba	0	2  
 545692.122000  	    10	0	0  
 545743.474000  	    7a	8	2  
 545744.734000  	    50	0	0  
 546747.120000  	    8a	3	2  
 546748.395000  	    8a	2	2  
 546749.558000  	    0	0	0  
 549750.813000  	    7a	8	2  
 549752.065000  	    50	0	0  
 550754.554000  	    b9	0	2  
 550755.734000  	    10	0	0  
 552756.975000  	    7a	8	2  
 552758.192000  	    50	0	0  
 553760.269000  	    ba	0	2  
 553761.437000  	    10	0	0  
 553812.659000  	    7a	8	2  
 553813.870000  	    50	0	0  
 554816.174000  	    8a	3	2  
 554817.399000  	    8a	2	2  
 554818.614000  	    0	0	0  
 557819.954000  	    7a	8	2  
 557821.213000  	    50	0	0  
 558823.449000  	    b9	0	2  
 558824.640000  	    10	0	0  
 560825.915000  	    7a	8	2  
 560827.184000  	    50	0	0  
 561829.609000  	    ba	0	2  
 561830.830000  	    10	0	0  
 561882.138000  	    7a	8	2  
 561883.405000  	    50	0	0  
 562885.838000  	    8a	3	2  
 562887.079000  	    8a	2	2  
 562888.276000  	    0	0	0  
 565889.550000  	    7a	8	2  
 565890.829000  	    50	0	0  
 566893.376000  	    b9	0	2  
 566894.551000  	    10	0	0  
 568895.792000  	    7a	8	2  
 568897.018000  	    50	0	0  
 569899.205000  	    ba	0	2  
 569900.410000  	    10	0	0  
 569951.677000  	    7a	8	2  
 569952.920000  	    50	0	0  
 570955.153000  	    8a	3	2  
 570956.316000  	    8a	2	2  
 570957.472000  	    0	0	0  
 573958.735000  	    7a	8	2  
 573960.014000  	    50	0	0  
 574962.336000  	    b9	0	2  
 574963.524000  	    10	0	0  
 576964.797000  	    7a	8	2  
 576966.011000  	    50	0	0  
 577968.334000  	    ba	0	2  
 577969.601000  	    10	0	0  
 578020.947000  	    7a	8	2  
 578022.203000  	    50	0	0  
 579024.415000  	    8a	3	2  
 579025.616000  	    8a	2	2  
 579026.806000  	    0	0	0  
 582028.060000  	    7a	8	2  
 582029.261000  	    50	0	0  
 583031.596000  	    b9	0	2  
 583032.844000  	    10	0	0  
 585034.125000  	    7a	8	2  
 585035.415000  	    50	0	0  
 586037.753000  	    ba	0	2  
 586038.921000  	    10	0	0  
 586090.165000  	    7a	8	2  
 586091.407000  	    50	0	0  
 587093.626000  	    8a	3	2  
 587094.878000  	    8a	2	2  
 587096.143000  	    0	0	0  
 590097.448000  	    7a	8	2  
 590098.678000  	    50	0	0  
 591100.996000  	    b9	0	2  
 591102.264000  	    10	0	0  
 593103.603000  	    7a	8	2  
 593104.911000  	    50	0	0  
 594107.400000  	    ba	0	2  
 594108.651000  	    10	0	0  
 594159.992000  	    7a	8	2  
 594161.262000  	    50	0	0  
 595163.702000  	    b6	1	2  
 595165.020000  	    86	2	2  
 595166.268000  	    0	0	0  
 598167.679000  	    76	8	2  
 598168.935000  	    50	0	0  
 599171.452000  	    b5	0	2  
 599172.701000  	    10	0	0  
 601173.996000  	    76	8	2  
 601175.265000  	    50	0	0  
 602177.606000  	    b6	0	2  
 602178.808000  	    10	0	0  
 602230.223000  	    76	8	2  
 602231.468000  	    50	0	0  
 603233.812000  	    8a	3	2  
 603235.031000  	    8a	2	2  
 603236.293000  	    0	0	0  
 606237.642000  	    7a	8	2  
 606238.934000  	    50	0	0  
 607241.305000  	    b9	0	2  
 607242.491000  	    10	0	0  
 609243.752000  	    7a	8	2  
 609244.922000  	    50	0	0  
 610247.139000  	    ba	0	2  
 610248.302000  	    10	0	0  
 610299.636000  	    7a	8	2  
 610300.884000  	    50	0	0  
 611303.224000  	    8a	3	2  
 611304.475000  	    8a	2	2  
 611305.729000  	    0	0	0  
 614307.046000  	    7a	8	2  
 614308.318000  	    50	0	0  
 615310.794000  	    b9	0	2  
 615312.042000  	    10	0	0  
 617313.377000  	    7a	8	2  
 617314.644000  	    50	0	0  
 618317.232000  	    ba	0	2  
 618318.432000  	    10	0	0  
 618369.816000  	    7a	8	2  
 618371.103000  	    50	0	0  
 619373.579000  	    8a	3	2  
 619374.783000  	    8a	2	2  
 619376.023000  	    0	0	0  
 622377.380000  	    7a	8	2  
 622378.650000  	    50	0	0  
 623381.136000  	    b9	0	2  
 623382.325000  	    10	0	0  
 625383.628000  	    7a	8	2  
 625384.916000  	    50	0	0  
 626387.300000  	    ba	0	2  
 626388.496000  	    10	0	0  
 626439.753000  	    7a	8	2  
 626441.014000  	    50	0	0  
 627443.386000  	    8a	3	2  
 627444.568000  	    8a	2	2  
 627445.850000  	    0	0	0  
 630447.186000  	    7a	8	2  
 630448.432000  	    50	0	0  
 631450.619000  	    b9	0	2  
 631451.837000  	    10	0	0  
 633453.134000  	    7a	8	2  
 633454.407000  	    50	0	0  
 634456.924000  	    ba	0	2  
 634458.102000  	    10	0	0  
 634509.388000  	    7a	8	2  
 634510.638000  	    50	0	0  
 635512.921000  	    8a	3	2  
 635514.155000  	    8a	2	2  
 635515.381000  	    0	0	0  
 638516.678000  	    7a	8	2  
 638517.961000  	    50	0	0  
 639519.561000  	    b9	0	2  
 639520.685000  	    10	0	0  
 641521.942000  	    7a	8	2  
 641523.209000  	    50	0	0  
 643525.462000  	    ba	0	2  
 643526.789000  	    10	0	0  
 643578.074000  	    7a	8	2  
 643579.327000  	    50	0	0  
 644581.648000  	    8a	3	2  
 644582.808000  	    8a	2	2  
 644583.997000  	    0	0	0  
 647585.294000  	    7a	8	2  
 647586.495000  	    50	0	0  
 648588.845000  	    b9	0	2  
 648590.127000  	    10	0	0  
 650591.429000  	    7a	8	2  
 650592.722000  	    50	0	0  
 651595.267000  	    ba	0	2  
 651596.455000  	    10	0	0  
 651647.722000  	    7a	8	2  
 651648.977000  	    50	0	0  
 652651.572000  	    8a	3	2  
 652652.784000  	    8a	2	2  
 652653.979000  	    0	0	0  
 655655.288000  	    7a	8	2  
 655656.575000  	    50	0	0  
 656659.056000  	    b9	0	2  
 656660.229000  	    10	0	0  
 658661.585000  	    7a	8	2  
 658662.865000  	    50	0	0  
 659665.213000  	    ba	0	2  
 659666.385000  	    10	0	0  
 659717.758000  	    7a	8	2  
 659719.028000  	    50	0	0  
 660721.562000  	    8a	3	2  
 660722.738000  	    8a	2	2  
 660723.925000  	    0	0	0  
 663725.261000  	    7a	8	2  
 663726.484000  	    50	0	0  
 664728.686000  	    b9	0	2  
 664729.859000  	    10	0	0  
 666731.077000  	    7a	8	2  
 666732.418000  	    50	0	0  
 667734.839000  	    ba	0	2  
 667736.072000  	    10	0	0  
 667787.354000  	    7a	8	2  
 667788.614000  	    50	0	0  
 668790.261000  	    8a	3	2  
 668791.397000  	    8a	2	2  
 668792.512000  	    0	0	0  
 671793.734000  	    7a	8	2  
 671794.947000  	    50	0	0  
 672797.194000  	    b9	0	2  
 672798.411000  	    10	0	0  
 674799.682000  	    7a	8	2  
 674800.961000  	    50	0	0  
 675803.326000  	    ba	0	2  
 675804.619000  	    10	0	0  
 675855.981000  	    7a	8	2  
 675857.234000  	    50	0	0  
 676859.749000  	    b6	1	2  
 676861.009000  	    86	2	2  
 676862.254000  	    0	0	0  
 679863.547000  	    76	8	2  
 679864.778000  	    50	0	0  
 680867.227000  	    b5	0	2  
 680868.479000  	    10	0	0  
 682869.844000  	    76	8	2  
 682871.102000  	    50	0	0  
 683873.518000  	    b6	0	2  
 683874.782000  	    10	0	0  
 683926.148000  	    76	8	2  
 683927.401000  	    50	0	0  
 684929.858000  	    8a	3	2  
 684931.117000  	    8a	2	2  
 684932.422000  	    0	0	0  
 687933.761000  	    7a	8	2  
 687935.044000  	    50	0	0  
 688937.644000  	    b9	0	2  
 688938.936000  	    10	0	0  
 690940.232000  	    7a	8	2  
 690941.453000  	    50	0	0  
 691943.824000  	    ba	0	2  
 691945.087000  	    10	0	0  
 691996.448000  	    7a	8	2  
 691997.702000  	    50	0	0  
 692999.943000  	    8a	3	2  
 693001.217000  	    8a	2	2  
 693002.492000  	    0	0	0  
 696003.784000  	    7a	8	2  
 696005.003000  	    50	0	0  
 697007.297000  	    b9	0	2  
 697008.555000  	    10	0	0  
 699009.906000  	    7a	8	2  
 699011.176000  	    50	0	0  
 700013.346000  	    ba	0	2  
 700014.556000  	    10	0	0  
 700065.856000  	    7a	8	2  
 700067.066000  	    50	0	0  
 701069.306000  	    8a	3	2  
 701070.456000  	    8a	2	2  
 701071.682000  	    0	0	0  
 704072.987000  	    7a	8	2  
 704074.290000  	    50	0	0  
 705077.212000  	    b9	0	2  
 705078.377000  	    10	0	0  
 707079.640000  	    7a	8	2  
 707080.894000  	    50	0	0  
 708083.398000  	    ba	0	2  
 708084.632000  	    10	0	0  
 708135.974000  	    7a	8	2  
 708137.207000  	    50	0	0  
 709139.649000  	    8a	3	2  
 709140.893000  	    8a	2	2  
 709142.136000  	    0	0	0  
 712143.454000  	    7a	8	2  
 712144.718000  	    50	0	0  
 713147.159000  	    b9	0	2  
 713148.387000  	    10	0	0  
 715149.642000  	    7a	8	2  
 715150.841000  	    50	0	0  
 716153.224000  	    ba	0	2  
 716154.479000  	    10	0	0  
 716205.861000  	    7a	8	2  
 716207.130000  	    50	0	0  
 717209.368000  	    8a	3	2  
 717210.608000  	    8a	2	2  
 717211.838000  	    0	0	0  
 720213.136000  	    7a	8	2  
 720214.336000  	    50	0	0  
 721216.753000  	    b9	0	2  
 721217.991000  	    10	0	0  
 723219.266000  	    7a	8	2  
 723220.462000  	    50	0	0  
 724222.795000  	    ba	0	2  
 724223.973000  	    10	0	0  
 724275.288000  	    7a	8	2  
 724276.563000  	    50	0	0  
 725278.949000  	    8a	3	2  
 725280.128000  	    8a	2	2  
 725281.372000  	    0	0	0  
 728282.698000  	    7a	8	2  
 728283.961000  	    50	0	0  
 729286.312000  	    b9	0	2  
 729287.525000  	    10	0	0  
 731288.813000  	    7a	8	2  
 731290.037000  	    50	0	0  
 732292.435000  	    ba	0	2  
 732293.680000  	    10	0	0  
 732345.040000  	    7a	8	2  
 732346.338000  	    50	0	0  
 733348.929000  	    8a	3	2  
 733350.218000  	    8a	2	2  
 733351.472000  	    0	0	0  
 736352.791000  	    7a	8	2  
 736354.082000  	    50	0	0  
 737356.291000  	    b9	0	2  
 737357.562000  	    10	0	0  
 739358.890000  	    7a	8	2  
 739360.106000  	    50	0	0  
 740362.275000  	    ba	0	2  
 740363.511000  	    10	0	0  
 740414.836000  	    7a	8	2  
 740416.065000  	    50	0	0  
 741418.424000  	    8a	3	2  
 741419.672000  	    8a	2	2  
 741420.927000  	    0	0	0  
 744422.269000  	    7a	8	2  
 744423.551000  	    50	0	0  
 745426.003000  	    b9	0	2  
 745427.217000  	    10	0	0  
 747428.566000  	    7a	8	2  
 747429.835000  	    50	0	0  
 748432.201000  	    ba	0	2  
 748433.399000  	    10	0	0  
 748484.730000  	    7a	8	2  
 748485.998000  	    50	0	0  
 749488.442000  	    8a	3	2  
 749489.705000  	    8a	2	2  
 749490.959000  	    0	0	0  
 752492.223000  	    7a	8	2  
 752493.421000  	    50	0	0  
 753495.625000  	    b9	0	2  
 753496.890000  	    10	0	0  
 755498.248000  	    7a	8	2  
 755499.466000  	    50	0	0  
 756501.808000  	    ba	0	2  
 756503.064000  	    10	0	0  
 756554.428000  	    7a	8	2  
 756555.695000  	    50	0	0  
 757558.036000  	    b6	1	2  
 757559.305000  	    86	2	2  
 757560.575000  	    0	0	0  
 760561.855000  	    76	8	2  
 760563.007000  	    50	0	0  
 761564.721000  	    b5	0	2  
 761565.878000  	    10	0	0  
 763567.212000  	    76	8	2  
 763568.476000  	    50	0	0  
 764570.810000  	    b6	0	2  
 764571.999000  	    10	0	0  
 764623.350000  	    76	8	2  
 764624.604000  	    50	0	0  
 765626.913000  	    8a	3	2  
 765628.114000  	    8a	2	2  
 765629.347000  	    0	0	0  
 768630.682000  	    7a	8	2  
 768631.955000  	    50	0	0  
 769634.356000  	    b9	0	2  
 769635.551000  	    10	0	0  
 771636.814000  	    7a	8	2  
 771638.056000  	    50	0	0  
 772640.055000  	    ba	0	2  
 772641.213000  	    10	0	0  
 772692.462000  	    7a	8	2  
 772693.645000  	    50	0	0  
 773695.852000  	    8a	3	2  
 773697.092000  	    8a	2	2  
 773698.329000  	    0	0	0  
 776699.643000  	    7a	8	2  
 776700.926000  	    50	0	0  
 777703.317000  	    b9	0	2  
 777704.566000  	    10	0	0  
 779705.903000  	    7a	8	2  
 779707.154000  	    50	0	0  
 780709.490000  	    ba	0	2  
 780710.696000  	    10	0	0  
 780762.030000  	    7a	8	2  
 780763.261000  	    50	0	0  
 781765.652000  	    8a	3	2  
 781766.969000  	    8a	2	2  
 781768.240000  	    0	0	0  
 784769.582000  	    7a	8	2  
 784770.871000  	    50	0	0  
 785773.236000  	    b9	0	2  
 785774.467000  	    10	0	0  
 787775.803000  	    7a	8	2  
 787777.060000  	    50	0	0  
 788779.451000  	    ba	0	2  
 788780.662000  	    10	0	0  
 788832.019000  	    7a	8	2  
 788833.297000  	    50	0	0  
 789835.519000  	    8a	3	2  
 789836.811000  	    8a	2	2  
 789838.086000  	    0	0	0  
 792839.420000  	    7a	8	2  
 792840.659000  	    50	0	0  
 793843.157000  	    b9	0	2  
 793844.389000  	    10	0	0  
 795845.727000  	    7a	8	2  
 795847.004000  	    50	0	0  
 796849.261000  	    ba	0	2  
 796850.561000  	    10	0	0  
 796901.941000  	    7a	8	2  
 796903.193000  	    50	0	0  
 797905.444000  	    8a	3	2  
 797906.720000  	    8a	2	2  
 797907.991000  	    0	0	0  
 800909.321000  	    7a	8	2  
 800910.594000  	    50	0	0  
 801913.143000  	    b9	0	2  
 801914.366000  	    10	0	0  
 803915.722000  	    7a	8	2  
 803917.003000  	    50	0	0  
 804918.626000  	    ba	0	2  
 804919.763000  	    10	0	0  
 804971.016000  	    7a	8	2  
 804972.254000  	    50	0	0  
 805974.736000  	    8a	3	2  
 805975.938000  	    8a	2	2  
 805977.186000  	    0	0	0  
 808978.523000  	    7a	8	2  
 808979.796000  	    50	0	0  
 809982.097000  	    b9	0	2  
 809983.294000  	    10	0	0  
 811984.522000  	    7a	8	2  
 811985.731000  	    50	0	0  
 812987.906000  	    ba	0	2  
 812989.102000  	    10	0	0  
 813040.391000  	    7a	8	2  
 813041.629000  	    50	0	0  
 814044.110000  	    8a	3	2  
 814045.346000  	    8a	2	2  
 814046.589000  	    0	0	0  
 817047.905000  	    7a	8	2  
 817049.185000  	    50	0	0  
 818051.374000  	    b9	0	2  
 818052.548000  	    10	0	0  
 820053.800000  	    7a	8	2  
 820055.059000  	    50	0	0  
 821057.314000  	    ba	0	2  
 821058.489000  	    10	0	0  
 821109.729000  	    7a	8	2  
 821110.933000  	    50	0	0  
 822113.064000  	    8a	3	2  
 822114.249000  	    8a	2	2  
 822115.504000  	    0	0	0  
 825116.766000  	    7a	8	2  
 825117.938000  	    50	0	0  
 826120.313000  	    b9	0	2  
 826121.613000  	    10	0	0  
 828122.902000  	    7a	8	2  
 828124.057000  	    50	0	0  
 829126.245000  	    ba	0	2  
 829127.437000  	    10	0	0  
 829178.706000  	    7a	8	2  
 829179.959000  	    50	0	0  
 830182.104000  	    8a	3	2  
 830183.305000  	    8a	2	2  
 830184.463000  	    0	0	0  
 833185.766000  	    7a	8	2  
 833187.018000  	    50	0	0  
 834189.315000  	    b9	0	2  
 834190.507000  	    10	0	0  
 836191.768000  	    7a	8	2  
 836192.991000  	    50	0	0  
 837194.539000  	    ba	0	2  
 837195.673000  	    10	0	0  
 837246.836000  	    7a	8	2  
 837248.029000  	    50	0	0  
 838250.474000  	    b6	1	2  
 838251.672000  	    86	2	2  
 838252.915000  	    0	0	0  
 841254.250000  	    76	8	2  
 841255.515000  	    50	0	0  
 842257.892000  	    b5	0	2  
 842259.148000  	    10	0	0  
 844260.483000  	    76	8	2  
 844261.761000  	    50	0	0  
 845264.148000  	    b6	0	2  
 845265.338000  	    10	0	0  
 845316.668000  	    76	8	2  
 845317.924000  	    50	0	0  
 846320.186000  	    8a	3	2  
 846321.455000  	    8a	2	2  
 846322.679000  	    0	0	0  
 849324.011000  	    7a	8	2  
 849325.279000  	    50	0	0  
 850327.544000  	    b9	0	2  
 850328.733000  	    10	0	0  
 852330.000000  	    7a	8	2  
 852331.230000  	    50	0	0  
 853333.437000  	    ba	0	2  
 853334.616000  	    10	0	0  
 853385.832000  	    7a	8	2  
 853387.033000  	    50	0	0  
 854389.348000  	    8a	3	2  
 854390.574000  	    8a	2	2  
 854391.818000  	    0	0	0  
 857393.178000  	    7a	8	2  
 857394.463000  	    50	0	0  
 858396.888000  	    b9	0	2  
 858398.119000  	    10	0	0  
 860399.414000  	    7a	8	2  
 860400.654000  	    50	0	0  
 861403.121000  	    ba	0	2  
 861404.334000  	    10	0	0  
 861455.732000  	    7a	8	2  
 861456.988000  	    50	0	0  
 862459.528000  	    8a	3	2  
 862460.778000  	    8a	2	2  
 862462.011000  	    0	0	0  
 865463.332000  	    7a	8	2  
 865464.601000  	    50	0	0  
 866466.929000  	    b9	0	2  
 866468.171000  	    10	0	0  
 868469.423000  	    7a	8	2  
 868470.598000  	    50	0	0  
 869472.876000  	    ba	0	2  
 869474.060000  	    10	0	0  
 869525.314000  	    7a	8	2  
 869526.534000  	    50	0	0  
 870528.777000  	    8a	3	2  
 870529.924000  	    8a	2	2  
 870531.136000  	    0	0	0  
 873532.385000  	    7a	8	2  
 873533.576000  	    50	0	0  
 874535.106000  	    b9	0	2  
 874536.235000  	    10	0	0  
 876537.371000  	    7a	8	2  
 876538.524000  	    50	0	0  
 877540.689000  	    ba	0	2  
 877541.928000  	    10	0	0  
 877593.198000  	    7a	8	2  
 877594.442000  	    50	0	0  
 878596.730000  	    8a	3	2  
 878597.963000  	    8a	2	2  
 878599.189000  	    0	0	0  
 880884.639000  	    ba	0	2  
 880885.877000  	    10	0	0  
