---------------------------------------------------
  Seconds  	 Bits to EIO (12) 	 CIO (13) 	 FIO (15)
---------------------------------------------------
 0.008000  	    9a	a	2  
 0.366000  	    10	0	0  
 123546.613000  	    4f	a	2  
 123547.163000  	    4a	a	2  
 123547.662000  	    0	0	0  
 126548.083000  	    ba	9	2  
 126548.565000  	    30	0	0  
 127550.030000  	    99	a	2  
 127550.493000  	    10	0	0  
 129550.913000  	    9a	6	2  
 129551.426000  	    0	0	0  
 129751.883000  	    ba	9	2  
 129752.432000  	    30	0	0  
 130752.901000  	    9a	a	2  
 130753.450000  	    10	0	0  
 130803.952000  	    ba	9	2  
 130804.526000  	    30	0	0  
 131805.003000  	    4f	a	2  
 131805.559000  	    4a	a	2  
 131806.106000  	    0	0	0  
 134806.627000  	    ba	9	2  
 134807.113000  	    30	0	0  
 135807.552000  	    99	a	2  
 135808.076000  	    10	0	0  
 137808.725000  	    9a	6	2  
 137809.272000  	    0	0	0  
 138009.677000  	    ba	9	2  
 138010.163000  	    30	0	0  
 139010.560000  	    9a	a	2  
 139011.006000  	    10	0	0  
 139061.462000  	    ba	9	2  
 139061.990000  	    30	0	0  
 140062.485000  	    4f	a	2  
 140063.100000  	    4a	a	2  
 140063.633000  	    0	0	0  
 143064.108000  	    ba	9	2  
 143064.600000  	    30	0	0  
 144065.073000  	    99	a	2  
 144065.611000  	    10	0	0  
 146066.164000  	    9a	6	2  
 146066.718000  	    0	0	0  
 146267.212000  	    ba	9	2  
 146267.795000  	    30	0	0  
 147268.296000  	    9a	a	2  
 147268.828000  	    10	0	0  
 147319.311000  	    ba	9	2  
 147319.875000  	    30	0	0  
 148320.356000  	    4f	a	2  
 148320.841000  	    4a	a	2  
 148321.314000  	    0	0	0  
 151321.764000  	    ba	9	2  
 151322.282000  	    30	0	0  
 152322.716000  	    99	a	2  
 152323.229000  	    10	0	0  
 154323.683000  	    9a	6	2  
 154324.224000  	    0	0	0  
 154524.660000  	    ba	9	2  
 154525.203000  	    30	0	0  
 155525.636000  	    9a	a	2  
 155526.173000  	    10	0	0  
 155576.659000  	    ba	9	2  
 155577.237000  	    30	0	0  
 156577.677000  	    4f	a	2  
 156578.112000  	    4a	a	2  
 156578.554000  	    0	0	0  
 159578.992000  	    ba	9	2  
 159579.453000  	    30	0	0  
 160579.868000  	    99	a	2  
 160580.379000  	    10	0	0  
 162580.807000  	    9a	6	2  
 162581.324000  	    0	0	0  
 162781.765000  	    ba	9	2  
 162782.265000  	    30	0	0  
 163782.698000  	    9a	a	2  
 163783.201000  	    10	0	0  
 163833.703000  	    ba	9	2  
 163834.334000  	    30	0	0  
 164834.804000  	    4f	a	2  
 164835.357000  	    4a	a	2  
 164835.969000  	    0	0	0  
 167836.559000  	    ba	9	2  
 167837.101000  	    30	0	0  
 168837.549000  	    99	a	2  
 168838.081000  	    10	0	0  
 170838.555000  	    9a	6	2  
 170839.083000  	    0	0	0  
 171040.500000  	    ba	9	2  
 171041.018000  	    30	0	0  
 172041.418000  	    9a	a	2  
 172041.960000  	    10	0	0  
 172092.478000  	    ba	9	2  
 172093.010000  	    30	0	0  
 173093.521000  	    4f	a	2  
 173093.942000  	    4a	a	2  
 173094.354000  	    0	0	0  
 176094.796000  	    ba	9	2  
 176095.413000  	    30	0	0  
 177095.931000  	    99	a	2  
 177096.441000  	    10	0	0  
 179096.871000  	    9a	6	2  
 179097.386000  	    0	0	0  
 179297.863000  	    ba	9	2  
 179298.352000  	    30	0	0  
 180298.787000  	    9a	a	2  
 180299.355000  	    10	0	0  
 180349.848000  	    ba	9	2  
 180350.424000  	    30	0	0  
 181350.879000  	    4f	a	2  
 181351.349000  	    4a	a	2  
 181351.793000  	    0	0	0  
 184352.172000  	    ba	9	2  
 184352.652000  	    30	0	0  
 185353.120000  	    99	a	2  
 185353.683000  	    10	0	0  
 187354.142000  	    9a	6	2  
 187354.598000  	    0	0	0  
 187555.436000  	    ba	9	2  
 187555.962000  	    30	0	0  
 188556.424000  	    9a	a	2  
 188556.995000  	    10	0	0  
 188607.522000  	    ba	9	2  
 188608.224000  	    30	0	0  
 189608.728000  	    4f	a	2  
 189609.213000  	    4a	a	2  
 189609.663000  	    0	0	0  
 192610.110000  	    ba	9	2  
 192610.656000  	    30	0	0  
 193611.147000  	    99	a	2  
 193611.679000  	    10	0	0  
 193737.605000  	    9a	a	2  
 193738.090000  	    10	0	0  
 198912.232000  	    4f	a	2  
 198912.777000  	    4a	a	2  
 198913.301000  	    0	0	0  
 201913.790000  	    ba	9	2  
 201914.332000  	    30	0	0  
 202915.773000  	    99	a	2  
 202916.592000  	    10	0	0  
 204917.098000  	    9a	6	2  
 204917.636000  	    0	0	0  
 205118.092000  	    ba	9	2  
 205118.622000  	    30	0	0  
 206119.085000  	    9a	a	2  
 206119.697000  	    10	0	0  
 206170.257000  	    ba	9	2  
 206170.831000  	    30	0	0  
 207171.392000  	    4f	a	2  
 207171.944000  	    4a	a	2  
 207172.448000  	    0	0	0  
 210172.898000  	    ba	9	2  
 210173.373000  	    30	0	0  
 211174.795000  	    99	a	2  
 211175.258000  	    10	0	0  
 211478.753000  	    9a	a	2  
 211479.189000  	    10	0	0  
