---------------------------------------------------
  Seconds  	 Bits to EIO (12) 	 CIO (13) 	 FIO (15)
---------------------------------------------------
 0.027000  	    ba	0	2  
 1.223000  	    10	0	0  
 32516.509000  	    8a	3	2  
 32517.883000  	    8a	2	2  
 32519.161000  	    0	0	0  
 35520.530000  	    7a	8	2  
 35521.820000  	    50	0	0  
 36523.636000  	    b9	0	2  
 36524.799000  	    10	0	0  
 38526.061000  	    7a	8	2  
 38527.281000  	    50	0	0  
 39529.413000  	    ba	0	2  
 39530.603000  	    10	0	0  
 39581.933000  	    7a	8	2  
 39583.165000  	    50	0	0  
 40585.590000  	    8a	3	2  
 40586.811000  	    8a	2	2  
 40588.003000  	    0	0	0  
 43589.259000  	    7a	8	2  
 43590.463000  	    50	0	0  
 44592.798000  	    b9	0	2  
 44594.050000  	    10	0	0  
 46595.350000  	    7a	8	2  
 46596.596000  	    50	0	0  
 47599.015000  	    ba	0	2  
 47600.208000  	    10	0	0  
 47651.569000  	    7a	8	2  
 47652.830000  	    50	0	0  
 48655.068000  	    8a	3	2  
 48656.307000  	    8a	2	2  
 48657.511000  	    0	0	0  
 51658.786000  	    7a	8	2  
 51660.072000  	    50	0	0  
 52662.520000  	    b9	0	2  
 52663.691000  	    10	0	0  
 54664.915000  	    7a	8	2  
 54666.118000  	    50	0	0  
 55668.374000  	    ba	0	2  
 55669.601000  	    10	0	0  
 55720.997000  	    7a	8	2  
 55722.253000  	    50	0	0  
 56724.747000  	    8a	3	2  
 56725.949000  	    8a	2	2  
 56727.126000  	    0	0	0  
 59728.419000  	    7a	8	2  
 59729.691000  	    50	0	0  
 60732.069000  	    b9	0	2  
 60733.257000  	    10	0	0  
 62734.502000  	    7a	8	2  
 62735.722000  	    50	0	0  
 63737.312000  	    ba	0	2  
 63738.428000  	    10	0	0  
 63789.656000  	    7a	8	2  
 63790.845000  	    50	0	0  
 64793.024000  	    8a	3	2  
 64794.201000  	    8a	2	2  
 64795.379000  	    0	0	0  
 67796.602000  	    7a	8	2  
 67797.825000  	    50	0	0  
 68800.049000  	    b9	0	2  
 68801.261000  	    10	0	0  
 70802.514000  	    7a	8	2  
 70803.714000  	    50	0	0  
 71805.832000  	    ba	0	2  
 71807.009000  	    10	0	0  
 71858.312000  	    7a	8	2  
 71859.514000  	    50	0	0  
 72861.800000  	    8a	3	2  
 72862.976000  	    8a	2	2  
 72864.135000  	    0	0	0  
 75865.426000  	    7a	8	2  
 75866.702000  	    50	0	0  
 76869.155000  	    b9	0	2  
 76870.354000  	    10	0	0  
 78871.678000  	    7a	8	2  
 78872.945000  	    50	0	0  
 79875.447000  	    ba	0	2  
 79876.631000  	    10	0	0  
 79927.927000  	    7a	8	2  
 79929.183000  	    50	0	0  
 80931.642000  	    8a	3	2  
 80932.866000  	    8a	2	2  
 80934.059000  	    0	0	0  
 83935.318000  	    7a	8	2  
 83936.563000  	    50	0	0  
 84938.823000  	    b9	0	2  
 84940.047000  	    10	0	0  
 86941.351000  	    7a	8	2  
 86942.616000  	    50	0	0  
 87945.193000  	    ba	0	2  
 87946.373000  	    10	0	0  
 87997.666000  	    7a	8	2  
 87998.918000  	    50	0	0  
 89001.092000  	    8a	3	2  
 89002.260000  	    8a	2	2  
 89003.399000  	    0	0	0  
 92004.631000  	    7a	8	2  
 92005.862000  	    50	0	0  
 93008.270000  	    b9	0	2  
 93009.445000  	    10	0	0  
 95010.671000  	    7a	8	2  
 95011.941000  	    50	0	0  
 96014.138000  	    ba	0	2  
 96015.304000  	    10	0	0  
 96066.569000  	    7a	8	2  
 96067.830000  	    50	0	0  
 97069.496000  	    8a	3	2  
 97070.625000  	    8a	2	2  
 97071.736000  	    0	0	0  
 100072.973000  	    7a	8	2  
 100074.231000  	    50	0	0  
 102076.473000  	    b9	0	2  
 102077.675000  	    10	0	0  
 104078.931000  	    7a	8	2  
 104080.209000  	    50	0	0  
 105082.489000  	    ba	0	2  
 105083.656000  	    10	0	0  
 105134.897000  	    7a	8	2  
 105136.135000  	    50	0	0  
 106138.533000  	    b6	1	2  
 106139.710000  	    86	2	2  
 106140.947000  	    0	0	0  
 109142.237000  	    76	8	2  
 109143.466000  	    50	0	0  
 110145.800000  	    b5	0	2  
 110147.003000  	    10	0	0  
 112148.239000  	    76	8	2  
 112149.458000  	    50	0	0  
 113151.788000  	    b6	0	2  
 113152.985000  	    10	0	0  
 113204.359000  	    76	8	2  
 113205.630000  	    50	0	0  
 114207.274000  	    8a	3	2  
 114208.410000  	    8a	2	2  
 114209.522000  	    0	0	0  
 117210.708000  	    7a	8	2  
 117211.927000  	    50	0	0  
 119214.144000  	    b9	0	2  
 119215.333000  	    10	0	0  
 121216.567000  	    7a	8	2  
 121218.107000  	    50	0	0  
 122220.506000  	    ba	0	2  
 122221.719000  	    10	0	0  
 122273.014000  	    7a	8	2  
 122274.278000  	    50	0	0  
 123276.746000  	    8a	3	2  
 123278.013000  	    8a	2	2  
 123279.268000  	    0	0	0  
 126280.580000  	    7a	8	2  
 126281.721000  	    50	0	0  
 127283.972000  	    b9	0	2  
 127285.224000  	    10	0	0  
 129286.489000  	    7a	8	2  
 129287.737000  	    50	0	0  
 130290.323000  	    ba	0	2  
 130291.497000  	    10	0	0  
 130342.773000  	    7a	8	2  
 130344.028000  	    50	0	0  
 131346.136000  	    8a	3	2  
 131347.270000  	    8a	2	2  
 131348.403000  	    0	0	0  
 134349.584000  	    7a	8	2  
 134350.791000  	    50	0	0  
 135353.143000  	    b9	0	2  
 135354.376000  	    10	0	0  
 137355.672000  	    7a	8	2  
 137356.896000  	    50	0	0  
 138359.311000  	    ba	0	2  
 138360.496000  	    10	0	0  
 138411.785000  	    7a	8	2  
 138413.053000  	    50	0	0  
 139415.603000  	    8a	3	2  
 139416.828000  	    8a	2	2  
 139418.074000  	    0	0	0  
 142419.423000  	    7a	8	2  
 142420.713000  	    50	0	0  
 143423.218000  	    b9	0	2  
 143424.399000  	    10	0	0  
 145425.660000  	    7a	8	2  
 145426.928000  	    50	0	0  
 146429.450000  	    ba	0	2  
 146430.684000  	    10	0	0  
 146481.903000  	    7a	8	2  
 146483.130000  	    50	0	0  
 147485.254000  	    8a	3	2  
 147486.510000  	    8a	2	2  
 147487.751000  	    0	0	0  
 150489.075000  	    7a	8	2  
 150490.344000  	    50	0	0  
 151491.999000  	    b9	0	2  
 151493.118000  	    10	0	0  
 153494.321000  	    7a	8	2  
 153495.544000  	    50	0	0  
 154497.912000  	    ba	0	2  
 154499.075000  	    10	0	0  
 154550.368000  	    7a	8	2  
 154551.631000  	    50	0	0  
 155553.823000  	    8a	3	2  
 155555.005000  	    8a	2	2  
 155556.160000  	    0	0	0  
 158557.394000  	    7a	8	2  
 158558.585000  	    50	0	0  
 159560.655000  	    b9	0	2  
 159561.785000  	    10	0	0  
 161563.008000  	    7a	8	2  
 161564.171000  	    50	0	0  
 162566.280000  	    ba	0	2  
 162567.453000  	    10	0	0  
 162618.756000  	    7a	8	2  
 162619.989000  	    50	0	0  
 163622.449000  	    8a	3	2  
 163623.649000  	    8a	2	2  
 163624.896000  	    0	0	0  
 166626.204000  	    7a	8	2  
 166627.375000  	    50	0	0  
 167629.542000  	    b9	0	2  
 167630.712000  	    10	0	0  
 169631.974000  	    7a	8	2  
 169633.226000  	    50	0	0  
 170635.529000  	    ba	0	2  
 170636.706000  	    10	0	0  
 170688.007000  	    7a	8	2  
 170689.263000  	    50	0	0  
 171691.826000  	    8a	3	2  
 171692.997000  	    8a	2	2  
 171694.144000  	    0	0	0  
 174695.386000  	    7a	8	2  
 174696.695000  	    50	0	0  
 175699.214000  	    b9	0	2  
 175700.419000  	    10	0	0  
 177701.727000  	    7a	8	2  
 177703.003000  	    50	0	0  
 178705.298000  	    ba	0	2  
 178706.486000  	    10	0	0  
 178757.788000  	    7a	8	2  
 178759.035000  	    50	0	0  
 179761.261000  	    8a	3	2  
 179762.522000  	    8a	2	2  
 179763.773000  	    0	0	0  
 182765.065000  	    7a	8	2  
 182766.287000  	    50	0	0  
 183768.630000  	    b9	0	2  
 183769.886000  	    10	0	0  
 185771.207000  	    7a	8	2  
 185772.482000  	    50	0	0  
 186774.975000  	    ba	0	2  
 186776.181000  	    10	0	0  
 186827.488000  	    7a	8	2  
 186828.745000  	    50	0	0  
 187831.164000  	    b6	1	2  
 187832.364000  	    86	2	2  
 187833.577000  	    0	0	0  
 190834.807000  	    76	8	2  
 190836.079000  	    50	0	0  
 191838.379000  	    b5	0	2  
 191839.578000  	    10	0	0  
 193840.856000  	    76	8	2  
 193842.105000  	    50	0	0  
 194844.591000  	    b6	0	2  
 194845.782000  	    10	0	0  
 194897.131000  	    76	8	2  
 194898.451000  	    50	0	0  
 195900.787000  	    8a	3	2  
 195902.012000  	    8a	2	2  
 195903.223000  	    0	0	0  
 198904.448000  	    7a	8	2  
 198905.672000  	    50	0	0  
 199907.954000  	    b9	0	2  
 199909.137000  	    10	0	0  
 201910.414000  	    7a	8	2  
 201911.606000  	    50	0	0  
 202913.954000  	    ba	0	2  
 202915.155000  	    10	0	0  
 202966.507000  	    7a	8	2  
 202967.736000  	    50	0	0  
 203970.084000  	    8a	3	2  
 203971.263000  	    8a	2	2  
 203972.491000  	    0	0	0  
 206973.806000  	    7a	8	2  
 206975.078000  	    50	0	0  
 207977.542000  	    b9	0	2  
 207978.717000  	    10	0	0  
 209979.943000  	    7a	8	2  
 209981.154000  	    50	0	0  
 210983.424000  	    ba	0	2  
 210984.600000  	    10	0	0  
 211035.927000  	    7a	8	2  
 211037.196000  	    50	0	0  
 212039.682000  	    8a	3	2  
 212040.944000  	    8a	2	2  
 212042.234000  	    0	0	0  
 215043.522000  	    7a	8	2  
 215044.816000  	    50	0	0  
 216047.179000  	    b9	0	2  
 216048.365000  	    10	0	0  
 218049.703000  	    7a	8	2  
 218050.976000  	    50	0	0  
 219053.423000  	    ba	0	2  
 219054.686000  	    10	0	0  
 219106.023000  	    7a	8	2  
 219107.337000  	    50	0	0  
 220109.530000  	    8a	3	2  
 220110.691000  	    8a	2	2  
 220111.865000  	    0	0	0  
 223113.086000  	    7a	8	2  
 223114.276000  	    50	0	0  
 224116.647000  	    b9	0	2  
 224117.843000  	    10	0	0  
 226119.133000  	    7a	8	2  
 226120.408000  	    50	0	0  
 227122.589000  	    ba	0	2  
 227123.769000  	    10	0	0  
 227175.054000  	    7a	8	2  
 227176.324000  	    50	0	0  
 228178.619000  	    8a	3	2  
 228179.838000  	    8a	2	2  
 228181.061000  	    0	0	0  
 231182.351000  	    7a	8	2  
 231183.560000  	    50	0	0  
 232185.725000  	    b9	0	2  
 232186.939000  	    10	0	0  
 234188.279000  	    7a	8	2  
 234189.552000  	    50	0	0  
 235191.904000  	    ba	0	2  
 235193.082000  	    10	0	0  
 235244.378000  	    7a	8	2  
 235245.621000  	    50	0	0  
 236247.713000  	    8a	3	2  
 236248.897000  	    8a	2	2  
 236250.089000  	    0	0	0  
 239251.347000  	    7a	8	2  
 239252.589000  	    50	0	0  
 240255.061000  	    b9	0	2  
 240256.282000  	    10	0	0  
 242257.605000  	    7a	8	2  
 242258.861000  	    50	0	0  
 243261.142000  	    ba	0	2  
 243262.343000  	    10	0	0  
 243313.632000  	    7a	8	2  
 243314.836000  	    50	0	0  
 244317.329000  	    8a	3	2  
 244318.530000  	    8a	2	2  
 244319.778000  	    0	0	0  
 247321.171000  	    7a	8	2  
 247322.422000  	    50	0	0  
 248324.732000  	    b9	0	2  
 248325.959000  	    10	0	0  
 250327.275000  	    7a	8	2  
 250328.588000  	    50	0	0  
 251331.114000  	    ba	0	2  
 251332.304000  	    10	0	0  
 251383.654000  	    7a	8	2  
 251384.927000  	    50	0	0  
 252387.471000  	    8a	3	2  
 252388.655000  	    8a	2	2  
 252389.815000  	    0	0	0  
 255391.095000  	    7a	8	2  
 255392.320000  	    50	0	0  
 256394.525000  	    b9	0	2  
 256395.727000  	    10	0	0  
 258396.990000  	    7a	8	2  
 258398.290000  	    50	0	0  
 259400.628000  	    ba	0	2  
 259401.790000  	    10	0	0  
 259453.021000  	    7a	8	2  
 259454.267000  	    50	0	0  
 260456.621000  	    8a	3	2  
 260457.833000  	    8a	2	2  
 260459.026000  	    0	0	0  
 263460.287000  	    7a	8	2  
 263461.596000  	    50	0	0  
 264463.997000  	    b9	0	2  
 264465.200000  	    10	0	0  
 266466.422000  	    7a	8	2  
 266467.621000  	    50	0	0  
 267469.847000  	    ba	0	2  
 267471.074000  	    10	0	0  
 267522.435000  	    7a	8	2  
 267523.683000  	    50	0	0  
 268526.133000  	    b6	1	2  
 268527.336000  	    86	2	2  
 268528.581000  	    0	0	0  
 271529.850000  	    76	8	2  
 271531.098000  	    50	0	0  
 272533.393000  	    b5	0	2  
 272534.649000  	    10	0	0  
 274535.945000  	    76	8	2  
 274537.174000  	    50	0	0  
 275539.453000  	    b6	0	2  
 275540.662000  	    10	0	0  
 275591.919000  	    76	8	2  
 275593.103000  	    50	0	0  
 276595.350000  	    8a	3	2  
 276596.578000  	    8a	2	2  
 276597.794000  	    0	0	0  
 279599.032000  	    7a	8	2  
 279600.280000  	    50	0	0  
 280602.524000  	    b9	0	2  
 280603.704000  	    10	0	0  
 282605.001000  	    7a	8	2  
 282606.257000  	    50	0	0  
 283608.601000  	    ba	0	2  
 283609.826000  	    10	0	0  
 283661.106000  	    7a	8	2  
 283662.346000  	    50	0	0  
 284664.667000  	    8a	3	2  
 284665.895000  	    8a	2	2  
 284667.085000  	    0	0	0  
 287668.339000  	    7a	8	2  
 287669.614000  	    50	0	0  
 288672.068000  	    b9	0	2  
 288673.342000  	    10	0	0  
 290674.645000  	    7a	8	2  
 290675.918000  	    50	0	0  
 291678.283000  	    ba	0	2  
 291679.469000  	    10	0	0  
 291730.814000  	    7a	8	2  
 291732.080000  	    50	0	0  
 292734.376000  	    8a	3	2  
 292735.552000  	    8a	2	2  
 292736.803000  	    0	0	0  
 295738.154000  	    7a	8	2  
 295739.429000  	    50	0	0  
 296741.865000  	    b9	0	2  
 296743.064000  	    10	0	0  
 298744.389000  	    7a	8	2  
 298745.662000  	    50	0	0  
 299747.976000  	    ba	0	2  
 299749.201000  	    10	0	0  
 299800.497000  	    7a	8	2  
 299801.740000  	    50	0	0  
 300804.127000  	    8a	3	2  
 300805.335000  	    8a	2	2  
 300806.578000  	    0	0	0  
 303807.911000  	    7a	8	2  
 303809.206000  	    50	0	0  
 304811.569000  	    b9	0	2  
 304812.869000  	    10	0	0  
 306814.242000  	    7a	8	2  
 306815.506000  	    50	0	0  
 307817.837000  	    ba	0	2  
 307819.017000  	    10	0	0  
 307870.311000  	    7a	8	2  
 307871.564000  	    50	0	0  
 308873.882000  	    8a	3	2  
 308875.105000  	    8a	2	2  
 308876.299000  	    0	0	0  
 311877.517000  	    7a	8	2  
 311878.739000  	    50	0	0  
 312881.196000  	    b9	0	2  
 312882.369000  	    10	0	0  
 314883.655000  	    7a	8	2  
 314884.912000  	    50	0	0  
 315887.338000  	    ba	0	2  
 315888.521000  	    10	0	0  
 315939.860000  	    7a	8	2  
 315941.115000  	    50	0	0  
 316943.747000  	    8a	3	2  
 316945.074000  	    8a	2	2  
 316946.348000  	    0	0	0  
 319947.660000  	    7a	8	2  
 319948.960000  	    50	0	0  
 320950.555000  	    b9	0	2  
 320951.676000  	    10	0	0  
 322952.901000  	    7a	8	2  
 322954.169000  	    50	0	0  
 324956.437000  	    ba	0	2  
 324957.629000  	    10	0	0  
 325008.987000  	    7a	8	2  
 325010.284000  	    50	0	0  
 326012.462000  	    8a	3	2  
 326013.615000  	    8a	2	2  
 326014.778000  	    0	0	0  
 329016.016000  	    7a	8	2  
 329017.290000  	    50	0	0  
 330019.643000  	    b9	0	2  
 330020.832000  	    10	0	0  
 332022.072000  	    7a	8	2  
 332023.298000  	    50	0	0  
 333025.522000  	    ba	0	2  
 333026.737000  	    10	0	0  
 333078.061000  	    7a	8	2  
 333079.316000  	    50	0	0  
 334081.821000  	    8a	3	2  
 334083.003000  	    8a	2	2  
 334084.177000  	    0	0	0  
 337085.477000  	    7a	8	2  
 337086.741000  	    50	0	0  
 338089.107000  	    b9	0	2  
 338090.284000  	    10	0	0  
 340091.615000  	    7a	8	2  
 340092.859000  	    50	0	0  
 341095.199000  	    ba	0	2  
 341096.409000  	    10	0	0  
 341147.804000  	    7a	8	2  
 341149.052000  	    50	0	0  
 342151.464000  	    8a	3	2  
 342152.692000  	    8a	2	2  
 342153.940000  	    0	0	0  
 345155.229000  	    7a	8	2  
 345156.473000  	    50	0	0  
 346158.903000  	    b9	0	2  
 346160.107000  	    10	0	0  
 348161.408000  	    7a	8	2  
 348162.697000  	    50	0	0  
 349164.953000  	    ba	0	2  
 349166.143000  	    10	0	0  
 349217.453000  	    7a	8	2  
 349218.707000  	    50	0	0  
 350221.173000  	    b6	1	2  
 350222.382000  	    86	2	2  
 350223.568000  	    0	0	0  
 353224.820000  	    76	8	2  
 353226.094000  	    50	0	0  
 354228.591000  	    b5	0	2  
 354229.796000  	    10	0	0  
 356231.100000  	    76	8	2  
 356232.357000  	    50	0	0  
 357234.649000  	    b6	0	2  
 357235.837000  	    10	0	0  
 357287.098000  	    76	8	2  
 357288.353000  	    50	0	0  
 358290.896000  	    8a	3	2  
 358292.102000  	    8a	2	2  
 358293.375000  	    0	0	0  
 361294.682000  	    7a	8	2  
 361295.900000  	    50	0	0  
 362298.329000  	    b9	0	2  
 362299.522000  	    10	0	0  
 364300.813000  	    7a	8	2  
 364302.082000  	    50	0	0  
 365304.610000  	    ba	0	2  
 365305.795000  	    10	0	0  
 365357.078000  	    7a	8	2  
 365358.330000  	    50	0	0  
 366360.835000  	    8a	3	2  
 366362.012000  	    8a	2	2  
 366363.169000  	    0	0	0  
 369364.437000  	    7a	8	2  
 369365.709000  	    50	0	0  
 370368.291000  	    b9	0	2  
 370369.472000  	    10	0	0  
 372370.745000  	    7a	8	2  
 372372.006000  	    50	0	0  
 373374.193000  	    ba	0	2  
 373375.402000  	    10	0	0  
 373426.677000  	    7a	8	2  
 373427.900000  	    50	0	0  
 374430.409000  	    8a	3	2  
 374431.592000  	    8a	2	2  
 374432.782000  	    0	0	0  
 377434.060000  	    7a	8	2  
 377435.277000  	    50	0	0  
 378437.486000  	    b9	0	2  
 378438.669000  	    10	0	0  
 380439.955000  	    7a	8	2  
 380441.211000  	    50	0	0  
 381443.043000  	    ba	0	2  
 381444.216000  	    10	0	0  
 381495.481000  	    7a	8	2  
 381496.709000  	    50	0	0  
 382499.088000  	    8a	3	2  
 382500.281000  	    8a	2	2  
 382501.494000  	    0	0	0  
 385502.775000  	    7a	8	2  
 385503.987000  	    50	0	0  
 386506.307000  	    b9	0	2  
 386507.480000  	    10	0	0  
 388508.713000  	    7a	8	2  
 388509.966000  	    50	0	0  
 389512.442000  	    ba	0	2  
 389513.623000  	    10	0	0  
 389564.936000  	    7a	8	2  
 389566.192000  	    50	0	0  
 390568.442000  	    8a	3	2  
 390569.627000  	    8a	2	2  
 390570.819000  	    0	0	0  
 393572.087000  	    7a	8	2  
 393573.336000  	    50	0	0  
 394575.750000  	    b9	0	2  
 394577.049000  	    10	0	0  
 396578.378000  	    7a	8	2  
 396579.663000  	    50	0	0  
 397582.105000  	    ba	0	2  
 397583.299000  	    10	0	0  
 397634.626000  	    7a	8	2  
 397635.871000  	    50	0	0  
 398638.361000  	    8a	3	2  
 398639.538000  	    8a	2	2  
 398640.733000  	    0	0	0  
 401642.064000  	    7a	8	2  
 401643.335000  	    50	0	0  
 402645.589000  	    b9	0	2  
 402646.770000  	    10	0	0  
 404648.059000  	    7a	8	2  
 404649.320000  	    50	0	0  
 405651.685000  	    ba	0	2  
 405652.925000  	    10	0	0  
 405704.274000  	    7a	8	2  
 405705.508000  	    50	0	0  
 406707.668000  	    8a	3	2  
 406708.874000  	    8a	2	2  
 406710.104000  	    0	0	0  
 409711.387000  	    7a	8	2  
 409712.728000  	    50	0	0  
 410715.035000  	    b9	0	2  
 410716.279000  	    10	0	0  
 412717.629000  	    7a	8	2  
 412718.899000  	    50	0	0  
 413721.335000  	    ba	0	2  
 413722.545000  	    10	0	0  
 413773.879000  	    7a	8	2  
 413775.113000  	    50	0	0  
 414777.565000  	    8a	3	2  
 414778.765000  	    8a	2	2  
 414779.933000  	    0	0	0  
 417781.236000  	    7a	8	2  
 417782.495000  	    50	0	0  
 418784.911000  	    b9	0	2  
 418786.076000  	    10	0	0  
 420787.297000  	    7a	8	2  
 420788.523000  	    50	0	0  
 421790.911000  	    ba	0	2  
 421792.105000  	    10	0	0  
 421843.454000  	    7a	8	2  
 421844.723000  	    50	0	0  
 422847.067000  	    8a	3	2  
 422848.262000  	    8a	2	2  
 422849.457000  	    0	0	0  
 425850.743000  	    7a	8	2  
 425851.991000  	    50	0	0  
 426854.525000  	    b9	0	2  
 426855.698000  	    10	0	0  
 428856.936000  	    7a	8	2  
 428858.147000  	    50	0	0  
 429860.467000  	    ba	0	2  
 429861.657000  	    10	0	0  
 429912.933000  	    7a	8	2  
 429914.194000  	    50	0	0  
 430916.749000  	    b6	1	2  
 430917.951000  	    86	2	2  
 430919.184000  	    0	0	0  
 433920.478000  	    76	8	2  
 433921.736000  	    50	0	0  
 434924.193000  	    b5	0	2  
 434925.373000  	    10	0	0  
 436926.614000  	    76	8	2  
 436927.869000  	    50	0	0  
 437930.105000  	    b6	0	2  
 437931.313000  	    10	0	0  
 437982.655000  	    76	8	2  
 437983.908000  	    50	0	0  
 438986.181000  	    8a	3	2  
 438987.341000  	    8a	2	2  
 438988.593000  	    0	0	0  
 441989.876000  	    7a	8	2  
 441991.133000  	    50	0	0  
 442993.388000  	    b9	0	2  
 442994.571000  	    10	0	0  
 444995.851000  	    7a	8	2  
 444997.106000  	    50	0	0  
 445999.464000  	    ba	0	2  
 446000.725000  	    10	0	0  
 446052.087000  	    7a	8	2  
 446053.338000  	    50	0	0  
 447055.804000  	    8a	3	2  
 447056.976000  	    8a	2	2  
 447058.150000  	    0	0	0  
 450059.472000  	    7a	8	2  
 450060.750000  	    50	0	0  
 451062.954000  	    b9	0	2  
 451064.203000  	    10	0	0  
 453065.451000  	    7a	8	2  
 453066.760000  	    50	0	0  
 454069.221000  	    ba	0	2  
 454070.404000  	    10	0	0  
 454121.676000  	    7a	8	2  
 454122.918000  	    50	0	0  
 455125.354000  	    8a	3	2  
 455126.547000  	    8a	2	2  
 455127.777000  	    0	0	0  
 458129.040000  	    7a	8	2  
 458130.239000  	    50	0	0  
 459132.626000  	    b9	0	2  
 459133.828000  	    10	0	0  
 461135.062000  	    7a	8	2  
 461136.291000  	    50	0	0  
 462138.549000  	    ba	0	2  
 462139.724000  	    10	0	0  
 462191.069000  	    7a	8	2  
 462192.302000  	    50	0	0  
 463194.811000  	    8a	3	2  
 463195.990000  	    8a	2	2  
 463197.184000  	    0	0	0  
 466198.481000  	    7a	8	2  
 466199.694000  	    50	0	0  
 467201.944000  	    b9	0	2  
 467203.104000  	    10	0	0  
 469204.428000  	    7a	8	2  
 469205.698000  	    50	0	0  
 470208.050000  	    ba	0	2  
 470209.239000  	    10	0	0  
 470260.612000  	    7a	8	2  
 470261.802000  	    50	0	0  
 471264.115000  	    8a	3	2  
 471265.299000  	    8a	2	2  
 471266.463000  	    0	0	0  
 474267.738000  	    7a	8	2  
 474269.013000  	    50	0	0  
 475271.417000  	    b9	0	2  
 475272.605000  	    10	0	0  
 477273.879000  	    7a	8	2  
 477275.168000  	    50	0	0  
 478277.521000  	    ba	0	2  
 478278.693000  	    10	0	0  
 478329.989000  	    7a	8	2  
 478331.242000  	    50	0	0  
 479333.637000  	    8a	3	2  
 479334.821000  	    8a	2	2  
 479336.012000  	    0	0	0  
 482337.344000  	    7a	8	2  
 482338.627000  	    50	0	0  
 483340.744000  	    b9	0	2  
 483341.902000  	    10	0	0  
 485343.128000  	    7a	8	2  
 485344.310000  	    50	0	0  
 486346.700000  	    ba	0	2  
 486347.869000  	    10	0	0  
 486399.186000  	    7a	8	2  
 486400.400000  	    50	0	0  
 487402.901000  	    8a	3	2  
 487404.087000  	    8a	2	2  
 487405.248000  	    0	0	0  
 490406.526000  	    7a	8	2  
 490407.801000  	    50	0	0  
 491410.320000  	    b9	0	2  
 491411.510000  	    10	0	0  
 493412.757000  	    7a	8	2  
 493413.949000  	    50	0	0  
 494416.318000  	    ba	0	2  
 494417.510000  	    10	0	0  
 494468.812000  	    7a	8	2  
 494470.061000  	    50	0	0  
 495472.442000  	    8a	3	2  
 495473.668000  	    8a	2	2  
 495474.912000  	    0	0	0  
 498476.179000  	    7a	8	2  
 498477.358000  	    50	0	0  
 499479.714000  	    b9	0	2  
 499480.913000  	    10	0	0  
 501482.202000  	    7a	8	2  
 501483.427000  	    50	0	0  
 502485.870000  	    ba	0	2  
 502487.061000  	    10	0	0  
 502538.418000  	    7a	8	2  
 502539.669000  	    50	0	0  
 503542.181000  	    8a	3	2  
 503543.386000  	    8a	2	2  
 503544.598000  	    0	0	0  
 506545.874000  	    7a	8	2  
 506547.098000  	    50	0	0  
 507549.548000  	    b9	0	2  
 507550.750000  	    10	0	0  
 509552.003000  	    7a	8	2  
 509553.256000  	    50	0	0  
 510555.404000  	    ba	0	2  
 510556.732000  	    10	0	0  
 510608.131000  	    7a	8	2  
 510609.381000  	    50	0	0  
 511611.607000  	    b6	1	2  
 511612.785000  	    86	2	2  
 511613.960000  	    0	0	0  
 514615.235000  	    76	8	2  
 514616.491000  	    50	0	0  
 515618.817000  	    b5	0	2  
 515620.015000  	    10	0	0  
 517621.275000  	    76	8	2  
 517622.555000  	    50	0	0  
 518624.198000  	    b6	0	2  
 518625.333000  	    10	0	0  
 518676.492000  	    76	8	2  
 518677.653000  	    50	0	0  
 520679.622000  	    8a	3	2  
 520680.761000  	    8a	2	2  
 520681.877000  	    0	0	0  
 523683.104000  	    7a	8	2  
 523684.289000  	    50	0	0  
 524686.501000  	    b9	0	2  
 524687.661000  	    10	0	0  
 526688.897000  	    7a	8	2  
 526690.127000  	    50	0	0  
 527692.473000  	    ba	0	2  
 527693.668000  	    10	0	0  
 527745.016000  	    7a	8	2  
 527746.284000  	    50	0	0  
 528748.582000  	    8a	3	2  
 528749.760000  	    8a	2	2  
 528750.951000  	    0	0	0  
 531752.255000  	    7a	8	2  
 531753.515000  	    50	0	0  
 532755.819000  	    b9	0	2  
 532756.980000  	    10	0	0  
 534758.295000  	    7a	8	2  
 534759.599000  	    50	0	0  
 535761.824000  	    ba	0	2  
 535762.980000  	    10	0	0  
 535814.255000  	    7a	8	2  
 535815.477000  	    50	0	0  
 536817.929000  	    8a	3	2  
 536819.117000  	    8a	2	2  
 536820.349000  	    0	0	0  
 539821.696000  	    7a	8	2  
 539822.950000  	    50	0	0  
 540824.585000  	    b9	0	2  
 540825.719000  	    10	0	0  
 542826.954000  	    7a	8	2  
 542828.219000  	    50	0	0  
 544830.541000  	    ba	0	2  
 544831.802000  	    10	0	0  
 544883.072000  	    7a	8	2  
 544884.313000  	    50	0	0  
 545886.580000  	    8a	3	2  
 545887.803000  	    8a	2	2  
 545888.981000  	    0	0	0  
 548890.164000  	    7a	8	2  
 548891.367000  	    50	0	0  
 549892.966000  	    b9	0	2  
 549894.101000  	    10	0	0  
 551895.273000  	    7a	8	2  
 551896.494000  	    50	0	0  
 553898.528000  	    ba	0	2  
 553899.672000  	    10	0	0  
 553950.860000  	    7a	8	2  
 553952.101000  	    50	0	0  
 554954.345000  	    8a	3	2  
 554955.520000  	    8a	2	2  
 554956.761000  	    0	0	0  
 557958.045000  	    7a	8	2  
 557959.305000  	    50	0	0  
 558961.705000  	    b9	0	2  
 558962.889000  	    10	0	0  
 560964.153000  	    7a	8	2  
 560965.332000  	    50	0	0  
 561967.756000  	    ba	0	2  
 561968.934000  	    10	0	0  
 562020.222000  	    7a	8	2  
 562021.468000  	    50	0	0  
 563023.934000  	    8a	3	2  
 563025.117000  	    8a	2	2  
 563026.308000  	    0	0	0  
 566027.561000  	    7a	8	2  
 566028.732000  	    50	0	0  
 567031.070000  	    b9	0	2  
 567032.335000  	    10	0	0  
 569033.638000  	    7a	8	2  
 569034.891000  	    50	0	0  
 570037.424000  	    ba	0	2  
 570038.614000  	    10	0	0  
 570089.847000  	    7a	8	2  
 570091.105000  	    50	0	0  
 571093.308000  	    8a	3	2  
 571094.499000  	    8a	2	2  
 571095.684000  	    0	0	0  
 574096.905000  	    7a	8	2  
 574098.056000  	    50	0	0  
 575100.001000  	    b9	0	2  
 575101.130000  	    10	0	0  
 577102.385000  	    7a	8	2  
 577103.643000  	    50	0	0  
 578105.945000  	    ba	0	2  
 578107.145000  	    10	0	0  
 578158.434000  	    7a	8	2  
 578159.639000  	    50	0	0  
 579161.887000  	    8a	3	2  
 579163.101000  	    8a	2	2  
 579164.309000  	    0	0	0  
 582165.544000  	    7a	8	2  
 582166.727000  	    50	0	0  
 583169.089000  	    b9	0	2  
 583170.253000  	    10	0	0  
 585171.528000  	    7a	8	2  
 585172.786000  	    50	0	0  
 586174.921000  	    ba	0	2  
 586176.090000  	    10	0	0  
 586227.351000  	    7a	8	2  
 586228.610000  	    50	0	0  
 587231.114000  	    8a	3	2  
 587232.315000  	    8a	2	2  
 587233.562000  	    0	0	0  
 590234.923000  	    7a	8	2  
 590236.173000  	    50	0	0  
 591237.735000  	    b9	0	2  
 591238.846000  	    10	0	0  
 593240.046000  	    7a	8	2  
 593241.314000  	    50	0	0  
 595243.572000  	    ba	0	2  
 595244.763000  	    10	0	0  
 595296.022000  	    7a	8	2  
 595297.309000  	    50	0	0  
 596299.605000  	    b6	1	2  
 596300.772000  	    86	2	2  
 596301.966000  	    0	0	0  
 599303.214000  	    76	8	2  
 599304.431000  	    50	0	0  
 600306.732000  	    b5	0	2  
 600307.907000  	    10	0	0  
 602309.148000  	    76	8	2  
 602310.416000  	    50	0	0  
 603312.707000  	    b6	0	2  
 603313.936000  	    10	0	0  
 603365.234000  	    76	8	2  
 603366.433000  	    50	0	0  
 604368.914000  	    8a	3	2  
 604370.174000  	    8a	2	2  
 604371.425000  	    0	0	0  
 607372.702000  	    7a	8	2  
 607373.903000  	    50	0	0  
 608376.102000  	    b9	0	2  
 608377.284000  	    10	0	0  
 610378.511000  	    7a	8	2  
 610379.772000  	    50	0	0  
 611382.352000  	    ba	0	2  
 611383.624000  	    10	0	0  
 611434.923000  	    7a	8	2  
 611436.161000  	    50	0	0  
 612438.433000  	    8a	3	2  
 612439.672000  	    8a	2	2  
 612440.933000  	    0	0	0  
 615442.287000  	    7a	8	2  
 615443.562000  	    50	0	0  
 616445.638000  	    b9	0	2  
 616446.822000  	    10	0	0  
 618448.064000  	    7a	8	2  
 618449.339000  	    50	0	0  
 619451.787000  	    ba	0	2  
 619453.000000  	    10	0	0  
 619504.336000  	    7a	8	2  
 619505.584000  	    50	0	0  
 620507.862000  	    8a	3	2  
 620509.134000  	    8a	2	2  
 620510.408000  	    0	0	0  
 623511.718000  	    7a	8	2  
 623512.997000  	    50	0	0  
 624515.558000  	    b9	0	2  
 624516.783000  	    10	0	0  
 626518.053000  	    7a	8	2  
 626519.224000  	    50	0	0  
 627521.587000  	    ba	0	2  
 627522.772000  	    10	0	0  
 627574.066000  	    7a	8	2  
 627575.334000  	    50	0	0  
 628577.812000  	    8a	3	2  
 628579.063000  	    8a	2	2  
 628580.314000  	    0	0	0  
 631581.578000  	    7a	8	2  
 631582.720000  	    50	0	0  
 632584.274000  	    b9	0	2  
 632585.418000  	    10	0	0  
 634586.650000  	    7a	8	2  
 634587.846000  	    50	0	0  
 636589.807000  	    ba	0	2  
 636590.971000  	    10	0	0  
 636642.207000  	    7a	8	2  
 636643.353000  	    50	0	0  
 637645.675000  	    8a	3	2  
 637646.851000  	    8a	2	2  
 637648.091000  	    0	0	0  
 640649.401000  	    7a	8	2  
 640650.678000  	    50	0	0  
 641652.279000  	    b9	0	2  
 641653.416000  	    10	0	0  
 643654.572000  	    7a	8	2  
 643655.743000  	    50	0	0  
 645657.968000  	    ba	0	2  
 645659.127000  	    10	0	0  
 645710.439000  	    7a	8	2  
 645711.657000  	    50	0	0  
 646714.094000  	    8a	3	2  
 646715.220000  	    8a	2	2  
 646716.367000  	    0	0	0  
 649717.614000  	    7a	8	2  
 649718.882000  	    50	0	0  
 650721.265000  	    b9	0	2  
 650722.450000  	    10	0	0  
 652723.681000  	    7a	8	2  
 652724.951000  	    50	0	0  
 653727.430000  	    ba	0	2  
 653728.671000  	    10	0	0  
 653780.030000  	    7a	8	2  
 653781.284000  	    50	0	0  
 654783.552000  	    8a	3	2  
 654784.813000  	    8a	2	2  
 654786.146000  	    0	0	0  
 657787.472000  	    7a	8	2  
 657788.723000  	    50	0	0  
 658791.011000  	    b9	0	2  
 658792.196000  	    10	0	0  
 660793.459000  	    7a	8	2  
 660794.661000  	    50	0	0  
 661796.971000  	    ba	0	2  
 661798.175000  	    10	0	0  
 661849.440000  	    7a	8	2  
 661850.615000  	    50	0	0  
 662852.814000  	    8a	3	2  
 662853.994000  	    8a	2	2  
 662855.214000  	    0	0	0  
 665856.618000  	    7a	8	2  
 665857.891000  	    50	0	0  
 666859.701000  	    b9	0	2  
 666860.846000  	    10	0	0  
 668862.106000  	    7a	8	2  
 668863.374000  	    50	0	0  
 669865.831000  	    ba	0	2  
 669867.026000  	    10	0	0  
 669918.469000  	    7a	8	2  
 669919.766000  	    50	0	0  
 670922.191000  	    8a	3	2  
 670923.412000  	    8a	2	2  
 670924.695000  	    0	0	0  
 673925.978000  	    7a	8	2  
 673927.194000  	    50	0	0  
 674929.481000  	    b9	0	2  
 674930.750000  	    10	0	0  
 676932.087000  	    7a	8	2  
 676933.283000  	    50	0	0  
 677935.544000  	    ba	0	2  
 677936.760000  	    10	0	0  
 677988.076000  	    7a	8	2  
 677989.355000  	    50	0	0  
 678991.528000  	    b6	1	2  
 678992.731000  	    86	2	2  
 678993.973000  	    0	0	0  
 681995.168000  	    76	8	2  
 681996.382000  	    50	0	0  
 682998.683000  	    b5	0	2  
 682999.976000  	    10	0	0  
 685001.330000  	    76	8	2  
 685002.613000  	    50	0	0  
 686004.831000  	    b6	0	2  
 686005.996000  	    10	0	0  
 686057.279000  	    76	8	2  
 686058.473000  	    50	0	0  
 687060.203000  	    8a	3	2  
 687061.363000  	    8a	2	2  
 687062.531000  	    0	0	0  
 690063.748000  	    7a	8	2  
 690065.011000  	    50	0	0  
 691067.314000  	    b9	0	2  
 691068.484000  	    10	0	0  
 693069.776000  	    7a	8	2  
 693071.037000  	    50	0	0  
 694073.296000  	    ba	0	2  
 694074.536000  	    10	0	0  
 694125.906000  	    7a	8	2  
 694127.185000  	    50	0	0  
 695129.434000  	    8a	3	2  
 695130.676000  	    8a	2	2  
 695131.942000  	    0	0	0  
 698133.242000  	    7a	8	2  
 698134.442000  	    50	0	0  
 699136.674000  	    b9	0	2  
 699137.906000  	    10	0	0  
 701139.190000  	    7a	8	2  
 701140.455000  	    50	0	0  
 702142.823000  	    ba	0	2  
 702144.122000  	    10	0	0  
 702195.380000  	    7a	8	2  
 702196.567000  	    50	0	0  
 703198.236000  	    8a	3	2  
 703199.362000  	    8a	2	2  
 703200.533000  	    0	0	0  
 706201.853000  	    7a	8	2  
 706203.130000  	    50	0	0  
 707205.034000  	    b9	0	2  
 707206.182000  	    10	0	0  
 709207.468000  	    7a	8	2  
 709208.732000  	    50	0	0  
 710211.303000  	    ba	0	2  
 710212.493000  	    10	0	0  
 710263.815000  	    7a	8	2  
 710265.009000  	    50	0	0  
 711267.278000  	    8a	3	2  
 711268.528000  	    8a	2	2  
 711269.833000  	    0	0	0  
 714271.119000  	    7a	8	2  
 714272.349000  	    50	0	0  
 715274.579000  	    b9	0	2  
 715275.793000  	    10	0	0  
 717277.070000  	    7a	8	2  
 717278.229000  	    50	0	0  
 718280.573000  	    ba	0	2  
 718281.752000  	    10	0	0  
 718333.054000  	    7a	8	2  
 718334.311000  	    50	0	0  
 719336.578000  	    8a	3	2  
 719337.817000  	    8a	2	2  
 719338.978000  	    0	0	0  
 722340.251000  	    7a	8	2  
 722341.455000  	    50	0	0  
 723343.687000  	    b9	0	2  
 723344.899000  	    10	0	0  
 725346.168000  	    7a	8	2  
 725347.450000  	    50	0	0  
 726349.715000  	    ba	0	2  
 726350.915000  	    10	0	0  
 726402.184000  	    7a	8	2  
 726403.435000  	    50	0	0  
 727405.729000  	    8a	3	2  
 727406.892000  	    8a	2	2  
 727408.041000  	    0	0	0  
 730409.293000  	    7a	8	2  
 730410.575000  	    50	0	0  
 731412.865000  	    b9	0	2  
 731414.038000  	    10	0	0  
 733415.363000  	    7a	8	2  
 733416.645000  	    50	0	0  
 734419.072000  	    ba	0	2  
 734420.299000  	    10	0	0  
 734471.665000  	    7a	8	2  
 734472.949000  	    50	0	0  
 735475.390000  	    8a	3	2  
 735476.706000  	    8a	2	2  
 735477.900000  	    0	0	0  
 738479.238000  	    7a	8	2  
 738480.502000  	    50	0	0  
 739482.914000  	    b9	0	2  
 739484.144000  	    10	0	0  
 741485.454000  	    7a	8	2  
 741486.725000  	    50	0	0  
 742489.075000  	    ba	0	2  
 742490.228000  	    10	0	0  
 742541.436000  	    7a	8	2  
 742542.618000  	    50	0	0  
 743544.841000  	    8a	3	2  
 743546.026000  	    8a	2	2  
 743547.189000  	    0	0	0  
 746548.420000  	    7a	8	2  
 746549.604000  	    50	0	0  
 747551.740000  	    b9	0	2  
 747552.893000  	    10	0	0  
 749554.165000  	    7a	8	2  
 749555.442000  	    50	0	0  
 750557.707000  	    ba	0	2  
 750558.915000  	    10	0	0  
 750610.245000  	    7a	8	2  
 750611.500000  	    50	0	0  
 751614.008000  	    8a	3	2  
 751615.186000  	    8a	2	2  
 751616.373000  	    0	0	0  
 754617.691000  	    7a	8	2  
 754618.973000  	    50	0	0  
 755621.389000  	    b9	0	2  
 755622.577000  	    10	0	0  
 757623.874000  	    7a	8	2  
 757625.057000  	    50	0	0  
 758627.317000  	    ba	0	2  
 758628.533000  	    10	0	0  
 758679.958000  	    7a	8	2  
 758681.221000  	    50	0	0  
 759683.714000  	    b6	1	2  
 759684.888000  	    86	2	2  
 759686.085000  	    0	0	0  
 762687.422000  	    76	8	2  
 762688.605000  	    50	0	0  
 763691.387000  	    b5	0	2  
 763692.626000  	    10	0	0  
 765693.896000  	    76	8	2  
 765695.152000  	    50	0	0  
 766697.438000  	    b6	0	2  
 766698.630000  	    10	0	0  
 766749.905000  	    76	8	2  
 766751.160000  	    50	0	0  
 768363.172000  	    8a	3	2  
 768364.288000  	    8a	2	2  
 768365.395000  	    0	0	0  
 771366.571000  	    7a	8	2  
 771367.788000  	    50	0	0  
 772369.375000  	    b9	0	2  
 772370.515000  	    10	0	0  
 774371.734000  	    7a	8	2  
 774373.021000  	    50	0	0  
 776375.230000  	    ba	0	2  
 776376.410000  	    10	0	0  
 776427.614000  	    7a	8	2  
 776428.875000  	    50	0	0  
 777431.178000  	    8a	3	2  
 777432.361000  	    8a	2	2  
 777433.517000  	    0	0	0  
 780434.773000  	    7a	8	2  
 780436.054000  	    50	0	0  
 781438.464000  	    b9	0	2  
 781439.710000  	    10	0	0  
 783441.083000  	    7a	8	2  
 783442.334000  	    50	0	0  
 784444.648000  	    ba	0	2  
 784445.921000  	    10	0	0  
 784497.307000  	    7a	8	2  
 784498.577000  	    50	0	0  
 785500.863000  	    8a	3	2  
 785502.064000  	    8a	2	2  
 785503.277000  	    0	0	0  
 788504.624000  	    7a	8	2  
 788505.910000  	    50	0	0  
 789508.180000  	    b9	0	2  
 789509.382000  	    10	0	0  
 791510.663000  	    7a	8	2  
 791511.884000  	    50	0	0  
 792514.209000  	    ba	0	2  
 792515.399000  	    10	0	0  
 792566.836000  	    7a	8	2  
 792568.086000  	    50	0	0  
 793570.339000  	    8a	3	2  
 793571.518000  	    8a	2	2  
 793572.720000  	    0	0	0  
 796574.002000  	    7a	8	2  
 796575.282000  	    50	0	0  
 797577.574000  	    b9	0	2  
 797578.806000  	    10	0	0  
 799580.125000  	    7a	8	2  
 799581.461000  	    50	0	0  
 800583.905000  	    ba	0	2  
 800585.131000  	    10	0	0  
 800636.475000  	    7a	8	2  
 800637.730000  	    50	0	0  
 801639.974000  	    8a	3	2  
 801641.219000  	    8a	2	2  
 801642.451000  	    0	0	0  
 804643.767000  	    7a	8	2  
 804645.051000  	    50	0	0  
 805647.377000  	    b9	0	2  
 805648.600000  	    10	0	0  
 807649.903000  	    7a	8	2  
 807651.158000  	    50	0	0  
 808653.634000  	    ba	0	2  
 808654.863000  	    10	0	0  
 808706.198000  	    7a	8	2  
 808707.466000  	    50	0	0  
 809709.890000  	    8a	3	2  
 809711.125000  	    8a	2	2  
 809712.337000  	    0	0	0  
 812713.607000  	    7a	8	2  
 812714.834000  	    50	0	0  
 813717.083000  	    b9	0	2  
 813718.326000  	    10	0	0  
 815719.634000  	    7a	8	2  
 815720.801000  	    50	0	0  
 816722.492000  	    ba	0	2  
 816723.673000  	    10	0	0  
 816774.966000  	    7a	8	2  
 816776.202000  	    50	0	0  
 817778.427000  	    8a	3	2  
 817779.651000  	    8a	2	2  
 817780.949000  	    0	0	0  
 820782.280000  	    7a	8	2  
 820783.559000  	    50	0	0  
 821785.878000  	    b9	0	2  
 821787.122000  	    10	0	0  
 823788.485000  	    7a	8	2  
 823789.751000  	    50	0	0  
 824791.533000  	    ba	0	2  
 824792.788000  	    10	0	0  
 824844.141000  	    7a	8	2  
 824845.391000  	    50	0	0  
 825847.675000  	    8a	3	2  
 825848.937000  	    8a	2	2  
 825850.196000  	    0	0	0  
 828851.497000  	    7a	8	2  
 828852.732000  	    50	0	0  
 829855.017000  	    b9	0	2  
 829856.270000  	    10	0	0  
 831857.560000  	    7a	8	2  
 831858.764000  	    50	0	0  
 832861.247000  	    ba	0	2  
 832862.471000  	    10	0	0  
 832913.815000  	    7a	8	2  
 832915.083000  	    50	0	0  
 833917.612000  	    8a	3	2  
 833918.880000  	    8a	2	2  
 833920.134000  	    0	0	0  
 836921.400000  	    7a	8	2  
 836922.655000  	    50	0	0  
 837924.959000  	    b9	0	2  
 837926.238000  	    10	0	0  
 839927.530000  	    7a	8	2  
 839928.740000  	    50	0	0  
 840931.047000  	    ba	0	2  
 840932.224000  	    10	0	0  
 840983.490000  	    7a	8	2  
 840984.722000  	    50	0	0  
 841987.011000  	    b6	1	2  
 841988.197000  	    86	2	2  
 841989.421000  	    0	0	0  
 844990.671000  	    76	8	2  
 844991.859000  	    50	0	0  
 845994.171000  	    b5	0	2  
 845995.448000  	    10	0	0  
 847996.765000  	    76	8	2  
 847998.024000  	    50	0	0  
 849000.523000  	    b6	0	2  
 849001.791000  	    10	0	0  
 849053.194000  	    76	8	2  
 849054.492000  	    50	0	0  
 850056.968000  	    8a	3	2  
 850058.185000  	    8a	2	2  
 850059.430000  	    0	0	0  
 853060.820000  	    7a	8	2  
 853062.086000  	    50	0	0  
 854064.629000  	    b9	0	2  
 854065.834000  	    10	0	0  
 856067.108000  	    7a	8	2  
 856068.378000  	    50	0	0  
 857070.806000  	    ba	0	2  
 857072.021000  	    10	0	0  
 857123.377000  	    7a	8	2  
 857124.664000  	    50	0	0  
 858127.177000  	    8a	3	2  
 858128.435000  	    8a	2	2  
 858129.690000  	    0	0	0  
 861131.022000  	    7a	8	2  
 861132.270000  	    50	0	0  
 862134.476000  	    b9	0	2  
 862135.665000  	    10	0	0  
 864136.908000  	    7a	8	2  
 864138.138000  	    50	0	0  
 865140.574000  	    ba	0	2  
 865141.841000  	    10	0	0  
 865193.228000  	    7a	8	2  
 865194.482000  	    50	0	0  
 866196.650000  	    8a	3	2  
 866197.813000  	    8a	2	2  
 866199.033000  	    0	0	0  
 869200.333000  	    7a	8	2  
 869201.633000  	    50	0	0  
 870203.801000  	    b9	0	2  
 870205.018000  	    10	0	0  
 872206.331000  	    7a	8	2  
 872207.605000  	    50	0	0  
 873210.084000  	    ba	0	2  
 873211.257000  	    10	0	0  
 873262.521000  	    7a	8	2  
 873263.774000  	    50	0	0  
 874266.260000  	    8a	3	2  
 874267.522000  	    8a	2	2  
 874268.786000  	    0	0	0  
 877270.104000  	    7a	8	2  
 877271.415000  	    50	0	0  
 878273.680000  	    b9	0	2  
 878274.864000  	    10	0	0  
 880276.125000  	    7a	8	2  
 880277.338000  	    50	0	0  
 881279.485000  	    ba	0	2  
 881280.646000  	    10	0	0  
 881331.886000  	    7a	8	2  
 881333.128000  	    50	0	0  
 882335.381000  	    8a	3	2  
 882336.592000  	    8a	2	2  
 882337.786000  	    0	0	0  
 885339.038000  	    7a	8	2  
 885340.294000  	    50	0	0  
 886342.749000  	    b9	0	2  
 886343.970000  	    10	0	0  
 888345.329000  	    7a	8	2  
 888346.606000  	    50	0	0  
 889349.013000  	    ba	0	2  
 889350.244000  	    10	0	0  
 889401.601000  	    7a	8	2  
 889402.880000  	    50	0	0  
 890405.209000  	    8a	3	2  
 890406.461000  	    8a	2	2  
 890407.694000  	    0	0	0  
 893409.012000  	    7a	8	2  
 893410.261000  	    50	0	0  
 894412.533000  	    b9	0	2  
 894413.822000  	    10	0	0  
 896415.136000  	    7a	8	2  
 896416.411000  	    50	0	0  
 897418.043000  	    ba	0	2  
 897419.203000  	    10	0	0  
 897470.383000  	    7a	8	2  
 897471.578000  	    50	0	0  
 899473.805000  	    8a	3	2  
 899475.011000  	    8a	2	2  
 899476.168000  	    0	0	0  
 902477.423000  	    7a	8	2  
 902478.697000  	    50	0	0  
 903481.001000  	    b9	0	2  
 903482.198000  	    10	0	0  
 905483.471000  	    7a	8	2  
 905484.789000  	    50	0	0  
 906487.237000  	    ba	0	2  
 906488.439000  	    10	0	0  
 906539.799000  	    7a	8	2  
 906541.056000  	    50	0	0  
 907543.483000  	    8a	3	2  
 907544.696000  	    8a	2	2  
 907545.947000  	    0	0	0  
 910547.281000  	    7a	8	2  
 910548.623000  	    50	0	0  
 911550.950000  	    b9	0	2  
 911552.131000  	    10	0	0  
 913553.412000  	    7a	8	2  
 913554.635000  	    50	0	0  
 914556.680000  	    ba	0	2  
 914557.807000  	    10	0	0  
 914609.049000  	    7a	8	2  
 914610.296000  	    50	0	0  
 915612.647000  	    8a	3	2  
 915613.877000  	    8a	2	2  
 915615.092000  	    0	0	0  
 918616.352000  	    7a	8	2  
 918617.517000  	    50	0	0  
 919619.616000  	    b9	0	2  
 919620.805000  	    10	0	0  
 921622.074000  	    7a	8	2  
 921623.304000  	    50	0	0  
 922625.640000  	    ba	0	2  
 922626.812000  	    10	0	0  
 922678.148000  	    7a	8	2  
 922679.398000  	    50	0	0  
 923681.576000  	    b6	1	2  
 923682.845000  	    86	2	2  
 923684.116000  	    0	0	0  
 926685.397000  	    76	8	2  
 926686.550000  	    50	0	0  
 927688.639000  	    b5	0	2  
 927689.819000  	    10	0	0  
 929691.094000  	    76	8	2  
 929692.353000  	    50	0	0  
 930694.732000  	    b6	0	2  
 930695.889000  	    10	0	0  
 930747.215000  	    76	8	2  
 930748.451000  	    50	0	0  
 931750.818000  	    8a	3	2  
 931752.080000  	    8a	2	2  
 931753.404000  	    0	0	0  
 934754.683000  	    7a	8	2  
 934755.877000  	    50	0	0  
 935758.287000  	    b9	0	2  
 935759.469000  	    10	0	0  
 937760.729000  	    7a	8	2  
 937761.977000  	    50	0	0  
 938764.258000  	    ba	0	2  
 938765.439000  	    10	0	0  
 938816.681000  	    7a	8	2  
 938817.922000  	    50	0	0  
 939820.385000  	    8a	3	2  
 939821.602000  	    8a	2	2  
 939822.869000  	    0	0	0  
 942824.204000  	    7a	8	2  
 942825.483000  	    50	0	0  
 943827.846000  	    b9	0	2  
 943829.090000  	    10	0	0  
 945830.355000  	    7a	8	2  
 945831.525000  	    50	0	0  
 946833.222000  	    ba	0	2  
 946834.377000  	    10	0	0  
 946885.702000  	    7a	8	2  
 946886.937000  	    50	0	0  
 947889.311000  	    8a	3	2  
 947890.580000  	    8a	2	2  
 947891.846000  	    0	0	0  
 950893.153000  	    7a	8	2  
 950894.445000  	    50	0	0  
 951896.746000  	    b9	0	2  
 951897.956000  	    10	0	0  
 953899.202000  	    7a	8	2  
 953900.389000  	    50	0	0  
 954902.500000  	    ba	0	2  
 954903.673000  	    10	0	0  
 954954.984000  	    7a	8	2  
 954956.261000  	    50	0	0  
 955958.650000  	    8a	3	2  
 955959.888000  	    8a	2	2  
 955961.155000  	    0	0	0  
 958962.443000  	    7a	8	2  
 958963.633000  	    50	0	0  
 959966.017000  	    b9	0	2  
 959967.221000  	    10	0	0  
 961968.527000  	    7a	8	2  
 961969.845000  	    50	0	0  
 962972.216000  	    ba	0	2  
 962973.406000  	    10	0	0  
 963024.760000  	    7a	8	2  
 963026.008000  	    50	0	0  
 964028.511000  	    8a	3	2  
 964029.734000  	    8a	2	2  
 964030.928000  	    0	0	0  
 967032.197000  	    7a	8	2  
 967033.459000  	    50	0	0  
 968035.815000  	    b9	0	2  
 968037.066000  	    10	0	0  
 970038.357000  	    7a	8	2  
 970039.576000  	    50	0	0  
 971041.892000  	    ba	0	2  
 971043.129000  	    10	0	0  
 971094.463000  	    7a	8	2  
 971095.692000  	    50	0	0  
 972098.152000  	    8a	3	2  
 972099.378000  	    8a	2	2  
 972100.639000  	    0	0	0  
 975101.952000  	    7a	8	2  
 975103.219000  	    50	0	0  
 976105.630000  	    b9	0	2  
 976106.886000  	    10	0	0  
 978108.198000  	    7a	8	2  
 978109.493000  	    50	0	0  
 979111.932000  	    ba	0	2  
 979113.113000  	    10	0	0  
 979164.466000  	    7a	8	2  
 979165.736000  	    50	0	0  
 980168.306000  	    8a	3	2  
 980169.500000  	    8a	2	2  
 980170.689000  	    0	0	0  
 983171.996000  	    7a	8	2  
 983173.249000  	    50	0	0  
 984175.759000  	    b9	0	2  
 984176.940000  	    10	0	0  
 986178.235000  	    7a	8	2  
 986179.516000  	    50	0	0  
 987182.020000  	    ba	0	2  
 987183.251000  	    10	0	0  
 987234.605000  	    7a	8	2  
 987235.868000  	    50	0	0  
 988238.237000  	    8a	3	2  
 988239.432000  	    8a	2	2  
 988240.682000  	    0	0	0  
 991242.033000  	    7a	8	2  
 991243.300000  	    50	0	0  
 992245.932000  	    b9	0	2  
 992247.156000  	    10	0	0  
 994248.446000  	    7a	8	2  
 994249.718000  	    50	0	0  
 995252.148000  	    ba	0	2  
 995253.361000  	    10	0	0  
 995304.718000  	    7a	8	2  
 995306.011000  	    50	0	0  
 996308.584000  	    8a	3	2  
 996309.791000  	    8a	2	2  
 996310.956000  	    0	0	0  
 999312.238000  	    7a	8	2  
 999313.452000  	    50	0	0  
 1000315.931000  	    b9	0	2  
 1000317.117000  	    10	0	0  
 1002318.428000  	    7a	8	2  
 1002319.740000  	    50	0	0  
 1003321.982000  	    ba	0	2  
 1003323.148000  	    10	0	0  
 1003374.397000  	    7a	8	2  
 1003375.665000  	    50	0	0  
 1004378.226000  	    b6	1	2  
 1004379.399000  	    86	2	2  
 1004380.587000  	    0	0	0  
 1007381.812000  	    76	8	2  
 1007383.070000  	    50	0	0  
 1008385.456000  	    b5	0	2  
 1008386.712000  	    10	0	0  
 1010388.003000  	    76	8	2  
 1010389.224000  	    50	0	0  
 1011391.542000  	    b6	0	2  
 1011392.793000  	    10	0	0  
 1011444.182000  	    76	8	2  
 1011445.414000  	    50	0	0  
 1012447.662000  	    8a	3	2  
 1012448.882000  	    8a	2	2  
 1012450.139000  	    0	0	0  
 1015451.461000  	    7a	8	2  
 1015452.730000  	    50	0	0  
 1016455.094000  	    b9	0	2  
 1016456.318000  	    10	0	0  
 1018457.585000  	    7a	8	2  
 1018458.760000  	    50	0	0  
 1019461.016000  	    ba	0	2  
 1019462.204000  	    10	0	0  
 1019513.553000  	    7a	8	2  
 1019514.821000  	    50	0	0  
 1020517.145000  	    8a	3	2  
 1020518.342000  	    8a	2	2  
 1020519.541000  	    0	0	0  
 1023520.825000  	    7a	8	2  
 1023522.105000  	    50	0	0  
 1024524.451000  	    b9	0	2  
 1024525.673000  	    10	0	0  
 1026526.964000  	    7a	8	2  
 1026528.222000  	    50	0	0  
 1027530.609000  	    ba	0	2  
 1027531.829000  	    10	0	0  
 1027583.187000  	    7a	8	2  
 1027584.439000  	    50	0	0  
 1028586.694000  	    8a	3	2  
 1028587.955000  	    8a	2	2  
 1028589.258000  	    0	0	0  
 1031590.607000  	    7a	8	2  
 1031591.831000  	    50	0	0  
 1032594.120000  	    b9	0	2  
 1032595.374000  	    10	0	0  
 1034596.685000  	    7a	8	2  
 1034597.947000  	    50	0	0  
 1035600.269000  	    ba	0	2  
 1035601.565000  	    10	0	0  
 1035652.945000  	    7a	8	2  
 1035654.202000  	    50	0	0  
 1036656.443000  	    8a	3	2  
 1036657.746000  	    8a	2	2  
 1036658.989000  	    0	0	0  
 1039660.309000  	    7a	8	2  
 1039661.573000  	    50	0	0  
 1040664.109000  	    b9	0	2  
 1040665.346000  	    10	0	0  
 1042666.623000  	    7a	8	2  
 1042667.787000  	    50	0	0  
 1043669.949000  	    ba	0	2  
 1043671.149000  	    10	0	0  
 1043722.443000  	    7a	8	2  
 1043723.707000  	    50	0	0  
 1044726.074000  	    8a	3	2  
 1044727.301000  	    8a	2	2  
 1044728.597000  	    0	0	0  
 1047729.885000  	    7a	8	2  
 1047731.111000  	    50	0	0  
 1048733.349000  	    b9	0	2  
 1048734.512000  	    10	0	0  
 1050735.786000  	    7a	8	2  
 1050737.083000  	    50	0	0  
 1051739.383000  	    ba	0	2  
 1051740.582000  	    10	0	0  
 1051791.917000  	    7a	8	2  
 1051793.168000  	    50	0	0  
 1052795.655000  	    8a	3	2  
 1052796.907000  	    8a	2	2  
 1052798.156000  	    0	0	0  
 1055799.467000  	    7a	8	2  
 1055800.686000  	    50	0	0  
 1056802.737000  	    b9	0	2  
 1056803.966000  	    10	0	0  
 1058805.264000  	    7a	8	2  
 1058806.522000  	    50	0	0  
 1059808.887000  	    ba	0	2  
 1059810.078000  	    10	0	0  
 1059861.366000  	    7a	8	2  
 1059862.648000  	    50	0	0  
 1060864.922000  	    8a	3	2  
 1060866.123000  	    8a	2	2  
 1060867.299000  	    0	0	0  
 1063868.534000  	    7a	8	2  
 1063869.801000  	    50	0	0  
 1064872.044000  	    b9	0	2  
 1064873.284000  	    10	0	0  
 1066874.571000  	    7a	8	2  
 1066875.792000  	    50	0	0  
 1067878.208000  	    ba	0	2  
 1067879.412000  	    10	0	0  
 1067930.674000  	    7a	8	2  
 1067931.858000  	    50	0	0  
 1068933.975000  	    8a	3	2  
 1068935.160000  	    8a	2	2  
 1068936.355000  	    0	0	0  
 1071937.540000  	    7a	8	2  
 1071938.741000  	    50	0	0  
 1072940.861000  	    b9	0	2  
 1072942.070000  	    10	0	0  
 1074943.373000  	    7a	8	2  
 1074944.627000  	    50	0	0  
 1075947.023000  	    ba	0	2  
 1075948.314000  	    10	0	0  
 1075999.678000  	    7a	8	2  
 1076000.937000  	    50	0	0  
 1077002.730000  	    8a	3	2  
 1077003.886000  	    8a	2	2  
 1077005.069000  	    0	0	0  
 1080006.299000  	    7a	8	2  
 1080007.517000  	    50	0	0  
 1081009.786000  	    b9	0	2  
 1081010.983000  	    10	0	0  
 1083012.275000  	    7a	8	2  
 1083013.560000  	    50	0	0  
 1084016.024000  	    ba	0	2  
 1084017.239000  	    10	0	0  
 1084068.586000  	    7a	8	2  
 1084069.839000  	    50	0	0  
 1085072.307000  	    b6	1	2  
 1085073.506000  	    86	2	2  
 1085074.744000  	    0	0	0  
 1088076.070000  	    76	8	2  
 1088077.340000  	    50	0	0  
 1089078.922000  	    b5	0	2  
 1089080.035000  	    10	0	0  
 1091081.191000  	    76	8	2  
 1091082.411000  	    50	0	0  
 1093084.342000  	    b6	0	2  
 1093085.472000  	    10	0	0  
 1093136.638000  	    76	8	2  
 1093137.847000  	    50	0	0  
 1094140.163000  	    8a	3	2  
 1094141.370000  	    8a	2	2  
 1094142.611000  	    0	0	0  
 1097143.945000  	    7a	8	2  
 1097145.233000  	    50	0	0  
 1098147.590000  	    b9	0	2  
 1098148.787000  	    10	0	0  
 1100150.108000  	    7a	8	2  
 1100151.384000  	    50	0	0  
 1101153.881000  	    ba	0	2  
 1101155.144000  	    10	0	0  
 1101206.514000  	    7a	8	2  
 1101207.781000  	    50	0	0  
 1102210.102000  	    8a	3	2  
 1102211.300000  	    8a	2	2  
 1102212.590000  	    0	0	0  
 1105213.915000  	    7a	8	2  
 1105215.189000  	    50	0	0  
 1106217.573000  	    b9	0	2  
 1106218.816000  	    10	0	0  
 1108220.131000  	    7a	8	2  
 1108221.332000  	    50	0	0  
 1109223.890000  	    ba	0	2  
 1109225.086000  	    10	0	0  
 1109276.433000  	    7a	8	2  
 1109277.688000  	    50	0	0  
 1110280.063000  	    8a	3	2  
 1110281.252000  	    8a	2	2  
 1110282.494000  	    0	0	0  
 1113283.764000  	    7a	8	2  
 1113285.026000  	    50	0	0  
 1114287.288000  	    b9	0	2  
 1114288.508000  	    10	0	0  
 1116289.837000  	    7a	8	2  
 1116291.102000  	    50	0	0  
 1117293.542000  	    ba	0	2  
 1117294.774000  	    10	0	0  
 1117346.130000  	    7a	8	2  
 1117347.408000  	    50	0	0  
 1118349.947000  	    8a	3	2  
 1118351.175000  	    8a	2	2  
 1118352.424000  	    0	0	0  
 1121353.814000  	    7a	8	2  
 1121355.071000  	    50	0	0  
 1122357.579000  	    b9	0	2  
 1122358.811000  	    10	0	0  
 1124360.063000  	    7a	8	2  
 1124361.215000  	    50	0	0  
 1125363.373000  	    ba	0	2  
 1125364.586000  	    10	0	0  
 1125415.937000  	    7a	8	2  
 1125417.207000  	    50	0	0  
 1126419.823000  	    8a	3	2  
 1126421.023000  	    8a	2	2  
 1126422.216000  	    0	0	0  
 1129423.485000  	    7a	8	2  
 1129424.676000  	    50	0	0  
 1130427.107000  	    b9	0	2  
 1130428.285000  	    10	0	0  
 1132429.560000  	    7a	8	2  
 1132430.809000  	    50	0	0  
 1133433.215000  	    ba	0	2  
 1133434.475000  	    10	0	0  
 1133485.831000  	    7a	8	2  
 1133487.084000  	    50	0	0  
 1134489.256000  	    8a	3	2  
 1134490.470000  	    8a	2	2  
 1134491.675000  	    0	0	0  
 1137492.952000  	    7a	8	2  
 1137494.213000  	    50	0	0  
 1138496.708000  	    b9	0	2  
 1138497.980000  	    10	0	0  
 1140499.282000  	    7a	8	2  
 1140500.607000  	    50	0	0  
 1141502.920000  	    ba	0	2  
 1141504.120000  	    10	0	0  
 1141555.477000  	    7a	8	2  
 1141556.737000  	    50	0	0  
 1142559.262000  	    8a	3	2  
 1142560.524000  	    8a	2	2  
 1142561.853000  	    0	0	0  
 1145563.164000  	    7a	8	2  
 1145564.428000  	    50	0	0  
 1146566.706000  	    b9	0	2  
 1146567.957000  	    10	0	0  
 1148569.258000  	    7a	8	2  
 1148570.517000  	    50	0	0  
 1149572.937000  	    ba	0	2  
 1149574.144000  	    10	0	0  
 1149625.479000  	    7a	8	2  
 1149626.721000  	    50	0	0  
 1150628.982000  	    8a	3	2  
 1150630.242000  	    8a	2	2  
 1150631.498000  	    0	0	0  
 1153632.863000  	    7a	8	2  
 1153634.138000  	    50	0	0  
 1154636.477000  	    b9	0	2  
 1154637.734000  	    10	0	0  
 1156639.097000  	    7a	8	2  
 1156640.411000  	    50	0	0  
 1157642.743000  	    ba	0	2  
 1157643.924000  	    10	0	0  
 1157695.228000  	    7a	8	2  
 1157696.478000  	    50	0	0  
 1158698.744000  	    8a	3	2  
 1158700.012000  	    8a	2	2  
 1158701.280000  	    0	0	0  
 1161702.598000  	    7a	8	2  
 1161703.794000  	    50	0	0  
 1162705.998000  	    b9	0	2  
 1162707.153000  	    10	0	0  
 1164708.422000  	    7a	8	2  
 1164709.692000  	    50	0	0  
 1165712.186000  	    ba	0	2  
 1165713.383000  	    10	0	0  
 1165764.755000  	    7a	8	2  
 1165766.025000  	    50	0	0  
 1166768.400000  	    b6	1	2  
 1166769.656000  	    86	2	2  
 1166770.929000  	    0	0	0  
 1169772.258000  	    76	8	2  
 1169773.465000  	    50	0	0  
 1170775.961000  	    b5	0	2  
 1170777.147000  	    10	0	0  
 1172778.445000  	    76	8	2  
 1172779.711000  	    50	0	0  
 1173781.873000  	    b6	0	2  
 1173783.067000  	    10	0	0  
 1173834.371000  	    76	8	2  
 1173835.649000  	    50	0	0  
 1174837.845000  	    8a	3	2  
 1174839.026000  	    8a	2	2  
 1174840.224000  	    0	0	0  
 1177841.477000  	    7a	8	2  
 1177842.735000  	    50	0	0  
 1178845.115000  	    b9	0	2  
 1178846.269000  	    10	0	0  
 1180847.563000  	    7a	8	2  
 1180848.722000  	    50	0	0  
 1181850.932000  	    ba	0	2  
 1181852.158000  	    10	0	0  
 1181903.434000  	    7a	8	2  
 1181904.666000  	    50	0	0  
 1182907.010000  	    8a	3	2  
 1182908.203000  	    8a	2	2  
 1182909.388000  	    0	0	0  
 1185910.701000  	    7a	8	2  
 1185911.954000  	    50	0	0  
 1186914.475000  	    b9	0	2  
 1186915.704000  	    10	0	0  
 1188917.018000  	    7a	8	2  
 1188918.217000  	    50	0	0  
 1189920.368000  	    ba	0	2  
 1189921.568000  	    10	0	0  
 1189972.904000  	    7a	8	2  
 1189974.137000  	    50	0	0  
 1190976.477000  	    8a	3	2  
 1190977.714000  	    8a	2	2  
 1190978.976000  	    0	0	0  
 1193980.263000  	    7a	8	2  
 1193981.585000  	    50	0	0  
 1194983.774000  	    b9	0	2  
 1194984.944000  	    10	0	0  
 1196986.179000  	    7a	8	2  
 1196987.425000  	    50	0	0  
 1197989.849000  	    ba	0	2  
 1197991.079000  	    10	0	0  
 1198042.419000  	    7a	8	2  
 1198043.674000  	    50	0	0  
 1199045.956000  	    8a	3	2  
 1199047.145000  	    8a	2	2  
 1199048.346000  	    0	0	0  
 1202049.615000  	    7a	8	2  
 1202050.864000  	    50	0	0  
 1203053.127000  	    b9	0	2  
 1203054.301000  	    10	0	0  
 1205055.540000  	    7a	8	2  
 1205056.788000  	    50	0	0  
 1206059.152000  	    ba	0	2  
 1206060.326000  	    10	0	0  
 1206111.682000  	    7a	8	2  
 1206112.933000  	    50	0	0  
 1207115.183000  	    8a	3	2  
 1207116.472000  	    8a	2	2  
 1207117.746000  	    0	0	0  
 1210119.032000  	    7a	8	2  
 1210120.282000  	    50	0	0  
 1211122.696000  	    b9	0	2  
 1211123.859000  	    10	0	0  
 1213125.091000  	    7a	8	2  
 1213126.320000  	    50	0	0  
 1214128.679000  	    ba	0	2  
 1214129.868000  	    10	0	0  
 1214181.200000  	    7a	8	2  
 1214182.455000  	    50	0	0  
 1215184.750000  	    8a	3	2  
 1215185.989000  	    8a	2	2  
 1215187.225000  	    0	0	0  
 1218188.616000  	    7a	8	2  
 1218189.892000  	    50	0	0  
 1219192.134000  	    b9	0	2  
 1219193.389000  	    10	0	0  
 1221194.749000  	    7a	8	2  
 1221196.034000  	    50	0	0  
 1222198.509000  	    ba	0	2  
 1222199.709000  	    10	0	0  
 1222251.053000  	    7a	8	2  
 1222252.324000  	    50	0	0  
 1223254.832000  	    8a	3	2  
 1223256.032000  	    8a	2	2  
 1223257.277000  	    0	0	0  
 1226258.601000  	    7a	8	2  
 1226259.880000  	    50	0	0  
 1227262.273000  	    b9	0	2  
 1227263.463000  	    10	0	0  
 1229264.761000  	    7a	8	2  
 1229266.037000  	    50	0	0  
 1230268.302000  	    ba	0	2  
 1230269.491000  	    10	0	0  
 1230320.808000  	    7a	8	2  
 1230322.020000  	    50	0	0  
 1231324.480000  	    8a	3	2  
 1231325.660000  	    8a	2	2  
 1231326.834000  	    0	0	0  
 1234328.099000  	    7a	8	2  
 1234329.292000  	    50	0	0  
 1235331.578000  	    b9	0	2  
 1235332.836000  	    10	0	0  
 1237334.167000  	    7a	8	2  
 1237335.435000  	    50	0	0  
 1238337.719000  	    ba	0	2  
 1238338.910000  	    10	0	0  
 1238390.217000  	    7a	8	2  
 1238391.423000  	    50	0	0  
 1239393.717000  	    8a	3	2  
 1239394.967000  	    8a	2	2  
 1239396.215000  	    0	0	0  
 1242397.534000  	    7a	8	2  
 1242398.753000  	    50	0	0  
 1243401.092000  	    b9	0	2  
 1243402.266000  	    10	0	0  
 1245403.566000  	    7a	8	2  
 1245404.816000  	    50	0	0  
 1246407.102000  	    ba	0	2  
 1246408.271000  	    10	0	0  
 1246459.518000  	    7a	8	2  
 1246460.720000  	    50	0	0  
 1247463.040000  	    b6	1	2  
 1247464.265000  	    86	2	2  
 1247465.456000  	    0	0	0  
 1250466.714000  	    76	8	2  
 1250467.987000  	    50	0	0  
 1251470.475000  	    b5	0	2  
 1251471.678000  	    10	0	0  
 1253472.997000  	    76	8	2  
 1253474.293000  	    50	0	0  
 1254476.829000  	    b6	0	2  
 1254478.007000  	    10	0	0  
 1254529.216000  	    76	8	2  
 1254530.455000  	    50	0	0  
 1255532.670000  	    8a	3	2  
 1255533.833000  	    8a	2	2  
 1255534.975000  	    0	0	0  
 1258536.152000  	    7a	8	2  
 1258537.375000  	    50	0	0  
 1259539.570000  	    b9	0	2  
 1259540.774000  	    10	0	0  
 1261541.988000  	    7a	8	2  
 1261543.193000  	    50	0	0  
 1262545.724000  	    ba	0	2  
 1262546.913000  	    10	0	0  
 1262598.247000  	    7a	8	2  
 1262599.501000  	    50	0	0  
 1263601.636000  	    8a	3	2  
 1263602.821000  	    8a	2	2  
 1263604.017000  	    0	0	0  
 1266605.217000  	    7a	8	2  
 1266606.453000  	    50	0	0  
 1267608.661000  	    b9	0	2  
 1267609.872000  	    10	0	0  
 1269611.105000  	    7a	8	2  
 1269612.322000  	    50	0	0  
 1270614.679000  	    ba	0	2  
 1270615.869000  	    10	0	0  
 1270667.226000  	    7a	8	2  
 1270668.476000  	    50	0	0  
 1271670.703000  	    8a	3	2  
 1271671.910000  	    8a	2	2  
 1271673.132000  	    0	0	0  
 1274674.373000  	    7a	8	2  
 1274675.594000  	    50	0	0  
 1275677.800000  	    b9	0	2  
 1275678.976000  	    10	0	0  
 1277680.230000  	    7a	8	2  
 1277681.446000  	    50	0	0  
 1278683.931000  	    ba	0	2  
 1278685.121000  	    10	0	0  
 1278736.452000  	    7a	8	2  
 1278737.733000  	    50	0	0  
 1279740.295000  	    8a	3	2  
 1279741.515000  	    8a	2	2  
 1279742.708000  	    0	0	0  
 1282743.988000  	    7a	8	2  
 1282745.236000  	    50	0	0  
 1283747.517000  	    b9	0	2  
 1283748.760000  	    10	0	0  
 1285750.088000  	    7a	8	2  
 1285751.342000  	    50	0	0  
 1286753.750000  	    ba	0	2  
 1286754.934000  	    10	0	0  
 1286806.279000  	    7a	8	2  
 1286807.523000  	    50	0	0  
 1287809.869000  	    8a	3	2  
 1287811.078000  	    8a	2	2  
 1287812.333000  	    0	0	0  
 1290813.644000  	    7a	8	2  
 1290814.895000  	    50	0	0  
 1291817.267000  	    b9	0	2  
 1291818.461000  	    10	0	0  
 1293819.769000  	    7a	8	2  
 1293821.033000  	    50	0	0  
 1294823.567000  	    ba	0	2  
 1294824.780000  	    10	0	0  
 1294876.122000  	    7a	8	2  
 1294877.376000  	    50	0	0  
 1295879.716000  	    8a	3	2  
 1295880.899000  	    8a	2	2  
 1295882.125000  	    0	0	0  
 1298883.461000  	    7a	8	2  
 1298884.698000  	    50	0	0  
 1299887.073000  	    b9	0	2  
 1299888.262000  	    10	0	0  
 1301889.542000  	    7a	8	2  
 1301890.726000  	    50	0	0  
 1302893.154000  	    ba	0	2  
 1302894.423000  	    10	0	0  
 1302945.792000  	    7a	8	2  
 1302947.047000  	    50	0	0  
 1303949.468000  	    8a	3	2  
 1303950.671000  	    8a	2	2  
 1303951.915000  	    0	0	0  
 1306953.207000  	    7a	8	2  
 1306954.430000  	    50	0	0  
 1307956.888000  	    b9	0	2  
 1307958.111000  	    10	0	0  
 1309959.389000  	    7a	8	2  
 1309960.613000  	    50	0	0  
 1310963.009000  	    ba	0	2  
 1310964.202000  	    10	0	0  
 1311015.553000  	    7a	8	2  
 1311016.801000  	    50	0	0  
 1312019.140000  	    8a	3	2  
 1312020.421000  	    8a	2	2  
 1312021.611000  	    0	0	0  
 1315022.887000  	    7a	8	2  
 1315024.151000  	    50	0	0  
 1316026.503000  	    b9	0	2  
 1316027.718000  	    10	0	0  
 1318029.008000  	    7a	8	2  
 1318030.279000  	    50	0	0  
 1319032.570000  	    ba	0	2  
 1319033.735000  	    10	0	0  
 1319085.020000  	    7a	8	2  
 1319086.243000  	    50	0	0  
 1320088.610000  	    8a	3	2  
 1320089.776000  	    8a	2	2  
 1320090.999000  	    0	0	0  
 1323092.294000  	    7a	8	2  
 1323093.565000  	    50	0	0  
 1324095.988000  	    b9	0	2  
 1324097.232000  	    10	0	0  
 1326098.545000  	    7a	8	2  
 1326099.793000  	    50	0	0  
 1327102.052000  	    ba	0	2  
 1327103.251000  	    10	0	0  
 1327154.496000  	    7a	8	2  
 1327155.679000  	    50	0	0  
 1328157.916000  	    b6	1	2  
 1328159.173000  	    86	2	2  
 1328160.441000  	    0	0	0  
 1331161.748000  	    76	8	2  
 1331162.911000  	    50	0	0  
 1332164.527000  	    b5	0	2  
 1332165.699000  	    10	0	0  
 1334166.879000  	    76	8	2  
 1334168.118000  	    50	0	0  
 1336170.144000  	    b6	0	2  
 1336171.299000  	    10	0	0  
 1336222.483000  	    76	8	2  
 1336223.736000  	    50	0	0  
 1337226.037000  	    8a	3	2  
 1337227.201000  	    8a	2	2  
 1337228.397000  	    0	0	0  
 1340229.688000  	    7a	8	2  
 1340230.948000  	    50	0	0  
 1341233.319000  	    b9	0	2  
 1341234.505000  	    10	0	0  
 1343235.781000  	    7a	8	2  
 1343237.059000  	    50	0	0  
 1344239.552000  	    ba	0	2  
 1344240.742000  	    10	0	0  
 1344292.038000  	    7a	8	2  
 1344293.294000  	    50	0	0  
 1345295.894000  	    8a	3	2  
 1345297.076000  	    8a	2	2  
 1345298.236000  	    0	0	0  
 1348299.512000  	    7a	8	2  
 1348300.793000  	    50	0	0  
 1349303.116000  	    b9	0	2  
 1349304.299000  	    10	0	0  
 1351305.526000  	    7a	8	2  
 1351306.719000  	    50	0	0  
 1352309.157000  	    ba	0	2  
 1352310.344000  	    10	0	0  
 1352361.691000  	    7a	8	2  
 1352362.960000  	    50	0	0  
 1353365.409000  	    8a	3	2  
 1353366.638000  	    8a	2	2  
 1353367.794000  	    0	0	0  
 1356369.029000  	    7a	8	2  
 1356370.290000  	    50	0	0  
 1357372.640000  	    b9	0	2  
 1357373.831000  	    10	0	0  
 1359375.076000  	    7a	8	2  
 1359376.327000  	    50	0	0  
 1360378.683000  	    ba	0	2  
 1360379.875000  	    10	0	0  
 1360431.287000  	    7a	8	2  
 1360432.594000  	    50	0	0  
 1361434.903000  	    8a	3	2  
 1361436.119000  	    8a	2	2  
 1361437.318000  	    0	0	0  
 1364438.563000  	    7a	8	2  
 1364439.810000  	    50	0	0  
 1365441.861000  	    b9	0	2  
 1365443.044000  	    10	0	0  
 1367444.224000  	    7a	8	2  
 1367445.401000  	    50	0	0  
 1368447.572000  	    ba	0	2  
 1368448.811000  	    10	0	0  
 1368500.181000  	    7a	8	2  
 1368501.439000  	    50	0	0  
 1369503.720000  	    8a	3	2  
 1369504.929000  	    8a	2	2  
 1369506.128000  	    0	0	0  
 1372507.365000  	    7a	8	2  
 1372508.586000  	    50	0	0  
 1373510.854000  	    b9	0	2  
 1373512.058000  	    10	0	0  
 1375513.326000  	    7a	8	2  
 1375514.605000  	    50	0	0  
 1376516.772000  	    ba	0	2  
 1376517.954000  	    10	0	0  
 1376569.205000  	    7a	8	2  
 1376570.381000  	    50	0	0  
 1377572.053000  	    8a	3	2  
 1377573.236000  	    8a	2	2  
 1377574.449000  	    0	0	0  
 1380575.718000  	    7a	8	2  
 1380576.939000  	    50	0	0  
 1381579.408000  	    b9	0	2  
 1381580.591000  	    10	0	0  
 1383581.899000  	    7a	8	2  
 1383583.144000  	    50	0	0  
 1384585.430000  	    ba	0	2  
 1384586.652000  	    10	0	0  
 1384637.967000  	    7a	8	2  
 1384639.182000  	    50	0	0  
 1385641.654000  	    8a	3	2  
 1385642.873000  	    8a	2	2  
 1385644.028000  	    0	0	0  
 1388645.299000  	    7a	8	2  
 1388646.495000  	    50	0	0  
 1389648.334000  	    b9	0	2  
 1389649.489000  	    10	0	0  
 1391650.767000  	    7a	8	2  
 1391652.048000  	    50	0	0  
 1392654.525000  	    ba	0	2  
 1392655.757000  	    10	0	0  
 1392707.130000  	    7a	8	2  
 1392708.398000  	    50	0	0  
 1393710.888000  	    8a	3	2  
 1393712.081000  	    8a	2	2  
 1393713.241000  	    0	0	0  
 1396714.467000  	    7a	8	2  
 1396715.710000  	    50	0	0  
 1397717.990000  	    b9	0	2  
 1397734.120000  	    10	0	0  
 1399735.401000  	    7a	8	2  
 1399736.653000  	    50	0	0  
 1400739.116000  	    ba	0	2  
 1400740.303000  	    10	0	0  
 1400791.573000  	    7a	8	2  
 1400792.832000  	    50	0	0  
 1401795.344000  	    8a	3	2  
 1401796.609000  	    8a	2	2  
 1401797.862000  	    0	0	0  
 1404799.151000  	    7a	8	2  
 1404800.421000  	    50	0	0  
 1405802.583000  	    b9	0	2  
 1405803.816000  	    10	0	0  
 1407805.054000  	    7a	8	2  
 1407806.353000  	    50	0	0  
 1408808.603000  	    ba	0	2  
 1408809.773000  	    10	0	0  
 1408861.042000  	    7a	8	2  
 1408862.250000  	    50	0	0  
 1409864.625000  	    b6	1	2  
 1409865.892000  	    86	2	2  
 1409867.066000  	    0	0	0  
 1412868.368000  	    76	8	2  
 1412869.611000  	    50	0	0  
 1413871.818000  	    b5	0	2  
 1413873.034000  	    10	0	0  
 1415874.280000  	    76	8	2  
 1415875.558000  	    50	0	0  
 1416877.831000  	    b6	0	2  
 1416879.032000  	    10	0	0  
 1416930.317000  	    76	8	2  
 1416931.566000  	    50	0	0  
 1417934.088000  	    8a	3	2  
 1417935.277000  	    8a	2	2  
 1417936.465000  	    0	0	0  
 1420937.819000  	    7a	8	2  
 1420939.102000  	    50	0	0  
 1421941.522000  	    b9	0	2  
 1421942.697000  	    10	0	0  
 1423943.954000  	    7a	8	2  
 1423945.138000  	    50	0	0  
 1424947.591000  	    ba	0	2  
 1424948.801000  	    10	0	0  
 1425000.155000  	    7a	8	2  
 1425001.406000  	    50	0	0  
 1426003.717000  	    8a	3	2  
 1426004.911000  	    8a	2	2  
 1426006.074000  	    0	0	0  
 1429007.352000  	    7a	8	2  
 1429008.521000  	    50	0	0  
 1430010.568000  	    b9	0	2  
 1430011.712000  	    10	0	0  
 1432012.921000  	    7a	8	2  
 1432014.107000  	    50	0	0  
 1433016.403000  	    ba	0	2  
 1433017.572000  	    10	0	0  
 1433068.915000  	    7a	8	2  
 1433070.149000  	    50	0	0  
 1434072.579000  	    8a	3	2  
 1434073.942000  	    8a	2	2  
 1434075.229000  	    0	0	0  
 1437076.517000  	    7a	8	2  
 1437077.819000  	    50	0	0  
 1438080.278000  	    b9	0	2  
 1438081.533000  	    10	0	0  
 1440082.842000  	    7a	8	2  
 1440084.078000  	    50	0	0  
 1441086.335000  	    ba	0	2  
 1441087.511000  	    10	0	0  
 1441138.865000  	    7a	8	2  
 1441140.109000  	    50	0	0  
 1442142.490000  	    8a	3	2  
 1442143.676000  	    8a	2	2  
 1442144.923000  	    0	0	0  
 1445146.245000  	    7a	8	2  
 1445147.550000  	    50	0	0  
 1446150.005000  	    b9	0	2  
 1446151.186000  	    10	0	0  
 1448152.493000  	    7a	8	2  
 1448153.768000  	    50	0	0  
 1449155.842000  	    ba	0	2  
 1449156.996000  	    10	0	0  
 1449208.257000  	    7a	8	2  
 1449209.478000  	    50	0	0  
 1450211.896000  	    8a	3	2  
 1450213.090000  	    8a	2	2  
 1450214.282000  	    0	0	0  
 1453215.534000  	    7a	8	2  
 1453216.674000  	    50	0	0  
 1454218.281000  	    b9	0	2  
 1454219.409000  	    10	0	0  
 1456220.645000  	    7a	8	2  
 1456221.924000  	    50	0	0  
 1457224.070000  	    ba	0	2  
 1457225.189000  	    10	0	0  
 1457276.399000  	    7a	8	2  
 1457277.598000  	    50	0	0  
 1458279.759000  	    8a	3	2  
 1458280.908000  	    8a	2	2  
 1458282.058000  	    0	0	0  
 1461283.327000  	    7a	8	2  
 1461284.593000  	    50	0	0  
 1462286.823000  	    b9	0	2  
 1462288.012000  	    10	0	0  
 1464289.256000  	    7a	8	2  
 1464290.395000  	    50	0	0  
 1465292.502000  	    ba	0	2  
 1465293.670000  	    10	0	0  
 1465344.940000  	    7a	8	2  
 1465346.136000  	    50	0	0  
 1466348.354000  	    8a	3	2  
 1466349.563000  	    8a	2	2  
 1466350.769000  	    0	0	0  
 1469351.996000  	    7a	8	2  
 1469353.151000  	    50	0	0  
 1470355.247000  	    b9	0	2  
 1470356.423000  	    10	0	0  
 1472357.735000  	    7a	8	2  
 1472359.004000  	    50	0	0  
 1473361.431000  	    ba	0	2  
 1473362.603000  	    10	0	0  
 1473413.927000  	    7a	8	2  
 1473415.179000  	    50	0	0  
 1474417.429000  	    8a	3	2  
 1474418.621000  	    8a	2	2  
 1474419.812000  	    0	0	0  
 1477421.052000  	    7a	8	2  
 1477422.270000  	    50	0	0  
 1478424.661000  	    b9	0	2  
 1478425.851000  	    10	0	0  
 1480427.141000  	    7a	8	2  
 1480428.365000  	    50	0	0  
 1481430.681000  	    ba	0	2  
 1481431.910000  	    10	0	0  
 1481483.238000  	    7a	8	2  
 1481484.483000  	    50	0	0  
 1482486.726000  	    8a	3	2  
 1482487.934000  	    8a	2	2  
 1482489.127000  	    0	0	0  
 1485490.455000  	    7a	8	2  
 1485491.719000  	    50	0	0  
 1486494.189000  	    b9	0	2  
 1486495.377000  	    10	0	0  
 1488496.714000  	    7a	8	2  
 1488497.993000  	    50	0	0  
 1489499.726000  	    ba	0	2  
 1489500.866000  	    10	0	0  
 1489552.097000  	    7a	8	2  
 1489553.298000  	    50	0	0  
 1490554.854000  	    b6	1	2  
 1490555.975000  	    86	2	2  
 1490557.075000  	    0	0	0  
 1493558.296000  	    76	8	2  
 1493559.564000  	    50	0	0  
 1495561.808000  	    b5	0	2  
 1495563.035000  	    10	0	0  
 1497564.301000  	    76	8	2  
 1497565.587000  	    50	0	0  
 1498567.880000  	    b6	0	2  
 1498569.088000  	    10	0	0  
 1498620.388000  	    76	8	2  
 1498621.643000  	    50	0	0  
 1499623.806000  	    8a	3	2  
 1499624.965000  	    8a	2	2  
 1499626.113000  	    0	0	0  
 1502627.362000  	    7a	8	2  
 1502628.755000  	    50	0	0  
 1503631.106000  	    b9	0	2  
 1503632.273000  	    10	0	0  
 1505633.546000  	    7a	8	2  
 1505634.719000  	    50	0	0  
 1506636.973000  	    ba	0	2  
 1506638.154000  	    10	0	0  
 1506689.455000  	    7a	8	2  
 1506690.710000  	    50	0	0  
 1507693.180000  	    8a	3	2  
 1507694.391000  	    8a	2	2  
 1507695.586000  	    0	0	0  
 1510696.889000  	    7a	8	2  
 1510698.110000  	    50	0	0  
 1511700.645000  	    b9	0	2  
 1511701.863000  	    10	0	0  
 1513703.191000  	    7a	8	2  
 1513704.419000  	    50	0	0  
 1514706.662000  	    ba	0	2  
 1514707.826000  	    10	0	0  
 1514759.033000  	    7a	8	2  
 1514760.226000  	    50	0	0  
 1515762.490000  	    8a	3	2  
 1515763.727000  	    8a	2	2  
 1515765.000000  	    0	0	0  
 1518766.296000  	    7a	8	2  
 1518767.580000  	    50	0	0  
 1519769.739000  	    b9	0	2  
 1519770.900000  	    10	0	0  
 1521772.117000  	    7a	8	2  
 1521773.420000  	    50	0	0  
 1522775.850000  	    ba	0	2  
 1522777.048000  	    10	0	0  
 1522828.290000  	    7a	8	2  
 1522829.524000  	    50	0	0  
 1523831.838000  	    8a	3	2  
 1523833.062000  	    8a	2	2  
 1523834.278000  	    0	0	0  
 1526835.638000  	    7a	8	2  
 1526836.886000  	    50	0	0  
 1527839.220000  	    b9	0	2  
 1527840.422000  	    10	0	0  
 1529841.689000  	    7a	8	2  
 1529842.872000  	    50	0	0  
 1530845.154000  	    ba	0	2  
 1530846.401000  	    10	0	0  
 1530897.766000  	    7a	8	2  
 1530899.048000  	    50	0	0  
 1531901.568000  	    8a	3	2  
 1531902.829000  	    8a	2	2  
 1531904.080000  	    0	0	0  
 1534905.399000  	    7a	8	2  
 1534906.675000  	    50	0	0  
 1535908.944000  	    b9	0	2  
 1535910.114000  	    10	0	0  
 1537911.351000  	    7a	8	2  
 1537912.570000  	    50	0	0  
 1538914.739000  	    ba	0	2  
 1538915.898000  	    10	0	0  
 1538967.160000  	    7a	8	2  
 1538968.385000  	    50	0	0  
 1539970.738000  	    8a	3	2  
 1539971.904000  	    8a	2	2  
 1539973.067000  	    0	0	0  
 1542974.365000  	    7a	8	2  
 1542975.670000  	    50	0	0  
 1543978.076000  	    b9	0	2  
 1543979.257000  	    10	0	0  
 1545980.622000  	    7a	8	2  
 1545981.888000  	    50	0	0  
 1546984.063000  	    ba	0	2  
 1546985.231000  	    10	0	0  
 1547036.530000  	    7a	8	2  
 1547037.838000  	    50	0	0  
 1548040.214000  	    8a	3	2  
 1548041.356000  	    8a	2	2  
 1548042.456000  	    0	0	0  
 1551043.676000  	    7a	8	2  
 1551044.938000  	    50	0	0  
 1552047.221000  	    b9	0	2  
 1552048.371000  	    10	0	0  
 1554049.589000  	    7a	8	2  
 1554050.843000  	    50	0	0  
 1555053.175000  	    ba	0	2  
 1555054.312000  	    10	0	0  
 1555105.495000  	    7a	8	2  
 1555106.677000  	    50	0	0  
 1556109.089000  	    8a	3	2  
 1556110.318000  	    8a	2	2  
 1556111.511000  	    0	0	0  
 1559112.795000  	    7a	8	2  
 1559114.050000  	    50	0	0  
 1560115.984000  	    b9	0	2  
 1560117.115000  	    10	0	0  
 1562118.366000  	    7a	8	2  
 1562119.647000  	    50	0	0  
 1563122.165000  	    ba	0	2  
 1563123.339000  	    10	0	0  
 1563174.583000  	    7a	8	2  
 1563175.821000  	    50	0	0  
 1564178.289000  	    8a	3	2  
 1564179.472000  	    8a	2	2  
 1564180.631000  	    0	0	0  
 1567181.954000  	    7a	8	2  
 1567183.231000  	    50	0	0  
 1568185.549000  	    b9	0	2  
 1568186.753000  	    10	0	0  
 1570188.115000  	    7a	8	2  
 1570189.272000  	    50	0	0  
 1571191.471000  	    ba	0	2  
 1571192.641000  	    10	0	0  
 1571243.965000  	    7a	8	2  
 1571245.215000  	    50	0	0  
 1572247.666000  	    b6	1	2  
 1572248.867000  	    86	2	2  
 1572250.127000  	    0	0	0  
 1575251.446000  	    76	8	2  
 1575252.629000  	    50	0	0  
 1576254.933000  	    b5	0	2  
 1576256.249000  	    10	0	0  
 1578257.568000  	    76	8	2  
 1578258.790000  	    50	0	0  
 1579261.145000  	    b6	0	2  
 1579262.367000  	    10	0	0  
 1579313.695000  	    76	8	2  
 1579314.947000  	    50	0	0  
 1580316.575000  	    8a	3	2  
 1580317.707000  	    8a	2	2  
 1580318.833000  	    0	0	0  
 1583320.074000  	    7a	8	2  
 1583321.349000  	    50	0	0  
 1585323.541000  	    b9	0	2  
 1585324.717000  	    10	0	0  
 1587325.974000  	    7a	8	2  
 1587327.254000  	    50	0	0  
 1588329.670000  	    ba	0	2  
 1588330.845000  	    10	0	0  
 1588382.140000  	    7a	8	2  
 1588383.397000  	    50	0	0  
 1589385.982000  	    8a	3	2  
 1589387.158000  	    8a	2	2  
 1589388.345000  	    0	0	0  
 1592389.672000  	    7a	8	2  
 1592390.887000  	    50	0	0  
 1593393.300000  	    b9	0	2  
 1593394.473000  	    10	0	0  
 1595395.692000  	    7a	8	2  
 1595396.876000  	    50	0	0  
 1596399.177000  	    ba	0	2  
 1596400.434000  	    10	0	0  
 1596451.796000  	    7a	8	2  
 1596453.045000  	    50	0	0  
 1597455.622000  	    8a	3	2  
 1597456.849000  	    8a	2	2  
 1597458.092000  	    0	0	0  
 1600459.424000  	    7a	8	2  
 1600460.584000  	    50	0	0  
 1601462.792000  	    b9	0	2  
 1601463.995000  	    10	0	0  
 1603465.324000  	    7a	8	2  
 1603466.598000  	    50	0	0  
 1604468.936000  	    ba	0	2  
 1604470.114000  	    10	0	0  
 1604521.458000  	    7a	8	2  
 1604522.703000  	    50	0	0  
 1605524.989000  	    8a	3	2  
 1605526.174000  	    8a	2	2  
 1605527.373000  	    0	0	0  
 1608528.617000  	    7a	8	2  
 1608529.828000  	    50	0	0  
 1609532.226000  	    b9	0	2  
 1609533.412000  	    10	0	0  
 1611534.702000  	    7a	8	2  
 1611535.960000  	    50	0	0  
 1612538.253000  	    ba	0	2  
 1612539.417000  	    10	0	0  
 1612590.787000  	    7a	8	2  
 1612592.020000  	    50	0	0  
 1613594.555000  	    8a	3	2  
 1613595.770000  	    8a	2	2  
 1613597.026000  	    0	0	0  
 1616598.348000  	    7a	8	2  
 1616599.601000  	    50	0	0  
 1617601.875000  	    b9	0	2  
 1617603.159000  	    10	0	0  
 1619604.490000  	    7a	8	2  
 1619605.791000  	    50	0	0  
 1620608.007000  	    ba	0	2  
 1620609.219000  	    10	0	0  
 1620660.572000  	    7a	8	2  
 1620661.703000  	    50	0	0  
 1621664.050000  	    8a	3	2  
 1621665.259000  	    8a	2	2  
 1621666.498000  	    0	0	0  
 1624667.863000  	    7a	8	2  
 1624669.133000  	    50	0	0  
 1625671.408000  	    b9	0	2  
 1625672.584000  	    10	0	0  
 1627673.775000  	    7a	8	2  
 1627675.069000  	    50	0	0  
 1628677.418000  	    ba	0	2  
 1628678.664000  	    10	0	0  
 1628730.025000  	    7a	8	2  
 1628731.276000  	    50	0	0  
 1629733.581000  	    8a	3	2  
 1629734.765000  	    8a	2	2  
 1629735.939000  	    0	0	0  
 1632737.249000  	    7a	8	2  
 1632738.531000  	    50	0	0  
 1633740.816000  	    b9	0	2  
 1633742.001000  	    10	0	0  
 1635743.185000  	    7a	8	2  
 1635744.329000  	    50	0	0  
 1636746.692000  	    ba	0	2  
 1636747.893000  	    10	0	0  
 1636799.245000  	    7a	8	2  
 1636800.607000  	    50	0	0  
 1637802.986000  	    8a	3	2  
 1637804.191000  	    8a	2	2  
 1637805.453000  	    0	0	0  
 1640806.766000  	    7a	8	2  
 1640808.025000  	    50	0	0  
 1641810.456000  	    b9	0	2  
 1641811.644000  	    10	0	0  
 1643812.924000  	    7a	8	2  
 1643814.198000  	    50	0	0  
 1644816.534000  	    ba	0	2  
 1644817.753000  	    10	0	0  
 1644869.036000  	    7a	8	2  
 1644870.276000  	    50	0	0  
 1645872.635000  	    8a	3	2  
 1645873.805000  	    8a	2	2  
 1645874.957000  	    0	0	0  
 1648876.213000  	    7a	8	2  
 1648877.489000  	    50	0	0  
 1649879.853000  	    b9	0	2  
 1649881.039000  	    10	0	0  
 1651882.343000  	    7a	8	2  
 1651883.591000  	    50	0	0  
 1652885.907000  	    ba	0	2  
 1652887.136000  	    10	0	0  
 1652938.396000  	    7a	8	2  
 1652939.694000  	    50	0	0  
 1653942.480000  	    b6	1	2  
 1653943.655000  	    86	2	2  
 1653944.905000  	    0	0	0  
 1656946.249000  	    76	8	2  
 1656947.421000  	    50	0	0  
 1657949.620000  	    b5	0	2  
 1657950.803000  	    10	0	0  
 1659952.012000  	    76	8	2  
 1659953.249000  	    50	0	0  
 1660955.559000  	    b6	0	2  
 1660956.797000  	    10	0	0  
 1661008.140000  	    76	8	2  
 1661009.402000  	    50	0	0  
 1662011.614000  	    8a	3	2  
 1662012.794000  	    8a	2	2  
 1662013.946000  	    0	0	0  
 1665015.149000  	    7a	8	2  
 1665016.425000  	    50	0	0  
 1666018.742000  	    b9	0	2  
 1666019.917000  	    10	0	0  
 1668021.194000  	    7a	8	2  
 1668022.456000  	    50	0	0  
 1669024.689000  	    ba	0	2  
 1669025.857000  	    10	0	0  
 1669077.148000  	    7a	8	2  
 1669078.398000  	    50	0	0  
 1670080.791000  	    8a	3	2  
 1670082.039000  	    8a	2	2  
 1670083.284000  	    0	0	0  
 1673084.601000  	    7a	8	2  
 1673085.859000  	    50	0	0  
 1674088.301000  	    b9	0	2  
 1674089.482000  	    10	0	0  
 1676090.682000  	    7a	8	2  
 1676091.944000  	    50	0	0  
 1677094.295000  	    ba	0	2  
 1677095.462000  	    10	0	0  
 1677146.797000  	    7a	8	2  
 1677148.046000  	    50	0	0  
 1678150.503000  	    8a	3	2  
 1678151.801000  	    8a	2	2  
 1678153.068000  	    0	0	0  
 1681154.393000  	    7a	8	2  
 1681155.649000  	    50	0	0  
 1682158.028000  	    b9	0	2  
 1682159.217000  	    10	0	0  
 1684160.458000  	    7a	8	2  
 1684161.672000  	    50	0	0  
 1685163.928000  	    ba	0	2  
 1685165.089000  	    10	0	0  
 1685216.412000  	    7a	8	2  
 1685217.661000  	    50	0	0  
 1686219.982000  	    8a	3	2  
 1686221.203000  	    8a	2	2  
 1686222.399000  	    0	0	0  
 1689223.714000  	    7a	8	2  
 1689224.933000  	    50	0	0  
 1690227.392000  	    b9	0	2  
 1690228.570000  	    10	0	0  
 1692229.858000  	    7a	8	2  
 1692231.114000  	    50	0	0  
 1693233.550000  	    ba	0	2  
 1693234.733000  	    10	0	0  
 1693286.029000  	    7a	8	2  
 1693287.277000  	    50	0	0  
 1694289.608000  	    8a	3	2  
 1694290.783000  	    8a	2	2  
 1694291.970000  	    0	0	0  
 1697293.239000  	    7a	8	2  
 1697294.445000  	    50	0	0  
 1698296.749000  	    b9	0	2  
 1698298.010000  	    10	0	0  
 1700299.367000  	    7a	8	2  
 1700300.632000  	    50	0	0  
 1701302.965000  	    ba	0	2  
 1701304.127000  	    10	0	0  
 1701355.397000  	    7a	8	2  
 1701356.685000  	    50	0	0  
 1702359.075000  	    8a	3	2  
 1702360.287000  	    8a	2	2  
 1702361.468000  	    0	0	0  
 1705362.716000  	    7a	8	2  
 1705363.969000  	    50	0	0  
 1706366.318000  	    b9	0	2  
 1706367.493000  	    10	0	0  
 1708368.737000  	    7a	8	2  
 1708370.014000  	    50	0	0  
 1709372.428000  	    ba	0	2  
 1709373.601000  	    10	0	0  
 1709424.823000  	    7a	8	2  
 1709426.068000  	    50	0	0  
 1710428.263000  	    8a	3	2  
 1710429.455000  	    8a	2	2  
 1710430.656000  	    0	0	0  
 1713431.902000  	    7a	8	2  
 1713433.169000  	    50	0	0  
 1714434.799000  	    b9	0	2  
 1714435.941000  	    10	0	0  
 1716437.134000  	    7a	8	2  
 1716438.393000  	    50	0	0  
 1718440.647000  	    ba	0	2  
 1718441.812000  	    10	0	0  
 1718493.033000  	    7a	8	2  
 1718494.272000  	    50	0	0  
 1719496.647000  	    8a	3	2  
 1719497.891000  	    8a	2	2  
 1719499.125000  	    0	0	0  
 1722500.421000  	    7a	8	2  
 1722501.659000  	    50	0	0  
 1723504.016000  	    b9	0	2  
 1723505.206000  	    10	0	0  
 1725506.492000  	    7a	8	2  
 1725507.738000  	    50	0	0  
 1726509.911000  	    ba	0	2  
 1726511.072000  	    10	0	0  
 1726562.354000  	    7a	8	2  
 1726563.540000  	    50	0	0  
 1727565.974000  	    8a	3	2  
 1727567.181000  	    8a	2	2  
 1727568.424000  	    0	0	0  
 1730569.756000  	    7a	8	2  
 1730570.958000  	    50	0	0  
 1731573.211000  	    b9	0	2  
 1731574.424000  	    10	0	0  
 1733575.681000  	    7a	8	2  
 1733576.915000  	    50	0	0  
 1734579.270000  	    ba	0	2  
 1734580.515000  	    10	0	0  
 1734631.907000  	    7a	8	2  
 1734633.160000  	    50	0	0  
 1735635.354000  	    b6	1	2  
 1735636.577000  	    86	2	2  
 1735637.776000  	    0	0	0  
 1738639.064000  	    76	8	2  
 1738640.355000  	    50	0	0  
 1739642.670000  	    b5	0	2  
 1739643.850000  	    10	0	0  
 1741645.158000  	    76	8	2  
 1741646.429000  	    50	0	0  
 1742648.883000  	    b6	0	2  
 1742650.073000  	    10	0	0  
 1742701.364000  	    76	8	2  
 1742702.644000  	    50	0	0  
 1743705.028000  	    8a	3	2  
 1743706.299000  	    8a	2	2  
 1743707.529000  	    0	0	0  
 1746708.841000  	    7a	8	2  
 1746710.084000  	    50	0	0  
 1747712.494000  	    b9	0	2  
 1747713.752000  	    10	0	0  
 1749715.037000  	    7a	8	2  
 1749716.242000  	    50	0	0  
 1750718.385000  	    ba	0	2  
 1750719.580000  	    10	0	0  
 1750770.829000  	    7a	8	2  
 1750772.053000  	    50	0	0  
 1751774.353000  	    8a	3	2  
 1751775.561000  	    8a	2	2  
 1751776.755000  	    0	0	0  
 1754778.009000  	    7a	8	2  
 1754779.215000  	    50	0	0  
 1755781.534000  	    b9	0	2  
 1755782.735000  	    10	0	0  
 1757783.992000  	    7a	8	2  
 1757785.244000  	    50	0	0  
 1758787.773000  	    ba	0	2  
 1758788.967000  	    10	0	0  
 1758840.274000  	    7a	8	2  
 1758841.711000  	    50	0	0  
 1759844.173000  	    8a	3	2  
 1759845.413000  	    8a	2	2  
 1759846.628000  	    0	0	0  
 1762847.998000  	    7a	8	2  
 1762849.312000  	    50	0	0  
 1763851.646000  	    b9	0	2  
 1763852.871000  	    10	0	0  
 1765854.144000  	    7a	8	2  
 1765855.457000  	    50	0	0  
 1766857.724000  	    ba	0	2  
 1766858.903000  	    10	0	0  
 1766910.230000  	    7a	8	2  
 1766911.511000  	    50	0	0  
 1767913.974000  	    8a	3	2  
 1767915.199000  	    8a	2	2  
 1767916.450000  	    0	0	0  
 1770917.765000  	    7a	8	2  
 1770919.028000  	    50	0	0  
 1771921.411000  	    b9	0	2  
 1771922.588000  	    10	0	0  
 1773923.913000  	    7a	8	2  
 1773925.158000  	    50	0	0  
 1774927.558000  	    ba	0	2  
 1774928.751000  	    10	0	0  
 1774980.096000  	    7a	8	2  
 1774981.365000  	    50	0	0  
 1775983.590000  	    8a	3	2  
 1775984.792000  	    8a	2	2  
 1775986.008000  	    0	0	0  
 1778987.295000  	    7a	8	2  
 1778988.610000  	    50	0	0  
 1779990.969000  	    b9	0	2  
 1779992.218000  	    10	0	0  
 1781993.526000  	    7a	8	2  
 1781994.730000  	    50	0	0  
 1782996.305000  	    ba	0	2  
 1782997.441000  	    10	0	0  
 1783048.602000  	    7a	8	2  
 1783049.711000  	    50	0	0  
 1785051.735000  	    8a	3	2  
 1785052.929000  	    8a	2	2  
 1785054.087000  	    0	0	0  
 1788055.373000  	    7a	8	2  
 1788056.694000  	    50	0	0  
 1789059.040000  	    b9	0	2  
 1789060.253000  	    10	0	0  
 1791061.538000  	    7a	8	2  
 1791062.753000  	    50	0	0  
 1792064.915000  	    ba	0	2  
 1792066.066000  	    10	0	0  
 1792117.313000  	    7a	8	2  
 1792118.562000  	    50	0	0  
 1793120.772000  	    8a	3	2  
 1793121.990000  	    8a	2	2  
 1793123.241000  	    0	0	0  
 1796124.574000  	    7a	8	2  
 1796125.790000  	    50	0	0  
 1797128.029000  	    b9	0	2  
 1797129.285000  	    10	0	0  
 1799130.547000  	    7a	8	2  
 1799131.728000  	    50	0	0  
 1800133.998000  	    ba	0	2  
 1800135.187000  	    10	0	0  
 1800186.536000  	    7a	8	2  
 1800187.784000  	    50	0	0  
 1801190.160000  	    8a	3	2  
 1801191.337000  	    8a	2	2  
 1801192.593000  	    0	0	0  
 1804193.806000  	    7a	8	2  
 1804195.085000  	    50	0	0  
 1805197.375000  	    b9	0	2  
 1805198.550000  	    10	0	0  
 1807199.793000  	    7a	8	2  
 1807201.059000  	    50	0	0  
 1808203.660000  	    ba	0	2  
 1808204.850000  	    10	0	0  
 1808256.121000  	    7a	8	2  
 1808257.376000  	    50	0	0  
 1809259.851000  	    8a	3	2  
 1809261.114000  	    8a	2	2  
 1809262.296000  	    0	0	0  
 1812263.517000  	    7a	8	2  
 1812264.789000  	    50	0	0  
 1813267.128000  	    b9	0	2  
 1813268.284000  	    10	0	0  
 1815269.530000  	    7a	8	2  
 1815270.736000  	    50	0	0  
 1816273.077000  	    ba	0	2  
 1816274.258000  	    10	0	0  
 1816325.565000  	    7a	8	2  
 1816326.832000  	    50	0	0  
 1817329.096000  	    b6	1	2  
 1817330.257000  	    86	2	2  
 1817331.484000  	    0	0	0  
 1820332.787000  	    76	8	2  
 1820333.976000  	    50	0	0  
 1821336.135000  	    b5	0	2  
 1821337.296000  	    10	0	0  
 1823338.551000  	    76	8	2  
 1823339.825000  	    50	0	0  
 1824342.098000  	    b6	0	2  
 1824343.298000  	    10	0	0  
 1824394.615000  	    76	8	2  
 1824395.829000  	    50	0	0  
 1825398.022000  	    8a	3	2  
 1825399.169000  	    8a	2	2  
 1825400.276000  	    0	0	0  
 1828401.486000  	    7a	8	2  
 1828402.745000  	    50	0	0  
 1829405.001000  	    b9	0	2  
 1829406.199000  	    10	0	0  
 1831407.426000  	    7a	8	2  
 1831408.656000  	    50	0	0  
 1832411.063000  	    ba	0	2  
 1832412.252000  	    10	0	0  
 1832463.609000  	    7a	8	2  
 1832464.860000  	    50	0	0  
 1833467.062000  	    8a	3	2  
 1833468.306000  	    8a	2	2  
 1833469.542000  	    0	0	0  
 1836470.813000  	    7a	8	2  
 1836472.026000  	    50	0	0  
 1837474.199000  	    b9	0	2  
 1837475.363000  	    10	0	0  
 1839476.603000  	    7a	8	2  
 1839477.850000  	    50	0	0  
 1840480.241000  	    ba	0	2  
 1840481.412000  	    10	0	0  
 1840532.702000  	    7a	8	2  
 1840533.946000  	    50	0	0  
 1841536.452000  	    8a	3	2  
 1841538.145000  	    8a	2	2  
 1841539.278000  	    0	0	0  
 1844540.529000  	    7a	8	2  
 1844541.840000  	    50	0	0  
 1845544.078000  	    b9	0	2  
 1845545.239000  	    10	0	0  
 1847546.463000  	    7a	8	2  
 1847547.673000  	    50	0	0  
 1848549.914000  	    ba	0	2  
 1848551.125000  	    10	0	0  
 1848602.373000  	    7a	8	2  
 1848603.617000  	    50	0	0  
 1849606.124000  	    8a	3	2  
 1849607.310000  	    8a	2	2  
 1849608.465000  	    0	0	0  
 1852609.753000  	    7a	8	2  
 1852610.936000  	    50	0	0  
 1853613.055000  	    b9	0	2  
 1853614.275000  	    10	0	0  
 1855615.546000  	    7a	8	2  
 1855616.822000  	    50	0	0  
 1856619.155000  	    ba	0	2  
 1856620.369000  	    10	0	0  
 1856671.705000  	    7a	8	2  
 1856672.977000  	    50	0	0  
 1857675.267000  	    8a	3	2  
 1857676.415000  	    8a	2	2  
 1857677.547000  	    0	0	0  
 1860678.819000  	    7a	8	2  
 1860680.091000  	    50	0	0  
 1861682.369000  	    b9	0	2  
 1861683.551000  	    10	0	0  
 1863684.809000  	    7a	8	2  
 1863686.030000  	    50	0	0  
 1864688.238000  	    ba	0	2  
 1864689.423000  	    10	0	0  
 1864740.687000  	    7a	8	2  
 1864741.942000  	    50	0	0  
 1865744.228000  	    8a	3	2  
 1865745.406000  	    8a	2	2  
 1865746.597000  	    0	0	0  
 1868747.828000  	    7a	8	2  
 1868749.056000  	    50	0	0  
 1869751.273000  	    b9	0	2  
 1869752.534000  	    10	0	0  
 1871753.880000  	    7a	8	2  
 1871755.131000  	    50	0	0  
 1872757.454000  	    ba	0	2  
 1872758.657000  	    10	0	0  
 1872809.951000  	    7a	8	2  
 1872811.205000  	    50	0	0  
 1873813.730000  	    8a	3	2  
 1873814.936000  	    8a	2	2  
 1873816.180000  	    0	0	0  
 1876817.464000  	    7a	8	2  
 1876818.720000  	    50	0	0  
 1877821.100000  	    b9	0	2  
 1877822.342000  	    10	0	0  
 1879823.653000  	    7a	8	2  
 1879824.826000  	    50	0	0  
 1880827.200000  	    ba	0	2  
 1880828.414000  	    10	0	0  
 1880879.759000  	    7a	8	2  
 1880881.017000  	    50	0	0  
 1881883.438000  	    8a	3	2  
 1881884.669000  	    8a	2	2  
 1881885.862000  	    0	0	0  
 1884887.151000  	    7a	8	2  
 1884888.424000  	    50	0	0  
 1885890.889000  	    b9	0	2  
 1885892.077000  	    10	0	0  
 1887893.297000  	    7a	8	2  
 1887894.544000  	    50	0	0  
 1888896.925000  	    ba	0	2  
 1888898.189000  	    10	0	0  
 1888949.528000  	    7a	8	2  
 1888950.780000  	    50	0	0  
 1889953.195000  	    8a	3	2  
 1889954.349000  	    8a	2	2  
 1889955.515000  	    0	0	0  
 1892956.785000  	    7a	8	2  
 1892958.006000  	    50	0	0  
 1893960.059000  	    b9	0	2  
 1893961.295000  	    10	0	0  
 1895962.562000  	    7a	8	2  
 1895963.859000  	    50	0	0  
 1896966.326000  	    ba	0	2  
 1896967.549000  	    10	0	0  
 1897018.848000  	    7a	8	2  
 1897020.066000  	    50	0	0  
 1898022.368000  	    b6	1	2  
 1898023.641000  	    86	2	2  
 1898024.907000  	    0	0	0  
 1901026.197000  	    76	8	2  
 1901027.399000  	    50	0	0  
 1902029.890000  	    b5	0	2  
 1902031.127000  	    10	0	0  
 1904032.354000  	    76	8	2  
 1904033.576000  	    50	0	0  
 1905035.945000  	    b6	0	2  
 1905037.171000  	    10	0	0  
 1905088.520000  	    76	8	2  
 1905089.852000  	    50	0	0  
 1906092.095000  	    8a	3	2  
 1906093.304000  	    8a	2	2  
 1906094.505000  	    0	0	0  
 1909095.811000  	    7a	8	2  
 1909097.101000  	    50	0	0  
 1910099.595000  	    b9	0	2  
 1910100.822000  	    10	0	0  
 1912102.134000  	    7a	8	2  
 1912103.421000  	    50	0	0  
 1913105.721000  	    ba	0	2  
 1913106.910000  	    10	0	0  
 1913158.241000  	    7a	8	2  
 1913159.526000  	    50	0	0  
 1914104.987000  	    ba	0	2  
 1914106.172000  	    10	0	0  
