---------------------------------------------------
  Seconds  	 Bits to EIO (12) 	 CIO (13) 	 FIO (15)
---------------------------------------------------
 0.027000  	    ba	0	2  
 0.372000  	    10	0	0  
 43395.812000  	    8a	3	2  
 43396.400000  	    8a	2	2  
 43396.947000  	    0	0	0  
 46397.425000  	    7a	8	2  
 46397.974000  	    50	0	0  
 47398.996000  	    b9	0	2  
 47399.477000  	    10	0	0  
 49399.893000  	    ba	4	2  
 49400.486000  	    0	0	0  
 49600.982000  	    7a	8	2  
 49601.519000  	    50	0	0  
 50601.989000  	    ba	0	2  
 50602.531000  	    10	0	0  
 50653.051000  	    7a	8	2  
 50653.640000  	    50	0	0  
 51654.503000  	    8a	3	2  
 51655.095000  	    8a	2	2  
 51655.635000  	    0	0	0  
 54656.160000  	    7a	8	2  
 54656.694000  	    50	0	0  
 55657.182000  	    b9	0	2  
 55657.725000  	    10	0	0  
 57658.293000  	    ba	4	2  
 57658.810000  	    0	0	0  
 57859.270000  	    7a	8	2  
 57859.807000  	    50	0	0  
 58860.289000  	    ba	0	2  
 58860.853000  	    10	0	0  
 58911.340000  	    7a	8	2  
 58911.830000  	    50	0	0  
 59912.249000  	    8a	3	2  
 59912.737000  	    8a	2	2  
 59913.190000  	    0	0	0  
 62913.586000  	    7a	8	2  
 62914.092000  	    50	0	0  
 63914.509000  	    b9	0	2  
 63914.969000  	    10	0	0  
 65915.353000  	    ba	4	2  
 65915.847000  	    0	0	0  
 66116.270000  	    7a	8	2  
 66116.801000  	    50	0	0  
 67117.240000  	    ba	0	2  
 67117.789000  	    10	0	0  
 67168.272000  	    7a	8	2  
 67168.850000  	    50	0	0  
 68169.395000  	    8a	3	2  
 68169.988000  	    8a	2	2  
 68170.522000  	    0	0	0  
 71170.970000  	    7a	8	2  
 71171.524000  	    50	0	0  
 72171.982000  	    b9	0	2  
 72172.546000  	    10	0	0  
 74173.041000  	    ba	4	2  
 74173.596000  	    0	0	0  
 74374.085000  	    7a	8	2  
 74374.668000  	    50	0	0  
 75375.137000  	    ba	0	2  
 75375.626000  	    10	0	0  
 75426.111000  	    7a	8	2  
 75426.704000  	    50	0	0  
 76427.165000  	    8a	3	2  
 76427.633000  	    8a	2	2  
 76428.089000  	    0	0	0  
 79428.512000  	    7a	8	2  
 79429.031000  	    50	0	0  
 80429.473000  	    b9	0	2  
 80429.984000  	    10	0	0  
 82430.389000  	    ba	4	2  
 82430.917000  	    0	0	0  
 82631.378000  	    7a	8	2  
 82631.939000  	    50	0	0  
 83632.511000  	    ba	0	2  
 83633.134000  	    10	0	0  
 83683.642000  	    7a	8	2  
 83684.159000  	    50	0	0  
 84684.650000  	    8a	3	2  
 84685.277000  	    8a	2	2  
 84685.804000  	    0	0	0  
 87686.309000  	    7a	8	2  
 87686.867000  	    50	0	0  
 88687.361000  	    b9	0	2  
 88687.938000  	    10	0	0  
 90688.424000  	    ba	4	2  
 90688.984000  	    0	0	0  
 90889.455000  	    7a	8	2  
 90889.984000  	    50	0	0  
 91890.413000  	    ba	0	2  
 91890.927000  	    10	0	0  
 91941.415000  	    7a	8	2  
 91941.955000  	    50	0	0  
 92942.437000  	    8a	3	2  
 92943.037000  	    8a	2	2  
 92943.578000  	    0	0	0  
 95944.038000  	    7a	8	2  
 95944.651000  	    50	0	0  
 96945.154000  	    b9	0	2  
 96945.722000  	    10	0	0  
 98946.214000  	    ba	4	2  
 98946.794000  	    0	0	0  
 99147.256000  	    7a	8	2  
 99147.754000  	    50	0	0  
 100148.196000  	    ba	0	2  
 100148.763000  	    10	0	0  
 100199.266000  	    7a	8	2  
 100199.784000  	    50	0	0  
 101200.240000  	    8a	3	2  
 101200.799000  	    8a	2	2  
 101201.345000  	    0	0	0  
 104201.796000  	    7a	8	2  
 104202.326000  	    50	0	0  
 105202.764000  	    b9	0	2  
 105203.246000  	    10	0	0  
 107203.669000  	    ba	4	2  
 107204.194000  	    0	0	0  
 107404.580000  	    7a	8	2  
 107405.033000  	    50	0	0  
 108405.424000  	    ba	0	2  
 108405.951000  	    10	0	0  
 108456.451000  	    7a	8	2  
 108456.944000  	    50	0	0  
 109457.457000  	    8a	3	2  
 109458.075000  	    8a	2	2  
 109458.602000  	    0	0	0  
 112459.090000  	    7a	8	2  
 112459.679000  	    50	0	0  
 113460.166000  	    b9	0	2  
 113460.679000  	    10	0	0  
 115461.079000  	    ba	4	2  
 115461.538000  	    0	0	0  
 115661.969000  	    7a	8	2  
 115662.517000  	    50	0	0  
 116662.963000  	    ba	0	2  
 116663.522000  	    10	0	0  
 116714.084000  	    7a	8	2  
 116714.691000  	    50	0	0  
 117715.268000  	    8a	3	2  
 117715.860000  	    8a	2	2  
 117716.402000  	    0	0	0  
 120716.822000  	    7a	8	2  
 120717.255000  	    50	0	0  
 121717.672000  	    b9	0	2  
 121718.224000  	    10	0	0  
 123718.691000  	    ba	4	2  
 123719.257000  	    0	0	0  
 123919.719000  	    7a	8	2  
 123920.238000  	    50	0	0  
 124920.681000  	    ba	0	2  
 124921.219000  	    10	0	0  
 124971.720000  	    7a	8	2  
 124972.215000  	    50	0	0  
 125972.697000  	    8a	3	2  
 125973.250000  	    8a	2	2  
 125973.739000  	    0	0	0  
 128974.214000  	    7a	8	2  
 128974.756000  	    50	0	0  
 129975.211000  	    b9	0	2  
 129975.738000  	    10	0	0  
 131976.145000  	    ba	4	2  
 131976.595000  	    0	0	0  
 132176.981000  	    7a	8	2  
 132177.493000  	    50	0	0  
 133177.915000  	    ba	0	2  
 133178.424000  	    10	0	0  
 133228.895000  	    7a	8	2  
 133229.434000  	    50	0	0  
 134229.930000  	    8a	3	2  
 134230.538000  	    8a	2	2  
 134231.070000  	    0	0	0  
 137231.492000  	    7a	8	2  
 137232.024000  	    50	0	0  
 138232.476000  	    b9	0	2  
 138233.085000  	    10	0	0  
 140233.589000  	    ba	4	2  
 140234.094000  	    0	0	0  
 140434.547000  	    7a	8	2  
 140435.055000  	    50	0	0  
 141435.475000  	    ba	0	2  
 141436.003000  	    10	0	0  
 141486.515000  	    7a	8	2  
 141487.116000  	    50	0	0  
 142487.588000  	    8a	3	2  
 142488.124000  	    8a	2	2  
 142488.647000  	    0	0	0  
 145489.113000  	    7a	8	2  
 145489.718000  	    50	0	0  
 146490.312000  	    b9	0	2  
 146490.870000  	    10	0	0  
 148491.396000  	    ba	4	2  
 148491.954000  	    0	0	0  
 148692.401000  	    7a	8	2  
 148692.876000  	    50	0	0  
 149693.304000  	    ba	0	2  
 149693.891000  	    10	0	0  
 149744.409000  	    7a	8	2  
 149744.967000  	    50	0	0  
 150745.478000  	    8a	3	2  
 150746.028000  	    8a	2	2  
 150746.515000  	    0	0	0  
 153746.945000  	    7a	8	2  
 153747.514000  	    50	0	0  
 154748.060000  	    b9	0	2  
 154748.599000  	    10	0	0  
 156749.024000  	    ba	4	2  
 156749.474000  	    0	0	0  
 156949.909000  	    7a	8	2  
 156950.461000  	    50	0	0  
 157950.930000  	    ba	0	2  
 157951.446000  	    10	0	0  
 158001.941000  	    7a	8	2  
 158002.482000  	    50	0	0  
 159002.971000  	    8a	3	2  
 159003.608000  	    8a	2	2  
 159004.173000  	    0	0	0  
 162004.659000  	    7a	8	2  
 162005.189000  	    50	0	0  
 163005.695000  	    b9	0	2  
 163006.242000  	    10	0	0  
 165006.708000  	    ba	4	2  
 165007.254000  	    0	0	0  
 165207.715000  	    7a	8	2  
 165208.309000  	    50	0	0  
 166208.757000  	    ba	0	2  
 166209.254000  	    10	0	0  
 166259.744000  	    7a	8	2  
 166260.265000  	    50	0	0  
 167260.801000  	    8a	3	2  
 167261.473000  	    8a	2	2  
 167262.147000  	    0	0	0  
 170262.651000  	    7a	8	2  
 170263.153000  	    50	0	0  
 171263.636000  	    b9	0	2  
 171264.198000  	    10	0	0  
 173264.661000  	    ba	4	2  
 173265.184000  	    0	0	0  
 173465.635000  	    7a	8	2  
 173466.166000  	    50	0	0  
 174466.573000  	    ba	0	2  
 174467.054000  	    10	0	0  
 174517.521000  	    7a	8	2  
 174518.046000  	    50	0	0  
 175518.567000  	    8a	3	2  
 175519.112000  	    8a	2	2  
 175519.607000  	    0	0	0  
 178520.055000  	    7a	8	2  
 178520.667000  	    50	0	0  
 179521.178000  	    b9	0	2  
 179521.734000  	    10	0	0  
 181522.202000  	    ba	4	2  
 181522.730000  	    0	0	0  
 181723.160000  	    7a	8	2  
 181723.672000  	    50	0	0  
 182724.144000  	    ba	0	2  
 182724.679000  	    10	0	0  
 182775.142000  	    7a	8	2  
 182775.635000  	    50	0	0  
 183776.115000  	    8a	3	2  
 183776.694000  	    8a	2	2  
 183777.199000  	    0	0	0  
 186777.651000  	    7a	8	2  
 186778.180000  	    50	0	0  
 187778.619000  	    b9	0	2  
 187779.130000  	    10	0	0  
 189779.567000  	    ba	4	2  
 189780.089000  	    0	0	0  
 189980.554000  	    7a	8	2  
 189981.086000  	    50	0	0  
 190981.541000  	    ba	0	2  
 190982.057000  	    10	0	0  
 191032.548000  	    7a	8	2  
 191033.112000  	    50	0	0  
 192033.569000  	    8a	3	2  
 192034.098000  	    8a	2	2  
 192034.609000  	    0	0	0  
 195035.078000  	    7a	8	2  
 195035.691000  	    50	0	0  
 196036.212000  	    b9	0	2  
 196036.748000  	    10	0	0  
 198037.234000  	    ba	4	2  
 198037.801000  	    0	0	0  
 198238.332000  	    7a	8	2  
 198238.881000  	    50	0	0  
 199239.340000  	    ba	0	2  
 199239.878000  	    10	0	0  
 199290.398000  	    7a	8	2  
 199290.958000  	    50	0	0  
 200291.387000  	    8a	3	2  
 200291.874000  	    8a	2	2  
 200292.352000  	    0	0	0  
 203292.797000  	    7a	8	2  
 203293.321000  	    50	0	0  
 204293.746000  	    b9	0	2  
 204294.269000  	    10	0	0  
 206294.704000  	    ba	4	2  
 206295.216000  	    0	0	0  
 206495.626000  	    7a	8	2  
 206496.095000  	    50	0	0  
 207496.523000  	    ba	0	2  
 207497.125000  	    10	0	0  
 207547.685000  	    7a	8	2  
 207548.343000  	    50	0	0  
 208548.900000  	    8a	3	2  
 208549.460000  	    8a	2	2  
 208549.983000  	    0	0	0  
 211550.505000  	    7a	8	2  
 211551.043000  	    50	0	0  
 212551.519000  	    b9	0	2  
 212552.069000  	    10	0	0  
 214552.573000  	    ba	4	2  
 214553.170000  	    0	0	0  
 214753.656000  	    7a	8	2  
 214754.198000  	    50	0	0  
 215754.659000  	    ba	0	2  
 215755.199000  	    10	0	0  
 215805.685000  	    7a	8	2  
 215806.220000  	    50	0	0  
 216806.659000  	    8a	3	2  
 216807.097000  	    8a	2	2  
 216807.523000  	    0	0	0  
 219808.002000  	    7a	8	2  
 219808.545000  	    50	0	0  
 220809.003000  	    b9	0	2  
 220809.533000  	    10	0	0  
 222809.955000  	    ba	4	2  
 222810.426000  	    0	0	0  
 223010.835000  	    7a	8	2  
 223011.363000  	    50	0	0  
 224011.795000  	    ba	0	2  
 224012.380000  	    10	0	0  
 224062.924000  	    7a	8	2  
 224063.488000  	    50	0	0  
 225063.985000  	    8a	3	2  
 225064.529000  	    8a	2	2  
 225065.042000  	    0	0	0  
 228065.481000  	    7a	8	2  
 228065.984000  	    50	0	0  
 229066.420000  	    b9	0	2  
 229066.963000  	    10	0	0  
 231067.466000  	    ba	4	2  
 231068.026000  	    0	0	0  
 231268.498000  	    7a	8	2  
 231269.048000  	    50	0	0  
 232269.496000  	    ba	0	2  
 232270.009000  	    10	0	0  
 232320.473000  	    7a	8	2  
 232320.974000  	    50	0	0  
 233321.477000  	    8a	3	2  
 233322.043000  	    8a	2	2  
 233322.573000  	    0	0	0  
 236323.021000  	    7a	8	2  
 236323.567000  	    50	0	0  
 237324.045000  	    b9	0	2  
 237324.612000  	    10	0	0  
 239325.034000  	    ba	4	2  
 239325.521000  	    0	0	0  
 239525.988000  	    7a	8	2  
 239526.533000  	    50	0	0  
 240527.026000  	    ba	0	2  
 240527.560000  	    10	0	0  
 240578.066000  	    7a	8	2  
 240578.605000  	    50	0	0  
 241579.091000  	    8a	3	2  
 241579.640000  	    8a	2	2  
 241580.142000  	    0	0	0  
 244580.639000  	    7a	8	2  
 244581.181000  	    50	0	0  
 245581.707000  	    b9	0	2  
 245582.264000  	    10	0	0  
 247582.712000  	    ba	4	2  
 247583.144000  	    0	0	0  
 247783.536000  	    7a	8	2  
 247784.109000  	    50	0	0  
 248784.597000  	    ba	0	2  
 248785.207000  	    10	0	0  
 248835.750000  	    7a	8	2  
 248836.256000  	    50	0	0  
 249836.759000  	    8a	3	2  
 249837.281000  	    8a	2	2  
 249837.789000  	    0	0	0  
 252838.241000  	    7a	8	2  
 252838.786000  	    50	0	0  
 253839.333000  	    b9	0	2  
 253839.839000  	    10	0	0  
 255840.363000  	    ba	4	2  
 255840.950000  	    0	0	0  
 256041.458000  	    7a	8	2  
 256042.004000  	    50	0	0  
 257042.462000  	    ba	0	2  
 257043.005000  	    10	0	0  
 257093.475000  	    7a	8	2  
 257093.974000  	    50	0	0  
 258094.459000  	    8a	3	2  
 258095.082000  	    8a	2	2  
 258095.641000  	    0	0	0  
 261096.121000  	    7a	8	2  
 261096.683000  	    50	0	0  
 262097.233000  	    b9	0	2  
 262097.801000  	    10	0	0  
 264098.236000  	    ba	4	2  
 264098.810000  	    0	0	0  
 264299.249000  	    7a	8	2  
 264299.734000  	    50	0	0  
 265300.182000  	    ba	0	2  
 265300.733000  	    10	0	0  
 265351.251000  	    7a	8	2  
 265351.763000  	    50	0	0  
 266352.191000  	    8a	3	2  
 266352.753000  	    8a	2	2  
 266353.278000  	    0	0	0  
 269353.800000  	    7a	8	2  
 269354.362000  	    50	0	0  
 270354.851000  	    b9	0	2  
 270355.388000  	    10	0	0  
 272355.836000  	    ba	4	2  
 272356.443000  	    0	0	0  
 272556.992000  	    7a	8	2  
 272557.598000  	    50	0	0  
 273558.108000  	    ba	0	2  
 273558.675000  	    10	0	0  
 273609.169000  	    7a	8	2  
 273609.713000  	    50	0	0  
 274610.190000  	    8a	3	2  
 274610.708000  	    8a	2	2  
 274611.190000  	    0	0	0  
 277611.680000  	    7a	8	2  
 277612.244000  	    50	0	0  
 278612.735000  	    b9	0	2  
 278613.272000  	    10	0	0  
 280613.779000  	    ba	4	2  
 280614.317000  	    0	0	0  
 280814.783000  	    7a	8	2  
 280815.305000  	    50	0	0  
 281815.746000  	    ba	0	2  
 281816.274000  	    10	0	0  
 281866.787000  	    7a	8	2  
 281867.316000  	    50	0	0  
 282867.764000  	    8a	3	2  
 282868.219000  	    8a	2	2  
 282868.653000  	    0	0	0  
 285869.043000  	    7a	8	2  
 285869.640000  	    50	0	0  
 286870.156000  	    b9	0	2  
 286870.684000  	    10	0	0  
 288871.122000  	    ba	4	2  
 288871.669000  	    0	0	0  
 289072.204000  	    7a	8	2  
 289072.673000  	    50	0	0  
 290073.077000  	    ba	0	2  
 290073.592000  	    10	0	0  
 290124.028000  	    7a	8	2  
 290124.555000  	    50	0	0  
 291125.055000  	    8a	3	2  
 291125.612000  	    8a	2	2  
 291126.138000  	    0	0	0  
 294126.575000  	    7a	8	2  
 294127.039000  	    50	0	0  
 295127.471000  	    b9	0	2  
 295128.015000  	    10	0	0  
 297128.469000  	    ba	4	2  
 297129.073000  	    0	0	0  
 297329.601000  	    7a	8	2  
 297330.139000  	    50	0	0  
 298330.598000  	    ba	0	2  
 298331.149000  	    10	0	0  
 298381.695000  	    7a	8	2  
 298382.304000  	    50	0	0  
 299382.814000  	    8a	3	2  
 299383.478000  	    8a	2	2  
 299384.107000  	    0	0	0  
 302384.491000  	    7a	8	2  
 302385.069000  	    50	0	0  
 303385.585000  	    b9	0	2  
 303386.131000  	    10	0	0  
 305386.537000  	    ba	4	2  
 305386.999000  	    0	0	0  
 305587.417000  	    7a	8	2  
 305587.933000  	    50	0	0  
 306588.346000  	    ba	0	2  
 306588.862000  	    10	0	0  
 306639.342000  	    7a	8	2  
 306639.873000  	    50	0	0  
 307640.326000  	    8a	3	2  
 307640.844000  	    8a	2	2  
 307641.326000  	    0	0	0  
 310641.770000  	    7a	8	2  
 310642.296000  	    50	0	0  
 311642.844000  	    b9	0	2  
 311643.366000  	    10	0	0  
 313643.841000  	    ba	4	2  
 313644.354000  	    0	0	0  
 313844.769000  	    7a	8	2  
 313845.291000  	    50	0	0  
 314328.581000  	    ba	0	2  
 314329.104000  	    10	0	0  
 314379.609000  	    7a	8	2  
 314380.133000  	    50	0	0  
 314380.603000  	    ba	0	2  
 314381.013000  	    10	0	0  
 415868.348000  	    7a	8	2  
 415868.769000  	    50	0	0  
 416868.361000  	    10	0	0  
 436584.586000  	    7a	8	2  
 436585.031000  	    50	0	0  
 437584.606000  	    10	0	0  
 447575.843000  	    7a	8	2  
 447576.307000  	    50	0	0  
 448575.839000  	    10	0	0  
 615042.502000  	    7a	8	2  
 615042.925000  	    50	0	0  
 616042.428000  	    10	0	0  
 620193.594000  	    7a	8	2  
 620193.993000  	    50	0	0  
 621193.603000  	    10	0	0  
 821271.994000  	    7a	8	2  
 821272.452000  	    50	0	0  
 822271.826000  	    10	0	0  
 828543.010000  	    8a	3	2  
 828543.491000  	    8a	2	2  
 828543.973000  	    0	0	0  
 831544.533000  	    7a	8	2  
 831545.077000  	    50	0	0  
 832545.485000  	    b9	0	2  
 832545.967000  	    10	0	0  
 834546.353000  	    ba	4	2  
 834546.843000  	    0	0	0  
 834747.282000  	    7a	8	2  
 834747.767000  	    50	0	0  
 835748.195000  	    ba	0	2  
 835748.757000  	    10	0	0  
 835799.275000  	    7a	8	2  
 835799.807000  	    50	0	0  
 836800.303000  	    8a	3	2  
 836800.857000  	    8a	2	2  
 836801.311000  	    0	0	0  
 839801.749000  	    7a	8	2  
 839802.266000  	    50	0	0  
 840802.765000  	    b9	0	2  
 840803.283000  	    10	0	0  
 842803.715000  	    ba	4	2  
 842804.293000  	    0	0	0  
 843004.818000  	    7a	8	2  
 843005.357000  	    50	0	0  
 844005.833000  	    ba	0	2  
 844006.358000  	    10	0	0  
 844056.848000  	    7a	8	2  
 844057.393000  	    50	0	0  
 844275.708000  	    ba	0	2  
 844276.045000  	    10	0	0  
 961357.816000  	    8a	3	2  
 961358.367000  	    8a	2	2  
 961358.983000  	    0	0	0  
 964359.451000  	    7a	8	2  
 964360.006000  	    50	0	0  
 965360.406000  	    b9	0	2  
 965360.917000  	    10	0	0  
 967361.382000  	    ba	4	2  
 967361.920000  	    0	0	0  
 967562.404000  	    7a	8	2  
 967562.913000  	    50	0	0  
 968563.332000  	    ba	0	2  
 968563.869000  	    10	0	0  
 968614.351000  	    7a	8	2  
 968614.887000  	    50	0	0  
 969615.431000  	    8a	3	2  
 969616.014000  	    8a	2	2  
 969616.523000  	    0	0	0  
 972616.995000  	    7a	8	2  
 972617.557000  	    50	0	0  
 973618.053000  	    b9	0	2  
 973618.590000  	    10	0	0  
 975619.055000  	    ba	4	2  
 975619.575000  	    0	0	0  
 975820.046000  	    7a	8	2  
 975820.579000  	    50	0	0  
 976820.994000  	    ba	0	2  
 976821.486000  	    10	0	0  
 976871.988000  	    7a	8	2  
 976872.517000  	    50	0	0  
 977872.983000  	    8a	3	2  
 977873.471000  	    8a	2	2  
 977873.933000  	    0	0	0  
 980874.383000  	    7a	8	2  
 980874.925000  	    50	0	0  
 981875.363000  	    b9	0	2  
 981875.835000  	    10	0	0  
 983876.268000  	    ba	4	2  
 983876.810000  	    0	0	0  
 984077.256000  	    7a	8	2  
 984077.732000  	    50	0	0  
 985078.207000  	    ba	0	2  
 985078.745000  	    10	0	0  
 985129.275000  	    7a	8	2  
 985129.851000  	    50	0	0  
 986130.338000  	    8a	3	2  
 986130.931000  	    8a	2	2  
 986131.465000  	    0	0	0  
 989131.963000  	    7a	8	2  
 989132.535000  	    50	0	0  
 990132.976000  	    b9	0	2  
 990133.443000  	    10	0	0  
 992133.847000  	    ba	4	2  
 992134.355000  	    0	0	0  
 992334.814000  	    7a	8	2  
 992335.371000  	    50	0	0  
 993335.823000  	    ba	0	2  
 993336.367000  	    10	0	0  
 993386.857000  	    7a	8	2  
 993387.391000  	    50	0	0  
 994387.856000  	    8a	3	2  
 994388.410000  	    8a	2	2  
 994388.906000  	    0	0	0  
 997389.378000  	    7a	8	2  
 997389.887000  	    50	0	0  
 998390.409000  	    b9	0	2  
 998390.962000  	    10	0	0  
 1000391.430000  	    ba	4	2  
 1000391.950000  	    0	0	0  
 1000592.371000  	    7a	8	2  
 1000592.881000  	    50	0	0  
 1001593.305000  	    ba	0	2  
 1001593.838000  	    10	0	0  
 1001644.445000  	    7a	8	2  
 1001645.089000  	    50	0	0  
 1002645.670000  	    8a	3	2  
 1002646.218000  	    8a	2	2  
 1002646.829000  	    0	0	0  
 1005647.437000  	    7a	8	2  
 1005647.956000  	    50	0	0  
 1006648.408000  	    b9	0	2  
 1006648.953000  	    10	0	0  
 1008649.430000  	    ba	4	2  
 1008649.988000  	    0	0	0  
 1008850.490000  	    7a	8	2  
 1008851.020000  	    50	0	0  
 1009851.443000  	    ba	0	2  
 1009851.924000  	    10	0	0  
 1009902.452000  	    7a	8	2  
 1009903.147000  	    50	0	0  
 1010903.640000  	    8a	3	2  
 1010904.159000  	    8a	2	2  
 1010904.774000  	    0	0	0  
 1013905.400000  	    7a	8	2  
 1013905.951000  	    50	0	0  
 1014906.404000  	    b9	0	2  
 1014906.892000  	    10	0	0  
 1016907.300000  	    ba	4	2  
 1016907.793000  	    0	0	0  
 1017108.215000  	    7a	8	2  
 1017108.739000  	    50	0	0  
 1018109.201000  	    ba	0	2  
 1018109.757000  	    10	0	0  
 1018160.273000  	    7a	8	2  
 1018160.826000  	    50	0	0  
 1019161.286000  	    8a	3	2  
 1019161.789000  	    8a	2	2  
 1019162.245000  	    0	0	0  
 1022162.672000  	    7a	8	2  
 1022163.258000  	    50	0	0  
 1023163.766000  	    b9	0	2  
 1023164.336000  	    10	0	0  
 1025164.800000  	    ba	4	2  
 1025165.318000  	    0	0	0  
 1025365.743000  	    7a	8	2  
 1025366.208000  	    50	0	0  
 1026366.622000  	    ba	0	2  
 1026367.131000  	    10	0	0  
 1026417.694000  	    7a	8	2  
 1026418.323000  	    50	0	0  
 1027418.914000  	    8a	3	2  
 1027419.514000  	    8a	2	2  
 1027420.082000  	    0	0	0  
 1030420.530000  	    7a	8	2  
 1030421.014000  	    50	0	0  
 1031421.472000  	    b9	0	2  
 1031422.030000  	    10	0	0  
 1033422.495000  	    ba	4	2  
 1033423.007000  	    0	0	0  
 1033623.536000  	    7a	8	2  
 1033624.077000  	    50	0	0  
 1034624.583000  	    ba	0	2  
 1034625.142000  	    10	0	0  
 1034675.683000  	    7a	8	2  
 1034676.162000  	    50	0	0  
 1035676.631000  	    8a	3	2  
 1035677.153000  	    8a	2	2  
 1035677.725000  	    0	0	0  
 1038678.309000  	    7a	8	2  
 1038678.861000  	    50	0	0  
 1039679.378000  	    b9	0	2  
 1039679.937000  	    10	0	0  
 1041680.427000  	    ba	4	2  
 1041681.008000  	    0	0	0  
 1041881.503000  	    7a	8	2  
 1041882.044000  	    50	0	0  
 1042882.458000  	    ba	0	2  
 1042882.999000  	    10	0	0  
 1042933.497000  	    7a	8	2  
 1042934.026000  	    50	0	0  
 1043934.487000  	    8a	3	2  
 1043934.980000  	    8a	2	2  
 1043935.464000  	    0	0	0  
 1046935.864000  	    7a	8	2  
 1046936.350000  	    50	0	0  
 1047936.751000  	    b9	0	2  
 1047937.335000  	    10	0	0  
 1049937.818000  	    ba	4	2  
 1049938.421000  	    0	0	0  
 1050138.861000  	    7a	8	2  
 1050139.319000  	    50	0	0  
 1051139.742000  	    ba	0	2  
 1051140.322000  	    10	0	0  
 1051190.882000  	    7a	8	2  
 1051191.434000  	    50	0	0  
 1052191.868000  	    8a	3	2  
 1052192.409000  	    8a	2	2  
 1052192.903000  	    0	0	0  
 1055193.343000  	    7a	8	2  
 1055194.088000  	    50	0	0  
 1056194.566000  	    b9	0	2  
 1056195.041000  	    10	0	0  
 1058195.449000  	    ba	4	2  
 1058196.016000  	    0	0	0  
 1058396.489000  	    7a	8	2  
 1058396.989000  	    50	0	0  
 1059397.461000  	    ba	0	2  
 1059398.020000  	    10	0	0  
 1059448.541000  	    7a	8	2  
 1059449.104000  	    50	0	0  
 1060449.611000  	    8a	3	2  
 1060450.183000  	    8a	2	2  
 1060450.681000  	    0	0	0  
 1063451.249000  	    7a	8	2  
 1063451.831000  	    50	0	0  
 1064452.350000  	    b9	0	2  
 1064452.903000  	    10	0	0  
 1066453.394000  	    ba	4	2  
 1066454.006000  	    0	0	0  
 1066654.496000  	    7a	8	2  
 1066655.019000  	    50	0	0  
 1067655.503000  	    ba	0	2  
 1067656.062000  	    10	0	0  
 1067706.581000  	    7a	8	2  
 1067707.111000  	    50	0	0  
 1068707.596000  	    8a	3	2  
 1068708.162000  	    8a	2	2  
 1068708.692000  	    0	0	0  
 1071709.173000  	    7a	8	2  
 1071709.791000  	    50	0	0  
 1072710.252000  	    b9	0	2  
 1072710.749000  	    10	0	0  
 1074711.175000  	    ba	4	2  
 1074711.768000  	    0	0	0  
 1074912.243000  	    7a	8	2  
 1074912.763000  	    50	0	0  
 1075913.208000  	    ba	0	2  
 1075913.720000  	    10	0	0  
 1075964.144000  	    7a	8	2  
 1075964.688000  	    50	0	0  
 1076965.147000  	    8a	3	2  
 1076965.694000  	    8a	2	2  
 1076966.191000  	    0	0	0  
 1079966.649000  	    7a	8	2  
 1079967.186000  	    50	0	0  
 1080967.658000  	    b9	0	2  
 1080968.191000  	    10	0	0  
 1082968.678000  	    ba	4	2  
 1082969.229000  	    0	0	0  
 1083169.684000  	    7a	8	2  
 1083170.217000  	    50	0	0  
 1084170.672000  	    ba	0	2  
 1084171.228000  	    10	0	0  
 1084221.748000  	    7a	8	2  
 1084222.271000  	    50	0	0  
 1085222.743000  	    8a	3	2  
 1085223.344000  	    8a	2	2  
 1085223.855000  	    0	0	0  
 1088224.328000  	    7a	8	2  
 1088224.856000  	    50	0	0  
 1089225.332000  	    b9	0	2  
 1089225.868000  	    10	0	0  
 1091226.315000  	    ba	4	2  
 1091226.816000  	    0	0	0  
 1091427.260000  	    7a	8	2  
 1091427.792000  	    50	0	0  
 1092428.340000  	    ba	0	2  
 1092428.891000  	    10	0	0  
 1092479.371000  	    7a	8	2  
 1092479.933000  	    50	0	0  
 1093480.446000  	    8a	3	2  
 1093481.008000  	    8a	2	2  
 1093481.515000  	    0	0	0  
 1096481.957000  	    7a	8	2  
 1096482.436000  	    50	0	0  
 1097482.878000  	    b9	0	2  
 1097483.398000  	    10	0	0  
 1099483.805000  	    ba	4	2  
 1099484.368000  	    0	0	0  
 1099684.861000  	    7a	8	2  
 1099685.349000  	    50	0	0  
 1100685.742000  	    ba	0	2  
 1100686.192000  	    10	0	0  
 1100736.669000  	    7a	8	2  
 1100737.320000  	    50	0	0  
 1101737.793000  	    8a	3	2  
 1101738.348000  	    8a	2	2  
 1101738.833000  	    0	0	0  
 1104739.415000  	    7a	8	2  
 1104739.949000  	    50	0	0  
 1105740.371000  	    b9	0	2  
 1105740.809000  	    10	0	0  
 1107741.193000  	    ba	4	2  
 1107741.706000  	    0	0	0  
 1107942.156000  	    7a	8	2  
 1107942.669000  	    50	0	0  
 1108943.138000  	    ba	0	2  
 1108943.675000  	    10	0	0  
 1108994.170000  	    7a	8	2  
 1108994.700000  	    50	0	0  
 1109995.188000  	    8a	3	2  
 1109995.741000  	    8a	2	2  
 1109996.239000  	    0	0	0  
 1112996.747000  	    7a	8	2  
 1112997.314000  	    50	0	0  
 1113997.766000  	    b9	0	2  
 1113998.374000  	    10	0	0  
 1115998.863000  	    ba	4	2  
 1115999.429000  	    0	0	0  
 1116200.005000  	    7a	8	2  
 1116200.563000  	    50	0	0  
 1117201.025000  	    ba	0	2  
 1117201.626000  	    10	0	0  
 1117252.137000  	    7a	8	2  
 1117252.650000  	    50	0	0  
 1118253.113000  	    8a	3	2  
 1118253.703000  	    8a	2	2  
 1118254.240000  	    0	0	0  
 1121254.664000  	    7a	8	2  
 1121255.153000  	    50	0	0  
 1122255.554000  	    b9	0	2  
 1122256.066000  	    10	0	0  
 1124256.531000  	    ba	4	2  
 1124257.069000  	    0	0	0  
 1124457.502000  	    7a	8	2  
 1124457.990000  	    50	0	0  
 1125458.436000  	    ba	0	2  
 1125458.998000  	    10	0	0  
 1125509.503000  	    7a	8	2  
 1125510.033000  	    50	0	0  
 1126510.534000  	    8a	3	2  
 1126511.123000  	    8a	2	2  
 1126511.650000  	    0	0	0  
 1129512.237000  	    7a	8	2  
 1129512.766000  	    50	0	0  
 1130513.243000  	    b9	0	2  
 1130513.832000  	    10	0	0  
 1132514.324000  	    ba	4	2  
 1132514.887000  	    0	0	0  
 1132715.372000  	    7a	8	2  
 1132715.888000  	    50	0	0  
 1133716.303000  	    ba	0	2  
 1133716.848000  	    10	0	0  
 1133767.343000  	    7a	8	2  
 1133767.867000  	    50	0	0  
 1134768.310000  	    8a	3	2  
 1134768.798000  	    8a	2	2  
 1134769.254000  	    0	0	0  
 1137769.648000  	    7a	8	2  
 1137770.143000  	    50	0	0  
 1138770.608000  	    b9	0	2  
 1138771.165000  	    10	0	0  
 1140771.666000  	    ba	4	2  
 1140772.220000  	    0	0	0  
 1140972.661000  	    7a	8	2  
 1140973.146000  	    50	0	0  
 1141973.583000  	    ba	0	2  
 1141974.156000  	    10	0	0  
 1142024.664000  	    7a	8	2  
 1142025.175000  	    50	0	0  
 1143025.606000  	    8a	3	2  
 1143026.123000  	    8a	2	2  
 1143026.627000  	    0	0	0  
 1146027.075000  	    7a	8	2  
 1146027.552000  	    50	0	0  
 1147028.024000  	    b9	0	2  
 1147028.619000  	    10	0	0  
 1149029.106000  	    ba	4	2  
 1149029.675000  	    0	0	0  
 1149230.129000  	    7a	8	2  
 1149230.632000  	    50	0	0  
 1150231.103000  	    ba	0	2  
 1150231.661000  	    10	0	0  
 1150282.180000  	    7a	8	2  
 1150282.713000  	    50	0	0  
 1151283.211000  	    8a	3	2  
 1151283.755000  	    8a	2	2  
 1151284.262000  	    0	0	0  
 1154284.689000  	    7a	8	2  
 1154285.185000  	    50	0	0  
 1155285.597000  	    b9	0	2  
 1155286.138000  	    10	0	0  
 1157286.536000  	    ba	4	2  
 1157286.982000  	    0	0	0  
 1157487.391000  	    7a	8	2  
 1157487.901000  	    50	0	0  
 1158488.415000  	    ba	0	2  
 1158488.996000  	    10	0	0  
 1158539.475000  	    7a	8	2  
 1158539.916000  	    50	0	0  
 1159540.394000  	    8a	3	2  
 1159540.958000  	    8a	2	2  
 1159541.487000  	    0	0	0  
 1162542.000000  	    7a	8	2  
 1162542.565000  	    50	0	0  
 1163543.083000  	    b9	0	2  
 1163543.636000  	    10	0	0  
 1165544.129000  	    ba	4	2  
 1165544.619000  	    0	0	0  
 1165745.080000  	    7a	8	2  
 1165745.636000  	    50	0	0  
 1166746.092000  	    ba	0	2  
 1166746.586000  	    10	0	0  
 1166797.058000  	    7a	8	2  
 1166797.642000  	    50	0	0  
 1167798.115000  	    8a	3	2  
 1167798.624000  	    8a	2	2  
 1167799.092000  	    0	0	0  
 1170799.553000  	    7a	8	2  
 1170800.158000  	    50	0	0  
 1171800.624000  	    b9	0	2  
 1171801.159000  	    10	0	0  
 1173801.617000  	    ba	4	2  
 1173802.184000  	    0	0	0  
 1174002.676000  	    7a	8	2  
 1174003.211000  	    50	0	0  
 1175003.677000  	    ba	0	2  
 1175004.289000  	    10	0	0  
 1175054.801000  	    7a	8	2  
 1175055.318000  	    50	0	0  
 1176055.816000  	    8a	3	2  
 1176056.374000  	    8a	2	2  
 1176056.904000  	    0	0	0  
 1179057.409000  	    7a	8	2  
 1179057.952000  	    50	0	0  
 1180058.417000  	    b9	0	2  
 1180059.035000  	    10	0	0  
 1182059.568000  	    ba	4	2  
 1182060.062000  	    0	0	0  
 1182260.493000  	    7a	8	2  
 1182260.958000  	    50	0	0  
 1183261.375000  	    ba	0	2  
 1183261.881000  	    10	0	0  
 1183312.340000  	    7a	8	2  
 1183312.871000  	    50	0	0  
 1184313.361000  	    8a	3	2  
 1184313.928000  	    8a	2	2  
 1184314.436000  	    0	0	0  
 1187314.895000  	    7a	8	2  
 1187315.453000  	    50	0	0  
 1188315.955000  	    b9	0	2  
 1188316.565000  	    10	0	0  
 1190317.044000  	    ba	4	2  
 1190317.591000  	    0	0	0  
 1190518.064000  	    7a	8	2  
 1190518.607000  	    50	0	0  
 1191519.009000  	    ba	0	2  
 1191519.455000  	    10	0	0  
 1191569.877000  	    7a	8	2  
 1191570.391000  	    50	0	0  
 1192570.880000  	    8a	3	2  
 1192571.484000  	    8a	2	2  
 1192572.017000  	    0	0	0  
 1195572.522000  	    7a	8	2  
 1195573.063000  	    50	0	0  
 1196573.478000  	    b9	0	2  
 1196573.923000  	    10	0	0  
 1198574.324000  	    ba	4	2  
 1198574.849000  	    0	0	0  
 1198775.255000  	    7a	8	2  
 1198775.817000  	    50	0	0  
 1199776.327000  	    ba	0	2  
 1199776.884000  	    10	0	0  
 1199827.399000  	    7a	8	2  
 1199827.924000  	    50	0	0  
 1200828.386000  	    8a	3	2  
 1200828.893000  	    8a	2	2  
 1200829.388000  	    0	0	0  
 1203829.917000  	    7a	8	2  
 1203830.461000  	    50	0	0  
 1204830.917000  	    b9	0	2  
 1204831.422000  	    10	0	0  
 1206831.835000  	    ba	4	2  
 1206832.348000  	    0	0	0  
 1207032.767000  	    7a	8	2  
 1207033.284000  	    50	0	0  
 1208033.724000  	    ba	0	2  
 1208034.248000  	    10	0	0  
 1208084.773000  	    7a	8	2  
 1208085.441000  	    50	0	0  
 1209086.013000  	    8a	3	2  
 1209086.609000  	    8a	2	2  
 1209087.150000  	    0	0	0  
 1212087.650000  	    7a	8	2  
 1212088.239000  	    50	0	0  
 1213088.707000  	    b9	0	2  
 1213089.217000  	    10	0	0  
 1215089.634000  	    ba	4	2  
 1215090.162000  	    0	0	0  
 1215290.654000  	    7a	8	2  
 1215291.212000  	    50	0	0  
 1216291.654000  	    ba	0	2  
 1216292.237000  	    10	0	0  
 1216342.769000  	    7a	8	2  
 1216343.302000  	    50	0	0  
 1217343.783000  	    8a	3	2  
 1217344.324000  	    8a	2	2  
 1217344.802000  	    0	0	0  
 1220345.210000  	    7a	8	2  
 1220345.716000  	    50	0	0  
 1221346.168000  	    b9	0	2  
 1221346.705000  	    10	0	0  
 1223347.155000  	    ba	4	2  
 1223347.745000  	    0	0	0  
 1223548.233000  	    7a	8	2  
 1223548.766000  	    50	0	0  
 1224549.204000  	    ba	0	2  
 1224549.784000  	    10	0	0  
 1224600.314000  	    7a	8	2  
 1224600.856000  	    50	0	0  
 1225601.361000  	    8a	3	2  
 1225601.931000  	    8a	2	2  
 1225602.433000  	    0	0	0  
 1228602.883000  	    7a	8	2  
 1228603.399000  	    50	0	0  
 1229603.849000  	    b9	0	2  
 1229604.374000  	    10	0	0  
 1231604.825000  	    ba	4	2  
 1231605.342000  	    0	0	0  
 1231805.757000  	    7a	8	2  
 1231806.186000  	    50	0	0  
 1232806.569000  	    ba	0	2  
 1232807.123000  	    10	0	0  
 1232857.616000  	    7a	8	2  
 1232858.211000  	    50	0	0  
 1233858.765000  	    8a	3	2  
 1233859.350000  	    8a	2	2  
 1233859.874000  	    0	0	0  
 1236860.314000  	    7a	8	2  
 1236860.768000  	    50	0	0  
 1237861.198000  	    b9	0	2  
 1237861.707000  	    10	0	0  
 1239862.167000  	    ba	4	2  
 1239862.714000  	    0	0	0  
 1240063.173000  	    7a	8	2  
 1240063.680000  	    50	0	0  
 1241064.064000  	    ba	0	2  
 1241064.514000  	    10	0	0  
 1241114.973000  	    7a	8	2  
 1241115.511000  	    50	0	0  
 1242115.984000  	    8a	3	2  
 1242116.519000  	    8a	2	2  
 1242117.018000  	    0	0	0  
 1245117.490000  	    7a	8	2  
 1245118.073000  	    50	0	0  
 1246118.621000  	    b9	0	2  
 1246119.176000  	    10	0	0  
 1248119.643000  	    ba	4	2  
 1248120.157000  	    0	0	0  
 1248320.582000  	    7a	8	2  
 1248321.114000  	    50	0	0  
 1249321.549000  	    ba	0	2  
 1249322.079000  	    10	0	0  
 1249372.576000  	    7a	8	2  
 1249373.117000  	    50	0	0  
 1250373.537000  	    8a	3	2  
 1250374.009000  	    8a	2	2  
 1250374.460000  	    0	0	0  
 1253374.856000  	    7a	8	2  
 1253375.412000  	    50	0	0  
 1254375.980000  	    b9	0	2  
 1254376.564000  	    10	0	0  
 1256377.064000  	    ba	4	2  
 1256377.609000  	    0	0	0  
 1256578.110000  	    7a	8	2  
 1256578.665000  	    50	0	0  
 1257579.148000  	    ba	0	2  
 1257579.661000  	    10	0	0  
 1257630.129000  	    7a	8	2  
 1257630.740000  	    50	0	0  
 1258631.226000  	    8a	3	2  
 1258631.702000  	    8a	2	2  
 1258632.188000  	    0	0	0  
 1261632.613000  	    7a	8	2  
 1261633.081000  	    50	0	0  
 1262633.509000  	    b9	0	2  
 1262634.048000  	    10	0	0  
 1264634.566000  	    ba	4	2  
 1264635.113000  	    0	0	0  
 1264835.632000  	    7a	8	2  
 1264836.121000  	    50	0	0  
 1265836.497000  	    ba	0	2  
 1265836.996000  	    10	0	0  
 1265887.517000  	    7a	8	2  
 1265888.128000  	    50	0	0  
 1266888.739000  	    8a	3	2  
 1266889.285000  	    8a	2	2  
 1266889.778000  	    0	0	0  
 1269890.352000  	    7a	8	2  
 1269890.860000  	    50	0	0  
 1270891.325000  	    b9	0	2  
 1270891.830000  	    10	0	0  
 1272892.294000  	    ba	4	2  
 1272892.840000  	    0	0	0  
 1273093.334000  	    7a	8	2  
 1273093.897000  	    50	0	0  
 1274094.365000  	    ba	0	2  
 1274094.904000  	    10	0	0  
 1274145.399000  	    7a	8	2  
 1274145.935000  	    50	0	0  
 1275146.465000  	    8a	3	2  
 1275147.034000  	    8a	2	2  
 1275147.537000  	    0	0	0  
 1278148.082000  	    7a	8	2  
 1278148.647000  	    50	0	0  
 1279149.173000  	    b9	0	2  
 1279149.726000  	    10	0	0  
 1281150.215000  	    ba	4	2  
 1281150.782000  	    0	0	0  
 1281351.274000  	    7a	8	2  
 1281351.812000  	    50	0	0  
 1282352.298000  	    ba	0	2  
 1282352.888000  	    10	0	0  
 1282403.402000  	    7a	8	2  
 1282404.203000  	    50	0	0  
 1283404.788000  	    8a	3	2  
 1283405.295000  	    8a	2	2  
 1283405.764000  	    0	0	0  
 1286406.245000  	    7a	8	2  
 1286406.845000  	    50	0	0  
 1287407.279000  	    b9	0	2  
 1287407.721000  	    10	0	0  
 1289408.141000  	    ba	4	2  
 1289408.687000  	    0	0	0  
 1289609.172000  	    7a	8	2  
 1289609.709000  	    50	0	0  
 1290610.188000  	    ba	0	2  
 1290610.744000  	    10	0	0  
 1290661.280000  	    7a	8	2  
 1290661.844000  	    50	0	0  
 1291662.322000  	    8a	3	2  
 1291662.858000  	    8a	2	2  
 1291663.356000  	    0	0	0  
 1294663.858000  	    7a	8	2  
 1294664.427000  	    50	0	0  
 1295664.942000  	    b9	0	2  
 1295665.504000  	    10	0	0  
 1297665.997000  	    ba	4	2  
 1297666.534000  	    0	0	0  
 1297867.026000  	    7a	8	2  
 1297867.573000  	    50	0	0  
 1298868.046000  	    ba	0	2  
 1298868.614000  	    10	0	0  
 1298919.150000  	    7a	8	2  
 1298919.728000  	    50	0	0  
 1299920.245000  	    8a	3	2  
 1299920.864000  	    8a	2	2  
 1299921.391000  	    0	0	0  
 1302921.845000  	    7a	8	2  
 1302922.417000  	    50	0	0  
 1303922.882000  	    b9	0	2  
 1303923.381000  	    10	0	0  
 1305923.882000  	    ba	4	2  
 1305924.471000  	    0	0	0  
 1306124.958000  	    7a	8	2  
 1306125.553000  	    50	0	0  
 1307126.050000  	    ba	0	2  
 1307126.631000  	    10	0	0  
 1307177.158000  	    7a	8	2  
 1307177.699000  	    50	0	0  
 1308178.199000  	    8a	3	2  
 1308178.788000  	    8a	2	2  
 1308179.329000  	    0	0	0  
 1311179.795000  	    7a	8	2  
 1311180.305000  	    50	0	0  
 1312180.735000  	    b9	0	2  
 1312181.247000  	    10	0	0  
 1314181.677000  	    ba	4	2  
 1314182.226000  	    0	0	0  
 1314382.793000  	    7a	8	2  
 1314383.337000  	    50	0	0  
 1315383.769000  	    ba	0	2  
 1315384.387000  	    10	0	0  
 1315434.967000  	    7a	8	2  
 1315435.598000  	    50	0	0  
 1316436.170000  	    8a	3	2  
 1316436.705000  	    8a	2	2  
 1316437.188000  	    0	0	0  
 1319437.579000  	    7a	8	2  
 1319438.058000  	    50	0	0  
 1320438.589000  	    b9	0	2  
 1320439.180000  	    10	0	0  
 1322439.699000  	    ba	4	2  
 1322440.265000  	    0	0	0  
 1322640.724000  	    7a	8	2  
 1322646.893000  	    50	0	0  
 1323647.317000  	    ba	0	2  
 1323647.878000  	    10	0	0  
 1323698.392000  	    7a	8	2  
 1323698.956000  	    50	0	0  
 1324699.469000  	    8a	3	2  
 1324700.017000  	    8a	2	2  
 1324700.544000  	    0	0	0  
 1327700.975000  	    7a	8	2  
 1327701.438000  	    50	0	0  
 1328701.882000  	    b9	0	2  
 1328702.440000  	    10	0	0  
 1330703.006000  	    ba	4	2  
 1330703.569000  	    0	0	0  
 1330904.047000  	    7a	8	2  
 1330904.536000  	    50	0	0  
 1331904.958000  	    ba	0	2  
 1331905.521000  	    10	0	0  
 1331955.979000  	    7a	8	2  
 1331956.505000  	    50	0	0  
 1332956.988000  	    8a	3	2  
 1332957.514000  	    8a	2	2  
 1332958.116000  	    0	0	0  
 1335958.662000  	    7a	8	2  
 1335959.120000  	    50	0	0  
 1336959.539000  	    b9	0	2  
 1336960.083000  	    10	0	0  
 1338960.547000  	    ba	4	2  
 1338961.093000  	    0	0	0  
 1339161.539000  	    7a	8	2  
 1339162.110000  	    50	0	0  
 1340162.579000  	    ba	0	2  
 1340163.101000  	    10	0	0  
 1340213.604000  	    7a	8	2  
 1340214.145000  	    50	0	0  
 1341214.646000  	    8a	3	2  
 1341215.192000  	    8a	2	2  
 1341215.699000  	    0	0	0  
 1344216.139000  	    7a	8	2  
 1344216.626000  	    50	0	0  
 1345217.071000  	    b9	0	2  
 1345217.632000  	    10	0	0  
 1347218.107000  	    ba	4	2  
 1347218.636000  	    0	0	0  
 1347419.091000  	    7a	8	2  
 1347419.601000  	    50	0	0  
 1348420.007000  	    ba	0	2  
 1348420.503000  	    10	0	0  
 1348470.962000  	    7a	8	2  
 1348471.490000  	    50	0	0  
 1349471.905000  	    8a	3	2  
 1349472.456000  	    8a	2	2  
 1349472.938000  	    0	0	0  
 1352473.377000  	    7a	8	2  
 1352473.873000  	    50	0	0  
 1353474.302000  	    b9	0	2  
 1353474.839000  	    10	0	0  
 1355475.256000  	    ba	4	2  
 1355475.756000  	    0	0	0  
 1355676.173000  	    7a	8	2  
 1355676.715000  	    50	0	0  
 1356677.156000  	    ba	0	2  
 1356677.670000  	    10	0	0  
 1356728.159000  	    7a	8	2  
 1356728.677000  	    50	0	0  
 1357729.163000  	    8a	3	2  
 1357729.688000  	    8a	2	2  
 1357730.194000  	    0	0	0  
 1360730.700000  	    7a	8	2  
 1360731.239000  	    50	0	0  
 1361731.731000  	    b9	0	2  
 1361732.252000  	    10	0	0  
 1363732.681000  	    ba	4	2  
 1363733.151000  	    0	0	0  
 1363933.550000  	    7a	8	2  
 1363934.062000  	    50	0	0  
 1364934.557000  	    ba	0	2  
 1364935.119000  	    10	0	0  
 1364985.658000  	    7a	8	2  
 1364986.221000  	    50	0	0  
 1365986.765000  	    8a	3	2  
 1365987.337000  	    8a	2	2  
 1365987.845000  	    0	0	0  
 1368988.331000  	    7a	8	2  
 1368988.902000  	    50	0	0  
 1369989.351000  	    b9	0	2  
 1369989.862000  	    10	0	0  
 1371990.304000  	    ba	4	2  
 1371990.820000  	    0	0	0  
 1372191.260000  	    7a	8	2  
 1372191.739000  	    50	0	0  
 1373192.151000  	    ba	0	2  
 1373192.666000  	    10	0	0  
 1373243.076000  	    7a	8	2  
 1373243.514000  	    50	0	0  
 1374243.987000  	    8a	3	2  
 1374244.564000  	    8a	2	2  
 1374245.070000  	    0	0	0  
 1377245.553000  	    7a	8	2  
 1377246.112000  	    50	0	0  
 1378246.525000  	    b9	0	2  
 1378246.990000  	    10	0	0  
 1380247.365000  	    ba	4	2  
 1380247.855000  	    0	0	0  
 1380448.331000  	    7a	8	2  
 1380448.865000  	    50	0	0  
 1381449.308000  	    ba	0	2  
 1381449.818000  	    10	0	0  
 1381500.292000  	    7a	8	2  
 1381500.838000  	    50	0	0  
 1382501.338000  	    8a	3	2  
 1382501.884000  	    8a	2	2  
 1382502.373000  	    0	0	0  
 1385502.834000  	    7a	8	2  
 1385503.399000  	    50	0	0  
 1386503.846000  	    b9	0	2  
 1386504.453000  	    10	0	0  
 1388504.951000  	    ba	4	2  
 1388505.472000  	    0	0	0  
 1388705.918000  	    7a	8	2  
 1388706.438000  	    50	0	0  
 1389706.869000  	    ba	0	2  
 1389707.386000  	    10	0	0  
 1389757.912000  	    7a	8	2  
 1389758.490000  	    50	0	0  
 1390759.012000  	    8a	3	2  
 1390759.613000  	    8a	2	2  
 1390760.154000  	    0	0	0  
 1393760.574000  	    7a	8	2  
 1393761.018000  	    50	0	0  
 1394761.408000  	    b9	0	2  
 1394761.924000  	    10	0	0  
 1396762.424000  	    ba	4	2  
 1396762.948000  	    0	0	0  
 1396963.434000  	    7a	8	2  
 1396964.000000  	    50	0	0  
 1397964.445000  	    ba	0	2  
 1397964.946000  	    10	0	0  
 1398015.443000  	    7a	8	2  
 1398015.929000  	    50	0	0  
 1399016.422000  	    8a	3	2  
 1399017.020000  	    8a	2	2  
 1399017.578000  	    0	0	0  
 1402018.090000  	    7a	8	2  
 1402018.624000  	    50	0	0  
 1403019.106000  	    b9	0	2  
 1403019.716000  	    10	0	0  
 1405020.223000  	    ba	4	2  
 1405020.767000  	    0	0	0  
 1405221.236000  	    7a	8	2  
 1405221.752000  	    50	0	0  
 1406222.166000  	    ba	0	2  
 1406222.736000  	    10	0	0  
 1406273.264000  	    7a	8	2  
 1406273.798000  	    50	0	0  
 1407274.255000  	    8a	3	2  
 1407274.867000  	    8a	2	2  
 1407275.398000  	    0	0	0  
 1410275.882000  	    7a	8	2  
 1410276.433000  	    50	0	0  
 1411276.872000  	    b9	0	2  
 1411277.407000  	    10	0	0  
 1413277.876000  	    ba	4	2  
 1413278.423000  	    0	0	0  
 1413478.849000  	    7a	8	2  
 1413479.312000  	    50	0	0  
 1414479.848000  	    ba	0	2  
 1414480.416000  	    10	0	0  
 1414530.909000  	    7a	8	2  
 1414531.441000  	    50	0	0  
 1415531.973000  	    8a	3	2  
 1415532.533000  	    8a	2	2  
 1415533.037000  	    0	0	0  
 1418533.522000  	    7a	8	2  
 1418534.071000  	    50	0	0  
 1419534.564000  	    b9	0	2  
 1419535.129000  	    10	0	0  
 1421535.633000  	    ba	4	2  
 1421536.223000  	    0	0	0  
 1421736.764000  	    7a	8	2  
 1421737.316000  	    50	0	0  
 1422737.797000  	    ba	0	2  
 1422738.338000  	    10	0	0  
 1422788.927000  	    7a	8	2  
 1422789.502000  	    50	0	0  
 1423789.992000  	    8a	3	2  
 1423790.514000  	    8a	2	2  
 1423791.077000  	    0	0	0  
 1426791.545000  	    7a	8	2  
 1426792.161000  	    50	0	0  
 1427792.642000  	    b9	0	2  
 1427793.154000  	    10	0	0  
 1429793.615000  	    ba	4	2  
 1429794.164000  	    0	0	0  
 1429994.603000  	    7a	8	2  
 1429995.089000  	    50	0	0  
 1430995.591000  	    ba	0	2  
 1430996.155000  	    10	0	0  
 1431046.674000  	    7a	8	2  
 1431047.227000  	    50	0	0  
 1431288.249000  	    ba	0	2  
 1431288.655000  	    10	0	0  
 3745870.875000  	    ba	0	2  
 3745871.289000  	    10	0	0  
 3770995.070000  	    8a	3	2  
 3770995.636000  	    8a	2	2  
 3770996.141000  	    0	0	0  
 3773996.563000  	    7a	8	2  
 3773997.093000  	    50	0	0  
 3774998.428000  	    b9	0	2  
 3774998.960000  	    10	0	0  
 3776999.430000  	    ba	4	2  
 3776999.955000  	    0	0	0  
 3777200.435000  	    7a	8	2  
 3777200.981000  	    50	0	0  
 3778201.439000  	    ba	0	2  
 3778202.031000  	    10	0	0  
 3778252.533000  	    7a	8	2  
 3778253.066000  	    50	0	0  
 3779253.552000  	    8a	3	2  
 3779254.155000  	    8a	2	2  
 3779254.692000  	    0	0	0  
 3782255.186000  	    7a	8	2  
 3782255.727000  	    50	0	0  
 3783256.214000  	    b9	0	2  
 3783256.779000  	    10	0	0  
 3785257.215000  	    ba	4	2  
 3785257.702000  	    0	0	0  
 3785458.181000  	    7a	8	2  
 3785458.715000  	    50	0	0  
 3786459.165000  	    ba	0	2  
 3786459.648000  	    10	0	0  
 3786510.121000  	    7a	8	2  
 3786510.674000  	    50	0	0  
 3787511.179000  	    8a	3	2  
 3787511.751000  	    8a	2	2  
 3787512.256000  	    0	0	0  
 3790512.752000  	    7a	8	2  
 3790513.296000  	    50	0	0  
 3791513.772000  	    b9	0	2  
 3791514.283000  	    10	0	0  
 3793160.746000  	    ba	0	2  
 3793161.162000  	    10	0	0  
